[0.018s] Invoking command in '/home/tky/workspace/openarm_ws/build/dxl_wt_openarm_leader': CMAKE_PREFIX_PATH=/home/tky/workspace/openarm_ws/install/dynamixel_sdk_custom_interfaces:/home/tky/workspace/openarm_ws/install/dynamixel_sdk:/home/tky/workspace/openarm_ws/install/openarm_bimanual_moveit_config:/home/tky/workspace/openarm_ws/install/openarm:/home/tky/workspace/openarm_ws/install/openarm_description:/home/tky/workspace/openarm_ws/install/openarm_bringup:/home/tky/workspace/openarm_ws/install/dynamixel_sdk_examples:/home/tky/workspace/openarm_ws/install/dxl_wt_openarm_leader:/home/tky/workspace/openarm_ws/install/dxl_openarm_leader:/opt/ros/humble /home/tky/.pyenv/shims/cmake --build /home/tky/workspace/openarm_ws/build/dxl_wt_openarm_leader -- -j12 -l12
[0.112s] [35m[1mConsolidate compiler generated dependencies of target pub_current_node[0m
[0.147s] [ 33%] Built target read_write_wt_position_node
[0.152s] [ 66%] [32mBuilding CXX object CMakeFiles/pub_current_node.dir/src/pub_current_node.cpp.o[0m
[0.152s] [ 83%] Built target pub_position_node
[2.451s] [01m[K/home/tky/workspace/openarm_ws/src/dxl_wt_openarm_leader/src/pub_current_node.cpp:26:1:[m[K [01;31m[Kerror: [m[K‘[01m[KJointPubNode[m[K’ does not name a type
[2.451s]    26 | [01;31m[KJointPubNode[m[K::JointPubNode()
[2.451s]       | [01;31m[K^~~~~~~~~~~~[m[K
[2.451s] [01m[K/home/tky/workspace/openarm_ws/src/dxl_wt_openarm_leader/src/pub_current_node.cpp:39:6:[m[K [01;31m[Kerror: [m[K‘[01m[KJointPubNode[m[K’ has not been declared
[2.451s]    39 | void [01;31m[KJointPubNode[m[K::publishData()
[2.451s]       |      [01;31m[K^~~~~~~~~~~~[m[K
[2.451s] [01m[K/home/tky/workspace/openarm_ws/src/dxl_wt_openarm_leader/src/pub_current_node.cpp:[m[K In function ‘[01m[Kvoid publishData()[m[K’:
[2.451s] [01m[K/home/tky/workspace/openarm_ws/src/dxl_wt_openarm_leader/src/pub_current_node.cpp:41:3:[m[K [01;31m[Kerror: [m[K‘[01m[KSetCurrent[m[K’ was not declared in this scope; did you mean ‘[01m[Kdynamixel_sdk_custom_interfaces::msg::SetCurrent[m[K’?
[2.452s]    41 |   [01;31m[KSetCurrent[m[K msg;
[2.452s]       |   [01;31m[K^~~~~~~~~~[m[K
[2.452s]       |   [32m[Kdynamixel_sdk_custom_interfaces::msg::SetCurrent[m[K
[2.452s] In file included from [01m[K/home/tky/workspace/openarm_ws/install/dynamixel_sdk_custom_interfaces/include/dynamixel_sdk_custom_interfaces/dynamixel_sdk_custom_interfaces/msg/set_current.hpp:7[m[K,
[2.452s]                  from [01m[K/home/tky/workspace/openarm_ws/src/dxl_wt_openarm_leader/src/pub_current_node.cpp:21[m[K:
[2.452s] [01m[K/home/tky/workspace/openarm_ws/install/dynamixel_sdk_custom_interfaces/include/dynamixel_sdk_custom_interfaces/dynamixel_sdk_custom_interfaces/msg/detail/set_current__struct.hpp:136:7:[m[K [01;36m[Knote: [m[K‘[01m[Kdynamixel_sdk_custom_interfaces::msg::SetCurrent[m[K’ declared here
[2.452s]   136 | using [01;36m[KSetCurrent[m[K =
[2.452s]       |       [01;36m[K^~~~~~~~~~[m[K
[2.452s] [01m[K/home/tky/workspace/openarm_ws/src/dxl_wt_openarm_leader/src/pub_current_node.cpp:43:3:[m[K [01;31m[Kerror: [m[K‘[01m[Kmsg[m[K’ was not declared in this scope
[2.452s]    43 |   [01;31m[Kmsg[m[K.current = currents_0_[current_position_index_];
[2.452s]       |   [01;31m[K^~~[m[K
[2.452s] [01m[K/home/tky/workspace/openarm_ws/src/dxl_wt_openarm_leader/src/pub_current_node.cpp:43:3:[m[K [01;36m[Knote: [m[Ksuggested alternatives:
[2.452s] In file included from [01m[K/opt/ros/humble/include/builtin_interfaces/builtin_interfaces/msg/duration.hpp:7[m[K,
[2.452s]                  from [01m[K/opt/ros/humble/include/rclcpp/rclcpp/duration.hpp:20[m[K,
[2.452s]                  from [01m[K/opt/ros/humble/include/rclcpp/rclcpp/qos.hpp:20[m[K,
[2.452s]                  from [01m[K/opt/ros/humble/include/rclcpp/rclcpp/node_interfaces/node_graph_interface.hpp:32[m[K,
[2.452s]                  from [01m[K/opt/ros/humble/include/rclcpp/rclcpp/client.hpp:42[m[K,
[2.453s]                  from [01m[K/opt/ros/humble/include/rclcpp/rclcpp/callback_group.hpp:24[m[K,
[2.453s]                  from [01m[K/opt/ros/humble/include/rclcpp/rclcpp/any_executable.hpp:20[m[K,
[2.453s]                  from [01m[K/opt/ros/humble/include/rclcpp/rclcpp/memory_strategy.hpp:25[m[K,
[2.453s]                  from [01m[K/opt/ros/humble/include/rclcpp/rclcpp/memory_strategies.hpp:18[m[K,
[2.453s]                  from [01m[K/opt/ros/humble/include/rclcpp/rclcpp/executor_options.hpp:20[m[K,
[2.453s]                  from [01m[K/opt/ros/humble/include/rclcpp/rclcpp/executor.hpp:37[m[K,
[2.453s]                  from [01m[K/opt/ros/humble/include/rclcpp/rclcpp/executors/multi_threaded_executor.hpp:25[m[K,
[2.453s]                  from [01m[K/opt/ros/humble/include/rclcpp/rclcpp/executors.hpp:21[m[K,
[2.453s]                  from [01m[K/opt/ros/humble/include/rclcpp/rclcpp/rclcpp.hpp:155[m[K,
[2.453s]                  from [01m[K/home/tky/workspace/openarm_ws/src/dxl_wt_openarm_leader/src/pub_current_node.cpp:20[m[K:
[2.453s] [01m[K/opt/ros/humble/include/builtin_interfaces/builtin_interfaces/msg/detail/duration__struct.hpp:27:11:[m[K [01;36m[Knote: [m[K  ‘[01m[Kbuiltin_interfaces::msg[m[K’
[2.453s]    27 | namespace [01;36m[Kmsg[m[K
[2.453s]       |           [01;36m[K^~~[m[K
[2.453s] In file included from [01m[K/opt/ros/humble/include/rcl_interfaces/rcl_interfaces/msg/set_parameters_result.hpp:7[m[K,
[2.453s]                  from [01m[K/opt/ros/humble/include/rclcpp/rclcpp/qos_overriding_options.hpp:28[m[K,
[2.453s]                  from [01m[K/opt/ros/humble/include/rclcpp/rclcpp/subscription_options.hpp:30[m[K,
[2.453s]                  from [01m[K/opt/ros/humble/include/rclcpp/rclcpp/subscription.hpp:45[m[K,
[2.453s]                  from [01m[K/opt/ros/humble/include/rclcpp/rclcpp/any_executable.hpp:25[m[K,
[2.453s]                  from [01m[K/opt/ros/humble/include/rclcpp/rclcpp/memory_strategy.hpp:25[m[K,
[2.453s]                  from [01m[K/opt/ros/humble/include/rclcpp/rclcpp/memory_strategies.hpp:18[m[K,
[2.453s]                  from [01m[K/opt/ros/humble/include/rclcpp/rclcpp/executor_options.hpp:20[m[K,
[2.454s]                  from [01m[K/opt/ros/humble/include/rclcpp/rclcpp/executor.hpp:37[m[K,
[2.454s]                  from [01m[K/opt/ros/humble/include/rclcpp/rclcpp/executors/multi_threaded_executor.hpp:25[m[K,
[2.454s]                  from [01m[K/opt/ros/humble/include/rclcpp/rclcpp/executors.hpp:21[m[K,
[2.454s]                  from [01m[K/opt/ros/humble/include/rclcpp/rclcpp/rclcpp.hpp:155[m[K,
[2.454s]                  from [01m[K/home/tky/workspace/openarm_ws/src/dxl_wt_openarm_leader/src/pub_current_node.cpp:20[m[K:
[2.454s] [01m[K/opt/ros/humble/include/rcl_interfaces/rcl_interfaces/msg/detail/set_parameters_result__struct.hpp:27:11:[m[K [01;36m[Knote: [m[K  ‘[01m[Krcl_interfaces::msg[m[K’
[2.454s]    27 | namespace [01;36m[Kmsg[m[K
[2.454s]       |           [01;36m[K^~~[m[K
[2.454s] In file included from [01m[K/opt/ros/humble/include/statistics_msgs/statistics_msgs/msg/detail/metrics_message__struct.hpp:23[m[K,
[2.454s]                  from [01m[K/opt/ros/humble/include/statistics_msgs/statistics_msgs/msg/metrics_message.hpp:7[m[K,
[2.454s]                  from [01m[K/opt/ros/humble/include/libstatistics_collector/libstatistics_collector/collector/generate_statistics_message.hpp:21[m[K,
[2.454s]                  from [01m[K/opt/ros/humble/include/rclcpp/rclcpp/topic_statistics/subscription_topic_statistics.hpp:23[m[K,
[2.454s]                  from [01m[K/opt/ros/humble/include/rclcpp/rclcpp/subscription.hpp:50[m[K,
[2.454s]                  from [01m[K/opt/ros/humble/include/rclcpp/rclcpp/any_executable.hpp:25[m[K,
[2.454s]                  from [01m[K/opt/ros/humble/include/rclcpp/rclcpp/memory_strategy.hpp:25[m[K,
[2.454s]                  from [01m[K/opt/ros/humble/include/rclcpp/rclcpp/memory_strategies.hpp:18[m[K,
[2.454s]                  from [01m[K/opt/ros/humble/include/rclcpp/rclcpp/executor_options.hpp:20[m[K,
[2.454s]                  from [01m[K/opt/ros/humble/include/rclcpp/rclcpp/executor.hpp:37[m[K,
[2.454s]                  from [01m[K/opt/ros/humble/include/rclcpp/rclcpp/executors/multi_threaded_executor.hpp:25[m[K,
[2.454s]                  from [01m[K/opt/ros/humble/include/rclcpp/rclcpp/executors.hpp:21[m[K,
[2.454s]                  from [01m[K/opt/ros/humble/include/rclcpp/rclcpp/rclcpp.hpp:155[m[K,
[2.454s]                  from [01m[K/home/tky/workspace/openarm_ws/src/dxl_wt_openarm_leader/src/pub_current_node.cpp:20[m[K:
[2.455s] [01m[K/opt/ros/humble/include/statistics_msgs/statistics_msgs/msg/detail/statistic_data_point__struct.hpp:27:11:[m[K [01;36m[Knote: [m[K  ‘[01m[Kstatistics_msgs::msg[m[K’
[2.455s]    27 | namespace [01;36m[Kmsg[m[K
[2.455s]       |           [01;36m[K^~~[m[K
[2.455s] In file included from [01m[K/home/tky/workspace/openarm_ws/install/dynamixel_sdk_custom_interfaces/include/dynamixel_sdk_custom_interfaces/dynamixel_sdk_custom_interfaces/msg/set_current.hpp:7[m[K,
[2.455s]                  from [01m[K/home/tky/workspace/openarm_ws/src/dxl_wt_openarm_leader/src/pub_current_node.cpp:21[m[K:
[2.455s] [01m[K/home/tky/workspace/openarm_ws/install/dynamixel_sdk_custom_interfaces/include/dynamixel_sdk_custom_interfaces/dynamixel_sdk_custom_interfaces/msg/detail/set_current__struct.hpp:27:11:[m[K [01;36m[Knote: [m[K  ‘[01m[Kdynamixel_sdk_custom_interfaces::msg[m[K’
[2.455s]    27 | namespace [01;36m[Kmsg[m[K
[2.455s]       |           [01;36m[K^~~[m[K
[2.455s] [01m[K/home/tky/workspace/openarm_ws/src/dxl_wt_openarm_leader/src/pub_current_node.cpp:43:17:[m[K [01;31m[Kerror: [m[K‘[01m[Kcurrents_0_[m[K’ was not declared in this scope
[2.455s]    43 |   msg.current = [01;31m[Kcurrents_0_[m[K[current_position_index_];
[2.455s]       |                 [01;31m[K^~~~~~~~~~~[m[K
[2.460s] [01m[K/home/tky/workspace/openarm_ws/src/dxl_wt_openarm_leader/src/pub_current_node.cpp:43:29:[m[K [01;31m[Kerror: [m[K‘[01m[Kcurrent_position_index_[m[K’ was not declared in this scope
[2.460s]    43 |   msg.current = currents_0_[[01;31m[Kcurrent_position_index_[m[K];
[2.460s]       |                             [01;31m[K^~~~~~~~~~~~~~~~~~~~~~~[m[K
[2.461s] In file included from [01m[K/opt/ros/humble/include/rclcpp/rclcpp/client.hpp:40[m[K,
[2.461s]                  from [01m[K/opt/ros/humble/include/rclcpp/rclcpp/callback_group.hpp:24[m[K,
[2.461s]                  from [01m[K/opt/ros/humble/include/rclcpp/rclcpp/any_executable.hpp:20[m[K,
[2.461s]                  from [01m[K/opt/ros/humble/include/rclcpp/rclcpp/memory_strategy.hpp:25[m[K,
[2.461s]                  from [01m[K/opt/ros/humble/include/rclcpp/rclcpp/memory_strategies.hpp:18[m[K,
[2.461s]                  from [01m[K/opt/ros/humble/include/rclcpp/rclcpp/executor_options.hpp:20[m[K,
[2.461s]                  from [01m[K/opt/ros/humble/include/rclcpp/rclcpp/executor.hpp:37[m[K,
[2.461s]                  from [01m[K/opt/ros/humble/include/rclcpp/rclcpp/executors/multi_threaded_executor.hpp:25[m[K,
[2.461s]                  from [01m[K/opt/ros/humble/include/rclcpp/rclcpp/executors.hpp:21[m[K,
[2.461s]                  from [01m[K/opt/ros/humble/include/rclcpp/rclcpp/rclcpp.hpp:155[m[K,
[2.461s]                  from [01m[K/home/tky/workspace/openarm_ws/src/dxl_wt_openarm_leader/src/pub_current_node.cpp:20[m[K:
[2.461s] [01m[K/home/tky/workspace/openarm_ws/src/dxl_wt_openarm_leader/src/pub_current_node.cpp:46:15:[m[K [01;31m[Kerror: [m[K‘[01m[Kget_logger[m[K’ was not declared in this scope; did you mean ‘[01m[Krclcpp::get_logger[m[K’?
[2.461s]    46 |   RCLCPP_INFO([01;31m[Kget_logger[m[K(), "Publishing ID: %d Current: %d", msg.id, msg.currentposition);
[2.461s]       |               [01;31m[K^~~~~~~~~~[m[K
[2.461s] In file included from [01m[K/opt/ros/humble/include/rclcpp/rclcpp/logging.hpp:23[m[K,
[2.461s]                  from [01m[K/opt/ros/humble/include/rclcpp/rclcpp/client.hpp:40[m[K,
[2.461s]                  from [01m[K/opt/ros/humble/include/rclcpp/rclcpp/callback_group.hpp:24[m[K,
[2.461s]                  from [01m[K/opt/ros/humble/include/rclcpp/rclcpp/any_executable.hpp:20[m[K,
[2.462s]                  from [01m[K/opt/ros/humble/include/rclcpp/rclcpp/memory_strategy.hpp:25[m[K,
[2.462s]                  from [01m[K/opt/ros/humble/include/rclcpp/rclcpp/memory_strategies.hpp:18[m[K,
[2.462s]                  from [01m[K/opt/ros/humble/include/rclcpp/rclcpp/executor_options.hpp:20[m[K,
[2.462s]                  from [01m[K/opt/ros/humble/include/rclcpp/rclcpp/executor.hpp:37[m[K,
[2.462s]                  from [01m[K/opt/ros/humble/include/rclcpp/rclcpp/executors/multi_threaded_executor.hpp:25[m[K,
[2.462s]                  from [01m[K/opt/ros/humble/include/rclcpp/rclcpp/executors.hpp:21[m[K,
[2.462s]                  from [01m[K/opt/ros/humble/include/rclcpp/rclcpp/rclcpp.hpp:155[m[K,
[2.462s]                  from [01m[K/home/tky/workspace/openarm_ws/src/dxl_wt_openarm_leader/src/pub_current_node.cpp:20[m[K:
[2.462s] [01m[K/opt/ros/humble/include/rclcpp/rclcpp/logger.hpp:106:17:[m[K [01;36m[Knote: [m[K‘[01m[Krclcpp::get_logger[m[K’ declared here
[2.462s]   106 |   friend Logger [01;36m[Krclcpp[m[K::get_logger(const std::string & name);
[2.462s]       |                 [01;36m[K^~~~~~[m[K
[2.462s] In file included from [01m[K/opt/ros/humble/include/rclcpp/rclcpp/client.hpp:40[m[K,
[2.462s]                  from [01m[K/opt/ros/humble/include/rclcpp/rclcpp/callback_group.hpp:24[m[K,
[2.462s]                  from [01m[K/opt/ros/humble/include/rclcpp/rclcpp/any_executable.hpp:20[m[K,
[2.462s]                  from [01m[K/opt/ros/humble/include/rclcpp/rclcpp/memory_strategy.hpp:25[m[K,
[2.462s]                  from [01m[K/opt/ros/humble/include/rclcpp/rclcpp/memory_strategies.hpp:18[m[K,
[2.462s]                  from [01m[K/opt/ros/humble/include/rclcpp/rclcpp/executor_options.hpp:20[m[K,
[2.462s]                  from [01m[K/opt/ros/humble/include/rclcpp/rclcpp/executor.hpp:37[m[K,
[2.462s]                  from [01m[K/opt/ros/humble/include/rclcpp/rclcpp/executors/multi_threaded_executor.hpp:25[m[K,
[2.462s]                  from [01m[K/opt/ros/humble/include/rclcpp/rclcpp/executors.hpp:21[m[K,
[2.462s]                  from [01m[K/opt/ros/humble/include/rclcpp/rclcpp/rclcpp.hpp:155[m[K,
[2.462s]                  from [01m[K/home/tky/workspace/openarm_ws/src/dxl_wt_openarm_leader/src/pub_current_node.cpp:20[m[K:
[2.463s] [01m[K/home/tky/workspace/openarm_ws/src/dxl_wt_openarm_leader/src/pub_current_node.cpp:46:3:[m[K [01;31m[Kerror: [m[Ktemplate argument 1 is invalid
[2.463s]    46 |   [01;31m[KRCLCPP_INFO[m[K(get_logger(), "Publishing ID: %d Current: %d", msg.id, msg.currentposition);
[2.463s]       |   [01;31m[K^~~~~~~~~~~[m[K
[2.463s] [01m[K/home/tky/workspace/openarm_ws/src/dxl_wt_openarm_leader/src/pub_current_node.cpp:46:3:[m[K [01;31m[Kerror: [m[Ktemplate argument 1 is invalid
[2.463s]    46 |   [01;31m[KRCLCPP_INFO[m[K(get_logger(), "Publishing ID: %d Current: %d", msg.id, msg.currentposition);
[2.463s]       |   [01;31m[K^~~~~~~~~~~[m[K
[2.463s] [01m[K/home/tky/workspace/openarm_ws/src/dxl_wt_openarm_leader/src/pub_current_node.cpp:46:3:[m[K [01;31m[Kerror: [m[Ktemplate argument 1 is invalid
[2.463s]    46 |   [01;31m[KRCLCPP_INFO[m[K(get_logger(), "Publishing ID: %d Current: %d", msg.id, msg.currentposition);
[2.463s]       |   [01;31m[K^~~~~~~~~~~[m[K
[2.463s] [01m[K/home/tky/workspace/openarm_ws/src/dxl_wt_openarm_leader/src/pub_current_node.cpp:48:3:[m[K [01;31m[Kerror: [m[K‘[01m[Kpublisher_[m[K’ was not declared in this scope
[2.463s]    48 |   [01;31m[Kpublisher_[m[K->publish(msg);
[2.463s]       |   [01;31m[K^~~~~~~~~~[m[K
[2.467s] [01m[K/home/tky/workspace/openarm_ws/src/dxl_wt_openarm_leader/src/pub_current_node.cpp:[m[K In function ‘[01m[Kint main(int, char**)[m[K’:
[2.467s] [01m[K/home/tky/workspace/openarm_ws/src/dxl_wt_openarm_leader/src/pub_current_node.cpp:55:32:[m[K [01;31m[Kerror: [m[K‘[01m[KJointPubNode[m[K’ was not declared in this scope
[2.467s]    55 |   auto node = std::make_shared<[01;31m[KJointPubNode[m[K>();
[2.467s]       |                                [01;31m[K^~~~~~~~~~~~[m[K
[2.468s] [01m[K/home/tky/workspace/openarm_ws/src/dxl_wt_openarm_leader/src/pub_current_node.cpp:55:45:[m[K [01;31m[Kerror: [m[Kno matching function for call to ‘[01m[Kmake_shared<<expression error> >()[m[K’
[2.468s]    55 |   auto node = [01;31m[Kstd::make_shared<JointPubNode>()[m[K;
[2.468s]       |               [01;31m[K~~~~~~~~~~~~~~~~~~~~~~~~~~~~~~^~[m[K
[2.468s] In file included from [01m[K/usr/include/c++/11/memory:77[m[K,
[2.468s]                  from [01m[K/opt/ros/humble/include/rclcpp/rclcpp/rclcpp.hpp:153[m[K,
[2.468s]                  from [01m[K/home/tky/workspace/openarm_ws/src/dxl_wt_openarm_leader/src/pub_current_node.cpp:20[m[K:
[2.468s] [01m[K/usr/include/c++/11/bits/shared_ptr.h:875:5:[m[K [01;36m[Knote: [m[Kcandidate: ‘[01m[Ktemplate<class _Tp, class ... _Args> std::shared_ptr<_Tp> std::make_shared(_Args&& ...)[m[K’
[2.468s]   875 |     [01;36m[Kmake_shared[m[K(_Args&&... __args)
[2.468s]       |     [01;36m[K^~~~~~~~~~~[m[K
[2.468s] [01m[K/usr/include/c++/11/bits/shared_ptr.h:875:5:[m[K [01;36m[Knote: [m[K  template argument deduction/substitution failed:
[2.469s] [01m[K/home/tky/workspace/openarm_ws/src/dxl_wt_openarm_leader/src/pub_current_node.cpp:55:45:[m[K [01;31m[Kerror: [m[Ktemplate argument 1 is invalid
[2.469s]    55 |   auto node = [01;31m[Kstd::make_shared<JointPubNode>()[m[K;
[2.469s]       |               [01;31m[K~~~~~~~~~~~~~~~~~~~~~~~~~~~~~~^~[m[K
[2.853s] gmake[2]: *** [CMakeFiles/pub_current_node.dir/build.make:76: CMakeFiles/pub_current_node.dir/src/pub_current_node.cpp.o] Error 1
[2.853s] gmake[1]: *** [CMakeFiles/Makefile2:193: CMakeFiles/pub_current_node.dir/all] Error 2
[2.853s] gmake: *** [Makefile:146: all] Error 2
[2.855s] Invoked command in '/home/tky/workspace/openarm_ws/build/dxl_wt_openarm_leader' returned '2': CMAKE_PREFIX_PATH=/home/tky/workspace/openarm_ws/install/dynamixel_sdk_custom_interfaces:/home/tky/workspace/openarm_ws/install/dynamixel_sdk:/home/tky/workspace/openarm_ws/install/openarm_bimanual_moveit_config:/home/tky/workspace/openarm_ws/install/openarm:/home/tky/workspace/openarm_ws/install/openarm_description:/home/tky/workspace/openarm_ws/install/openarm_bringup:/home/tky/workspace/openarm_ws/install/dynamixel_sdk_examples:/home/tky/workspace/openarm_ws/install/dxl_wt_openarm_leader:/home/tky/workspace/openarm_ws/install/dxl_openarm_leader:/opt/ros/humble /home/tky/.pyenv/shims/cmake --build /home/tky/workspace/openarm_ws/build/dxl_wt_openarm_leader -- -j12 -l12
