[0.029s] Invoking command in '/home/tky/workspace/openarm_ws/build/dynamixel_sdk': CMAKE_PREFIX_PATH=/opt/ros/humble /home/tky/.pyenv/shims/cmake /home/tky/workspace/openarm_ws/src/DynamixelSDK/dynamixel_sdk -DCMAKE_INSTALL_PREFIX=/home/tky/workspace/openarm_ws/install/dynamixel_sdk
[0.174s] -- The C compiler identification is GNU 11.4.0
[0.285s] -- The CXX compiler identification is GNU 11.4.0
[0.297s] -- Detecting C compiler ABI info
[0.407s] -- Detecting C compiler ABI info - done
[0.426s] -- Check for working C compiler: /usr/bin/cc - skipped
[0.426s] -- Detecting C compile features
[0.426s] -- Detecting C compile features - done
[0.438s] -- Detecting CXX compiler ABI info
[0.584s] -- Detecting CXX compiler ABI info - done
[0.600s] -- Check for working CXX compiler: /usr/bin/c++ - skipped
[0.602s] -- Detecting CXX compile features
[0.602s] -- Detecting CXX compile features - done
[0.605s] -- Found ament_cmake: 1.3.11 (/opt/ros/humble/share/ament_cmake/cmake)
[1.108s] -- Found Python3: /home/tky/.pyenv/shims/python3 (found version "3.10.12") found components: Interpreter 
[1.455s] -- Configuring done
[1.465s] -- Generating done
[1.482s] -- Build files have been written to: /home/tky/workspace/openarm_ws/build/dynamixel_sdk
[1.494s] Invoked command in '/home/tky/workspace/openarm_ws/build/dynamixel_sdk' returned '0': CMAKE_PREFIX_PATH=/opt/ros/humble /home/tky/.pyenv/shims/cmake /home/tky/workspace/openarm_ws/src/DynamixelSDK/dynamixel_sdk -DCMAKE_INSTALL_PREFIX=/home/tky/workspace/openarm_ws/install/dynamixel_sdk
[1.497s] Invoking command in '/home/tky/workspace/openarm_ws/build/dynamixel_sdk': CMAKE_PREFIX_PATH=/opt/ros/humble /home/tky/.pyenv/shims/cmake --build /home/tky/workspace/openarm_ws/build/dynamixel_sdk -- -j12 -l12
[1.630s] [ 10%] [32mBuilding CXX object CMakeFiles/dynamixel_sdk.dir/src/dynamixel_sdk/group_sync_read.cpp.o[0m
[1.630s] [ 20%] [32mBuilding CXX object CMakeFiles/dynamixel_sdk.dir/src/dynamixel_sdk/group_sync_write.cpp.o[0m
[1.635s] [ 30%] [32mBuilding CXX object CMakeFiles/dynamixel_sdk.dir/src/dynamixel_sdk/protocol2_packet_handler.cpp.o[0m
[1.637s] [ 40%] [32mBuilding CXX object CMakeFiles/dynamixel_sdk.dir/src/dynamixel_sdk/group_bulk_read.cpp.o[0m
[1.637s] [ 50%] [32mBuilding CXX object CMakeFiles/dynamixel_sdk.dir/src/dynamixel_sdk/packet_handler.cpp.o[0m
[1.640s] [ 60%] [32mBuilding CXX object CMakeFiles/dynamixel_sdk.dir/src/dynamixel_sdk/protocol1_packet_handler.cpp.o[0m
[1.644s] [ 70%] [32mBuilding CXX object CMakeFiles/dynamixel_sdk.dir/src/dynamixel_sdk/group_bulk_write.cpp.o[0m
[1.644s] [ 80%] [32mBuilding CXX object CMakeFiles/dynamixel_sdk.dir/src/dynamixel_sdk/port_handler.cpp.o[0m
[1.644s] [ 90%] [32mBuilding CXX object CMakeFiles/dynamixel_sdk.dir/src/dynamixel_sdk/port_handler_linux.cpp.o[0m
[2.691s] [100%] [32m[1mLinking CXX shared library libdynamixel_sdk.so[0m
[2.846s] [100%] Built target dynamixel_sdk
[2.873s] Invoked command in '/home/tky/workspace/openarm_ws/build/dynamixel_sdk' returned '0': CMAKE_PREFIX_PATH=/opt/ros/humble /home/tky/.pyenv/shims/cmake --build /home/tky/workspace/openarm_ws/build/dynamixel_sdk -- -j12 -l12
[2.874s] Invoking command in '/home/tky/workspace/openarm_ws/build/dynamixel_sdk': CMAKE_PREFIX_PATH=/opt/ros/humble /home/tky/.pyenv/shims/cmake --install /home/tky/workspace/openarm_ws/build/dynamixel_sdk
[2.937s] -- Install configuration: ""
[2.937s] -- Installing: /home/tky/workspace/openarm_ws/install/dynamixel_sdk/include/
[2.937s] -- Installing: /home/tky/workspace/openarm_ws/install/dynamixel_sdk/include//dynamixel_sdk
[2.938s] -- Installing: /home/tky/workspace/openarm_ws/install/dynamixel_sdk/include//dynamixel_sdk/port_handler_mac.h
[2.938s] -- Installing: /home/tky/workspace/openarm_ws/install/dynamixel_sdk/include//dynamixel_sdk/group_bulk_read.h
[2.938s] -- Installing: /home/tky/workspace/openarm_ws/install/dynamixel_sdk/include//dynamixel_sdk/port_handler_arduino.h
[2.938s] -- Installing: /home/tky/workspace/openarm_ws/install/dynamixel_sdk/include//dynamixel_sdk/group_bulk_write.h
[2.938s] -- Installing: /home/tky/workspace/openarm_ws/install/dynamixel_sdk/include//dynamixel_sdk/group_sync_read.h
[2.938s] -- Installing: /home/tky/workspace/openarm_ws/install/dynamixel_sdk/include//dynamixel_sdk/group_sync_write.h
[2.939s] -- Installing: /home/tky/workspace/openarm_ws/install/dynamixel_sdk/include//dynamixel_sdk/port_handler_windows.h
[2.939s] -- Installing: /home/tky/workspace/openarm_ws/install/dynamixel_sdk/include//dynamixel_sdk/port_handler.h
[2.939s] -- Installing: /home/tky/workspace/openarm_ws/install/dynamixel_sdk/include//dynamixel_sdk/protocol1_packet_handler.h
[2.940s] -- Installing: /home/tky/workspace/openarm_ws/install/dynamixel_sdk/include//dynamixel_sdk/port_handler_linux.h
[2.940s] -- Installing: /home/tky/workspace/openarm_ws/install/dynamixel_sdk/include//dynamixel_sdk/protocol2_packet_handler.h
[2.941s] -- Installing: /home/tky/workspace/openarm_ws/install/dynamixel_sdk/include//dynamixel_sdk/dynamixel_sdk.h
[2.941s] -- Installing: /home/tky/workspace/openarm_ws/install/dynamixel_sdk/include//dynamixel_sdk/packet_handler.h
[2.941s] -- Installing: /home/tky/workspace/openarm_ws/install/dynamixel_sdk/lib/libdynamixel_sdk.so
[2.942s] -- Installing: /home/tky/workspace/openarm_ws/install/dynamixel_sdk/share/dynamixel_sdk/environment/library_path.sh
[2.942s] -- Installing: /home/tky/workspace/openarm_ws/install/dynamixel_sdk/share/dynamixel_sdk/environment/library_path.dsv
[2.942s] -- Installing: /home/tky/workspace/openarm_ws/install/dynamixel_sdk/share/ament_index/resource_index/package_run_dependencies/dynamixel_sdk
[2.942s] -- Installing: /home/tky/workspace/openarm_ws/install/dynamixel_sdk/share/ament_index/resource_index/parent_prefix_path/dynamixel_sdk
[2.942s] -- Installing: /home/tky/workspace/openarm_ws/install/dynamixel_sdk/share/dynamixel_sdk/environment/ament_prefix_path.sh
[2.943s] -- Installing: /home/tky/workspace/openarm_ws/install/dynamixel_sdk/share/dynamixel_sdk/environment/ament_prefix_path.dsv
[2.943s] -- Installing: /home/tky/workspace/openarm_ws/install/dynamixel_sdk/share/dynamixel_sdk/environment/path.sh
[2.943s] -- Installing: /home/tky/workspace/openarm_ws/install/dynamixel_sdk/share/dynamixel_sdk/environment/path.dsv
[2.944s] -- Installing: /home/tky/workspace/openarm_ws/install/dynamixel_sdk/share/dynamixel_sdk/local_setup.bash
[2.944s] -- Installing: /home/tky/workspace/openarm_ws/install/dynamixel_sdk/share/dynamixel_sdk/local_setup.sh
[2.944s] -- Installing: /home/tky/workspace/openarm_ws/install/dynamixel_sdk/share/dynamixel_sdk/local_setup.zsh
[2.944s] -- Installing: /home/tky/workspace/openarm_ws/install/dynamixel_sdk/share/dynamixel_sdk/local_setup.dsv
[2.944s] -- Installing: /home/tky/workspace/openarm_ws/install/dynamixel_sdk/share/dynamixel_sdk/package.dsv
[2.945s] -- Installing: /home/tky/workspace/openarm_ws/install/dynamixel_sdk/share/ament_index/resource_index/packages/dynamixel_sdk
[2.945s] -- Installing: /home/tky/workspace/openarm_ws/install/dynamixel_sdk/share/dynamixel_sdk/cmake/ament_cmake_export_include_directories-extras.cmake
[2.945s] -- Installing: /home/tky/workspace/openarm_ws/install/dynamixel_sdk/share/dynamixel_sdk/cmake/ament_cmake_export_libraries-extras.cmake
[2.945s] -- Installing: /home/tky/workspace/openarm_ws/install/dynamixel_sdk/share/dynamixel_sdk/cmake/dynamixel_sdkConfig.cmake
[2.945s] -- Installing: /home/tky/workspace/openarm_ws/install/dynamixel_sdk/share/dynamixel_sdk/cmake/dynamixel_sdkConfig-version.cmake
[2.945s] -- Installing: /home/tky/workspace/openarm_ws/install/dynamixel_sdk/share/dynamixel_sdk/package.xml
[2.950s] Invoked command in '/home/tky/workspace/openarm_ws/build/dynamixel_sdk' returned '0': CMAKE_PREFIX_PATH=/opt/ros/humble /home/tky/.pyenv/shims/cmake --install /home/tky/workspace/openarm_ws/build/dynamixel_sdk
