[0.033s] Invoking command in '/home/tky/workspace/openarm_ws/build/dxl_openarm_leader': CMAKE_PREFIX_PATH=/home/tky/workspace/openarm_ws/install/dynamixel_sdk_custom_interfaces:/home/tky/workspace/openarm_ws/install/dynamixel_sdk:/home/tky/workspace/openarm_ws/install/openarm_bimanual_moveit_config:/home/tky/workspace/openarm_ws/install/openarm:/home/tky/workspace/openarm_ws/install/openarm_description:/home/tky/workspace/openarm_ws/install/openarm_bringup:/home/tky/workspace/openarm_ws/install/dynamixel_sdk_examples:/home/tky/workspace/openarm_ws/install/dxl_openarm_leader:/home/tky/ros2_ws/install/dxl_openarm_leader:/home/tky/workspace/test_ws/install/test:/home/tky/ros2_ws/install/dynamixel_teleop_controller:/home/tky/ros2_ws/install/dynamixel_sdk_examples:/home/tky/ros2_ws/install/dynamixel_sdk_custom_interfaces:/home/tky/ros2_ws/install/dynamixel_sdk:/home/tky/ros2_ws/install/dynamixel_controller:/home/tky/turtlebot3_ws/install/turtlebot3:/home/tky/turtlebot3_ws/install/turtlebot3_simulations:/home/tky/turtlebot3_ws/install/turtlebot3_bringup:/home/tky/turtlebot3_ws/install/turtlebot3_node:/home/tky/turtlebot3_ws/install/turtlebot3_navigation2:/home/tky/turtlebot3_ws/install/turtlebot3_fake_node:/home/tky/turtlebot3_ws/install/turtlebot3_msgs:/home/tky/turtlebot3_ws/install/turtlebot3_manipulation_gazebo:/home/tky/turtlebot3_ws/install/turtlebot3_gazebo:/home/tky/turtlebot3_ws/install/turtlebot3_description:/home/tky/turtlebot3_ws/install/turtlebot3_cartographer:/home/tky/turtlebot3_ws/install/dynamixel_sdk_examples:/home/tky/turtlebot3_ws/install/dynamixel_sdk_custom_interfaces:/home/tky/turtlebot3_ws/install/dynamixel_sdk:/home/tky/turtlebot3_ws/install/turtlebot3_teleop:/home/tky/turtlebot3_ws/install/turtlebot3_example:/opt/ros/humble /home/tky/.pyenv/shims/cmake --build /home/tky/workspace/openarm_ws/build/dxl_openarm_leader -- -j12 -l12
[0.125s] [35m[1mConsolidate compiler generated dependencies of target read_write_position_node[0m
[0.144s] [ 50%] Built target pub_position_node
[0.160s] [ 75%] [32mBuilding CXX object CMakeFiles/read_write_position_node.dir/src/read_write_position_node.cpp.o[0m
[3.041s] [01m[K/home/tky/workspace/openarm_ws/src/dxl_openarm_leader/src/read_write_position_node.cpp:[m[K In member function ‘[01m[Kvoid ReadWriteNode::read_present_position()[m[K’:
[3.041s] [01m[K/home/tky/workspace/openarm_ws/src/dxl_openarm_leader/src/read_write_position_node.cpp:138:3:[m[K [01;31m[Kerror: [m[Kexpected ‘[01m[K,[m[K’ or ‘[01m[K;[m[K’ before ‘[01m[Kstd_msgs[m[K’
[3.041s]   138 |   [01;31m[Kstd_msgs[m[K::msg::Float64MultiArray openarm_msg;
[3.041s]       |   [01;31m[K^~~~~~~~[m[K
[3.055s] [01m[K/home/tky/workspace/openarm_ws/src/dxl_openarm_leader/src/read_write_position_node.cpp:139:3:[m[K [01;31m[Kerror: [m[K‘[01m[Kopenarm_left_msg[m[K’ was not declared in this scope
[3.055s]   139 |   [01;31m[Kopenarm_left_msg[m[K.data.resize(14, 0.0);
[3.055s]       |   [01;31m[K^~~~~~~~~~~~~~~~[m[K
[3.060s] [01m[K/home/tky/workspace/openarm_ws/src/dxl_openarm_leader/src/read_write_position_node.cpp:205:9:[m[K [01;31m[Kerror: [m[K‘[01m[Kopenarm_msg[m[K’ was not declared in this scope
[3.060s]   205 |         [01;31m[Kopenarm_msg[m[K.data[i] = joint_rad;
[3.060s]       |         [01;31m[K^~~~~~~~~~~[m[K
[3.073s] [01m[K/home/tky/workspace/openarm_ws/src/dxl_openarm_leader/src/read_write_position_node.cpp:218:3:[m[K [01;31m[Kerror: [m[K‘[01m[Kopenarm_command_publisher_[m[K’ was not declared in this scope; did you mean ‘[01m[Kleft_openarm_command_publisher_[m[K’?
[3.073s]   218 |   [01;31m[Kopenarm_command_publisher_[m[K->publish(openarm_msg);
[3.073s]       |   [01;31m[K^~~~~~~~~~~~~~~~~~~~~~~~~~[m[K
[3.074s]       |   [32m[Kleft_openarm_command_publisher_[m[K
[3.086s] [01m[K/home/tky/workspace/openarm_ws/src/dxl_openarm_leader/src/read_write_position_node.cpp:218:39:[m[K [01;31m[Kerror: [m[K‘[01m[Kopenarm_msg[m[K’ was not declared in this scope
[3.086s]   218 |   openarm_command_publisher_->publish([01;31m[Kopenarm_msg[m[K);
[3.086s]       |                                       [01;31m[K^~~~~~~~~~~[m[K
[6.613s] gmake[2]: *** [CMakeFiles/read_write_position_node.dir/build.make:76: CMakeFiles/read_write_position_node.dir/src/read_write_position_node.cpp.o] Error 1
[6.613s] gmake[1]: *** [CMakeFiles/Makefile2:139: CMakeFiles/read_write_position_node.dir/all] Error 2
[6.613s] gmake: *** [Makefile:146: all] Error 2
[6.617s] Invoked command in '/home/tky/workspace/openarm_ws/build/dxl_openarm_leader' returned '2': CMAKE_PREFIX_PATH=/home/tky/workspace/openarm_ws/install/dynamixel_sdk_custom_interfaces:/home/tky/workspace/openarm_ws/install/dynamixel_sdk:/home/tky/workspace/openarm_ws/install/openarm_bimanual_moveit_config:/home/tky/workspace/openarm_ws/install/openarm:/home/tky/workspace/openarm_ws/install/openarm_description:/home/tky/workspace/openarm_ws/install/openarm_bringup:/home/tky/workspace/openarm_ws/install/dynamixel_sdk_examples:/home/tky/workspace/openarm_ws/install/dxl_openarm_leader:/home/tky/ros2_ws/install/dxl_openarm_leader:/home/tky/workspace/test_ws/install/test:/home/tky/ros2_ws/install/dynamixel_teleop_controller:/home/tky/ros2_ws/install/dynamixel_sdk_examples:/home/tky/ros2_ws/install/dynamixel_sdk_custom_interfaces:/home/tky/ros2_ws/install/dynamixel_sdk:/home/tky/ros2_ws/install/dynamixel_controller:/home/tky/turtlebot3_ws/install/turtlebot3:/home/tky/turtlebot3_ws/install/turtlebot3_simulations:/home/tky/turtlebot3_ws/install/turtlebot3_bringup:/home/tky/turtlebot3_ws/install/turtlebot3_node:/home/tky/turtlebot3_ws/install/turtlebot3_navigation2:/home/tky/turtlebot3_ws/install/turtlebot3_fake_node:/home/tky/turtlebot3_ws/install/turtlebot3_msgs:/home/tky/turtlebot3_ws/install/turtlebot3_manipulation_gazebo:/home/tky/turtlebot3_ws/install/turtlebot3_gazebo:/home/tky/turtlebot3_ws/install/turtlebot3_description:/home/tky/turtlebot3_ws/install/turtlebot3_cartographer:/home/tky/turtlebot3_ws/install/dynamixel_sdk_examples:/home/tky/turtlebot3_ws/install/dynamixel_sdk_custom_interfaces:/home/tky/turtlebot3_ws/install/dynamixel_sdk:/home/tky/turtlebot3_ws/install/turtlebot3_teleop:/home/tky/turtlebot3_ws/install/turtlebot3_example:/opt/ros/humble /home/tky/.pyenv/shims/cmake --build /home/tky/workspace/openarm_ws/build/dxl_openarm_leader -- -j12 -l12
