[  5%] [32mBuilding CXX object CMakeFiles/pub_current_node.dir/src/pub_current_node.cpp.o[0m
[ 10%] [32mBuilding CXX object CMakeFiles/pub_velocity_node.dir/src/pub_velocity_node.cpp.o[0m
[ 20%] Built target read_write_current_node
[ 25%] [32mBuilding CXX object CMakeFiles/pub_position_node.dir/src/pub_position_node.cpp.o[0m
[ 35%] Built target read_write_velocity_node
[ 45%] Built target read_write_current_pos_v1_node
[ 50%] [32mBuilding CXX object CMakeFiles/pub_current_pos_v1_node.dir/src/pub_current_pos_v1_node.cpp.o[0m
[ 60%] Built target read_write_position_node
[ 65%] [32mBuilding CXX object CMakeFiles/pub_current_pos_v2_node.dir/src/pub_current_pos_v2_node.cpp.o[0m
[ 75%] Built target read_write_current_pos_v2_node
[ 80%] [32m[1mLinking CXX executable pub_position_node[0m
[ 85%] [32m[1mLinking CXX executable pub_current_node[0m
[ 90%] [32m[1mLinking CXX executable pub_current_pos_v1_node[0m
[ 95%] [32m[1mLinking CXX executable pub_velocity_node[0m
[ 95%] Built target pub_position_node
[ 95%] Built target pub_current_node
[100%] [32m[1mLinking CXX executable pub_current_pos_v2_node[0m
[100%] Built target pub_current_pos_v1_node
[100%] Built target pub_velocity_node
[100%] Built target pub_current_pos_v2_node
