[0.019s] Invoking command in '/home/tky/workspace/openarm_ws/build/dxl_wt_openarm_leader': AMENT_PREFIX_PATH=/home/tky/workspace/openarm_ws/install/dynamixel_sdk_custom_interfaces:/home/tky/workspace/openarm_ws/install/dynamixel_sdk:${AMENT_PREFIX_PATH} CMAKE_PREFIX_PATH=/home/tky/workspace/openarm_ws/install/dynamixel_sdk_custom_interfaces:/home/tky/workspace/openarm_ws/install/dynamixel_sdk:/opt/ros/humble LD_LIBRARY_PATH=/home/tky/workspace/openarm_ws/install/dynamixel_sdk_custom_interfaces/lib:/home/tky/workspace/openarm_ws/install/dynamixel_sdk/lib:${LD_LIBRARY_PATH} PYTHONPATH=/home/tky/workspace/openarm_ws/install/dynamixel_sdk_custom_interfaces/local/lib/python3.10/dist-packages:${PYTHONPATH} /home/tky/.pyenv/shims/cmake --build /home/tky/workspace/openarm_ws/build/dxl_wt_openarm_leader -- -j12 -l12
[0.134s] Consolidate compiler generated dependencies of target read_write_wt_position_node
[0.161s] [ 50%] Built target pub_current_node
[0.163s] [ 75%] Building CXX object CMakeFiles/read_write_wt_position_node.dir/src/read_write_wt_position_node.cpp.o
[2.697s] /home/tky/workspace/openarm_ws/src/dxl_wt_openarm_leader/src/read_write_wt_position_node.cpp: In member function ‘void ReadWriteWTNode::motion_compensation()’:
[2.697s] /home/tky/workspace/openarm_ws/src/dxl_wt_openarm_leader/src/read_write_wt_position_node.cpp:171:52: error: ‘Kt’ was not declared in this scope
[2.697s]   171 |     goal_current_mA =  static_cast<int>((tau_cmd / Kt) * 1000);
[2.697s]       |                                                    ^~
[2.705s] /home/tky/workspace/openarm_ws/src/dxl_wt_openarm_leader/src/read_write_wt_position_node.cpp:172:52: error: ‘CURRENT_LIMIT_mA’ was not declared in this scope
[2.705s]   172 |     goal_current_mA = std::clamp(goal_current_mA, -CURRENT_LIMIT_mA, CURRENT_LIMIT_mA);
[2.705s]       |                                                    ^~~~~~~~~~~~~~~~
[2.722s] /home/tky/workspace/openarm_ws/src/dxl_wt_openarm_leader/src/read_write_wt_position_node.cpp: In constructor ‘ReadWriteWTNode::ReadWriteWTNode()’:
[2.722s] /home/tky/workspace/openarm_ws/src/dxl_wt_openarm_leader/src/read_write_wt_position_node.cpp:384:52: error: ‘CURRENT_LIMIT_mA’ was not declared in this scope
[2.722s]   384 |   this->declare_parameter<int>("current_limit_ma", CURRENT_LIMIT_mA);
[2.722s]       |                                                    ^~~~~~~~~~~~~~~~
[2.728s] /home/tky/workspace/openarm_ws/src/dxl_wt_openarm_leader/src/read_write_wt_position_node.cpp:386:41: error: ‘Kt’ was not declared in this scope
[2.728s]   386 |   this->declare_parameter<double>("kt", Kt);
[2.728s]       |                                         ^~
[2.860s] In file included from /opt/ros/humble/include/rclcpp/rclcpp/node.hpp:1321,
[2.860s]                  from /opt/ros/humble/include/rclcpp/rclcpp/executors/single_threaded_executor.hpp:28,
[2.860s]                  from /opt/ros/humble/include/rclcpp/rclcpp/executors.hpp:22,
[2.861s]                  from /opt/ros/humble/include/rclcpp/rclcpp/rclcpp.hpp:155,
[2.861s]                  from /home/tky/workspace/openarm_ws/src/dxl_wt_openarm_leader/src/read_write_wt_position_node.cpp:45:
[2.861s] /opt/ros/humble/include/rclcpp/rclcpp/node_impl.hpp: In instantiation of ‘bool rclcpp::Node::get_parameter(const string&, ParameterT&) const [with ParameterT = const int; std::string = std::__cxx11::basic_string<char>]’:
[2.861s] /home/tky/workspace/openarm_ws/src/dxl_wt_openarm_leader/src/read_write_wt_position_node.cpp:382:22:   required from here
[2.861s] /opt/ros/humble/include/rclcpp/rclcpp/node_impl.hpp:294:15: error: assignment of read-only reference ‘parameter’
[2.861s]   294 |     parameter = static_cast<ParameterT>(parameter_variant.get_value<ParameterT>());
[2.861s]       |     ~~~~~~~~~~^~~~~~~~~~~~~~~~~~~~~~~~~~~~~~~~~~~~~~~~~~~~~~~~~~~~~~~~~~~~~~~~~~~~
[5.360s] gmake[2]: *** [CMakeFiles/read_write_wt_position_node.dir/build.make:76: CMakeFiles/read_write_wt_position_node.dir/src/read_write_wt_position_node.cpp.o] Error 1
[5.360s] gmake[1]: *** [CMakeFiles/Makefile2:139: CMakeFiles/read_write_wt_position_node.dir/all] Error 2
[5.360s] gmake: *** [Makefile:146: all] Error 2
[5.362s] Invoked command in '/home/tky/workspace/openarm_ws/build/dxl_wt_openarm_leader' returned '2': AMENT_PREFIX_PATH=/home/tky/workspace/openarm_ws/install/dynamixel_sdk_custom_interfaces:/home/tky/workspace/openarm_ws/install/dynamixel_sdk:${AMENT_PREFIX_PATH} CMAKE_PREFIX_PATH=/home/tky/workspace/openarm_ws/install/dynamixel_sdk_custom_interfaces:/home/tky/workspace/openarm_ws/install/dynamixel_sdk:/opt/ros/humble LD_LIBRARY_PATH=/home/tky/workspace/openarm_ws/install/dynamixel_sdk_custom_interfaces/lib:/home/tky/workspace/openarm_ws/install/dynamixel_sdk/lib:${LD_LIBRARY_PATH} PYTHONPATH=/home/tky/workspace/openarm_ws/install/dynamixel_sdk_custom_interfaces/local/lib/python3.10/dist-packages:${PYTHONPATH} /home/tky/.pyenv/shims/cmake --build /home/tky/workspace/openarm_ws/build/dxl_wt_openarm_leader -- -j12 -l12
