[0.027s] Invoking command in '/home/tky/workspace/openarm_ws/build/dxl_wt_openarm_leader': CMAKE_PREFIX_PATH=/home/tky/workspace/openarm_ws/install/dynamixel_sdk_custom_interfaces:/home/tky/workspace/openarm_ws/install/dynamixel_sdk:/home/tky/workspace/openarm_ws/install/openarm_bimanual_moveit_config:/home/tky/workspace/openarm_ws/install/openarm:/home/tky/workspace/openarm_ws/install/openarm_description:/home/tky/workspace/openarm_ws/install/openarm_bringup:/home/tky/workspace/openarm_ws/install/dynamixel_sdk_examples:/home/tky/workspace/openarm_ws/install/dxl_wt_openarm_leader:/home/tky/workspace/openarm_ws/install/dxl_openarm_leader:/opt/ros/humble /home/tky/.pyenv/shims/cmake --build /home/tky/workspace/openarm_ws/build/dxl_wt_openarm_leader -- -j12 -l12
[0.144s] [35m[1mConsolidate compiler generated dependencies of target read_write_wt_position_node[0m
[0.179s] [ 33%] Built target pub_current_node
[0.181s] [ 50%] [32mBuilding CXX object CMakeFiles/read_write_wt_position_node.dir/src/read_write_wt_position_node.cpp.o[0m
[0.187s] [ 83%] Built target pub_position_node
[2.767s] [01m[K/home/tky/workspace/openarm_ws/src/dxl_wt_openarm_leader/src/read_write_wt_position_node.cpp:[m[K In member function ‘[01m[Kvoid ReadWriteWTNode::motion_compensation()[m[K’:
[2.767s] [01m[K/home/tky/workspace/openarm_ws/src/dxl_wt_openarm_leader/src/read_write_wt_position_node.cpp:162:47:[m[K [01;31m[Kerror: [m[K‘[01m[Ki[m[K’ was not declared in this scope
[2.767s]   162 |     if (std::abs(present_vel_rad_s_[dxl_ids_ [[01;31m[Ki[m[K]-1]) > 1e-3) {
[2.767s]       |                                               [01;31m[K^[m[K
[2.770s] [01m[K/home/tky/workspace/openarm_ws/src/dxl_wt_openarm_leader/src/read_write_wt_position_node.cpp:166:73:[m[K [01;31m[Kerror: [m[K‘[01m[Ki[m[K’ was not declared in this scope
[2.770s]   166 |     const double velocity_ratio = std::abs(present_vel_rad_s_[dxl_ids_ [[01;31m[Ki[m[K]-1]) / vs;
[2.770s]       |                                                                         [01;31m[K^[m[K
[2.776s] [01m[K/home/tky/workspace/openarm_ws/src/dxl_wt_openarm_leader/src/read_write_wt_position_node.cpp:171:5:[m[K [01;31m[Kerror: [m[K‘[01m[Ktau_cmd[m[K’ was not declared in this scope; did you mean ‘[01m[Ktau_f[m[K’?
[2.776s]   171 |     [01;31m[Ktau_cmd[m[K = J * acc + tau_f
[2.776s]       |     [01;31m[K^~~~~~~[m[K
[2.776s]       |     [32m[Ktau_f[m[K
[2.780s] [01m[K/home/tky/workspace/openarm_ws/src/dxl_wt_openarm_leader/src/read_write_wt_position_node.cpp:171:19:[m[K [01;31m[Kerror: [m[K‘[01m[Kacc[m[K’ was not declared in this scope; did you mean ‘[01m[Kacct[m[K’?
[2.781s]   171 |     tau_cmd = J * [01;31m[Kacc[m[K + tau_f
[2.781s]       |                   [01;31m[K^~~[m[K
[2.781s]       |                   [32m[Kacct[m[K
[2.791s] [01m[K/home/tky/workspace/openarm_ws/src/dxl_wt_openarm_leader/src/read_write_wt_position_node.cpp:180:29:[m[K [01;31m[Kerror: [m[K‘[01m[Kgoal_current[m[K’ was not declared in this scope; did you mean ‘[01m[Kgoal_current_mA[m[K’?
[2.792s]   180 |       static_cast<uint16_t>([01;31m[Kgoal_current[m[K),
[2.792s]       |                             [01;31m[K^~~~~~~~~~~~[m[K
[2.792s]       |                             [32m[Kgoal_current_mA[m[K
[2.792s] [01m[K/home/tky/workspace/openarm_ws/src/dxl_wt_openarm_leader/src/read_write_wt_position_node.cpp:147:11:[m[K [01;35m[Kwarning: [m[Kunused variable ‘[01m[Kgoal_current_mA[m[K’ [[01;35m[K]8;;https://gcc.gnu.org/onlinedocs/gcc/Warning-Options.html#index-Wunused-variable-Wunused-variable]8;;[m[K]
[2.792s]   147 |   int16_t [01;35m[Kgoal_current_mA[m[K = 0;
[2.792s]       |           [01;35m[K^~~~~~~~~~~~~~~[m[K
[5.767s] gmake[2]: *** [CMakeFiles/read_write_wt_position_node.dir/build.make:76: CMakeFiles/read_write_wt_position_node.dir/src/read_write_wt_position_node.cpp.o] Error 1
[5.767s] gmake[1]: *** [CMakeFiles/Makefile2:141: CMakeFiles/read_write_wt_position_node.dir/all] Error 2
[5.767s] gmake: *** [Makefile:146: all] Error 2
[5.769s] Invoked command in '/home/tky/workspace/openarm_ws/build/dxl_wt_openarm_leader' returned '2': CMAKE_PREFIX_PATH=/home/tky/workspace/openarm_ws/install/dynamixel_sdk_custom_interfaces:/home/tky/workspace/openarm_ws/install/dynamixel_sdk:/home/tky/workspace/openarm_ws/install/openarm_bimanual_moveit_config:/home/tky/workspace/openarm_ws/install/openarm:/home/tky/workspace/openarm_ws/install/openarm_description:/home/tky/workspace/openarm_ws/install/openarm_bringup:/home/tky/workspace/openarm_ws/install/dynamixel_sdk_examples:/home/tky/workspace/openarm_ws/install/dxl_wt_openarm_leader:/home/tky/workspace/openarm_ws/install/dxl_openarm_leader:/opt/ros/humble /home/tky/.pyenv/shims/cmake --build /home/tky/workspace/openarm_ws/build/dxl_wt_openarm_leader -- -j12 -l12
