[0.028s] Invoking command in '/home/tky/workspace/openarm_ws/build/openarm': CMAKE_PREFIX_PATH=/home/tky/workspace/openarm_ws/install/openarm_description:/home/tky/workspace/openarm_ws/install/openarm_bringup:/home/tky/workspace/openarm_ws/install/openarm_bimanual_moveit_config:/home/tky/workspace/openarm_ws/install/openarm:/home/tky/workspace/openarm_ws/install/dynamixel_sdk_examples:/home/tky/workspace/openarm_ws/install/dxl_wt_openarm_leader:/home/tky/workspace/openarm_ws/install/dxl_openarm_leader:/home/tky/workspace/openarm_ws/install/dynamixel_sdk_custom_interfaces:/home/tky/workspace/openarm_ws/install/dynamixel_sdk:/opt/ros/humble /home/tky/.pyenv/shims/cmake --build /home/tky/workspace/openarm_ws/build/openarm -- -j12 -l12
[0.136s] Invoked command in '/home/tky/workspace/openarm_ws/build/openarm' returned '0': CMAKE_PREFIX_PATH=/home/tky/workspace/openarm_ws/install/openarm_description:/home/tky/workspace/openarm_ws/install/openarm_bringup:/home/tky/workspace/openarm_ws/install/openarm_bimanual_moveit_config:/home/tky/workspace/openarm_ws/install/openarm:/home/tky/workspace/openarm_ws/install/dynamixel_sdk_examples:/home/tky/workspace/openarm_ws/install/dxl_wt_openarm_leader:/home/tky/workspace/openarm_ws/install/dxl_openarm_leader:/home/tky/workspace/openarm_ws/install/dynamixel_sdk_custom_interfaces:/home/tky/workspace/openarm_ws/install/dynamixel_sdk:/opt/ros/humble /home/tky/.pyenv/shims/cmake --build /home/tky/workspace/openarm_ws/build/openarm -- -j12 -l12
[0.137s] Invoking command in '/home/tky/workspace/openarm_ws/build/openarm': CMAKE_PREFIX_PATH=/home/tky/workspace/openarm_ws/install/openarm_description:/home/tky/workspace/openarm_ws/install/openarm_bringup:/home/tky/workspace/openarm_ws/install/openarm_bimanual_moveit_config:/home/tky/workspace/openarm_ws/install/openarm:/home/tky/workspace/openarm_ws/install/dynamixel_sdk_examples:/home/tky/workspace/openarm_ws/install/dxl_wt_openarm_leader:/home/tky/workspace/openarm_ws/install/dxl_openarm_leader:/home/tky/workspace/openarm_ws/install/dynamixel_sdk_custom_interfaces:/home/tky/workspace/openarm_ws/install/dynamixel_sdk:/opt/ros/humble /home/tky/.pyenv/shims/cmake --install /home/tky/workspace/openarm_ws/build/openarm
[0.240s] -- Install configuration: ""
[0.240s] -- Up-to-date: /home/tky/workspace/openarm_ws/install/openarm/share/ament_index/resource_index/package_run_dependencies/openarm
[0.240s] -- Up-to-date: /home/tky/workspace/openarm_ws/install/openarm/share/ament_index/resource_index/parent_prefix_path/openarm
[0.241s] -- Up-to-date: /home/tky/workspace/openarm_ws/install/openarm/share/openarm/environment/ament_prefix_path.sh
[0.241s] -- Up-to-date: /home/tky/workspace/openarm_ws/install/openarm/share/openarm/environment/ament_prefix_path.dsv
[0.241s] -- Up-to-date: /home/tky/workspace/openarm_ws/install/openarm/share/openarm/environment/path.sh
[0.241s] -- Up-to-date: /home/tky/workspace/openarm_ws/install/openarm/share/openarm/environment/path.dsv
[0.241s] -- Up-to-date: /home/tky/workspace/openarm_ws/install/openarm/share/openarm/local_setup.bash
[0.241s] -- Up-to-date: /home/tky/workspace/openarm_ws/install/openarm/share/openarm/local_setup.sh
[0.241s] -- Up-to-date: /home/tky/workspace/openarm_ws/install/openarm/share/openarm/local_setup.zsh
[0.241s] -- Up-to-date: /home/tky/workspace/openarm_ws/install/openarm/share/openarm/local_setup.dsv
[0.241s] -- Installing: /home/tky/workspace/openarm_ws/install/openarm/share/openarm/package.dsv
[0.241s] -- Up-to-date: /home/tky/workspace/openarm_ws/install/openarm/share/ament_index/resource_index/packages/openarm
[0.241s] -- Up-to-date: /home/tky/workspace/openarm_ws/install/openarm/share/openarm/cmake/openarmConfig.cmake
[0.241s] -- Up-to-date: /home/tky/workspace/openarm_ws/install/openarm/share/openarm/cmake/openarmConfig-version.cmake
[0.242s] -- Up-to-date: /home/tky/workspace/openarm_ws/install/openarm/share/openarm/package.xml
[0.242s] Invoked command in '/home/tky/workspace/openarm_ws/build/openarm' returned '0': CMAKE_PREFIX_PATH=/home/tky/workspace/openarm_ws/install/openarm_description:/home/tky/workspace/openarm_ws/install/openarm_bringup:/home/tky/workspace/openarm_ws/install/openarm_bimanual_moveit_config:/home/tky/workspace/openarm_ws/install/openarm:/home/tky/workspace/openarm_ws/install/dynamixel_sdk_examples:/home/tky/workspace/openarm_ws/install/dxl_wt_openarm_leader:/home/tky/workspace/openarm_ws/install/dxl_openarm_leader:/home/tky/workspace/openarm_ws/install/dynamixel_sdk_custom_interfaces:/home/tky/workspace/openarm_ws/install/dynamixel_sdk:/opt/ros/humble /home/tky/.pyenv/shims/cmake --install /home/tky/workspace/openarm_ws/build/openarm
