[0.026s] Invoking command in '/home/tky/workspace/openarm_ws/build/openarm_bimanual_moveit_config': AMENT_PREFIX_PATH=/home/tky/workspace/openarm_ws/install/openarm_description:${AMENT_PREFIX_PATH} CMAKE_PREFIX_PATH=/home/tky/workspace/openarm_ws/install/openarm_description:/opt/ros/humble /home/tky/.pyenv/shims/cmake /home/tky/workspace/openarm_ws/src/openarm_ros2/openarm_bimanual_moveit_config -DCMAKE_INSTALL_PREFIX=/home/tky/workspace/openarm_ws/install/openarm_bimanual_moveit_config
[0.199s] -- The C compiler identification is GNU 11.4.0
[0.311s] -- The CXX compiler identification is GNU 11.4.0
[0.324s] -- Detecting C compiler ABI info
[0.435s] -- Detecting C compiler ABI info - done
[0.463s] -- Check for working C compiler: /usr/bin/cc - skipped
[0.466s] -- Detecting C compile features
[0.466s] -- Detecting C compile features - done
[0.474s] -- Detecting CXX compiler ABI info
[0.606s] -- Detecting CXX compiler ABI info - done
[0.621s] -- Check for working CXX compiler: /usr/bin/c++ - skipped
[0.622s] -- Detecting CXX compile features
[0.623s] -- Detecting CXX compile features - done
[0.627s] -- Found ament_cmake: 1.3.11 (/opt/ros/humble/share/ament_cmake/cmake)
[1.095s] -- Found Python3: /home/tky/.pyenv/shims/python3 (found version "3.10.12") found components: Interpreter 
[1.425s] -- Configuring done
[1.428s] -- Generating done
[1.431s] -- Build files have been written to: /home/tky/workspace/openarm_ws/build/openarm_bimanual_moveit_config
[1.438s] Invoked command in '/home/tky/workspace/openarm_ws/build/openarm_bimanual_moveit_config' returned '0': AMENT_PREFIX_PATH=/home/tky/workspace/openarm_ws/install/openarm_description:${AMENT_PREFIX_PATH} CMAKE_PREFIX_PATH=/home/tky/workspace/openarm_ws/install/openarm_description:/opt/ros/humble /home/tky/.pyenv/shims/cmake /home/tky/workspace/openarm_ws/src/openarm_ros2/openarm_bimanual_moveit_config -DCMAKE_INSTALL_PREFIX=/home/tky/workspace/openarm_ws/install/openarm_bimanual_moveit_config
[1.442s] Invoking command in '/home/tky/workspace/openarm_ws/build/openarm_bimanual_moveit_config': AMENT_PREFIX_PATH=/home/tky/workspace/openarm_ws/install/openarm_description:${AMENT_PREFIX_PATH} CMAKE_PREFIX_PATH=/home/tky/workspace/openarm_ws/install/openarm_description:/opt/ros/humble /home/tky/.pyenv/shims/cmake --build /home/tky/workspace/openarm_ws/build/openarm_bimanual_moveit_config -- -j12 -l12
[1.584s] Invoked command in '/home/tky/workspace/openarm_ws/build/openarm_bimanual_moveit_config' returned '0': AMENT_PREFIX_PATH=/home/tky/workspace/openarm_ws/install/openarm_description:${AMENT_PREFIX_PATH} CMAKE_PREFIX_PATH=/home/tky/workspace/openarm_ws/install/openarm_description:/opt/ros/humble /home/tky/.pyenv/shims/cmake --build /home/tky/workspace/openarm_ws/build/openarm_bimanual_moveit_config -- -j12 -l12
[1.587s] Invoking command in '/home/tky/workspace/openarm_ws/build/openarm_bimanual_moveit_config': AMENT_PREFIX_PATH=/home/tky/workspace/openarm_ws/install/openarm_description:${AMENT_PREFIX_PATH} CMAKE_PREFIX_PATH=/home/tky/workspace/openarm_ws/install/openarm_description:/opt/ros/humble /home/tky/.pyenv/shims/cmake --install /home/tky/workspace/openarm_ws/build/openarm_bimanual_moveit_config
[1.674s] -- Install configuration: ""
[1.674s] -- Installing: /home/tky/workspace/openarm_ws/install/openarm_bimanual_moveit_config/share/ament_index/resource_index/package_run_dependencies/openarm_bimanual_moveit_config
[1.675s] -- Installing: /home/tky/workspace/openarm_ws/install/openarm_bimanual_moveit_config/share/ament_index/resource_index/parent_prefix_path/openarm_bimanual_moveit_config
[1.675s] -- Installing: /home/tky/workspace/openarm_ws/install/openarm_bimanual_moveit_config/share/openarm_bimanual_moveit_config/environment/ament_prefix_path.sh
[1.678s] -- Installing: /home/tky/workspace/openarm_ws/install/openarm_bimanual_moveit_config/share/openarm_bimanual_moveit_config/environment/ament_prefix_path.dsv
[1.678s] -- Installing: /home/tky/workspace/openarm_ws/install/openarm_bimanual_moveit_config/share/openarm_bimanual_moveit_config/environment/path.sh
[1.679s] -- Installing: /home/tky/workspace/openarm_ws/install/openarm_bimanual_moveit_config/share/openarm_bimanual_moveit_config/environment/path.dsv
[1.679s] -- Installing: /home/tky/workspace/openarm_ws/install/openarm_bimanual_moveit_config/share/openarm_bimanual_moveit_config/local_setup.bash
[1.679s] -- Installing: /home/tky/workspace/openarm_ws/install/openarm_bimanual_moveit_config/share/openarm_bimanual_moveit_config/local_setup.sh
[1.679s] -- Installing: /home/tky/workspace/openarm_ws/install/openarm_bimanual_moveit_config/share/openarm_bimanual_moveit_config/local_setup.zsh
[1.679s] -- Installing: /home/tky/workspace/openarm_ws/install/openarm_bimanual_moveit_config/share/openarm_bimanual_moveit_config/local_setup.dsv
[1.680s] -- Installing: /home/tky/workspace/openarm_ws/install/openarm_bimanual_moveit_config/share/openarm_bimanual_moveit_config/package.dsv
[1.680s] -- Installing: /home/tky/workspace/openarm_ws/install/openarm_bimanual_moveit_config/share/ament_index/resource_index/packages/openarm_bimanual_moveit_config
[1.680s] -- Installing: /home/tky/workspace/openarm_ws/install/openarm_bimanual_moveit_config/share/openarm_bimanual_moveit_config/cmake/openarm_bimanual_moveit_configConfig.cmake
[1.686s] -- Installing: /home/tky/workspace/openarm_ws/install/openarm_bimanual_moveit_config/share/openarm_bimanual_moveit_config/cmake/openarm_bimanual_moveit_configConfig-version.cmake
[1.687s] -- Installing: /home/tky/workspace/openarm_ws/install/openarm_bimanual_moveit_config/share/openarm_bimanual_moveit_config/package.xml
[1.687s] -- Installing: /home/tky/workspace/openarm_ws/install/openarm_bimanual_moveit_config/share/openarm_bimanual_moveit_config/launch
[1.687s] -- Installing: /home/tky/workspace/openarm_ws/install/openarm_bimanual_moveit_config/share/openarm_bimanual_moveit_config/launch/moveit_rviz.launch.py
[1.687s] -- Installing: /home/tky/workspace/openarm_ws/install/openarm_bimanual_moveit_config/share/openarm_bimanual_moveit_config/launch/move_group.launch.py
[1.687s] -- Installing: /home/tky/workspace/openarm_ws/install/openarm_bimanual_moveit_config/share/openarm_bimanual_moveit_config/launch/static_virtual_joint_tfs.launch.py
[1.688s] -- Installing: /home/tky/workspace/openarm_ws/install/openarm_bimanual_moveit_config/share/openarm_bimanual_moveit_config/launch/demo.launch.py
[1.688s] -- Installing: /home/tky/workspace/openarm_ws/install/openarm_bimanual_moveit_config/share/openarm_bimanual_moveit_config/launch/spawn_controllers.launch.py
[1.688s] -- Installing: /home/tky/workspace/openarm_ws/install/openarm_bimanual_moveit_config/share/openarm_bimanual_moveit_config/launch/setup_assistant.launch.py
[1.695s] -- Installing: /home/tky/workspace/openarm_ws/install/openarm_bimanual_moveit_config/share/openarm_bimanual_moveit_config/config
[1.695s] -- Installing: /home/tky/workspace/openarm_ws/install/openarm_bimanual_moveit_config/share/openarm_bimanual_moveit_config/config/ros2_controllers.yaml
[1.695s] -- Installing: /home/tky/workspace/openarm_ws/install/openarm_bimanual_moveit_config/share/openarm_bimanual_moveit_config/config/openarm_bimanual.srdf
[1.695s] -- Installing: /home/tky/workspace/openarm_ws/install/openarm_bimanual_moveit_config/share/openarm_bimanual_moveit_config/config/joint_limits.yaml
[1.695s] -- Installing: /home/tky/workspace/openarm_ws/install/openarm_bimanual_moveit_config/share/openarm_bimanual_moveit_config/config/pilz_cartesian_limits.yaml
[1.695s] -- Installing: /home/tky/workspace/openarm_ws/install/openarm_bimanual_moveit_config/share/openarm_bimanual_moveit_config/config/openarm_bimanual.urdf.xacro
[1.696s] -- Installing: /home/tky/workspace/openarm_ws/install/openarm_bimanual_moveit_config/share/openarm_bimanual_moveit_config/config/sensors_3d.yaml
[1.696s] -- Installing: /home/tky/workspace/openarm_ws/install/openarm_bimanual_moveit_config/share/openarm_bimanual_moveit_config/config/kinematics.yaml
[1.696s] -- Installing: /home/tky/workspace/openarm_ws/install/openarm_bimanual_moveit_config/share/openarm_bimanual_moveit_config/config/initial_positions.yaml
[1.696s] -- Installing: /home/tky/workspace/openarm_ws/install/openarm_bimanual_moveit_config/share/openarm_bimanual_moveit_config/config/moveit_controllers.yaml
[1.696s] -- Installing: /home/tky/workspace/openarm_ws/install/openarm_bimanual_moveit_config/share/openarm_bimanual_moveit_config/config/moveit.rviz
[1.696s] -- Installing: /home/tky/workspace/openarm_ws/install/openarm_bimanual_moveit_config/share/openarm_bimanual_moveit_config/.setup_assistant
[1.723s] Invoked command in '/home/tky/workspace/openarm_ws/build/openarm_bimanual_moveit_config' returned '0': AMENT_PREFIX_PATH=/home/tky/workspace/openarm_ws/install/openarm_description:${AMENT_PREFIX_PATH} CMAKE_PREFIX_PATH=/home/tky/workspace/openarm_ws/install/openarm_description:/opt/ros/humble /home/tky/.pyenv/shims/cmake --install /home/tky/workspace/openarm_ws/build/openarm_bimanual_moveit_config
