[0.013s] Invoking command in '/home/tky/workspace/openarm_ws/build/dxl_openarm_leader': AMENT_PREFIX_PATH=/home/tky/workspace/openarm_ws/install/dynamixel_sdk_custom_interfaces:/home/tky/workspace/openarm_ws/install/dynamixel_sdk:${AMENT_PREFIX_PATH} CMAKE_PREFIX_PATH=/home/tky/workspace/openarm_ws/install/dynamixel_sdk_custom_interfaces:/home/tky/workspace/openarm_ws/install/dynamixel_sdk:/opt/ros/humble LD_LIBRARY_PATH=/home/tky/workspace/openarm_ws/install/dynamixel_sdk_custom_interfaces/lib:/home/tky/workspace/openarm_ws/install/dynamixel_sdk/lib:${LD_LIBRARY_PATH} PYTHONPATH=/home/tky/workspace/openarm_ws/install/dynamixel_sdk_custom_interfaces/local/lib/python3.10/dist-packages:/home/tky/workspace/openarm_ws/install/dynamixel_sdk/local/lib/python3.10/dist-packages:${PYTHONPATH} /home/tky/.pyenv/shims/cmake --build /home/tky/workspace/openarm_ws/build/dxl_openarm_leader -- -j12 -l12
[0.077s] -- Found ament_cmake: 1.3.11 (/opt/ros/humble/share/ament_cmake/cmake)
[0.265s] -- Found dynamixel_sdk: 4.0.5 (/home/tky/workspace/openarm_ws/install/dynamixel_sdk/share/dynamixel_sdk/cmake)
[0.267s] -- Found dynamixel_sdk_custom_interfaces: 4.0.5 (/home/tky/workspace/openarm_ws/install/dynamixel_sdk_custom_interfaces/share/dynamixel_sdk_custom_interfaces/cmake)
[0.288s] -- Found rosidl_generator_c: 3.1.6 (/opt/ros/humble/share/rosidl_generator_c/cmake)
[0.290s] -- Found rosidl_adapter: 3.1.6 (/opt/ros/humble/share/rosidl_adapter/cmake)
[0.295s] -- Found rosidl_generator_cpp: 3.1.6 (/opt/ros/humble/share/rosidl_generator_cpp/cmake)
[0.303s] -- Using all available rosidl_typesupport_c: rosidl_typesupport_fastrtps_c;rosidl_typesupport_introspection_c
[0.313s] -- Using all available rosidl_typesupport_cpp: rosidl_typesupport_fastrtps_cpp;rosidl_typesupport_introspection_cpp
[0.333s] -- Found rclcpp: 16.0.12 (/opt/ros/humble/share/rclcpp/cmake)
[0.354s] -- Found rmw_implementation_cmake: 6.1.2 (/opt/ros/humble/share/rmw_implementation_cmake/cmake)
[0.355s] -- Found rmw_fastrtps_cpp: 6.2.7 (/opt/ros/humble/share/rmw_fastrtps_cpp/cmake)
[0.454s] -- Using RMW implementation 'rmw_fastrtps_cpp' as default
[0.497s] -- Found control_msgs: 4.8.0 (/opt/ros/humble/share/control_msgs/cmake)
[0.578s] -- Found rclcpp_action: 16.0.12 (/opt/ros/humble/share/rclcpp_action/cmake)
[0.587s] -- Found ament_lint_auto: 0.12.12 (/opt/ros/humble/share/ament_lint_auto/cmake)
[0.670s] -- Added test 'copyright' to check source files copyright and LICENSE
[0.671s] -- Added test 'cppcheck' to perform static code analysis on C / C++ code
[0.671s] -- Configured cppcheck include dirs: /home/tky/workspace/openarm_ws/src/dxl_openarm_leader/include
[0.671s] -- Configured cppcheck exclude dirs and/or files: 
[0.672s] -- Added test 'cpplint' to check C / C++ code against the Google style
[0.672s] -- Configured cpplint exclude dirs and/or files: 
[0.672s] -- Added test 'lint_cmake' to check CMake code style
[0.673s] -- Added test 'uncrustify' to check C / C++ code style
[0.673s] -- Configured uncrustify additional arguments: 
[0.673s] -- Added test 'xmllint' to check XML markup files
[0.674s] -- Configuring done
[0.692s] -- Generating done
[0.702s] -- Build files have been written to: /home/tky/workspace/openarm_ws/build/dxl_openarm_leader
[0.731s] Consolidate compiler generated dependencies of target pub_position_node
[0.732s] Consolidate compiler generated dependencies of target read_write_position_node
[0.744s] [ 25%] Building CXX object CMakeFiles/pub_position_node.dir/src/pub_position_node.cpp.o
[0.745s] [ 50%] Building CXX object CMakeFiles/read_write_position_node.dir/src/read_write_position_node.cpp.o
[5.586s] [ 75%] Linking CXX executable pub_position_node
[5.805s] [ 75%] Built target pub_position_node
[12.161s] [100%] Linking CXX executable read_write_position_node
[12.760s] [100%] Built target read_write_position_node
[12.773s] Invoked command in '/home/tky/workspace/openarm_ws/build/dxl_openarm_leader' returned '0': AMENT_PREFIX_PATH=/home/tky/workspace/openarm_ws/install/dynamixel_sdk_custom_interfaces:/home/tky/workspace/openarm_ws/install/dynamixel_sdk:${AMENT_PREFIX_PATH} CMAKE_PREFIX_PATH=/home/tky/workspace/openarm_ws/install/dynamixel_sdk_custom_interfaces:/home/tky/workspace/openarm_ws/install/dynamixel_sdk:/opt/ros/humble LD_LIBRARY_PATH=/home/tky/workspace/openarm_ws/install/dynamixel_sdk_custom_interfaces/lib:/home/tky/workspace/openarm_ws/install/dynamixel_sdk/lib:${LD_LIBRARY_PATH} PYTHONPATH=/home/tky/workspace/openarm_ws/install/dynamixel_sdk_custom_interfaces/local/lib/python3.10/dist-packages:/home/tky/workspace/openarm_ws/install/dynamixel_sdk/local/lib/python3.10/dist-packages:${PYTHONPATH} /home/tky/.pyenv/shims/cmake --build /home/tky/workspace/openarm_ws/build/dxl_openarm_leader -- -j12 -l12
[12.774s] Invoking command in '/home/tky/workspace/openarm_ws/build/dxl_openarm_leader': AMENT_PREFIX_PATH=/home/tky/workspace/openarm_ws/install/dynamixel_sdk_custom_interfaces:/home/tky/workspace/openarm_ws/install/dynamixel_sdk:${AMENT_PREFIX_PATH} CMAKE_PREFIX_PATH=/home/tky/workspace/openarm_ws/install/dynamixel_sdk_custom_interfaces:/home/tky/workspace/openarm_ws/install/dynamixel_sdk:/opt/ros/humble LD_LIBRARY_PATH=/home/tky/workspace/openarm_ws/install/dynamixel_sdk_custom_interfaces/lib:/home/tky/workspace/openarm_ws/install/dynamixel_sdk/lib:${LD_LIBRARY_PATH} PYTHONPATH=/home/tky/workspace/openarm_ws/install/dynamixel_sdk_custom_interfaces/local/lib/python3.10/dist-packages:/home/tky/workspace/openarm_ws/install/dynamixel_sdk/local/lib/python3.10/dist-packages:${PYTHONPATH} /home/tky/.pyenv/shims/cmake --install /home/tky/workspace/openarm_ws/build/dxl_openarm_leader
[12.820s] -- Install configuration: ""
[12.820s] -- Installing: /home/tky/workspace/openarm_ws/install/dxl_openarm_leader/lib/dxl_openarm_leader/read_write_position_node
[12.825s] -- Set runtime path of "/home/tky/workspace/openarm_ws/install/dxl_openarm_leader/lib/dxl_openarm_leader/read_write_position_node" to ""
[12.825s] -- Installing: /home/tky/workspace/openarm_ws/install/dxl_openarm_leader/lib/dxl_openarm_leader/pub_position_node
[12.826s] -- Set runtime path of "/home/tky/workspace/openarm_ws/install/dxl_openarm_leader/lib/dxl_openarm_leader/pub_position_node" to ""
[12.827s] -- Up-to-date: /home/tky/workspace/openarm_ws/install/dxl_openarm_leader/include/
[12.827s] -- Up-to-date: /home/tky/workspace/openarm_ws/install/dxl_openarm_leader/include//pub_dynamixel_data_node.hpp
[12.827s] -- Up-to-date: /home/tky/workspace/openarm_ws/install/dxl_openarm_leader/include//read_write_node.hpp
[12.827s] -- Up-to-date: /home/tky/workspace/openarm_ws/install/dxl_openarm_leader/share/ament_index/resource_index/package_run_dependencies/dxl_openarm_leader
[12.827s] -- Up-to-date: /home/tky/workspace/openarm_ws/install/dxl_openarm_leader/share/ament_index/resource_index/parent_prefix_path/dxl_openarm_leader
[12.827s] -- Up-to-date: /home/tky/workspace/openarm_ws/install/dxl_openarm_leader/share/dxl_openarm_leader/environment/ament_prefix_path.sh
[12.827s] -- Installing: /home/tky/workspace/openarm_ws/install/dxl_openarm_leader/share/dxl_openarm_leader/environment/ament_prefix_path.dsv
[12.827s] -- Up-to-date: /home/tky/workspace/openarm_ws/install/dxl_openarm_leader/share/dxl_openarm_leader/environment/path.sh
[12.828s] -- Installing: /home/tky/workspace/openarm_ws/install/dxl_openarm_leader/share/dxl_openarm_leader/environment/path.dsv
[12.828s] -- Up-to-date: /home/tky/workspace/openarm_ws/install/dxl_openarm_leader/share/dxl_openarm_leader/local_setup.bash
[12.828s] -- Up-to-date: /home/tky/workspace/openarm_ws/install/dxl_openarm_leader/share/dxl_openarm_leader/local_setup.sh
[12.828s] -- Up-to-date: /home/tky/workspace/openarm_ws/install/dxl_openarm_leader/share/dxl_openarm_leader/local_setup.zsh
[12.828s] -- Installing: /home/tky/workspace/openarm_ws/install/dxl_openarm_leader/share/dxl_openarm_leader/local_setup.dsv
[12.828s] -- Installing: /home/tky/workspace/openarm_ws/install/dxl_openarm_leader/share/dxl_openarm_leader/package.dsv
[12.828s] -- Up-to-date: /home/tky/workspace/openarm_ws/install/dxl_openarm_leader/share/ament_index/resource_index/packages/dxl_openarm_leader
[12.829s] -- Up-to-date: /home/tky/workspace/openarm_ws/install/dxl_openarm_leader/share/dxl_openarm_leader/cmake/dxl_openarm_leaderConfig.cmake
[12.829s] -- Up-to-date: /home/tky/workspace/openarm_ws/install/dxl_openarm_leader/share/dxl_openarm_leader/cmake/dxl_openarm_leaderConfig-version.cmake
[12.829s] -- Up-to-date: /home/tky/workspace/openarm_ws/install/dxl_openarm_leader/share/dxl_openarm_leader/package.xml
[12.829s] Invoked command in '/home/tky/workspace/openarm_ws/build/dxl_openarm_leader' returned '0': AMENT_PREFIX_PATH=/home/tky/workspace/openarm_ws/install/dynamixel_sdk_custom_interfaces:/home/tky/workspace/openarm_ws/install/dynamixel_sdk:${AMENT_PREFIX_PATH} CMAKE_PREFIX_PATH=/home/tky/workspace/openarm_ws/install/dynamixel_sdk_custom_interfaces:/home/tky/workspace/openarm_ws/install/dynamixel_sdk:/opt/ros/humble LD_LIBRARY_PATH=/home/tky/workspace/openarm_ws/install/dynamixel_sdk_custom_interfaces/lib:/home/tky/workspace/openarm_ws/install/dynamixel_sdk/lib:${LD_LIBRARY_PATH} PYTHONPATH=/home/tky/workspace/openarm_ws/install/dynamixel_sdk_custom_interfaces/local/lib/python3.10/dist-packages:/home/tky/workspace/openarm_ws/install/dynamixel_sdk/local/lib/python3.10/dist-packages:${PYTHONPATH} /home/tky/.pyenv/shims/cmake --install /home/tky/workspace/openarm_ws/build/dxl_openarm_leader
