[01m[K/home/tky/workspace/openarm_ws/src/dxl_wt_openarm_leader/src/read_write_wt_position_node.cpp:[m[K In member function ‘[01m[Kvoid ReadWriteWTNode::motion_compensation()[m[K’:
[01m[K/home/tky/workspace/openarm_ws/src/dxl_wt_openarm_leader/src/read_write_wt_position_node.cpp:159:76:[m[K [01;31m[Kerror: [m[K‘[01m[Kvs[m[K’ was not declared in this scope; did you mean ‘[01m[Kvs_[m[K’?
  159 |     const double velocity_ratio = std::abs(present_vel_rad_s_[dxl_id-1]) / [01;31m[Kvs[m[K;
      |                                                                            [01;31m[K^~[m[K
      |                                                                            [32m[Kvs_[m[K
[01m[K/home/tky/workspace/openarm_ws/src/dxl_wt_openarm_leader/src/read_write_wt_position_node.cpp:161:20:[m[K [01;31m[Kerror: [m[K‘[01m[KTc[m[K’ was not declared in this scope; did you mean ‘[01m[KTc_[m[K’?
  161 |     double tau_f = [01;31m[KTc[m[K * sign_v + (Ts - Tc) * std::exp(-(velocity_ratio * velocity_ratio)) * sign_v + b * present_vel_rad_s_[dxl_id-1];
      |                    [01;31m[K^~[m[K
      |                    [32m[KTc_[m[K
[01m[K/home/tky/workspace/openarm_ws/src/dxl_wt_openarm_leader/src/read_write_wt_position_node.cpp:161:35:[m[K [01;31m[Kerror: [m[K‘[01m[KTs[m[K’ was not declared in this scope; did you mean ‘[01m[KTs_[m[K’?
  161 |     double tau_f = Tc * sign_v + ([01;31m[KTs[m[K - Tc) * std::exp(-(velocity_ratio * velocity_ratio)) * sign_v + b * present_vel_rad_s_[dxl_id-1];
      |                                   [01;31m[K^~[m[K
      |                                   [32m[KTs_[m[K
[01m[K/home/tky/workspace/openarm_ws/src/dxl_wt_openarm_leader/src/read_write_wt_position_node.cpp:161:102:[m[K [01;31m[Kerror: [m[K‘[01m[Kb[m[K’ was not declared in this scope; did you mean ‘[01m[Kb_[m[K’?
  161 |     double tau_f = Tc * sign_v + (Ts - Tc) * std::exp(-(velocity_ratio * velocity_ratio)) * sign_v + [01;31m[Kb[m[K * present_vel_rad_s_[dxl_id-1];
      |                                                                                                      [01;31m[K^[m[K
      |                                                                                                      [32m[Kb_[m[K
[01m[K/home/tky/workspace/openarm_ws/src/dxl_wt_openarm_leader/src/read_write_wt_position_node.cpp:164:22:[m[K [01;31m[Kerror: [m[K‘[01m[KJ[m[K’ was not declared in this scope; did you mean ‘[01m[KJ_[m[K’?
  164 |     double tau_cmd = [01;31m[KJ[m[K * present_acc_rad_ss_[dxl_id-1] + tau_f;
      |                      [01;31m[K^[m[K
      |                      [32m[KJ_[m[K
gmake[2]: *** [CMakeFiles/read_write_wt_position_node.dir/build.make:76: CMakeFiles/read_write_wt_position_node.dir/src/read_write_wt_position_node.cpp.o] Error 1
gmake[1]: *** [CMakeFiles/Makefile2:141: CMakeFiles/read_write_wt_position_node.dir/all] Error 2
gmake: *** [Makefile:146: all] Error 2
