[0.033s] Invoking command in '/home/tky/workspace/openarm_ws/build/dxl_wt_openarm_leader': CMAKE_PREFIX_PATH=/home/tky/workspace/openarm_ws/install/dynamixel_sdk_custom_interfaces:/home/tky/workspace/openarm_ws/install/dynamixel_sdk:/home/tky/workspace/openarm_ws/install/openarm_bimanual_moveit_config:/home/tky/workspace/openarm_ws/install/openarm:/home/tky/workspace/openarm_ws/install/openarm_description:/home/tky/workspace/openarm_ws/install/openarm_bringup:/home/tky/workspace/openarm_ws/install/dynamixel_sdk_examples:/home/tky/workspace/openarm_ws/install/dxl_wt_openarm_leader:/home/tky/workspace/openarm_ws/install/dxl_openarm_leader:/opt/ros/humble /home/tky/.pyenv/shims/cmake --build /home/tky/workspace/openarm_ws/build/dxl_wt_openarm_leader -- -j12 -l12
[0.161s] [35m[1mConsolidate compiler generated dependencies of target read_write_wt_position_node[0m
[0.186s] [ 33%] Built target pub_current_node
[0.193s] [ 66%] Built target pub_position_node
[0.203s] [ 83%] [32mBuilding CXX object CMakeFiles/read_write_wt_position_node.dir/src/read_write_wt_position_node.cpp.o[0m
[3.071s] [01m[K/home/tky/workspace/openarm_ws/src/dxl_wt_openarm_leader/src/read_write_wt_position_node.cpp:[m[K In member function ‘[01m[Kvoid ReadWriteWTNode::motion_compensation()[m[K’:
[3.071s] [01m[K/home/tky/workspace/openarm_ws/src/dxl_wt_openarm_leader/src/read_write_wt_position_node.cpp:159:76:[m[K [01;31m[Kerror: [m[K‘[01m[Kvs[m[K’ was not declared in this scope; did you mean ‘[01m[Kvs_[m[K’?
[3.071s]   159 |     const double velocity_ratio = std::abs(present_vel_rad_s_[dxl_id-1]) / [01;31m[Kvs[m[K;
[3.071s]       |                                                                            [01;31m[K^~[m[K
[3.071s]       |                                                                            [32m[Kvs_[m[K
[3.076s] [01m[K/home/tky/workspace/openarm_ws/src/dxl_wt_openarm_leader/src/read_write_wt_position_node.cpp:161:20:[m[K [01;31m[Kerror: [m[K‘[01m[KTc[m[K’ was not declared in this scope; did you mean ‘[01m[KTc_[m[K’?
[3.076s]   161 |     double tau_f = [01;31m[KTc[m[K * sign_v + (Ts - Tc) * std::exp(-(velocity_ratio * velocity_ratio)) * sign_v + b * present_vel_rad_s_[dxl_id-1];
[3.076s]       |                    [01;31m[K^~[m[K
[3.076s]       |                    [32m[KTc_[m[K
[3.082s] [01m[K/home/tky/workspace/openarm_ws/src/dxl_wt_openarm_leader/src/read_write_wt_position_node.cpp:161:35:[m[K [01;31m[Kerror: [m[K‘[01m[KTs[m[K’ was not declared in this scope; did you mean ‘[01m[KTs_[m[K’?
[3.082s]   161 |     double tau_f = Tc * sign_v + ([01;31m[KTs[m[K - Tc) * std::exp(-(velocity_ratio * velocity_ratio)) * sign_v + b * present_vel_rad_s_[dxl_id-1];
[3.082s]       |                                   [01;31m[K^~[m[K
[3.082s]       |                                   [32m[KTs_[m[K
[3.087s] [01m[K/home/tky/workspace/openarm_ws/src/dxl_wt_openarm_leader/src/read_write_wt_position_node.cpp:161:102:[m[K [01;31m[Kerror: [m[K‘[01m[Kb[m[K’ was not declared in this scope; did you mean ‘[01m[Kb_[m[K’?
[3.087s]   161 |     double tau_f = Tc * sign_v + (Ts - Tc) * std::exp(-(velocity_ratio * velocity_ratio)) * sign_v + [01;31m[Kb[m[K * present_vel_rad_s_[dxl_id-1];
[3.088s]       |                                                                                                      [01;31m[K^[m[K
[3.088s]       |                                                                                                      [32m[Kb_[m[K
[3.093s] [01m[K/home/tky/workspace/openarm_ws/src/dxl_wt_openarm_leader/src/read_write_wt_position_node.cpp:164:22:[m[K [01;31m[Kerror: [m[K‘[01m[KJ[m[K’ was not declared in this scope; did you mean ‘[01m[KJ_[m[K’?
[3.093s]   164 |     double tau_cmd = [01;31m[KJ[m[K * present_acc_rad_ss_[dxl_id-1] + tau_f;
[3.094s]       |                      [01;31m[K^[m[K
[3.094s]       |                      [32m[KJ_[m[K
[6.430s] gmake[2]: *** [CMakeFiles/read_write_wt_position_node.dir/build.make:76: CMakeFiles/read_write_wt_position_node.dir/src/read_write_wt_position_node.cpp.o] Error 1
[6.430s] gmake[1]: *** [CMakeFiles/Makefile2:141: CMakeFiles/read_write_wt_position_node.dir/all] Error 2
[6.430s] gmake: *** [Makefile:146: all] Error 2
[6.433s] Invoked command in '/home/tky/workspace/openarm_ws/build/dxl_wt_openarm_leader' returned '2': CMAKE_PREFIX_PATH=/home/tky/workspace/openarm_ws/install/dynamixel_sdk_custom_interfaces:/home/tky/workspace/openarm_ws/install/dynamixel_sdk:/home/tky/workspace/openarm_ws/install/openarm_bimanual_moveit_config:/home/tky/workspace/openarm_ws/install/openarm:/home/tky/workspace/openarm_ws/install/openarm_description:/home/tky/workspace/openarm_ws/install/openarm_bringup:/home/tky/workspace/openarm_ws/install/dynamixel_sdk_examples:/home/tky/workspace/openarm_ws/install/dxl_wt_openarm_leader:/home/tky/workspace/openarm_ws/install/dxl_openarm_leader:/opt/ros/humble /home/tky/.pyenv/shims/cmake --build /home/tky/workspace/openarm_ws/build/dxl_wt_openarm_leader -- -j12 -l12
