[0.024s] Invoking command in '/home/tky/workspace/openarm_ws/build/dxl_wt_openarm_leader': CMAKE_PREFIX_PATH=/home/tky/workspace/openarm_ws/install/dynamixel_sdk_custom_interfaces:/home/tky/workspace/openarm_ws/install/dynamixel_sdk:/home/tky/workspace/openarm_ws/install/openarm_bimanual_moveit_config:/home/tky/workspace/openarm_ws/install/openarm:/home/tky/workspace/openarm_ws/install/openarm_description:/home/tky/workspace/openarm_ws/install/openarm_bringup:/home/tky/workspace/openarm_ws/install/dynamixel_sdk_examples:/home/tky/workspace/openarm_ws/install/dxl_wt_openarm_leader:/home/tky/workspace/openarm_ws/install/dxl_openarm_leader:/opt/ros/humble /home/tky/.pyenv/shims/cmake --build /home/tky/workspace/openarm_ws/build/dxl_wt_openarm_leader -- -j12 -l12
[0.117s] [35m[1mConsolidate compiler generated dependencies of target read_write_wt_position_node[0m
[0.148s] [ 50%] Built target pub_current_node
[0.149s] [ 75%] [32mBuilding CXX object CMakeFiles/read_write_wt_position_node.dir/src/read_write_wt_position_node.cpp.o[0m
[2.802s] In file included from [01m[K/opt/ros/humble/include/rclcpp/rclcpp/logging.hpp:24[m[K,
[2.802s]                  from [01m[K/opt/ros/humble/include/rclcpp/rclcpp/client.hpp:40[m[K,
[2.802s]                  from [01m[K/opt/ros/humble/include/rclcpp/rclcpp/callback_group.hpp:24[m[K,
[2.802s]                  from [01m[K/opt/ros/humble/include/rclcpp/rclcpp/any_executable.hpp:20[m[K,
[2.802s]                  from [01m[K/opt/ros/humble/include/rclcpp/rclcpp/memory_strategy.hpp:25[m[K,
[2.802s]                  from [01m[K/opt/ros/humble/include/rclcpp/rclcpp/memory_strategies.hpp:18[m[K,
[2.802s]                  from [01m[K/opt/ros/humble/include/rclcpp/rclcpp/executor_options.hpp:20[m[K,
[2.802s]                  from [01m[K/opt/ros/humble/include/rclcpp/rclcpp/executor.hpp:37[m[K,
[2.803s]                  from [01m[K/opt/ros/humble/include/rclcpp/rclcpp/executors/multi_threaded_executor.hpp:25[m[K,
[2.803s]                  from [01m[K/opt/ros/humble/include/rclcpp/rclcpp/executors.hpp:21[m[K,
[2.803s]                  from [01m[K/opt/ros/humble/include/rclcpp/rclcpp/rclcpp.hpp:155[m[K,
[2.803s]                  from [01m[K/home/tky/workspace/openarm_ws/src/dxl_wt_openarm_leader/src/read_write_wt_position_node.cpp:45[m[K:
[2.803s] [01m[K/home/tky/workspace/openarm_ws/src/dxl_wt_openarm_leader/src/read_write_wt_position_node.cpp:[m[K In member function ‘[01m[Kvoid ReadWriteWTNode::read_present_position()[m[K’:
[2.803s] [01m[K/home/tky/workspace/openarm_ws/src/dxl_wt_openarm_leader/src/read_write_wt_position_node.cpp:258:3:[m[K [01;31m[Kerror: [m[Kexpected ‘[01m[K)[m[K’ before ‘[01m[K}[m[K’ token
[2.803s]   258 |   [01;31m[K}[m[K
[2.803s]       |   [01;31m[K^[m[K
[2.803s] [01m[K/home/tky/workspace/openarm_ws/src/dxl_wt_openarm_leader/src/read_write_wt_position_node.cpp:249:3:[m[K [01;36m[Knote: [m[Kto match this ‘[01m[K([m[K’
[2.803s]   249 |   [01;36m[KRCLCPP_INFO_THROTTLE[m[K(
[2.803s]       |   [01;36m[K^~~~~~~~~~~~~~~~~~~~[m[K
[2.803s] [01m[K/home/tky/workspace/openarm_ws/src/dxl_wt_openarm_leader/src/read_write_wt_position_node.cpp:249:3:[m[K [01;31m[Kerror: [m[Kexpected primary-expression before ‘[01m[K)[m[K’ token
[2.803s]   249 |   [01;31m[KRCLCPP_INFO_THROTTLE[m[K(
[2.803s]       |   [01;31m[K^~~~~~~~~~~~~~~~~~~~[m[K
[2.803s] [01m[K/home/tky/workspace/openarm_ws/src/dxl_wt_openarm_leader/src/read_write_wt_position_node.cpp:249:3:[m[K [01;31m[Kerror: [m[Kexpected ‘[01m[Kwhile[m[K’ before ‘[01m[K}[m[K’ token
[2.803s]   249 |   [01;31m[KRCLCPP_INFO_THROTTLE[m[K(
[2.803s]       |   [01;31m[K^~~~~~~~~~~~~~~~~~~~[m[K
[2.803s] [01m[K/home/tky/workspace/openarm_ws/src/dxl_wt_openarm_leader/src/read_write_wt_position_node.cpp:249:3:[m[K [01;31m[Kerror: [m[Kexpected ‘[01m[K([m[K’ before ‘[01m[K}[m[K’ token
[2.803s] [01m[K/home/tky/workspace/openarm_ws/src/dxl_wt_openarm_leader/src/read_write_wt_position_node.cpp:249:3:[m[K [01;31m[Kerror: [m[Kexpected primary-expression before ‘[01m[K}[m[K’ token
[2.803s] [01m[K/home/tky/workspace/openarm_ws/src/dxl_wt_openarm_leader/src/read_write_wt_position_node.cpp:249:3:[m[K [01;31m[Kerror: [m[Kexpected ‘[01m[K)[m[K’ before ‘[01m[K}[m[K’ token
[2.804s]   249 |   [01;31m[KRCLCPP_INFO_THROTTLE[m[K(
[2.804s]       |   [01;31m[K^~~~~~~~~~~~~~~~~~~~[m[K
[2.804s] [01m[K/home/tky/workspace/openarm_ws/src/dxl_wt_openarm_leader/src/read_write_wt_position_node.cpp:249:3:[m[K [01;31m[Kerror: [m[Kexpected ‘[01m[K;[m[K’ before ‘[01m[K}[m[K’ token
[5.737s] gmake[2]: *** [CMakeFiles/read_write_wt_position_node.dir/build.make:76: CMakeFiles/read_write_wt_position_node.dir/src/read_write_wt_position_node.cpp.o] Error 1
[5.738s] gmake[1]: *** [CMakeFiles/Makefile2:139: CMakeFiles/read_write_wt_position_node.dir/all] Error 2
[5.738s] gmake: *** [Makefile:146: all] Error 2
[5.743s] Invoked command in '/home/tky/workspace/openarm_ws/build/dxl_wt_openarm_leader' returned '2': CMAKE_PREFIX_PATH=/home/tky/workspace/openarm_ws/install/dynamixel_sdk_custom_interfaces:/home/tky/workspace/openarm_ws/install/dynamixel_sdk:/home/tky/workspace/openarm_ws/install/openarm_bimanual_moveit_config:/home/tky/workspace/openarm_ws/install/openarm:/home/tky/workspace/openarm_ws/install/openarm_description:/home/tky/workspace/openarm_ws/install/openarm_bringup:/home/tky/workspace/openarm_ws/install/dynamixel_sdk_examples:/home/tky/workspace/openarm_ws/install/dxl_wt_openarm_leader:/home/tky/workspace/openarm_ws/install/dxl_openarm_leader:/opt/ros/humble /home/tky/.pyenv/shims/cmake --build /home/tky/workspace/openarm_ws/build/dxl_wt_openarm_leader -- -j12 -l12
