[0.014s] Invoking command in '/home/tky/workspace/openarm_ws/build/openarm_bimanual_moveit_config': AMENT_PREFIX_PATH=/home/tky/workspace/openarm_ws/install/openarm_description:${AMENT_PREFIX_PATH} CMAKE_PREFIX_PATH=/home/tky/workspace/openarm_ws/install/openarm_description:/home/tky/ros2_ws/install/dxl_openarm_leader:/home/tky/workspace/test_ws/install/test:/home/tky/ros2_ws/install/dynamixel_teleop_controller:/home/tky/ros2_ws/install/dynamixel_sdk_examples:/home/tky/ros2_ws/install/dynamixel_sdk_custom_interfaces:/home/tky/ros2_ws/install/dynamixel_sdk:/home/tky/ros2_ws/install/dynamixel_controller:/home/tky/turtlebot3_ws/install/turtlebot3:/home/tky/turtlebot3_ws/install/turtlebot3_simulations:/home/tky/turtlebot3_ws/install/turtlebot3_bringup:/home/tky/turtlebot3_ws/install/turtlebot3_node:/home/tky/turtlebot3_ws/install/turtlebot3_navigation2:/home/tky/turtlebot3_ws/install/turtlebot3_fake_node:/home/tky/turtlebot3_ws/install/turtlebot3_msgs:/home/tky/turtlebot3_ws/install/turtlebot3_manipulation_gazebo:/home/tky/turtlebot3_ws/install/turtlebot3_gazebo:/home/tky/turtlebot3_ws/install/turtlebot3_description:/home/tky/turtlebot3_ws/install/turtlebot3_cartographer:/home/tky/turtlebot3_ws/install/dynamixel_sdk_examples:/home/tky/turtlebot3_ws/install/dynamixel_sdk_custom_interfaces:/home/tky/turtlebot3_ws/install/dynamixel_sdk:/home/tky/turtlebot3_ws/install/turtlebot3_teleop:/home/tky/turtlebot3_ws/install/turtlebot3_example:/opt/ros/humble /home/tky/.pyenv/shims/cmake /home/tky/workspace/openarm_ws/src/openarm_ros2/openarm_bimanual_moveit_config -DAMENT_CMAKE_SYMLINK_INSTALL=1 -DCMAKE_INSTALL_PREFIX=/home/tky/workspace/openarm_ws/install/openarm_bimanual_moveit_config
[0.129s] -- The C compiler identification is GNU 11.4.0
[0.191s] -- The CXX compiler identification is GNU 11.4.0
[0.198s] -- Detecting C compiler ABI info
[0.262s] -- Detecting C compiler ABI info - done
[0.269s] -- Check for working C compiler: /usr/bin/cc - skipped
[0.269s] -- Detecting C compile features
[0.269s] -- Detecting C compile features - done
[0.272s] -- Detecting CXX compiler ABI info
[0.343s] -- Detecting CXX compiler ABI info - done
[0.350s] -- Check for working CXX compiler: /usr/bin/c++ - skipped
[0.350s] -- Detecting CXX compile features
[0.351s] -- Detecting CXX compile features - done
[0.355s] -- Found ament_cmake: 1.3.11 (/opt/ros/humble/share/ament_cmake/cmake)
[0.663s] -- Found Python3: /home/tky/.pyenv/shims/python3 (found version "3.10.12") found components: Interpreter 
[0.753s] -- Override CMake install command with custom implementation using symlinks instead of copying resources
[0.924s] -- Configuring done
[0.926s] -- Generating done
[0.927s] -- Build files have been written to: /home/tky/workspace/openarm_ws/build/openarm_bimanual_moveit_config
[0.931s] Invoked command in '/home/tky/workspace/openarm_ws/build/openarm_bimanual_moveit_config' returned '0': AMENT_PREFIX_PATH=/home/tky/workspace/openarm_ws/install/openarm_description:${AMENT_PREFIX_PATH} CMAKE_PREFIX_PATH=/home/tky/workspace/openarm_ws/install/openarm_description:/home/tky/ros2_ws/install/dxl_openarm_leader:/home/tky/workspace/test_ws/install/test:/home/tky/ros2_ws/install/dynamixel_teleop_controller:/home/tky/ros2_ws/install/dynamixel_sdk_examples:/home/tky/ros2_ws/install/dynamixel_sdk_custom_interfaces:/home/tky/ros2_ws/install/dynamixel_sdk:/home/tky/ros2_ws/install/dynamixel_controller:/home/tky/turtlebot3_ws/install/turtlebot3:/home/tky/turtlebot3_ws/install/turtlebot3_simulations:/home/tky/turtlebot3_ws/install/turtlebot3_bringup:/home/tky/turtlebot3_ws/install/turtlebot3_node:/home/tky/turtlebot3_ws/install/turtlebot3_navigation2:/home/tky/turtlebot3_ws/install/turtlebot3_fake_node:/home/tky/turtlebot3_ws/install/turtlebot3_msgs:/home/tky/turtlebot3_ws/install/turtlebot3_manipulation_gazebo:/home/tky/turtlebot3_ws/install/turtlebot3_gazebo:/home/tky/turtlebot3_ws/install/turtlebot3_description:/home/tky/turtlebot3_ws/install/turtlebot3_cartographer:/home/tky/turtlebot3_ws/install/dynamixel_sdk_examples:/home/tky/turtlebot3_ws/install/dynamixel_sdk_custom_interfaces:/home/tky/turtlebot3_ws/install/dynamixel_sdk:/home/tky/turtlebot3_ws/install/turtlebot3_teleop:/home/tky/turtlebot3_ws/install/turtlebot3_example:/opt/ros/humble /home/tky/.pyenv/shims/cmake /home/tky/workspace/openarm_ws/src/openarm_ros2/openarm_bimanual_moveit_config -DAMENT_CMAKE_SYMLINK_INSTALL=1 -DCMAKE_INSTALL_PREFIX=/home/tky/workspace/openarm_ws/install/openarm_bimanual_moveit_config
[0.932s] Invoking command in '/home/tky/workspace/openarm_ws/build/openarm_bimanual_moveit_config': AMENT_PREFIX_PATH=/home/tky/workspace/openarm_ws/install/openarm_description:${AMENT_PREFIX_PATH} CMAKE_PREFIX_PATH=/home/tky/workspace/openarm_ws/install/openarm_description:/home/tky/ros2_ws/install/dxl_openarm_leader:/home/tky/workspace/test_ws/install/test:/home/tky/ros2_ws/install/dynamixel_teleop_controller:/home/tky/ros2_ws/install/dynamixel_sdk_examples:/home/tky/ros2_ws/install/dynamixel_sdk_custom_interfaces:/home/tky/ros2_ws/install/dynamixel_sdk:/home/tky/ros2_ws/install/dynamixel_controller:/home/tky/turtlebot3_ws/install/turtlebot3:/home/tky/turtlebot3_ws/install/turtlebot3_simulations:/home/tky/turtlebot3_ws/install/turtlebot3_bringup:/home/tky/turtlebot3_ws/install/turtlebot3_node:/home/tky/turtlebot3_ws/install/turtlebot3_navigation2:/home/tky/turtlebot3_ws/install/turtlebot3_fake_node:/home/tky/turtlebot3_ws/install/turtlebot3_msgs:/home/tky/turtlebot3_ws/install/turtlebot3_manipulation_gazebo:/home/tky/turtlebot3_ws/install/turtlebot3_gazebo:/home/tky/turtlebot3_ws/install/turtlebot3_description:/home/tky/turtlebot3_ws/install/turtlebot3_cartographer:/home/tky/turtlebot3_ws/install/dynamixel_sdk_examples:/home/tky/turtlebot3_ws/install/dynamixel_sdk_custom_interfaces:/home/tky/turtlebot3_ws/install/dynamixel_sdk:/home/tky/turtlebot3_ws/install/turtlebot3_teleop:/home/tky/turtlebot3_ws/install/turtlebot3_example:/opt/ros/humble /home/tky/.pyenv/shims/cmake --build /home/tky/workspace/openarm_ws/build/openarm_bimanual_moveit_config -- -j12 -l12
[1.024s] Invoked command in '/home/tky/workspace/openarm_ws/build/openarm_bimanual_moveit_config' returned '0': AMENT_PREFIX_PATH=/home/tky/workspace/openarm_ws/install/openarm_description:${AMENT_PREFIX_PATH} CMAKE_PREFIX_PATH=/home/tky/workspace/openarm_ws/install/openarm_description:/home/tky/ros2_ws/install/dxl_openarm_leader:/home/tky/workspace/test_ws/install/test:/home/tky/ros2_ws/install/dynamixel_teleop_controller:/home/tky/ros2_ws/install/dynamixel_sdk_examples:/home/tky/ros2_ws/install/dynamixel_sdk_custom_interfaces:/home/tky/ros2_ws/install/dynamixel_sdk:/home/tky/ros2_ws/install/dynamixel_controller:/home/tky/turtlebot3_ws/install/turtlebot3:/home/tky/turtlebot3_ws/install/turtlebot3_simulations:/home/tky/turtlebot3_ws/install/turtlebot3_bringup:/home/tky/turtlebot3_ws/install/turtlebot3_node:/home/tky/turtlebot3_ws/install/turtlebot3_navigation2:/home/tky/turtlebot3_ws/install/turtlebot3_fake_node:/home/tky/turtlebot3_ws/install/turtlebot3_msgs:/home/tky/turtlebot3_ws/install/turtlebot3_manipulation_gazebo:/home/tky/turtlebot3_ws/install/turtlebot3_gazebo:/home/tky/turtlebot3_ws/install/turtlebot3_description:/home/tky/turtlebot3_ws/install/turtlebot3_cartographer:/home/tky/turtlebot3_ws/install/dynamixel_sdk_examples:/home/tky/turtlebot3_ws/install/dynamixel_sdk_custom_interfaces:/home/tky/turtlebot3_ws/install/dynamixel_sdk:/home/tky/turtlebot3_ws/install/turtlebot3_teleop:/home/tky/turtlebot3_ws/install/turtlebot3_example:/opt/ros/humble /home/tky/.pyenv/shims/cmake --build /home/tky/workspace/openarm_ws/build/openarm_bimanual_moveit_config -- -j12 -l12
[1.027s] Invoking command in '/home/tky/workspace/openarm_ws/build/openarm_bimanual_moveit_config': AMENT_PREFIX_PATH=/home/tky/workspace/openarm_ws/install/openarm_description:${AMENT_PREFIX_PATH} CMAKE_PREFIX_PATH=/home/tky/workspace/openarm_ws/install/openarm_description:/home/tky/ros2_ws/install/dxl_openarm_leader:/home/tky/workspace/test_ws/install/test:/home/tky/ros2_ws/install/dynamixel_teleop_controller:/home/tky/ros2_ws/install/dynamixel_sdk_examples:/home/tky/ros2_ws/install/dynamixel_sdk_custom_interfaces:/home/tky/ros2_ws/install/dynamixel_sdk:/home/tky/ros2_ws/install/dynamixel_controller:/home/tky/turtlebot3_ws/install/turtlebot3:/home/tky/turtlebot3_ws/install/turtlebot3_simulations:/home/tky/turtlebot3_ws/install/turtlebot3_bringup:/home/tky/turtlebot3_ws/install/turtlebot3_node:/home/tky/turtlebot3_ws/install/turtlebot3_navigation2:/home/tky/turtlebot3_ws/install/turtlebot3_fake_node:/home/tky/turtlebot3_ws/install/turtlebot3_msgs:/home/tky/turtlebot3_ws/install/turtlebot3_manipulation_gazebo:/home/tky/turtlebot3_ws/install/turtlebot3_gazebo:/home/tky/turtlebot3_ws/install/turtlebot3_description:/home/tky/turtlebot3_ws/install/turtlebot3_cartographer:/home/tky/turtlebot3_ws/install/dynamixel_sdk_examples:/home/tky/turtlebot3_ws/install/dynamixel_sdk_custom_interfaces:/home/tky/turtlebot3_ws/install/dynamixel_sdk:/home/tky/turtlebot3_ws/install/turtlebot3_teleop:/home/tky/turtlebot3_ws/install/turtlebot3_example:/opt/ros/humble /home/tky/.pyenv/shims/cmake --install /home/tky/workspace/openarm_ws/build/openarm_bimanual_moveit_config
[1.075s] -- Install configuration: ""
[1.076s] -- Execute custom install script
[1.076s] -- Symlinking: /home/tky/workspace/openarm_ws/install/openarm_bimanual_moveit_config/share/ament_index/resource_index/package_run_dependencies/openarm_bimanual_moveit_config
[1.087s] -- Symlinking: /home/tky/workspace/openarm_ws/install/openarm_bimanual_moveit_config/share/ament_index/resource_index/parent_prefix_path/openarm_bimanual_moveit_config
[1.096s] -- Symlinking: /home/tky/workspace/openarm_ws/install/openarm_bimanual_moveit_config/share/openarm_bimanual_moveit_config/environment/ament_prefix_path.sh
[1.105s] -- Symlinking: /home/tky/workspace/openarm_ws/install/openarm_bimanual_moveit_config/share/openarm_bimanual_moveit_config/environment/ament_prefix_path.dsv
[1.113s] -- Symlinking: /home/tky/workspace/openarm_ws/install/openarm_bimanual_moveit_config/share/openarm_bimanual_moveit_config/environment/path.sh
[1.124s] -- Symlinking: /home/tky/workspace/openarm_ws/install/openarm_bimanual_moveit_config/share/openarm_bimanual_moveit_config/environment/path.dsv
[1.134s] -- Symlinking: /home/tky/workspace/openarm_ws/install/openarm_bimanual_moveit_config/share/openarm_bimanual_moveit_config/local_setup.bash
[1.146s] -- Symlinking: /home/tky/workspace/openarm_ws/install/openarm_bimanual_moveit_config/share/openarm_bimanual_moveit_config/local_setup.sh
[1.159s] -- Symlinking: /home/tky/workspace/openarm_ws/install/openarm_bimanual_moveit_config/share/openarm_bimanual_moveit_config/local_setup.zsh
[1.171s] -- Symlinking: /home/tky/workspace/openarm_ws/install/openarm_bimanual_moveit_config/share/openarm_bimanual_moveit_config/local_setup.dsv
[1.183s] -- Symlinking: /home/tky/workspace/openarm_ws/install/openarm_bimanual_moveit_config/share/openarm_bimanual_moveit_config/package.dsv
[1.196s] -- Symlinking: /home/tky/workspace/openarm_ws/install/openarm_bimanual_moveit_config/share/ament_index/resource_index/packages/openarm_bimanual_moveit_config
[1.205s] -- Symlinking: /home/tky/workspace/openarm_ws/install/openarm_bimanual_moveit_config/share/openarm_bimanual_moveit_config/cmake/openarm_bimanual_moveit_configConfig.cmake
[1.214s] -- Symlinking: /home/tky/workspace/openarm_ws/install/openarm_bimanual_moveit_config/share/openarm_bimanual_moveit_config/cmake/openarm_bimanual_moveit_configConfig-version.cmake
[1.222s] -- Symlinking: /home/tky/workspace/openarm_ws/install/openarm_bimanual_moveit_config/share/openarm_bimanual_moveit_config/package.xml
[1.231s] -- Symlinking: /home/tky/workspace/openarm_ws/install/openarm_bimanual_moveit_config/share/openarm_bimanual_moveit_config/launch/demo.launch.py
[1.239s] -- Symlinking: /home/tky/workspace/openarm_ws/install/openarm_bimanual_moveit_config/share/openarm_bimanual_moveit_config/launch/move_group.launch.py
[1.247s] -- Symlinking: /home/tky/workspace/openarm_ws/install/openarm_bimanual_moveit_config/share/openarm_bimanual_moveit_config/launch/moveit_rviz.launch.py
[1.255s] -- Symlinking: /home/tky/workspace/openarm_ws/install/openarm_bimanual_moveit_config/share/openarm_bimanual_moveit_config/launch/setup_assistant.launch.py
[1.268s] -- Symlinking: /home/tky/workspace/openarm_ws/install/openarm_bimanual_moveit_config/share/openarm_bimanual_moveit_config/launch/spawn_controllers.launch.py
[1.276s] -- Symlinking: /home/tky/workspace/openarm_ws/install/openarm_bimanual_moveit_config/share/openarm_bimanual_moveit_config/launch/static_virtual_joint_tfs.launch.py
[1.288s] -- Symlinking: /home/tky/workspace/openarm_ws/install/openarm_bimanual_moveit_config/share/openarm_bimanual_moveit_config/config/initial_positions.yaml
[1.303s] -- Symlinking: /home/tky/workspace/openarm_ws/install/openarm_bimanual_moveit_config/share/openarm_bimanual_moveit_config/config/joint_limits.yaml
[1.315s] -- Symlinking: /home/tky/workspace/openarm_ws/install/openarm_bimanual_moveit_config/share/openarm_bimanual_moveit_config/config/kinematics.yaml
[1.328s] -- Symlinking: /home/tky/workspace/openarm_ws/install/openarm_bimanual_moveit_config/share/openarm_bimanual_moveit_config/config/moveit.rviz
[1.340s] -- Symlinking: /home/tky/workspace/openarm_ws/install/openarm_bimanual_moveit_config/share/openarm_bimanual_moveit_config/config/moveit_controllers.yaml
[1.361s] -- Symlinking: /home/tky/workspace/openarm_ws/install/openarm_bimanual_moveit_config/share/openarm_bimanual_moveit_config/config/openarm_bimanual.srdf
[1.383s] -- Symlinking: /home/tky/workspace/openarm_ws/install/openarm_bimanual_moveit_config/share/openarm_bimanual_moveit_config/config/openarm_bimanual.urdf.xacro
[1.393s] -- Symlinking: /home/tky/workspace/openarm_ws/install/openarm_bimanual_moveit_config/share/openarm_bimanual_moveit_config/config/pilz_cartesian_limits.yaml
[1.405s] -- Symlinking: /home/tky/workspace/openarm_ws/install/openarm_bimanual_moveit_config/share/openarm_bimanual_moveit_config/config/ros2_controllers.yaml
[1.416s] -- Symlinking: /home/tky/workspace/openarm_ws/install/openarm_bimanual_moveit_config/share/openarm_bimanual_moveit_config/config/sensors_3d.yaml
[1.425s] -- Symlinking: /home/tky/workspace/openarm_ws/install/openarm_bimanual_moveit_config/share/openarm_bimanual_moveit_config/.setup_assistant
[1.441s] Invoked command in '/home/tky/workspace/openarm_ws/build/openarm_bimanual_moveit_config' returned '0': AMENT_PREFIX_PATH=/home/tky/workspace/openarm_ws/install/openarm_description:${AMENT_PREFIX_PATH} CMAKE_PREFIX_PATH=/home/tky/workspace/openarm_ws/install/openarm_description:/home/tky/ros2_ws/install/dxl_openarm_leader:/home/tky/workspace/test_ws/install/test:/home/tky/ros2_ws/install/dynamixel_teleop_controller:/home/tky/ros2_ws/install/dynamixel_sdk_examples:/home/tky/ros2_ws/install/dynamixel_sdk_custom_interfaces:/home/tky/ros2_ws/install/dynamixel_sdk:/home/tky/ros2_ws/install/dynamixel_controller:/home/tky/turtlebot3_ws/install/turtlebot3:/home/tky/turtlebot3_ws/install/turtlebot3_simulations:/home/tky/turtlebot3_ws/install/turtlebot3_bringup:/home/tky/turtlebot3_ws/install/turtlebot3_node:/home/tky/turtlebot3_ws/install/turtlebot3_navigation2:/home/tky/turtlebot3_ws/install/turtlebot3_fake_node:/home/tky/turtlebot3_ws/install/turtlebot3_msgs:/home/tky/turtlebot3_ws/install/turtlebot3_manipulation_gazebo:/home/tky/turtlebot3_ws/install/turtlebot3_gazebo:/home/tky/turtlebot3_ws/install/turtlebot3_description:/home/tky/turtlebot3_ws/install/turtlebot3_cartographer:/home/tky/turtlebot3_ws/install/dynamixel_sdk_examples:/home/tky/turtlebot3_ws/install/dynamixel_sdk_custom_interfaces:/home/tky/turtlebot3_ws/install/dynamixel_sdk:/home/tky/turtlebot3_ws/install/turtlebot3_teleop:/home/tky/turtlebot3_ws/install/turtlebot3_example:/opt/ros/humble /home/tky/.pyenv/shims/cmake --install /home/tky/workspace/openarm_ws/build/openarm_bimanual_moveit_config
