[0.027s] Invoking command in '/home/tky/workspace/openarm_ws/build/dxl_wt_openarm_leader': AMENT_PREFIX_PATH=/home/tky/workspace/openarm_ws/install/dynamixel_sdk_custom_interfaces:/home/tky/workspace/openarm_ws/install/dynamixel_sdk:${AMENT_PREFIX_PATH} CMAKE_PREFIX_PATH=/home/tky/workspace/openarm_ws/install/dynamixel_sdk_custom_interfaces:/home/tky/workspace/openarm_ws/install/dynamixel_sdk:/opt/ros/humble LD_LIBRARY_PATH=/home/tky/workspace/openarm_ws/install/dynamixel_sdk_custom_interfaces/lib:/home/tky/workspace/openarm_ws/install/dynamixel_sdk/lib:${LD_LIBRARY_PATH} PYTHONPATH=/home/tky/workspace/openarm_ws/install/dynamixel_sdk_custom_interfaces/local/lib/python3.10/dist-packages:/home/tky/workspace/openarm_ws/install/dynamixel_sdk/local/lib/python3.10/dist-packages:${PYTHONPATH} /home/tky/.pyenv/shims/cmake --build /home/tky/workspace/openarm_ws/build/dxl_wt_openarm_leader -- -j12 -l12
[0.120s] Consolidate compiler generated dependencies of target read_write_wt_position_node
[0.134s] [ 25%] Building CXX object CMakeFiles/read_write_wt_position_node.dir/src/read_write_wt_position_node.cpp.o
[0.136s] [ 75%] Built target pub_current_node
[2.458s] /home/tky/workspace/openarm_ws/src/dxl_wt_openarm_leader/src/read_write_wt_position_node.cpp: In member function ‘void ReadWriteWTNode::read_present_position()’:
[2.458s] /home/tky/workspace/openarm_ws/src/dxl_wt_openarm_leader/src/read_write_wt_position_node.cpp:202:14: warning: variable ‘cycle_start’ set but not used [-Wunused-but-set-variable]
[2.458s]   202 |   const auto cycle_start = std::chrono::steady_clock::now();
[2.458s]       |              ^~~~~~~~~~~
[2.459s] /home/tky/workspace/openarm_ws/src/dxl_wt_openarm_leader/src/read_write_wt_position_node.cpp: At global scope:
[2.459s] /home/tky/workspace/openarm_ws/src/dxl_wt_openarm_leader/src/read_write_wt_position_node.cpp:266:5: error: ‘left_msg’ does not name a type
[2.460s]   266 |     left_msg.data.assign(
[2.460s]       |     ^~~~~~~~
[2.460s] /home/tky/workspace/openarm_ws/src/dxl_wt_openarm_leader/src/read_write_wt_position_node.cpp:272:5: error: ‘right_msg’ does not name a type
[2.461s]   272 |     right_msg.data.assign(
[2.461s]       |     ^~~~~~~~~
[2.465s] /home/tky/workspace/openarm_ws/src/dxl_wt_openarm_leader/src/read_write_wt_position_node.cpp:277:3: error: ‘left_openarm_command_publisher_’ does not name a type
[2.465s]   277 |   left_openarm_command_publisher_->publish(left_msg);
[2.465s]       |   ^~~~~~~~~~~~~~~~~~~~~~~~~~~~~~~
[2.469s] /home/tky/workspace/openarm_ws/src/dxl_wt_openarm_leader/src/read_write_wt_position_node.cpp:278:3: error: ‘right_openarm_command_publisher_’ does not name a type
[2.469s]   278 |   right_openarm_command_publisher_->publish(right_msg);
[2.469s]       |   ^~~~~~~~~~~~~~~~~~~~~~~~~~~~~~~~
[2.470s] /home/tky/workspace/openarm_ws/src/dxl_wt_openarm_leader/src/read_write_wt_position_node.cpp:280:24: error: expected constructor, destructor, or type conversion before ‘;’ token
[2.470s]   280 |   motion_compensation();
[2.470s]       |                        ^
[2.474s] /home/tky/workspace/openarm_ws/src/dxl_wt_openarm_leader/src/read_write_wt_position_node.cpp:284:69: error: ‘cycle_start’ was not declared in this scope
[2.474s]   284 |   std::chrono::duration_cast<std::chrono::microseconds>(cycle_end - cycle_start).count();
[2.474s]       |                                                                     ^~~~~~~~~~~
[2.474s] In file included from /opt/ros/humble/include/rclcpp/rclcpp/client.hpp:40,
[2.474s]                  from /opt/ros/humble/include/rclcpp/rclcpp/callback_group.hpp:24,
[2.474s]                  from /opt/ros/humble/include/rclcpp/rclcpp/any_executable.hpp:20,
[2.474s]                  from /opt/ros/humble/include/rclcpp/rclcpp/memory_strategy.hpp:25,
[2.474s]                  from /opt/ros/humble/include/rclcpp/rclcpp/memory_strategies.hpp:18,
[2.474s]                  from /opt/ros/humble/include/rclcpp/rclcpp/executor_options.hpp:20,
[2.475s]                  from /opt/ros/humble/include/rclcpp/rclcpp/executor.hpp:37,
[2.475s]                  from /opt/ros/humble/include/rclcpp/rclcpp/executors/multi_threaded_executor.hpp:25,
[2.475s]                  from /opt/ros/humble/include/rclcpp/rclcpp/executors.hpp:21,
[2.475s]                  from /opt/ros/humble/include/rclcpp/rclcpp/rclcpp.hpp:155,
[2.475s]                  from /home/tky/workspace/openarm_ws/src/dxl_wt_openarm_leader/src/read_write_wt_position_node.cpp:45:
[2.475s] /home/tky/workspace/openarm_ws/src/dxl_wt_openarm_leader/src/read_write_wt_position_node.cpp:286:3: error: expected unqualified-id before ‘do’
[2.475s]   286 |   RCLCPP_INFO_THROTTLE(
[2.475s]       |   ^~~~~~~~~~~~~~~~~~~~
[2.475s] /home/tky/workspace/openarm_ws/src/dxl_wt_openarm_leader/src/read_write_wt_position_node.cpp:286:3: error: expected unqualified-id before ‘while’
[2.475s]   286 |   RCLCPP_INFO_THROTTLE(
[2.476s]       |   ^~~~~~~~~~~~~~~~~~~~
[2.476s] /home/tky/workspace/openarm_ws/src/dxl_wt_openarm_leader/src/read_write_wt_position_node.cpp:297:1: error: expected declaration before ‘}’ token
[2.476s]   297 | }
[2.476s]       | ^
[5.080s] /home/tky/workspace/openarm_ws/src/dxl_wt_openarm_leader/src/read_write_wt_position_node.cpp:283:14: warning: ‘cycle_us’ defined but not used [-Wunused-variable]
[5.080s]   283 |   const auto cycle_us =
[5.080s]       |              ^~~~~~~~
[5.117s] gmake[2]: *** [CMakeFiles/read_write_wt_position_node.dir/build.make:76: CMakeFiles/read_write_wt_position_node.dir/src/read_write_wt_position_node.cpp.o] Error 1
[5.117s] gmake[1]: *** [CMakeFiles/Makefile2:139: CMakeFiles/read_write_wt_position_node.dir/all] Error 2
[5.117s] gmake: *** [Makefile:146: all] Error 2
[5.119s] Invoked command in '/home/tky/workspace/openarm_ws/build/dxl_wt_openarm_leader' returned '2': AMENT_PREFIX_PATH=/home/tky/workspace/openarm_ws/install/dynamixel_sdk_custom_interfaces:/home/tky/workspace/openarm_ws/install/dynamixel_sdk:${AMENT_PREFIX_PATH} CMAKE_PREFIX_PATH=/home/tky/workspace/openarm_ws/install/dynamixel_sdk_custom_interfaces:/home/tky/workspace/openarm_ws/install/dynamixel_sdk:/opt/ros/humble LD_LIBRARY_PATH=/home/tky/workspace/openarm_ws/install/dynamixel_sdk_custom_interfaces/lib:/home/tky/workspace/openarm_ws/install/dynamixel_sdk/lib:${LD_LIBRARY_PATH} PYTHONPATH=/home/tky/workspace/openarm_ws/install/dynamixel_sdk_custom_interfaces/local/lib/python3.10/dist-packages:/home/tky/workspace/openarm_ws/install/dynamixel_sdk/local/lib/python3.10/dist-packages:${PYTHONPATH} /home/tky/.pyenv/shims/cmake --build /home/tky/workspace/openarm_ws/build/dxl_wt_openarm_leader -- -j12 -l12
