[0.021s] Invoking command in '/home/tky/workspace/openarm_ws/build/openarm_bringup': CMAKE_PREFIX_PATH=${CMAKE_PREFIX_PATH}:/home/tky/turtlebot3_ws/install/turtlebot3_teleop:/home/tky/turtlebot3_ws/install/turtlebot3_example:/opt/ros/humble /home/tky/.pyenv/shims/cmake /home/tky/workspace/openarm_ws/src/openarm_ros2/openarm_bringup -DAMENT_CMAKE_SYMLINK_INSTALL=1 -DCMAKE_INSTALL_PREFIX=/home/tky/workspace/openarm_ws/install/openarm_bringup
[0.126s] -- The C compiler identification is GNU 11.4.0
[0.178s] -- The CXX compiler identification is GNU 11.4.0
[0.184s] -- Detecting C compiler ABI info
[0.254s] -- Detecting C compiler ABI info - done
[0.261s] -- Check for working C compiler: /usr/bin/cc - skipped
[0.261s] -- Detecting C compile features
[0.261s] -- Detecting C compile features - done
[0.264s] -- Detecting CXX compiler ABI info
[0.339s] -- Detecting CXX compiler ABI info - done
[0.345s] -- Check for working CXX compiler: /usr/bin/c++ - skipped
[0.345s] -- Detecting CXX compile features
[0.346s] -- Detecting CXX compile features - done
[0.350s] -- Found ament_cmake: 1.3.11 (/opt/ros/humble/share/ament_cmake/cmake)
[0.653s] -- Found Python3: /home/tky/.pyenv/shims/python3 (found version "3.10.12") found components: Interpreter 
[0.747s] -- Override CMake install command with custom implementation using symlinks instead of copying resources
[0.806s] -- Found ament_lint_auto: 0.12.12 (/opt/ros/humble/share/ament_lint_auto/cmake)
[0.925s] -- Added test 'flake8' to check Python code syntax and style conventions
[0.925s] -- Added test 'lint_cmake' to check CMake code style
[0.926s] -- Added test 'pep257' to check Python code against some of the docstring style conventions in PEP 257
[0.927s] -- Added test 'xmllint' to check XML markup files
[0.929s] -- Configuring done
[0.931s] -- Generating done
[0.933s] -- Build files have been written to: /home/tky/workspace/openarm_ws/build/openarm_bringup
[0.937s] Invoked command in '/home/tky/workspace/openarm_ws/build/openarm_bringup' returned '0': CMAKE_PREFIX_PATH=${CMAKE_PREFIX_PATH}:/home/tky/turtlebot3_ws/install/turtlebot3_teleop:/home/tky/turtlebot3_ws/install/turtlebot3_example:/opt/ros/humble /home/tky/.pyenv/shims/cmake /home/tky/workspace/openarm_ws/src/openarm_ros2/openarm_bringup -DAMENT_CMAKE_SYMLINK_INSTALL=1 -DCMAKE_INSTALL_PREFIX=/home/tky/workspace/openarm_ws/install/openarm_bringup
[0.938s] Invoking command in '/home/tky/workspace/openarm_ws/build/openarm_bringup': CMAKE_PREFIX_PATH=${CMAKE_PREFIX_PATH}:/home/tky/turtlebot3_ws/install/turtlebot3_teleop:/home/tky/turtlebot3_ws/install/turtlebot3_example:/opt/ros/humble /home/tky/.pyenv/shims/cmake --build /home/tky/workspace/openarm_ws/build/openarm_bringup -- -j12 -l12
[1.041s] Invoked command in '/home/tky/workspace/openarm_ws/build/openarm_bringup' returned '0': CMAKE_PREFIX_PATH=${CMAKE_PREFIX_PATH}:/home/tky/turtlebot3_ws/install/turtlebot3_teleop:/home/tky/turtlebot3_ws/install/turtlebot3_example:/opt/ros/humble /home/tky/.pyenv/shims/cmake --build /home/tky/workspace/openarm_ws/build/openarm_bringup -- -j12 -l12
[1.120s] Invoking command in '/home/tky/workspace/openarm_ws/build/openarm_bringup': CMAKE_PREFIX_PATH=${CMAKE_PREFIX_PATH}:/home/tky/turtlebot3_ws/install/turtlebot3_teleop:/home/tky/turtlebot3_ws/install/turtlebot3_example:/opt/ros/humble /home/tky/.pyenv/shims/cmake --install /home/tky/workspace/openarm_ws/build/openarm_bringup
[1.181s] -- Install configuration: ""
[1.181s] -- Execute custom install script
[1.182s] -- Symlinking: /home/tky/workspace/openarm_ws/install/openarm_bringup/share/openarm_bringup/launch/openarm.bimanual.launch.py
[1.194s] -- Symlinking: /home/tky/workspace/openarm_ws/install/openarm_bringup/share/openarm_bringup/launch/openarm.launch.py
[1.203s] -- Symlinking: /home/tky/workspace/openarm_ws/install/openarm_bringup/share/openarm_bringup/config/v10_controllers/openarm_v10_bimanual_controllers.yaml
[1.216s] -- Symlinking: /home/tky/workspace/openarm_ws/install/openarm_bringup/share/openarm_bringup/config/v10_controllers/openarm_v10_bimanual_controllers_namespaced.yaml
[1.227s] -- Symlinking: /home/tky/workspace/openarm_ws/install/openarm_bringup/share/openarm_bringup/config/v10_controllers/openarm_v10_controllers.yaml
[1.239s] -- Symlinking: /home/tky/workspace/openarm_ws/install/openarm_bringup/share/ament_index/resource_index/package_run_dependencies/openarm_bringup
[1.250s] -- Symlinking: /home/tky/workspace/openarm_ws/install/openarm_bringup/share/ament_index/resource_index/parent_prefix_path/openarm_bringup
[1.260s] -- Symlinking: /home/tky/workspace/openarm_ws/install/openarm_bringup/share/openarm_bringup/environment/ament_prefix_path.sh
[1.272s] -- Symlinking: /home/tky/workspace/openarm_ws/install/openarm_bringup/share/openarm_bringup/environment/ament_prefix_path.dsv
[1.282s] -- Symlinking: /home/tky/workspace/openarm_ws/install/openarm_bringup/share/openarm_bringup/environment/path.sh
[1.294s] -- Symlinking: /home/tky/workspace/openarm_ws/install/openarm_bringup/share/openarm_bringup/environment/path.dsv
[1.307s] -- Symlinking: /home/tky/workspace/openarm_ws/install/openarm_bringup/share/openarm_bringup/local_setup.bash
[1.322s] -- Symlinking: /home/tky/workspace/openarm_ws/install/openarm_bringup/share/openarm_bringup/local_setup.sh
[1.331s] -- Symlinking: /home/tky/workspace/openarm_ws/install/openarm_bringup/share/openarm_bringup/local_setup.zsh
[1.340s] -- Symlinking: /home/tky/workspace/openarm_ws/install/openarm_bringup/share/openarm_bringup/local_setup.dsv
[1.348s] -- Symlinking: /home/tky/workspace/openarm_ws/install/openarm_bringup/share/openarm_bringup/package.dsv
[1.357s] -- Symlinking: /home/tky/workspace/openarm_ws/install/openarm_bringup/share/ament_index/resource_index/packages/openarm_bringup
[1.365s] -- Symlinking: /home/tky/workspace/openarm_ws/install/openarm_bringup/share/openarm_bringup/cmake/openarm_bringupConfig.cmake
[1.374s] -- Symlinking: /home/tky/workspace/openarm_ws/install/openarm_bringup/share/openarm_bringup/cmake/openarm_bringupConfig-version.cmake
[1.383s] -- Symlinking: /home/tky/workspace/openarm_ws/install/openarm_bringup/share/openarm_bringup/package.xml
[1.405s] Invoked command in '/home/tky/workspace/openarm_ws/build/openarm_bringup' returned '0': CMAKE_PREFIX_PATH=${CMAKE_PREFIX_PATH}:/home/tky/turtlebot3_ws/install/turtlebot3_teleop:/home/tky/turtlebot3_ws/install/turtlebot3_example:/opt/ros/humble /home/tky/.pyenv/shims/cmake --install /home/tky/workspace/openarm_ws/build/openarm_bringup
