[0.019s] Invoking command in '/home/tky/workspace/openarm_ws/build/dxl_wt_openarm_leader': AMENT_PREFIX_PATH=/home/tky/workspace/openarm_ws/install/dynamixel_sdk_custom_interfaces:/home/tky/workspace/openarm_ws/install/dynamixel_sdk:${AMENT_PREFIX_PATH} CMAKE_PREFIX_PATH=/home/tky/workspace/openarm_ws/install/dynamixel_sdk_custom_interfaces:/home/tky/workspace/openarm_ws/install/dynamixel_sdk:/opt/ros/humble LD_LIBRARY_PATH=/home/tky/workspace/openarm_ws/install/dynamixel_sdk_custom_interfaces/lib:/home/tky/workspace/openarm_ws/install/dynamixel_sdk/lib:${LD_LIBRARY_PATH} PYTHONPATH=/home/tky/workspace/openarm_ws/install/dynamixel_sdk_custom_interfaces/local/lib/python3.10/dist-packages:${PYTHONPATH} /home/tky/.pyenv/shims/cmake --build /home/tky/workspace/openarm_ws/build/dxl_wt_openarm_leader -- -j12 -l12
[0.176s] [ 33%] Built target pub_position_node
[0.179s] [ 66%] Built target pub_current_node
[0.202s] Consolidate compiler generated dependencies of target read_write_wt_position_node
[0.224s] [ 83%] Building CXX object CMakeFiles/read_write_wt_position_node.dir/src/read_write_wt_position_node.cpp.o
[2.605s] /home/tky/workspace/openarm_ws/src/dxl_wt_openarm_leader/src/read_write_wt_position_node.cpp: In member function ‘void ReadWriteWTNode::motion_compensation()’:
[2.605s] /home/tky/workspace/openarm_ws/src/dxl_wt_openarm_leader/src/read_write_wt_position_node.cpp:165:68: error: expected primary-expression before ‘)’ token
[2.605s]   165 |     double tau_imp = (Kp_[dxl_id-1] * (target_imp_pos_[dxl_id-1] - )
[2.605s]       |                                                                    ^
[2.606s] /home/tky/workspace/openarm_ws/src/dxl_wt_openarm_leader/src/read_write_wt_position_node.cpp:162:12: warning: unused variable ‘tau_cmd’ [-Wunused-variable]
[2.606s]   162 |     double tau_cmd = J_[dxl_id-1] * present_acc_rad_ss_[dxl_id-1] + tau_f;
[2.606s]       |            ^~~~~~~
[2.606s] /home/tky/workspace/openarm_ws/src/dxl_wt_openarm_leader/src/read_write_wt_position_node.cpp:165:12: warning: unused variable ‘tau_imp’ [-Wunused-variable]
[2.606s]   165 |     double tau_imp = (Kp_[dxl_id-1] * (target_imp_pos_[dxl_id-1] - )
[2.606s]       |            ^~~~~~~
[2.608s] In file included from /opt/ros/humble/include/rclcpp/rclcpp/logging.hpp:24,
[2.608s]                  from /opt/ros/humble/include/rclcpp/rclcpp/client.hpp:40,
[2.608s]                  from /opt/ros/humble/include/rclcpp/rclcpp/callback_group.hpp:24,
[2.608s]                  from /opt/ros/humble/include/rclcpp/rclcpp/any_executable.hpp:20,
[2.608s]                  from /opt/ros/humble/include/rclcpp/rclcpp/memory_strategy.hpp:25,
[2.608s]                  from /opt/ros/humble/include/rclcpp/rclcpp/memory_strategies.hpp:18,
[2.608s]                  from /opt/ros/humble/include/rclcpp/rclcpp/executor_options.hpp:20,
[2.608s]                  from /opt/ros/humble/include/rclcpp/rclcpp/executor.hpp:37,
[2.608s]                  from /opt/ros/humble/include/rclcpp/rclcpp/executors/multi_threaded_executor.hpp:25,
[2.608s]                  from /opt/ros/humble/include/rclcpp/rclcpp/executors.hpp:21,
[2.608s]                  from /opt/ros/humble/include/rclcpp/rclcpp/rclcpp.hpp:155,
[2.608s]                  from /home/tky/workspace/openarm_ws/src/dxl_wt_openarm_leader/src/read_write_wt_position_node.cpp:45:
[2.608s] /home/tky/workspace/openarm_ws/src/dxl_wt_openarm_leader/src/read_write_wt_position_node.cpp: In member function ‘void ReadWriteWTNode::read_present_position()’:
[2.608s] /home/tky/workspace/openarm_ws/src/dxl_wt_openarm_leader/src/read_write_wt_position_node.cpp:233:13: warning: format ‘%d’ expects argument of type ‘int’, but argument 6 has type ‘std::array<double, 18>::value_type’ {aka ‘double’} [-Wformat=]
[2.609s]   233 |             "DXL ID: %d Present: %d -> Gripper: %.3f",
[2.609s]       |             ^~~~~~~~~~~~~~~~~~~~~~~~~~~~~~~~~~~~~~~~~
[2.609s] /home/tky/workspace/openarm_ws/src/dxl_wt_openarm_leader/src/read_write_wt_position_node.cpp:233:35: note: format string is defined here
[2.609s]   233 |             "DXL ID: %d Present: %d -> Gripper: %.3f",
[2.609s]       |                                  ~^
[2.609s]       |                                   |
[2.609s]       |                                   int
[2.609s]       |                                  %f
[2.609s] In file included from /opt/ros/humble/include/rclcpp/rclcpp/logging.hpp:24,
[2.609s]                  from /opt/ros/humble/include/rclcpp/rclcpp/client.hpp:40,
[2.610s]                  from /opt/ros/humble/include/rclcpp/rclcpp/callback_group.hpp:24,
[2.610s]                  from /opt/ros/humble/include/rclcpp/rclcpp/any_executable.hpp:20,
[2.610s]                  from /opt/ros/humble/include/rclcpp/rclcpp/memory_strategy.hpp:25,
[2.610s]                  from /opt/ros/humble/include/rclcpp/rclcpp/memory_strategies.hpp:18,
[2.610s]                  from /opt/ros/humble/include/rclcpp/rclcpp/executor_options.hpp:20,
[2.610s]                  from /opt/ros/humble/include/rclcpp/rclcpp/executor.hpp:37,
[2.610s]                  from /opt/ros/humble/include/rclcpp/rclcpp/executors/multi_threaded_executor.hpp:25,
[2.610s]                  from /opt/ros/humble/include/rclcpp/rclcpp/executors.hpp:21,
[2.610s]                  from /opt/ros/humble/include/rclcpp/rclcpp/rclcpp.hpp:155,
[2.610s]                  from /home/tky/workspace/openarm_ws/src/dxl_wt_openarm_leader/src/read_write_wt_position_node.cpp:45:
[2.610s] /home/tky/workspace/openarm_ws/src/dxl_wt_openarm_leader/src/read_write_wt_position_node.cpp:248:13: warning: format ‘%d’ expects argument of type ‘int’, but argument 6 has type ‘std::array<double, 18>::value_type’ {aka ‘double’} [-Wformat=]
[2.610s]   248 |             "DXL ID: %d Present: %d -> Gripper: %.3f",
[2.610s]       |             ^~~~~~~~~~~~~~~~~~~~~~~~~~~~~~~~~~~~~~~~~
[2.610s] /home/tky/workspace/openarm_ws/src/dxl_wt_openarm_leader/src/read_write_wt_position_node.cpp:248:35: note: format string is defined here
[2.610s]   248 |             "DXL ID: %d Present: %d -> Gripper: %.3f",
[2.610s]       |                                  ~^
[2.611s]       |                                   |
[2.611s]       |                                   int
[2.611s]       |                                  %f
[2.611s] In file included from /opt/ros/humble/include/rclcpp/rclcpp/logging.hpp:24,
[2.611s]                  from /opt/ros/humble/include/rclcpp/rclcpp/client.hpp:40,
[2.611s]                  from /opt/ros/humble/include/rclcpp/rclcpp/callback_group.hpp:24,
[2.611s]                  from /opt/ros/humble/include/rclcpp/rclcpp/any_executable.hpp:20,
[2.611s]                  from /opt/ros/humble/include/rclcpp/rclcpp/memory_strategy.hpp:25,
[2.611s]                  from /opt/ros/humble/include/rclcpp/rclcpp/memory_strategies.hpp:18,
[2.611s]                  from /opt/ros/humble/include/rclcpp/rclcpp/executor_options.hpp:20,
[2.611s]                  from /opt/ros/humble/include/rclcpp/rclcpp/executor.hpp:37,
[2.611s]                  from /opt/ros/humble/include/rclcpp/rclcpp/executors/multi_threaded_executor.hpp:25,
[2.611s]                  from /opt/ros/humble/include/rclcpp/rclcpp/executors.hpp:21,
[2.611s]                  from /opt/ros/humble/include/rclcpp/rclcpp/rclcpp.hpp:155,
[2.612s]                  from /home/tky/workspace/openarm_ws/src/dxl_wt_openarm_leader/src/read_write_wt_position_node.cpp:45:
[2.612s] /home/tky/workspace/openarm_ws/src/dxl_wt_openarm_leader/src/read_write_wt_position_node.cpp:263:11: warning: format ‘%d’ expects argument of type ‘int’, but argument 6 has type ‘std::array<double, 18>::value_type’ {aka ‘double’} [-Wformat=]
[2.612s]   263 |           "DXL ID: %d Present: %d -> joint%zu: %.3f rad",
[2.612s]       |           ^~~~~~~~~~~~~~~~~~~~~~~~~~~~~~~~~~~~~~~~~~~~~~
[2.612s] /home/tky/workspace/openarm_ws/src/dxl_wt_openarm_leader/src/read_write_wt_position_node.cpp:263:33: note: format string is defined here
[2.612s]   263 |           "DXL ID: %d Present: %d -> joint%zu: %.3f rad",
[2.612s]       |                                ~^
[2.612s]       |                                 |
[2.612s]       |                                 int
[2.613s]       |                                %f
[5.405s] gmake[2]: *** [CMakeFiles/read_write_wt_position_node.dir/build.make:76: CMakeFiles/read_write_wt_position_node.dir/src/read_write_wt_position_node.cpp.o] Error 1
[5.405s] gmake[1]: *** [CMakeFiles/Makefile2:141: CMakeFiles/read_write_wt_position_node.dir/all] Error 2
[5.405s] gmake: *** [Makefile:146: all] Error 2
[5.408s] Invoked command in '/home/tky/workspace/openarm_ws/build/dxl_wt_openarm_leader' returned '2': AMENT_PREFIX_PATH=/home/tky/workspace/openarm_ws/install/dynamixel_sdk_custom_interfaces:/home/tky/workspace/openarm_ws/install/dynamixel_sdk:${AMENT_PREFIX_PATH} CMAKE_PREFIX_PATH=/home/tky/workspace/openarm_ws/install/dynamixel_sdk_custom_interfaces:/home/tky/workspace/openarm_ws/install/dynamixel_sdk:/opt/ros/humble LD_LIBRARY_PATH=/home/tky/workspace/openarm_ws/install/dynamixel_sdk_custom_interfaces/lib:/home/tky/workspace/openarm_ws/install/dynamixel_sdk/lib:${LD_LIBRARY_PATH} PYTHONPATH=/home/tky/workspace/openarm_ws/install/dynamixel_sdk_custom_interfaces/local/lib/python3.10/dist-packages:${PYTHONPATH} /home/tky/.pyenv/shims/cmake --build /home/tky/workspace/openarm_ws/build/dxl_wt_openarm_leader -- -j12 -l12
