[0.015s] Invoking command in '/home/tky/workspace/openarm_ws/build/dxl_wt_openarm_leader': CMAKE_PREFIX_PATH=/home/tky/workspace/openarm_ws/install/dynamixel_sdk_custom_interfaces:/home/tky/workspace/openarm_ws/install/dynamixel_sdk:/home/tky/workspace/openarm_ws/install/openarm_bimanual_moveit_config:/home/tky/workspace/openarm_ws/install/openarm:/home/tky/workspace/openarm_ws/install/openarm_description:/home/tky/workspace/openarm_ws/install/openarm_bringup:/home/tky/workspace/openarm_ws/install/dynamixel_sdk_examples:/home/tky/workspace/openarm_ws/install/dxl_wt_openarm_leader:/home/tky/workspace/openarm_ws/install/dxl_openarm_leader:/opt/ros/humble /home/tky/.pyenv/shims/cmake --build /home/tky/workspace/openarm_ws/build/dxl_wt_openarm_leader -- -j12 -l12
[0.116s] [35m[1mConsolidate compiler generated dependencies of target read_write_wt_position_node[0m
[0.156s] [ 33%] Built target pub_position_node
[0.163s] [ 50%] [32mBuilding CXX object CMakeFiles/read_write_wt_position_node.dir/src/read_write_wt_position_node.cpp.o[0m
[0.168s] [ 83%] Built target pub_current_node
[2.743s] [01m[K/home/tky/workspace/openarm_ws/src/dxl_wt_openarm_leader/src/read_write_wt_position_node.cpp:[m[K In member function ‘[01m[Kvoid ReadWriteWTNode::motion_compensation()[m[K’:
[2.743s] [01m[K/home/tky/workspace/openarm_ws/src/dxl_wt_openarm_leader/src/read_write_wt_position_node.cpp:162:47:[m[K [01;31m[Kerror: [m[K‘[01m[Ki[m[K’ was not declared in this scope
[2.743s]   162 |     if (std::abs(present_vel_rad_s_[dxl_ids_ [[01;31m[Ki[m[K]-1]) > 1e-3) {
[2.743s]       |                                               [01;31m[K^[m[K
[2.746s] [01m[K/home/tky/workspace/openarm_ws/src/dxl_wt_openarm_leader/src/read_write_wt_position_node.cpp:166:73:[m[K [01;31m[Kerror: [m[K‘[01m[Ki[m[K’ was not declared in this scope
[2.746s]   166 |     const double velocity_ratio = std::abs(present_vel_rad_s_[dxl_ids_ [[01;31m[Ki[m[K]-1]) / vs;
[2.746s]       |                                                                         [01;31m[K^[m[K
[2.750s] [01m[K/home/tky/workspace/openarm_ws/src/dxl_wt_openarm_leader/src/read_write_wt_position_node.cpp:171:5:[m[K [01;31m[Kerror: [m[K‘[01m[Ktau_cmd[m[K’ was not declared in this scope; did you mean ‘[01m[Ktau_f[m[K’?
[2.750s]   171 |     [01;31m[Ktau_cmd[m[K = J * acc + tau_f
[2.750s]       |     [01;31m[K^~~~~~~[m[K
[2.750s]       |     [32m[Ktau_f[m[K
[2.754s] [01m[K/home/tky/workspace/openarm_ws/src/dxl_wt_openarm_leader/src/read_write_wt_position_node.cpp:171:19:[m[K [01;31m[Kerror: [m[K‘[01m[Kacc[m[K’ was not declared in this scope; did you mean ‘[01m[Kacct[m[K’?
[2.754s]   171 |     tau_cmd = J * [01;31m[Kacc[m[K + tau_f
[2.754s]       |                   [01;31m[K^~~[m[K
[2.754s]       |                   [32m[Kacct[m[K
[2.762s] [01m[K/home/tky/workspace/openarm_ws/src/dxl_wt_openarm_leader/src/read_write_wt_position_node.cpp:180:29:[m[K [01;31m[Kerror: [m[K‘[01m[Kgoal_current[m[K’ was not declared in this scope; did you mean ‘[01m[Kgoal_current_mA[m[K’?
[2.762s]   180 |       static_cast<uint16_t>([01;31m[Kgoal_current[m[K),
[2.762s]       |                             [01;31m[K^~~~~~~~~~~~[m[K
[2.762s]       |                             [32m[Kgoal_current_mA[m[K
[2.765s] [01m[K/home/tky/workspace/openarm_ws/src/dxl_wt_openarm_leader/src/read_write_wt_position_node.cpp:147:11:[m[K [01;35m[Kwarning: [m[Kunused variable ‘[01m[Kgoal_current_mA[m[K’ [[01;35m[K]8;;https://gcc.gnu.org/onlinedocs/gcc/Warning-Options.html#index-Wunused-variable-Wunused-variable]8;;[m[K]
[2.765s]   147 |   int16_t [01;35m[Kgoal_current_mA[m[K = 0;
[2.765s]       |           [01;35m[K^~~~~~~~~~~~~~~[m[K
[2.772s] In file included from [01m[K/opt/ros/humble/include/rclcpp/rclcpp/logging.hpp:24[m[K,
[2.772s]                  from [01m[K/opt/ros/humble/include/rclcpp/rclcpp/client.hpp:40[m[K,
[2.773s]                  from [01m[K/opt/ros/humble/include/rclcpp/rclcpp/callback_group.hpp:24[m[K,
[2.773s]                  from [01m[K/opt/ros/humble/include/rclcpp/rclcpp/any_executable.hpp:20[m[K,
[2.773s]                  from [01m[K/opt/ros/humble/include/rclcpp/rclcpp/memory_strategy.hpp:25[m[K,
[2.773s]                  from [01m[K/opt/ros/humble/include/rclcpp/rclcpp/memory_strategies.hpp:18[m[K,
[2.773s]                  from [01m[K/opt/ros/humble/include/rclcpp/rclcpp/executor_options.hpp:20[m[K,
[2.773s]                  from [01m[K/opt/ros/humble/include/rclcpp/rclcpp/executor.hpp:37[m[K,
[2.773s]                  from [01m[K/opt/ros/humble/include/rclcpp/rclcpp/executors/multi_threaded_executor.hpp:25[m[K,
[2.773s]                  from [01m[K/opt/ros/humble/include/rclcpp/rclcpp/executors.hpp:21[m[K,
[2.773s]                  from [01m[K/opt/ros/humble/include/rclcpp/rclcpp/rclcpp.hpp:155[m[K,
[2.773s]                  from [01m[K/home/tky/workspace/openarm_ws/src/dxl_wt_openarm_leader/src/read_write_wt_position_node.cpp:45[m[K:
[2.773s] [01m[K/home/tky/workspace/openarm_ws/src/dxl_wt_openarm_leader/src/read_write_wt_position_node.cpp:[m[K In member function ‘[01m[Kvoid ReadWriteWTNode::read_present_position()[m[K’:
[2.773s] [01m[K/home/tky/workspace/openarm_ws/src/dxl_wt_openarm_leader/src/read_write_wt_position_node.cpp:309:9:[m[K [01;31m[Kerror: [m[K‘[01m[Kprv_vel_rad_s_[m[K’ was not declared in this scope; did you mean ‘[01m[Kprev_vel_rad_s_[m[K’?
[2.773s]   309 |         [01;31m[Kprv_vel_rad_s_[m[K[dxl_ids_ [i]-1],
[2.773s]       |         [01;31m[K^~~~~~~~~~~~~~[m[K
[5.536s] gmake[2]: *** [CMakeFiles/read_write_wt_position_node.dir/build.make:76: CMakeFiles/read_write_wt_position_node.dir/src/read_write_wt_position_node.cpp.o] Error 1
[5.536s] gmake[1]: *** [CMakeFiles/Makefile2:141: CMakeFiles/read_write_wt_position_node.dir/all] Error 2
[5.537s] gmake: *** [Makefile:146: all] Error 2
[5.538s] Invoked command in '/home/tky/workspace/openarm_ws/build/dxl_wt_openarm_leader' returned '2': CMAKE_PREFIX_PATH=/home/tky/workspace/openarm_ws/install/dynamixel_sdk_custom_interfaces:/home/tky/workspace/openarm_ws/install/dynamixel_sdk:/home/tky/workspace/openarm_ws/install/openarm_bimanual_moveit_config:/home/tky/workspace/openarm_ws/install/openarm:/home/tky/workspace/openarm_ws/install/openarm_description:/home/tky/workspace/openarm_ws/install/openarm_bringup:/home/tky/workspace/openarm_ws/install/dynamixel_sdk_examples:/home/tky/workspace/openarm_ws/install/dxl_wt_openarm_leader:/home/tky/workspace/openarm_ws/install/dxl_openarm_leader:/opt/ros/humble /home/tky/.pyenv/shims/cmake --build /home/tky/workspace/openarm_ws/build/dxl_wt_openarm_leader -- -j12 -l12
