[0.029s] Invoking command in '/home/tky/workspace/openarm_ws/build/dxl_wt_openarm_leader': CMAKE_PREFIX_PATH=/home/tky/workspace/openarm_ws/install/dynamixel_sdk_custom_interfaces:/home/tky/workspace/openarm_ws/install/dynamixel_sdk:/home/tky/workspace/openarm_ws/install/openarm_bimanual_moveit_config:/home/tky/workspace/openarm_ws/install/openarm:/home/tky/workspace/openarm_ws/install/openarm_description:/home/tky/workspace/openarm_ws/install/openarm_bringup:/home/tky/workspace/openarm_ws/install/dynamixel_sdk_examples:/home/tky/workspace/openarm_ws/install/dxl_wt_openarm_leader:/home/tky/workspace/openarm_ws/install/dxl_openarm_leader:/opt/ros/humble /home/tky/.pyenv/shims/cmake --build /home/tky/workspace/openarm_ws/build/dxl_wt_openarm_leader -- -j12 -l12
[0.147s] [35m[1mConsolidate compiler generated dependencies of target read_write_wt_position_node[0m
[0.191s] [ 25%] [32mBuilding CXX object CMakeFiles/read_write_wt_position_node.dir/src/read_write_wt_position_node.cpp.o[0m
[0.196s] [ 75%] Built target pub_current_node
[10.085s] [100%] [32m[1mLinking CXX executable read_write_wt_position_node[0m
[10.661s] [100%] Built target read_write_wt_position_node
[10.671s] Invoked command in '/home/tky/workspace/openarm_ws/build/dxl_wt_openarm_leader' returned '0': CMAKE_PREFIX_PATH=/home/tky/workspace/openarm_ws/install/dynamixel_sdk_custom_interfaces:/home/tky/workspace/openarm_ws/install/dynamixel_sdk:/home/tky/workspace/openarm_ws/install/openarm_bimanual_moveit_config:/home/tky/workspace/openarm_ws/install/openarm:/home/tky/workspace/openarm_ws/install/openarm_description:/home/tky/workspace/openarm_ws/install/openarm_bringup:/home/tky/workspace/openarm_ws/install/dynamixel_sdk_examples:/home/tky/workspace/openarm_ws/install/dxl_wt_openarm_leader:/home/tky/workspace/openarm_ws/install/dxl_openarm_leader:/opt/ros/humble /home/tky/.pyenv/shims/cmake --build /home/tky/workspace/openarm_ws/build/dxl_wt_openarm_leader -- -j12 -l12
[10.673s] Invoking command in '/home/tky/workspace/openarm_ws/build/dxl_wt_openarm_leader': CMAKE_PREFIX_PATH=/home/tky/workspace/openarm_ws/install/dynamixel_sdk_custom_interfaces:/home/tky/workspace/openarm_ws/install/dynamixel_sdk:/home/tky/workspace/openarm_ws/install/openarm_bimanual_moveit_config:/home/tky/workspace/openarm_ws/install/openarm:/home/tky/workspace/openarm_ws/install/openarm_description:/home/tky/workspace/openarm_ws/install/openarm_bringup:/home/tky/workspace/openarm_ws/install/dynamixel_sdk_examples:/home/tky/workspace/openarm_ws/install/dxl_wt_openarm_leader:/home/tky/workspace/openarm_ws/install/dxl_openarm_leader:/opt/ros/humble /home/tky/.pyenv/shims/cmake --install /home/tky/workspace/openarm_ws/build/dxl_wt_openarm_leader
[10.726s] -- Install configuration: ""
[10.726s] -- Installing: /home/tky/workspace/openarm_ws/install/dxl_wt_openarm_leader/lib/dxl_wt_openarm_leader/read_write_wt_position_node
[10.731s] -- Set runtime path of "/home/tky/workspace/openarm_ws/install/dxl_wt_openarm_leader/lib/dxl_wt_openarm_leader/read_write_wt_position_node" to ""
[10.732s] -- Up-to-date: /home/tky/workspace/openarm_ws/install/dxl_wt_openarm_leader/lib/dxl_wt_openarm_leader/pub_current_node
[10.732s] -- Up-to-date: /home/tky/workspace/openarm_ws/install/dxl_wt_openarm_leader/include/
[10.732s] -- Up-to-date: /home/tky/workspace/openarm_ws/install/dxl_wt_openarm_leader/include//pub_dynamixel_data_node.hpp
[10.732s] -- Up-to-date: /home/tky/workspace/openarm_ws/install/dxl_wt_openarm_leader/include//read_write_wt_position_node.hpp
[10.732s] -- Up-to-date: /home/tky/workspace/openarm_ws/install/dxl_wt_openarm_leader/share/dxl_wt_openarm_leader/config
[10.732s] -- Installing: /home/tky/workspace/openarm_ws/install/dxl_wt_openarm_leader/share/dxl_wt_openarm_leader/config/params.yaml
[10.733s] -- Up-to-date: /home/tky/workspace/openarm_ws/install/dxl_wt_openarm_leader/share/dxl_wt_openarm_leader/launch
[10.733s] -- Installing: /home/tky/workspace/openarm_ws/install/dxl_wt_openarm_leader/share/dxl_wt_openarm_leader/launch/read_write_wt_position.launch.py
[10.733s] -- Up-to-date: /home/tky/workspace/openarm_ws/install/dxl_wt_openarm_leader/share/ament_index/resource_index/package_run_dependencies/dxl_wt_openarm_leader
[10.733s] -- Up-to-date: /home/tky/workspace/openarm_ws/install/dxl_wt_openarm_leader/share/ament_index/resource_index/parent_prefix_path/dxl_wt_openarm_leader
[10.733s] -- Up-to-date: /home/tky/workspace/openarm_ws/install/dxl_wt_openarm_leader/share/dxl_wt_openarm_leader/environment/ament_prefix_path.sh
[10.733s] -- Up-to-date: /home/tky/workspace/openarm_ws/install/dxl_wt_openarm_leader/share/dxl_wt_openarm_leader/environment/ament_prefix_path.dsv
[10.733s] -- Up-to-date: /home/tky/workspace/openarm_ws/install/dxl_wt_openarm_leader/share/dxl_wt_openarm_leader/environment/path.sh
[10.733s] -- Up-to-date: /home/tky/workspace/openarm_ws/install/dxl_wt_openarm_leader/share/dxl_wt_openarm_leader/environment/path.dsv
[10.733s] -- Up-to-date: /home/tky/workspace/openarm_ws/install/dxl_wt_openarm_leader/share/dxl_wt_openarm_leader/local_setup.bash
[10.733s] -- Up-to-date: /home/tky/workspace/openarm_ws/install/dxl_wt_openarm_leader/share/dxl_wt_openarm_leader/local_setup.sh
[10.733s] -- Up-to-date: /home/tky/workspace/openarm_ws/install/dxl_wt_openarm_leader/share/dxl_wt_openarm_leader/local_setup.zsh
[10.733s] -- Up-to-date: /home/tky/workspace/openarm_ws/install/dxl_wt_openarm_leader/share/dxl_wt_openarm_leader/local_setup.dsv
[10.734s] -- Installing: /home/tky/workspace/openarm_ws/install/dxl_wt_openarm_leader/share/dxl_wt_openarm_leader/package.dsv
[10.734s] -- Up-to-date: /home/tky/workspace/openarm_ws/install/dxl_wt_openarm_leader/share/ament_index/resource_index/packages/dxl_wt_openarm_leader
[10.734s] -- Up-to-date: /home/tky/workspace/openarm_ws/install/dxl_wt_openarm_leader/share/dxl_wt_openarm_leader/cmake/dxl_wt_openarm_leaderConfig.cmake
[10.734s] -- Up-to-date: /home/tky/workspace/openarm_ws/install/dxl_wt_openarm_leader/share/dxl_wt_openarm_leader/cmake/dxl_wt_openarm_leaderConfig-version.cmake
[10.734s] -- Up-to-date: /home/tky/workspace/openarm_ws/install/dxl_wt_openarm_leader/share/dxl_wt_openarm_leader/package.xml
[10.736s] Invoked command in '/home/tky/workspace/openarm_ws/build/dxl_wt_openarm_leader' returned '0': CMAKE_PREFIX_PATH=/home/tky/workspace/openarm_ws/install/dynamixel_sdk_custom_interfaces:/home/tky/workspace/openarm_ws/install/dynamixel_sdk:/home/tky/workspace/openarm_ws/install/openarm_bimanual_moveit_config:/home/tky/workspace/openarm_ws/install/openarm:/home/tky/workspace/openarm_ws/install/openarm_description:/home/tky/workspace/openarm_ws/install/openarm_bringup:/home/tky/workspace/openarm_ws/install/dynamixel_sdk_examples:/home/tky/workspace/openarm_ws/install/dxl_wt_openarm_leader:/home/tky/workspace/openarm_ws/install/dxl_openarm_leader:/opt/ros/humble /home/tky/.pyenv/shims/cmake --install /home/tky/workspace/openarm_ws/build/dxl_wt_openarm_leader
