[0.038s] Invoking command in '/home/tky/workspace/openarm_ws/build/openarm_bringup': CMAKE_PREFIX_PATH=${CMAKE_PREFIX_PATH}:/home/tky/turtlebot3_ws/install/turtlebot3_teleop:/home/tky/turtlebot3_ws/install/turtlebot3_example:/opt/ros/humble /home/tky/.pyenv/shims/cmake --build /home/tky/workspace/openarm_ws/build/openarm_bringup -- -j12 -l12
[0.257s] Invoked command in '/home/tky/workspace/openarm_ws/build/openarm_bringup' returned '0': CMAKE_PREFIX_PATH=${CMAKE_PREFIX_PATH}:/home/tky/turtlebot3_ws/install/turtlebot3_teleop:/home/tky/turtlebot3_ws/install/turtlebot3_example:/opt/ros/humble /home/tky/.pyenv/shims/cmake --build /home/tky/workspace/openarm_ws/build/openarm_bringup -- -j12 -l12
[0.258s] Invoking command in '/home/tky/workspace/openarm_ws/build/openarm_bringup': CMAKE_PREFIX_PATH=${CMAKE_PREFIX_PATH}:/home/tky/turtlebot3_ws/install/turtlebot3_teleop:/home/tky/turtlebot3_ws/install/turtlebot3_example:/opt/ros/humble /home/tky/.pyenv/shims/cmake --install /home/tky/workspace/openarm_ws/build/openarm_bringup
[0.335s] -- Install configuration: ""
[0.336s] -- Execute custom install script
[0.336s] -- Up-to-date symlink: /home/tky/workspace/openarm_ws/install/openarm_bringup/share/openarm_bringup/launch/openarm.bimanual.launch.py
[0.336s] -- Up-to-date symlink: /home/tky/workspace/openarm_ws/install/openarm_bringup/share/openarm_bringup/launch/openarm.launch.py
[0.337s] -- Up-to-date symlink: /home/tky/workspace/openarm_ws/install/openarm_bringup/share/openarm_bringup/config/v10_controllers/openarm_v10_bimanual_controllers.yaml
[0.337s] -- Up-to-date symlink: /home/tky/workspace/openarm_ws/install/openarm_bringup/share/openarm_bringup/config/v10_controllers/openarm_v10_bimanual_controllers_namespaced.yaml
[0.337s] -- Up-to-date symlink: /home/tky/workspace/openarm_ws/install/openarm_bringup/share/openarm_bringup/config/v10_controllers/openarm_v10_controllers.yaml
[0.338s] -- Up-to-date symlink: /home/tky/workspace/openarm_ws/install/openarm_bringup/share/ament_index/resource_index/package_run_dependencies/openarm_bringup
[0.338s] -- Up-to-date symlink: /home/tky/workspace/openarm_ws/install/openarm_bringup/share/ament_index/resource_index/parent_prefix_path/openarm_bringup
[0.339s] -- Up-to-date symlink: /home/tky/workspace/openarm_ws/install/openarm_bringup/share/openarm_bringup/environment/ament_prefix_path.sh
[0.339s] -- Up-to-date symlink: /home/tky/workspace/openarm_ws/install/openarm_bringup/share/openarm_bringup/environment/ament_prefix_path.dsv
[0.339s] -- Up-to-date symlink: /home/tky/workspace/openarm_ws/install/openarm_bringup/share/openarm_bringup/environment/path.sh
[0.339s] -- Up-to-date symlink: /home/tky/workspace/openarm_ws/install/openarm_bringup/share/openarm_bringup/environment/path.dsv
[0.342s] -- Up-to-date symlink: /home/tky/workspace/openarm_ws/install/openarm_bringup/share/openarm_bringup/local_setup.bash
[0.342s] -- Up-to-date symlink: /home/tky/workspace/openarm_ws/install/openarm_bringup/share/openarm_bringup/local_setup.sh
[0.342s] -- Up-to-date symlink: /home/tky/workspace/openarm_ws/install/openarm_bringup/share/openarm_bringup/local_setup.zsh
[0.342s] -- Up-to-date symlink: /home/tky/workspace/openarm_ws/install/openarm_bringup/share/openarm_bringup/local_setup.dsv
[0.342s] -- Symlinking: /home/tky/workspace/openarm_ws/install/openarm_bringup/share/openarm_bringup/package.dsv
[0.353s] -- Up-to-date symlink: /home/tky/workspace/openarm_ws/install/openarm_bringup/share/ament_index/resource_index/packages/openarm_bringup
[0.353s] -- Up-to-date symlink: /home/tky/workspace/openarm_ws/install/openarm_bringup/share/openarm_bringup/cmake/openarm_bringupConfig.cmake
[0.353s] -- Up-to-date symlink: /home/tky/workspace/openarm_ws/install/openarm_bringup/share/openarm_bringup/cmake/openarm_bringupConfig-version.cmake
[0.353s] -- Up-to-date symlink: /home/tky/workspace/openarm_ws/install/openarm_bringup/share/openarm_bringup/package.xml
[0.361s] Invoked command in '/home/tky/workspace/openarm_ws/build/openarm_bringup' returned '0': CMAKE_PREFIX_PATH=${CMAKE_PREFIX_PATH}:/home/tky/turtlebot3_ws/install/turtlebot3_teleop:/home/tky/turtlebot3_ws/install/turtlebot3_example:/opt/ros/humble /home/tky/.pyenv/shims/cmake --install /home/tky/workspace/openarm_ws/build/openarm_bringup
