/home/tky/workspace/openarm_ws/src/dxl_wt_openarm_leader/src/read_write_wt_position_node.cpp: In member function ‘void ReadWriteWTNode::read_present_position()’:
/home/tky/workspace/openarm_ws/src/dxl_wt_openarm_leader/src/read_write_wt_position_node.cpp:251:7: error: ‘present_positon_’ was not declared in this scope; did you mean ‘present_position_’?
  251 |       present_positon_[id-1]= position_raw;
      |       ^~~~~~~~~~~~~~~~
      |       present_position_
/home/tky/workspace/openarm_ws/src/dxl_wt_openarm_leader/src/read_write_wt_position_node.cpp:289:26: error: ‘i’ was not declared in this scope; did you mean ‘id’?
  289 |         openarm_msg.data[i] = joint_rad;
      |                          ^
      |                          id
In file included from /opt/ros/humble/include/rclcpp/rclcpp/logging.hpp:24,
                 from /opt/ros/humble/include/rclcpp/rclcpp/client.hpp:40,
                 from /opt/ros/humble/include/rclcpp/rclcpp/callback_group.hpp:24,
                 from /opt/ros/humble/include/rclcpp/rclcpp/any_executable.hpp:20,
                 from /opt/ros/humble/include/rclcpp/rclcpp/memory_strategy.hpp:25,
                 from /opt/ros/humble/include/rclcpp/rclcpp/memory_strategies.hpp:18,
                 from /opt/ros/humble/include/rclcpp/rclcpp/executor_options.hpp:20,
                 from /opt/ros/humble/include/rclcpp/rclcpp/executor.hpp:37,
                 from /opt/ros/humble/include/rclcpp/rclcpp/executors/multi_threaded_executor.hpp:25,
                 from /opt/ros/humble/include/rclcpp/rclcpp/executors.hpp:21,
                 from /opt/ros/humble/include/rclcpp/rclcpp/rclcpp.hpp:155,
                 from /home/tky/workspace/openarm_ws/src/dxl_wt_openarm_leader/src/read_write_wt_position_node.cpp:45:
/home/tky/workspace/openarm_ws/src/dxl_wt_openarm_leader/src/read_write_wt_position_node.cpp:293:11: warning: format ‘%zu’ expects argument of type ‘size_t’, but argument 7 has type ‘int’ [-Wformat=]
  293 |           "DXL ID: %d Present: %d -> joint%zu: %.3f rad",
      |           ^~~~~~~~~~~~~~~~~~~~~~~~~~~~~~~~~~~~~~~~~~~~~~
......
  296 |           joint_n,
      |           ~~~~~~~
      |           |
      |           int
/home/tky/workspace/openarm_ws/src/dxl_wt_openarm_leader/src/read_write_wt_position_node.cpp:293:45: note: format string is defined here
  293 |           "DXL ID: %d Present: %d -> joint%zu: %.3f rad",
      |                                           ~~^
      |                                             |
      |                                             long unsigned int
      |                                           %u
/home/tky/workspace/openarm_ws/src/dxl_wt_openarm_leader/src/read_write_wt_position_node.cpp:239:15: warning: unused variable ‘current_raw’ [-Wunused-variable]
  239 |       int16_t current_raw = static_cast<int16_t>(
      |               ^~~~~~~~~~~
/home/tky/workspace/openarm_ws/src/dxl_wt_openarm_leader/src/read_write_wt_position_node.cpp:243:15: warning: unused variable ‘velocity_raw’ [-Wunused-variable]
  243 |       int32_t velocity_raw = static_cast<int32_t>(
      |               ^~~~~~~~~~~~
gmake[2]: *** [CMakeFiles/read_write_wt_position_node.dir/build.make:76: CMakeFiles/read_write_wt_position_node.dir/src/read_write_wt_position_node.cpp.o] Error 1
gmake[1]: *** [CMakeFiles/Makefile2:139: CMakeFiles/read_write_wt_position_node.dir/all] Error 2
gmake: *** [Makefile:146: all] Error 2
