[0.018s] Invoking command in '/home/tky/workspace/openarm_ws/build/dxl_wt_openarm_leader': AMENT_PREFIX_PATH=/home/tky/workspace/openarm_ws/install/dynamixel_sdk_custom_interfaces:/home/tky/workspace/openarm_ws/install/dynamixel_sdk:${AMENT_PREFIX_PATH} CMAKE_PREFIX_PATH=/home/tky/workspace/openarm_ws/install/dynamixel_sdk_custom_interfaces:/home/tky/workspace/openarm_ws/install/dynamixel_sdk:/opt/ros/humble LD_LIBRARY_PATH=/home/tky/workspace/openarm_ws/install/dynamixel_sdk_custom_interfaces/lib:/home/tky/workspace/openarm_ws/install/dynamixel_sdk/lib:${LD_LIBRARY_PATH} PYTHONPATH=/home/tky/workspace/openarm_ws/install/dynamixel_sdk_custom_interfaces/local/lib/python3.10/dist-packages:/home/tky/workspace/openarm_ws/install/dynamixel_sdk/local/lib/python3.10/dist-packages:${PYTHONPATH} /home/tky/.pyenv/shims/cmake --build /home/tky/workspace/openarm_ws/build/dxl_wt_openarm_leader -- -j12 -l12
[0.122s] Consolidate compiler generated dependencies of target read_write_wt_position_node
[0.132s] [ 50%] Built target pub_current_node
[0.136s] [ 75%] Building CXX object CMakeFiles/read_write_wt_position_node.dir/src/read_write_wt_position_node.cpp.o
[2.373s] /home/tky/workspace/openarm_ws/src/dxl_wt_openarm_leader/src/read_write_wt_position_node.cpp: In member function ‘void ReadWriteWTNode::read_present_position()’:
[2.373s] /home/tky/workspace/openarm_ws/src/dxl_wt_openarm_leader/src/read_write_wt_position_node.cpp:251:7: error: ‘present_positon_’ was not declared in this scope; did you mean ‘present_position_’?
[2.373s]   251 |       present_positon_[id-1]= position_raw;
[2.373s]       |       ^~~~~~~~~~~~~~~~
[2.373s]       |       present_position_
[2.378s] /home/tky/workspace/openarm_ws/src/dxl_wt_openarm_leader/src/read_write_wt_position_node.cpp:289:26: error: ‘i’ was not declared in this scope; did you mean ‘id’?
[2.378s]   289 |         openarm_msg.data[i] = joint_rad;
[2.378s]       |                          ^
[2.378s]       |                          id
[2.378s] In file included from /opt/ros/humble/include/rclcpp/rclcpp/logging.hpp:24,
[2.378s]                  from /opt/ros/humble/include/rclcpp/rclcpp/client.hpp:40,
[2.378s]                  from /opt/ros/humble/include/rclcpp/rclcpp/callback_group.hpp:24,
[2.378s]                  from /opt/ros/humble/include/rclcpp/rclcpp/any_executable.hpp:20,
[2.378s]                  from /opt/ros/humble/include/rclcpp/rclcpp/memory_strategy.hpp:25,
[2.379s]                  from /opt/ros/humble/include/rclcpp/rclcpp/memory_strategies.hpp:18,
[2.379s]                  from /opt/ros/humble/include/rclcpp/rclcpp/executor_options.hpp:20,
[2.379s]                  from /opt/ros/humble/include/rclcpp/rclcpp/executor.hpp:37,
[2.379s]                  from /opt/ros/humble/include/rclcpp/rclcpp/executors/multi_threaded_executor.hpp:25,
[2.379s]                  from /opt/ros/humble/include/rclcpp/rclcpp/executors.hpp:21,
[2.379s]                  from /opt/ros/humble/include/rclcpp/rclcpp/rclcpp.hpp:155,
[2.379s]                  from /home/tky/workspace/openarm_ws/src/dxl_wt_openarm_leader/src/read_write_wt_position_node.cpp:45:
[2.379s] /home/tky/workspace/openarm_ws/src/dxl_wt_openarm_leader/src/read_write_wt_position_node.cpp:293:11: warning: format ‘%zu’ expects argument of type ‘size_t’, but argument 7 has type ‘int’ [-Wformat=]
[2.379s]   293 |           "DXL ID: %d Present: %d -> joint%zu: %.3f rad",
[2.379s]       |           ^~~~~~~~~~~~~~~~~~~~~~~~~~~~~~~~~~~~~~~~~~~~~~
[2.379s] ......
[2.380s]   296 |           joint_n,
[2.380s]       |           ~~~~~~~
[2.380s]       |           |
[2.380s]       |           int
[2.380s] /home/tky/workspace/openarm_ws/src/dxl_wt_openarm_leader/src/read_write_wt_position_node.cpp:293:45: note: format string is defined here
[2.380s]   293 |           "DXL ID: %d Present: %d -> joint%zu: %.3f rad",
[2.380s]       |                                           ~~^
[2.380s]       |                                             |
[2.380s]       |                                             long unsigned int
[2.380s]       |                                           %u
[2.380s] /home/tky/workspace/openarm_ws/src/dxl_wt_openarm_leader/src/read_write_wt_position_node.cpp:239:15: warning: unused variable ‘current_raw’ [-Wunused-variable]
[2.380s]   239 |       int16_t current_raw = static_cast<int16_t>(
[2.380s]       |               ^~~~~~~~~~~
[2.380s] /home/tky/workspace/openarm_ws/src/dxl_wt_openarm_leader/src/read_write_wt_position_node.cpp:243:15: warning: unused variable ‘velocity_raw’ [-Wunused-variable]
[2.380s]   243 |       int32_t velocity_raw = static_cast<int32_t>(
[2.380s]       |               ^~~~~~~~~~~~
[4.920s] gmake[2]: *** [CMakeFiles/read_write_wt_position_node.dir/build.make:76: CMakeFiles/read_write_wt_position_node.dir/src/read_write_wt_position_node.cpp.o] Error 1
[4.920s] gmake[1]: *** [CMakeFiles/Makefile2:139: CMakeFiles/read_write_wt_position_node.dir/all] Error 2
[4.920s] gmake: *** [Makefile:146: all] Error 2
[4.922s] Invoked command in '/home/tky/workspace/openarm_ws/build/dxl_wt_openarm_leader' returned '2': AMENT_PREFIX_PATH=/home/tky/workspace/openarm_ws/install/dynamixel_sdk_custom_interfaces:/home/tky/workspace/openarm_ws/install/dynamixel_sdk:${AMENT_PREFIX_PATH} CMAKE_PREFIX_PATH=/home/tky/workspace/openarm_ws/install/dynamixel_sdk_custom_interfaces:/home/tky/workspace/openarm_ws/install/dynamixel_sdk:/opt/ros/humble LD_LIBRARY_PATH=/home/tky/workspace/openarm_ws/install/dynamixel_sdk_custom_interfaces/lib:/home/tky/workspace/openarm_ws/install/dynamixel_sdk/lib:${LD_LIBRARY_PATH} PYTHONPATH=/home/tky/workspace/openarm_ws/install/dynamixel_sdk_custom_interfaces/local/lib/python3.10/dist-packages:/home/tky/workspace/openarm_ws/install/dynamixel_sdk/local/lib/python3.10/dist-packages:${PYTHONPATH} /home/tky/.pyenv/shims/cmake --build /home/tky/workspace/openarm_ws/build/dxl_wt_openarm_leader -- -j12 -l12
