[0.044s] Invoking command in '/home/tky/workspace/openarm_ws/build/openarm_bringup': CMAKE_PREFIX_PATH=${CMAKE_PREFIX_PATH}:/opt/ros/humble /home/tky/.pyenv/shims/cmake --build /home/tky/workspace/openarm_ws/build/openarm_bringup -- -j12 -l12
[0.253s] Invoked command in '/home/tky/workspace/openarm_ws/build/openarm_bringup' returned '0': CMAKE_PREFIX_PATH=${CMAKE_PREFIX_PATH}:/opt/ros/humble /home/tky/.pyenv/shims/cmake --build /home/tky/workspace/openarm_ws/build/openarm_bringup -- -j12 -l12
[0.254s] Invoking command in '/home/tky/workspace/openarm_ws/build/openarm_bringup': CMAKE_PREFIX_PATH=${CMAKE_PREFIX_PATH}:/opt/ros/humble /home/tky/.pyenv/shims/cmake --install /home/tky/workspace/openarm_ws/build/openarm_bringup
[0.337s] -- Install configuration: ""
[0.337s] -- Up-to-date: /home/tky/workspace/openarm_ws/install/openarm_bringup/share/openarm_bringup/launch
[0.337s] -- Up-to-date: /home/tky/workspace/openarm_ws/install/openarm_bringup/share/openarm_bringup/launch/openarm.launch.py
[0.337s] -- Up-to-date: /home/tky/workspace/openarm_ws/install/openarm_bringup/share/openarm_bringup/launch/openarm.bimanual.launch.py
[0.338s] -- Up-to-date: /home/tky/workspace/openarm_ws/install/openarm_bringup/share/openarm_bringup/config
[0.338s] -- Up-to-date: /home/tky/workspace/openarm_ws/install/openarm_bringup/share/openarm_bringup/config/v10_controllers
[0.338s] -- Up-to-date: /home/tky/workspace/openarm_ws/install/openarm_bringup/share/openarm_bringup/config/v10_controllers/openarm_v10_bimanual_controllers_namespaced.yaml
[0.339s] -- Up-to-date: /home/tky/workspace/openarm_ws/install/openarm_bringup/share/openarm_bringup/config/v10_controllers/openarm_v10_bimanual_controllers.yaml
[0.339s] -- Up-to-date: /home/tky/workspace/openarm_ws/install/openarm_bringup/share/openarm_bringup/config/v10_controllers/openarm_v10_controllers.yaml
[0.339s] -- Up-to-date: /home/tky/workspace/openarm_ws/install/openarm_bringup/share/ament_index/resource_index/package_run_dependencies/openarm_bringup
[0.339s] -- Up-to-date: /home/tky/workspace/openarm_ws/install/openarm_bringup/share/ament_index/resource_index/parent_prefix_path/openarm_bringup
[0.339s] -- Up-to-date: /home/tky/workspace/openarm_ws/install/openarm_bringup/share/openarm_bringup/environment/ament_prefix_path.sh
[0.339s] -- Up-to-date: /home/tky/workspace/openarm_ws/install/openarm_bringup/share/openarm_bringup/environment/ament_prefix_path.dsv
[0.339s] -- Up-to-date: /home/tky/workspace/openarm_ws/install/openarm_bringup/share/openarm_bringup/environment/path.sh
[0.339s] -- Up-to-date: /home/tky/workspace/openarm_ws/install/openarm_bringup/share/openarm_bringup/environment/path.dsv
[0.339s] -- Up-to-date: /home/tky/workspace/openarm_ws/install/openarm_bringup/share/openarm_bringup/local_setup.bash
[0.339s] -- Up-to-date: /home/tky/workspace/openarm_ws/install/openarm_bringup/share/openarm_bringup/local_setup.sh
[0.339s] -- Up-to-date: /home/tky/workspace/openarm_ws/install/openarm_bringup/share/openarm_bringup/local_setup.zsh
[0.340s] -- Up-to-date: /home/tky/workspace/openarm_ws/install/openarm_bringup/share/openarm_bringup/local_setup.dsv
[0.340s] -- Installing: /home/tky/workspace/openarm_ws/install/openarm_bringup/share/openarm_bringup/package.dsv
[0.340s] -- Up-to-date: /home/tky/workspace/openarm_ws/install/openarm_bringup/share/ament_index/resource_index/packages/openarm_bringup
[0.340s] -- Up-to-date: /home/tky/workspace/openarm_ws/install/openarm_bringup/share/openarm_bringup/cmake/openarm_bringupConfig.cmake
[0.340s] -- Up-to-date: /home/tky/workspace/openarm_ws/install/openarm_bringup/share/openarm_bringup/cmake/openarm_bringupConfig-version.cmake
[0.340s] -- Up-to-date: /home/tky/workspace/openarm_ws/install/openarm_bringup/share/openarm_bringup/package.xml
[0.346s] Invoked command in '/home/tky/workspace/openarm_ws/build/openarm_bringup' returned '0': CMAKE_PREFIX_PATH=${CMAKE_PREFIX_PATH}:/opt/ros/humble /home/tky/.pyenv/shims/cmake --install /home/tky/workspace/openarm_ws/build/openarm_bringup
