[0.019s] Invoking command in '/home/tky/workspace/openarm_ws/build/dxl_wt_openarm_leader': CMAKE_PREFIX_PATH=/home/tky/workspace/openarm_ws/install/dynamixel_sdk_custom_interfaces:/home/tky/workspace/openarm_ws/install/dynamixel_sdk:/home/tky/workspace/openarm_ws/install/openarm_bimanual_moveit_config:/home/tky/workspace/openarm_ws/install/openarm:/home/tky/workspace/openarm_ws/install/openarm_description:/home/tky/workspace/openarm_ws/install/openarm_bringup:/home/tky/workspace/openarm_ws/install/dynamixel_sdk_examples:/home/tky/workspace/openarm_ws/install/dxl_wt_openarm_leader:/home/tky/workspace/openarm_ws/install/dxl_openarm_leader:/opt/ros/humble /home/tky/.pyenv/shims/cmake --build /home/tky/workspace/openarm_ws/build/dxl_wt_openarm_leader -- -j12 -l12
[0.109s] [35m[1mConsolidate compiler generated dependencies of target pub_position_node[0m
[0.118s] [35m[1mConsolidate compiler generated dependencies of target pub_current_node[0m
[0.135s] [ 33%] Built target read_write_wt_position_node
[0.140s] [ 50%] [32mBuilding CXX object CMakeFiles/pub_position_node.dir/src/pub_position_node.cpp.o[0m
[0.162s] [ 66%] [32mBuilding CXX object CMakeFiles/pub_current_node.dir/src/pub_current_node.cpp.o[0m
[3.257s] In file included from [01m[K/home/tky/workspace/openarm_ws/src/dxl_wt_openarm_leader/src/pub_position_node.cpp:19[m[K:
[3.257s] [01m[K/home/tky/workspace/openarm_ws/src/dxl_wt_openarm_leader/include/pub_dynamixel_data_node.hpp:29:3:[m[K [01;31m[Kerror: [m[KISO C++ forbids declaration of ‘[01m[KJointPubNode[m[K’ with no type [[01;31m[K]8;;https://gcc.gnu.org/onlinedocs/gcc/Warning-Options.html#index-fpermissive-fpermissive]8;;[m[K]
[3.257s]    29 |   [01;31m[KJointPubNode[m[K();
[3.257s]       |   [01;31m[K^~~~~~~~~~~~[m[K
[3.270s] [01m[K/home/tky/workspace/openarm_ws/src/dxl_wt_openarm_leader/src/pub_position_node.cpp:24:1:[m[K [01;31m[Kerror: [m[K‘[01m[KJointPubNode[m[K’ does not name a type; did you mean ‘[01m[KJointCurrentPubNode[m[K’?
[3.270s]    24 | [01;31m[KJointPubNode[m[K::JointPubNode()
[3.270s]       | [01;31m[K^~~~~~~~~~~~[m[K
[3.270s]       | [32m[KJointCurrentPubNode[m[K
[3.270s] [01m[K/home/tky/workspace/openarm_ws/src/dxl_wt_openarm_leader/src/pub_position_node.cpp:37:6:[m[K [01;31m[Kerror: [m[K‘[01m[KJointPubNode[m[K’ has not been declared
[3.270s]    37 | void [01;31m[KJointPubNode[m[K::publishData()
[3.270s]       |      [01;31m[K^~~~~~~~~~~~[m[K
[3.271s] [01m[K/home/tky/workspace/openarm_ws/src/dxl_wt_openarm_leader/src/pub_position_node.cpp:[m[K In function ‘[01m[Kvoid publishData()[m[K’:
[3.271s] [01m[K/home/tky/workspace/openarm_ws/src/dxl_wt_openarm_leader/src/pub_position_node.cpp:39:3:[m[K [01;31m[Kerror: [m[K‘[01m[KSetPosition[m[K’ was not declared in this scope; did you mean ‘[01m[Kdynamixel_sdk_custom_interfaces::msg::SetPosition[m[K’?
[3.271s]    39 |   [01;31m[KSetPosition[m[K msg;
[3.271s]       |   [01;31m[K^~~~~~~~~~~[m[K
[3.271s]       |   [32m[Kdynamixel_sdk_custom_interfaces::msg::SetPosition[m[K
[3.271s] In file included from [01m[K/home/tky/workspace/openarm_ws/install/dynamixel_sdk_custom_interfaces/include/dynamixel_sdk_custom_interfaces/dynamixel_sdk_custom_interfaces/msg/set_position.hpp:7[m[K,
[3.271s]                  from [01m[K/home/tky/workspace/openarm_ws/src/dxl_wt_openarm_leader/include/pub_dynamixel_data_node.hpp:21[m[K,
[3.271s]                  from [01m[K/home/tky/workspace/openarm_ws/src/dxl_wt_openarm_leader/src/pub_position_node.cpp:19[m[K:
[3.271s] [01m[K/home/tky/workspace/openarm_ws/install/dynamixel_sdk_custom_interfaces/include/dynamixel_sdk_custom_interfaces/dynamixel_sdk_custom_interfaces/msg/detail/set_position__struct.hpp:136:7:[m[K [01;36m[Knote: [m[K‘[01m[Kdynamixel_sdk_custom_interfaces::msg::SetPosition[m[K’ declared here
[3.271s]   136 | using [01;36m[KSetPosition[m[K =
[3.271s]       |       [01;36m[K^~~~~~~~~~~[m[K
[3.272s] [01m[K/home/tky/workspace/openarm_ws/src/dxl_wt_openarm_leader/src/pub_position_node.cpp:42:3:[m[K [01;31m[Kerror: [m[K‘[01m[Kmsg[m[K’ was not declared in this scope
[3.272s]    42 |   [01;31m[Kmsg[m[K.position = positions_3_[current_position_index_];
[3.272s]       |   [01;31m[K^~~[m[K
[3.272s] [01m[K/home/tky/workspace/openarm_ws/src/dxl_wt_openarm_leader/src/pub_position_node.cpp:42:3:[m[K [01;36m[Knote: [m[Ksuggested alternatives:
[3.273s] In file included from [01m[K/opt/ros/humble/include/builtin_interfaces/builtin_interfaces/msg/duration.hpp:7[m[K,
[3.273s]                  from [01m[K/opt/ros/humble/include/rclcpp/rclcpp/duration.hpp:20[m[K,
[3.273s]                  from [01m[K/opt/ros/humble/include/rclcpp/rclcpp/qos.hpp:20[m[K,
[3.273s]                  from [01m[K/opt/ros/humble/include/rclcpp/rclcpp/node_interfaces/node_graph_interface.hpp:32[m[K,
[3.273s]                  from [01m[K/opt/ros/humble/include/rclcpp/rclcpp/client.hpp:42[m[K,
[3.273s]                  from [01m[K/opt/ros/humble/include/rclcpp/rclcpp/callback_group.hpp:24[m[K,
[3.273s]                  from [01m[K/opt/ros/humble/include/rclcpp/rclcpp/any_executable.hpp:20[m[K,
[3.273s]                  from [01m[K/opt/ros/humble/include/rclcpp/rclcpp/memory_strategy.hpp:25[m[K,
[3.273s]                  from [01m[K/opt/ros/humble/include/rclcpp/rclcpp/memory_strategies.hpp:18[m[K,
[3.274s]                  from [01m[K/opt/ros/humble/include/rclcpp/rclcpp/executor_options.hpp:20[m[K,
[3.274s]                  from [01m[K/opt/ros/humble/include/rclcpp/rclcpp/executor.hpp:37[m[K,
[3.274s]                  from [01m[K/opt/ros/humble/include/rclcpp/rclcpp/executors/multi_threaded_executor.hpp:25[m[K,
[3.274s]                  from [01m[K/opt/ros/humble/include/rclcpp/rclcpp/executors.hpp:21[m[K,
[3.274s]                  from [01m[K/opt/ros/humble/include/rclcpp/rclcpp/rclcpp.hpp:155[m[K,
[3.274s]                  from [01m[K/home/tky/workspace/openarm_ws/src/dxl_wt_openarm_leader/src/pub_position_node.cpp:18[m[K:
[3.274s] [01m[K/opt/ros/humble/include/builtin_interfaces/builtin_interfaces/msg/detail/duration__struct.hpp:27:11:[m[K [01;36m[Knote: [m[K  ‘[01m[Kbuiltin_interfaces::msg[m[K’
[3.274s]    27 | namespace [01;36m[Kmsg[m[K
[3.274s]       |           [01;36m[K^~~[m[K
[3.274s] In file included from [01m[K/opt/ros/humble/include/rcl_interfaces/rcl_interfaces/msg/set_parameters_result.hpp:7[m[K,
[3.274s]                  from [01m[K/opt/ros/humble/include/rclcpp/rclcpp/qos_overriding_options.hpp:28[m[K,
[3.275s]                  from [01m[K/opt/ros/humble/include/rclcpp/rclcpp/subscription_options.hpp:30[m[K,
[3.275s]                  from [01m[K/opt/ros/humble/include/rclcpp/rclcpp/subscription.hpp:45[m[K,
[3.275s]                  from [01m[K/opt/ros/humble/include/rclcpp/rclcpp/any_executable.hpp:25[m[K,
[3.275s]                  from [01m[K/opt/ros/humble/include/rclcpp/rclcpp/memory_strategy.hpp:25[m[K,
[3.275s]                  from [01m[K/opt/ros/humble/include/rclcpp/rclcpp/memory_strategies.hpp:18[m[K,
[3.275s]                  from [01m[K/opt/ros/humble/include/rclcpp/rclcpp/executor_options.hpp:20[m[K,
[3.275s]                  from [01m[K/opt/ros/humble/include/rclcpp/rclcpp/executor.hpp:37[m[K,
[3.275s]                  from [01m[K/opt/ros/humble/include/rclcpp/rclcpp/executors/multi_threaded_executor.hpp:25[m[K,
[3.275s]                  from [01m[K/opt/ros/humble/include/rclcpp/rclcpp/executors.hpp:21[m[K,
[3.276s]                  from [01m[K/opt/ros/humble/include/rclcpp/rclcpp/rclcpp.hpp:155[m[K,
[3.276s]                  from [01m[K/home/tky/workspace/openarm_ws/src/dxl_wt_openarm_leader/src/pub_position_node.cpp:18[m[K:
[3.276s] [01m[K/opt/ros/humble/include/rcl_interfaces/rcl_interfaces/msg/detail/set_parameters_result__struct.hpp:27:11:[m[K [01;36m[Knote: [m[K  ‘[01m[Krcl_interfaces::msg[m[K’
[3.276s]    27 | namespace [01;36m[Kmsg[m[K
[3.276s]       |           [01;36m[K^~~[m[K
[3.276s] In file included from [01m[K/opt/ros/humble/include/statistics_msgs/statistics_msgs/msg/detail/metrics_message__struct.hpp:23[m[K,
[3.276s]                  from [01m[K/opt/ros/humble/include/statistics_msgs/statistics_msgs/msg/metrics_message.hpp:7[m[K,
[3.276s]                  from [01m[K/opt/ros/humble/include/libstatistics_collector/libstatistics_collector/collector/generate_statistics_message.hpp:21[m[K,
[3.276s]                  from [01m[K/opt/ros/humble/include/rclcpp/rclcpp/topic_statistics/subscription_topic_statistics.hpp:23[m[K,
[3.276s]                  from [01m[K/opt/ros/humble/include/rclcpp/rclcpp/subscription.hpp:50[m[K,
[3.277s]                  from [01m[K/opt/ros/humble/include/rclcpp/rclcpp/any_executable.hpp:25[m[K,
[3.277s]                  from [01m[K/opt/ros/humble/include/rclcpp/rclcpp/memory_strategy.hpp:25[m[K,
[3.277s]                  from [01m[K/opt/ros/humble/include/rclcpp/rclcpp/memory_strategies.hpp:18[m[K,
[3.277s]                  from [01m[K/opt/ros/humble/include/rclcpp/rclcpp/executor_options.hpp:20[m[K,
[3.277s]                  from [01m[K/opt/ros/humble/include/rclcpp/rclcpp/executor.hpp:37[m[K,
[3.277s]                  from [01m[K/opt/ros/humble/include/rclcpp/rclcpp/executors/multi_threaded_executor.hpp:25[m[K,
[3.277s]                  from [01m[K/opt/ros/humble/include/rclcpp/rclcpp/executors.hpp:21[m[K,
[3.277s]                  from [01m[K/opt/ros/humble/include/rclcpp/rclcpp/rclcpp.hpp:155[m[K,
[3.277s]                  from [01m[K/home/tky/workspace/openarm_ws/src/dxl_wt_openarm_leader/src/pub_position_node.cpp:18[m[K:
[3.278s] [01m[K/opt/ros/humble/include/statistics_msgs/statistics_msgs/msg/detail/statistic_data_point__struct.hpp:27:11:[m[K [01;36m[Knote: [m[K  ‘[01m[Kstatistics_msgs::msg[m[K’
[3.278s]    27 | namespace [01;36m[Kmsg[m[K
[3.278s]       |           [01;36m[K^~~[m[K
[3.278s] In file included from [01m[K/home/tky/workspace/openarm_ws/install/dynamixel_sdk_custom_interfaces/include/dynamixel_sdk_custom_interfaces/dynamixel_sdk_custom_interfaces/msg/set_current.hpp:7[m[K,
[3.278s]                  from [01m[K/home/tky/workspace/openarm_ws/src/dxl_wt_openarm_leader/include/pub_dynamixel_data_node.hpp:20[m[K,
[3.278s]                  from [01m[K/home/tky/workspace/openarm_ws/src/dxl_wt_openarm_leader/src/pub_position_node.cpp:19[m[K:
[3.278s] [01m[K/home/tky/workspace/openarm_ws/install/dynamixel_sdk_custom_interfaces/include/dynamixel_sdk_custom_interfaces/dynamixel_sdk_custom_interfaces/msg/detail/set_current__struct.hpp:27:11:[m[K [01;36m[Knote: [m[K  ‘[01m[Kdynamixel_sdk_custom_interfaces::msg[m[K’
[3.278s]    27 | namespace [01;36m[Kmsg[m[K
[3.278s]       |           [01;36m[K^~~[m[K
[3.279s] [01m[K/home/tky/workspace/openarm_ws/src/dxl_wt_openarm_leader/src/pub_position_node.cpp:42:18:[m[K [01;31m[Kerror: [m[K‘[01m[Kpositions_3_[m[K’ was not declared in this scope
[3.279s]    42 |   msg.position = [01;31m[Kpositions_3_[m[K[current_position_index_];
[3.279s]       |                  [01;31m[K^~~~~~~~~~~~[m[K
[3.290s] [01m[K/home/tky/workspace/openarm_ws/src/dxl_wt_openarm_leader/src/pub_position_node.cpp:42:31:[m[K [01;31m[Kerror: [m[K‘[01m[Kcurrent_position_index_[m[K’ was not declared in this scope
[3.290s]    42 |   msg.position = positions_3_[[01;31m[Kcurrent_position_index_[m[K];
[3.290s]       |                               [01;31m[K^~~~~~~~~~~~~~~~~~~~~~~[m[K
[3.291s] In file included from [01m[K/opt/ros/humble/include/rclcpp/rclcpp/client.hpp:40[m[K,
[3.291s]                  from [01m[K/opt/ros/humble/include/rclcpp/rclcpp/callback_group.hpp:24[m[K,
[3.291s]                  from [01m[K/opt/ros/humble/include/rclcpp/rclcpp/any_executable.hpp:20[m[K,
[3.291s]                  from [01m[K/opt/ros/humble/include/rclcpp/rclcpp/memory_strategy.hpp:25[m[K,
[3.291s]                  from [01m[K/opt/ros/humble/include/rclcpp/rclcpp/memory_strategies.hpp:18[m[K,
[3.291s]                  from [01m[K/opt/ros/humble/include/rclcpp/rclcpp/executor_options.hpp:20[m[K,
[3.291s]                  from [01m[K/opt/ros/humble/include/rclcpp/rclcpp/executor.hpp:37[m[K,
[3.291s]                  from [01m[K/opt/ros/humble/include/rclcpp/rclcpp/executors/multi_threaded_executor.hpp:25[m[K,
[3.291s]                  from [01m[K/opt/ros/humble/include/rclcpp/rclcpp/executors.hpp:21[m[K,
[3.292s]                  from [01m[K/opt/ros/humble/include/rclcpp/rclcpp/rclcpp.hpp:155[m[K,
[3.292s]                  from [01m[K/home/tky/workspace/openarm_ws/src/dxl_wt_openarm_leader/src/pub_position_node.cpp:18[m[K:
[3.292s] [01m[K/home/tky/workspace/openarm_ws/src/dxl_wt_openarm_leader/src/pub_position_node.cpp:45:15:[m[K [01;31m[Kerror: [m[K‘[01m[Kget_logger[m[K’ was not declared in this scope; did you mean ‘[01m[Krclcpp::get_logger[m[K’?
[3.292s]    45 |   RCLCPP_INFO([01;31m[Kget_logger[m[K(), "Publishing ID: %d Position: %d", msg.id, msg.position);
[3.292s]       |               [01;31m[K^~~~~~~~~~[m[K
[3.292s] In file included from [01m[K/opt/ros/humble/include/rclcpp/rclcpp/logging.hpp:23[m[K,
[3.292s]                  from [01m[K/opt/ros/humble/include/rclcpp/rclcpp/client.hpp:40[m[K,
[3.292s]                  from [01m[K/opt/ros/humble/include/rclcpp/rclcpp/callback_group.hpp:24[m[K,
[3.292s]                  from [01m[K/opt/ros/humble/include/rclcpp/rclcpp/any_executable.hpp:20[m[K,
[3.292s]                  from [01m[K/opt/ros/humble/include/rclcpp/rclcpp/memory_strategy.hpp:25[m[K,
[3.293s]                  from [01m[K/opt/ros/humble/include/rclcpp/rclcpp/memory_strategies.hpp:18[m[K,
[3.293s]                  from [01m[K/opt/ros/humble/include/rclcpp/rclcpp/executor_options.hpp:20[m[K,
[3.293s]                  from [01m[K/opt/ros/humble/include/rclcpp/rclcpp/executor.hpp:37[m[K,
[3.293s]                  from [01m[K/opt/ros/humble/include/rclcpp/rclcpp/executors/multi_threaded_executor.hpp:25[m[K,
[3.293s]                  from [01m[K/opt/ros/humble/include/rclcpp/rclcpp/executors.hpp:21[m[K,
[3.293s]                  from [01m[K/opt/ros/humble/include/rclcpp/rclcpp/rclcpp.hpp:155[m[K,
[3.293s]                  from [01m[K/home/tky/workspace/openarm_ws/src/dxl_wt_openarm_leader/src/pub_position_node.cpp:18[m[K:
[3.293s] [01m[K/opt/ros/humble/include/rclcpp/rclcpp/logger.hpp:106:17:[m[K [01;36m[Knote: [m[K‘[01m[Krclcpp::get_logger[m[K’ declared here
[3.293s]   106 |   friend Logger [01;36m[Krclcpp[m[K::get_logger(const std::string & name);
[3.293s]       |                 [01;36m[K^~~~~~[m[K
[3.294s] In file included from [01m[K/opt/ros/humble/include/rclcpp/rclcpp/client.hpp:40[m[K,
[3.294s]                  from [01m[K/opt/ros/humble/include/rclcpp/rclcpp/callback_group.hpp:24[m[K,
[3.294s]                  from [01m[K/opt/ros/humble/include/rclcpp/rclcpp/any_executable.hpp:20[m[K,
[3.294s]                  from [01m[K/opt/ros/humble/include/rclcpp/rclcpp/memory_strategy.hpp:25[m[K,
[3.294s]                  from [01m[K/opt/ros/humble/include/rclcpp/rclcpp/memory_strategies.hpp:18[m[K,
[3.294s]                  from [01m[K/opt/ros/humble/include/rclcpp/rclcpp/executor_options.hpp:20[m[K,
[3.294s]                  from [01m[K/opt/ros/humble/include/rclcpp/rclcpp/executor.hpp:37[m[K,
[3.294s]                  from [01m[K/opt/ros/humble/include/rclcpp/rclcpp/executors/multi_threaded_executor.hpp:25[m[K,
[3.294s]                  from [01m[K/opt/ros/humble/include/rclcpp/rclcpp/executors.hpp:21[m[K,
[3.295s]                  from [01m[K/opt/ros/humble/include/rclcpp/rclcpp/rclcpp.hpp:155[m[K,
[3.295s]                  from [01m[K/home/tky/workspace/openarm_ws/src/dxl_wt_openarm_leader/src/pub_position_node.cpp:18[m[K:
[3.295s] [01m[K/home/tky/workspace/openarm_ws/src/dxl_wt_openarm_leader/src/pub_position_node.cpp:45:3:[m[K [01;31m[Kerror: [m[Ktemplate argument 1 is invalid
[3.295s]    45 |   [01;31m[KRCLCPP_INFO[m[K(get_logger(), "Publishing ID: %d Position: %d", msg.id, msg.position);
[3.295s]       |   [01;31m[K^~~~~~~~~~~[m[K
[3.295s] [01m[K/home/tky/workspace/openarm_ws/src/dxl_wt_openarm_leader/src/pub_position_node.cpp:45:3:[m[K [01;31m[Kerror: [m[Ktemplate argument 1 is invalid
[3.295s]    45 |   [01;31m[KRCLCPP_INFO[m[K(get_logger(), "Publishing ID: %d Position: %d", msg.id, msg.position);
[3.295s]       |   [01;31m[K^~~~~~~~~~~[m[K
[3.295s] [01m[K/home/tky/workspace/openarm_ws/src/dxl_wt_openarm_leader/src/pub_position_node.cpp:45:3:[m[K [01;31m[Kerror: [m[Ktemplate argument 1 is invalid
[3.295s]    45 |   [01;31m[KRCLCPP_INFO[m[K(get_logger(), "Publishing ID: %d Position: %d", msg.id, msg.position);
[3.296s]       |   [01;31m[K^~~~~~~~~~~[m[K
[3.297s] [01m[K/home/tky/workspace/openarm_ws/src/dxl_wt_openarm_leader/src/pub_position_node.cpp:47:3:[m[K [01;31m[Kerror: [m[K‘[01m[Kpublisher_[m[K’ was not declared in this scope
[3.297s]    47 |   [01;31m[Kpublisher_[m[K->publish(msg);
[3.297s]       |   [01;31m[K^~~~~~~~~~[m[K
[3.305s] [01m[K/home/tky/workspace/openarm_ws/src/dxl_wt_openarm_leader/src/pub_position_node.cpp:[m[K In function ‘[01m[Kint main(int, char**)[m[K’:
[3.305s] [01m[K/home/tky/workspace/openarm_ws/src/dxl_wt_openarm_leader/src/pub_position_node.cpp:54:32:[m[K [01;31m[Kerror: [m[K‘[01m[KJointPubNode[m[K’ was not declared in this scope; did you mean ‘[01m[KJointCurrentPubNode[m[K’?
[3.305s]    54 |   auto node = std::make_shared<[01;31m[KJointPubNode[m[K>();
[3.305s]       |                                [01;31m[K^~~~~~~~~~~~[m[K
[3.305s]       |                                [32m[KJointCurrentPubNode[m[K
[3.305s] [01m[K/home/tky/workspace/openarm_ws/src/dxl_wt_openarm_leader/src/pub_position_node.cpp:54:45:[m[K [01;31m[Kerror: [m[Kno matching function for call to ‘[01m[Kmake_shared<<expression error> >()[m[K’
[3.305s]    54 |   auto node = [01;31m[Kstd::make_shared<JointPubNode>()[m[K;
[3.305s]       |               [01;31m[K~~~~~~~~~~~~~~~~~~~~~~~~~~~~~~^~[m[K
[3.306s] In file included from [01m[K/usr/include/c++/11/memory:77[m[K,
[3.306s]                  from [01m[K/opt/ros/humble/include/rclcpp/rclcpp/rclcpp.hpp:153[m[K,
[3.306s]                  from [01m[K/home/tky/workspace/openarm_ws/src/dxl_wt_openarm_leader/src/pub_position_node.cpp:18[m[K:
[3.306s] [01m[K/usr/include/c++/11/bits/shared_ptr.h:875:5:[m[K [01;36m[Knote: [m[Kcandidate: ‘[01m[Ktemplate<class _Tp, class ... _Args> std::shared_ptr<_Tp> std::make_shared(_Args&& ...)[m[K’
[3.306s]   875 |     [01;36m[Kmake_shared[m[K(_Args&&... __args)
[3.306s]       |     [01;36m[K^~~~~~~~~~~[m[K
[3.306s] [01m[K/usr/include/c++/11/bits/shared_ptr.h:875:5:[m[K [01;36m[Knote: [m[K  template argument deduction/substitution failed:
[3.306s] [01m[K/home/tky/workspace/openarm_ws/src/dxl_wt_openarm_leader/src/pub_position_node.cpp:54:45:[m[K [01;31m[Kerror: [m[Ktemplate argument 1 is invalid
[3.306s]    54 |   auto node = [01;31m[Kstd::make_shared<JointPubNode>()[m[K;
[3.306s]       |               [01;31m[K~~~~~~~~~~~~~~~~~~~~~~~~~~~~~~^~[m[K
[3.313s] In file included from [01m[K/home/tky/workspace/openarm_ws/src/dxl_wt_openarm_leader/src/pub_current_node.cpp:19[m[K:
[3.313s] [01m[K/home/tky/workspace/openarm_ws/src/dxl_wt_openarm_leader/include/pub_dynamixel_data_node.hpp:29:3:[m[K [01;31m[Kerror: [m[KISO C++ forbids declaration of ‘[01m[KJointPubNode[m[K’ with no type [[01;31m[K]8;;https://gcc.gnu.org/onlinedocs/gcc/Warning-Options.html#index-fpermissive-fpermissive]8;;[m[K]
[3.313s]    29 |   [01;31m[KJointPubNode[m[K();
[3.313s]       |   [01;31m[K^~~~~~~~~~~~[m[K
[3.352s] [01m[K/home/tky/workspace/openarm_ws/src/dxl_wt_openarm_leader/src/pub_current_node.cpp:[m[K In member function ‘[01m[Kvoid JointCurrentPubNode::publishData()[m[K’:
[3.352s] [01m[K/home/tky/workspace/openarm_ws/src/dxl_wt_openarm_leader/src/pub_current_node.cpp:41:17:[m[K [01;31m[Kerror: [m[K‘[01m[Kcurrents_0_[m[K’ was not declared in this scope; did you mean ‘[01m[Kcurrents_5_[m[K’?
[3.352s]    41 |   msg.current = [01;31m[Kcurrents_0_[m[K[current_position_index_];
[3.352s]       |                 [01;31m[K^~~~~~~~~~~[m[K
[3.352s]       |                 [32m[Kcurrents_5_[m[K
[3.846s] gmake[2]: *** [CMakeFiles/pub_position_node.dir/build.make:76: CMakeFiles/pub_position_node.dir/src/pub_position_node.cpp.o] Error 1
[3.846s] gmake[1]: *** [CMakeFiles/Makefile2:167: CMakeFiles/pub_position_node.dir/all] Error 2
[3.846s] gmake[1]: *** Waiting for unfinished jobs....
[4.314s] gmake[2]: *** [CMakeFiles/pub_current_node.dir/build.make:76: CMakeFiles/pub_current_node.dir/src/pub_current_node.cpp.o] Error 1
[4.314s] gmake[1]: *** [CMakeFiles/Makefile2:193: CMakeFiles/pub_current_node.dir/all] Error 2
[4.315s] gmake: *** [Makefile:146: all] Error 2
[4.317s] Invoked command in '/home/tky/workspace/openarm_ws/build/dxl_wt_openarm_leader' returned '2': CMAKE_PREFIX_PATH=/home/tky/workspace/openarm_ws/install/dynamixel_sdk_custom_interfaces:/home/tky/workspace/openarm_ws/install/dynamixel_sdk:/home/tky/workspace/openarm_ws/install/openarm_bimanual_moveit_config:/home/tky/workspace/openarm_ws/install/openarm:/home/tky/workspace/openarm_ws/install/openarm_description:/home/tky/workspace/openarm_ws/install/openarm_bringup:/home/tky/workspace/openarm_ws/install/dynamixel_sdk_examples:/home/tky/workspace/openarm_ws/install/dxl_wt_openarm_leader:/home/tky/workspace/openarm_ws/install/dxl_openarm_leader:/opt/ros/humble /home/tky/.pyenv/shims/cmake --build /home/tky/workspace/openarm_ws/build/dxl_wt_openarm_leader -- -j12 -l12
