Consolidate compiler generated dependencies of target read_write_wt_position_node
[ 33%] Built target pub_current_node
[ 50%] Building CXX object CMakeFiles/read_write_wt_position_node.dir/src/read_write_wt_position_node.cpp.o
[ 83%] Built target pub_position_node
/home/tky/workspace/openarm_ws/src/dxl_wt_openarm_leader/src/read_write_wt_position_node.cpp: In member function ‘void ReadWriteWTNode::motion_compensation()’:
/home/tky/workspace/openarm_ws/src/dxl_wt_openarm_leader/src/read_write_wt_position_node.cpp:172:33: error: no matching function for call to ‘clamp(int16_t&, int, const int&)’
  172 |     goal_current_mA = std::clamp(goal_current_mA, -CURRENT_LIMIT_mA, CURRENT_LIMIT_mA);
      |                       ~~~~~~~~~~^~~~~~~~~~~~~~~~~~~~~~~~~~~~~~~~~~~~~~~~~~~~~~~~~~~~~~
In file included from /usr/include/c++/11/algorithm:62,
                 from /home/tky/workspace/openarm_ws/src/dxl_wt_openarm_leader/src/read_write_wt_position_node.cpp:39:
/usr/include/c++/11/bits/stl_algo.h:3656:5: note: candidate: ‘template<class _Tp> constexpr const _Tp& std::clamp(const _Tp&, const _Tp&, const _Tp&)’
 3656 |     clamp(const _Tp& __val, const _Tp& __lo, const _Tp& __hi)
      |     ^~~~~
/usr/include/c++/11/bits/stl_algo.h:3656:5: note:   template argument deduction/substitution failed:
/home/tky/workspace/openarm_ws/src/dxl_wt_openarm_leader/src/read_write_wt_position_node.cpp:172:33: note:   deduced conflicting types for parameter ‘const _Tp’ (‘short int’ and ‘int’)
  172 |     goal_current_mA = std::clamp(goal_current_mA, -CURRENT_LIMIT_mA, CURRENT_LIMIT_mA);
      |                       ~~~~~~~~~~^~~~~~~~~~~~~~~~~~~~~~~~~~~~~~~~~~~~~~~~~~~~~~~~~~~~~~
In file included from /usr/include/c++/11/algorithm:62,
                 from /home/tky/workspace/openarm_ws/src/dxl_wt_openarm_leader/src/read_write_wt_position_node.cpp:39:
/usr/include/c++/11/bits/stl_algo.h:3674:5: note: candidate: ‘template<class _Tp, class _Compare> constexpr const _Tp& std::clamp(const _Tp&, const _Tp&, const _Tp&, _Compare)’
 3674 |     clamp(const _Tp& __val, const _Tp& __lo, const _Tp& __hi, _Compare __comp)
      |     ^~~~~
/usr/include/c++/11/bits/stl_algo.h:3674:5: note:   template argument deduction/substitution failed:
/home/tky/workspace/openarm_ws/src/dxl_wt_openarm_leader/src/read_write_wt_position_node.cpp:172:33: note:   deduced conflicting types for parameter ‘const _Tp’ (‘short int’ and ‘int’)
  172 |     goal_current_mA = std::clamp(goal_current_mA, -CURRENT_LIMIT_mA, CURRENT_LIMIT_mA);
      |                       ~~~~~~~~~~^~~~~~~~~~~~~~~~~~~~~~~~~~~~~~~~~~~~~~~~~~~~~~~~~~~~~~
gmake[2]: *** [CMakeFiles/read_write_wt_position_node.dir/build.make:76: CMakeFiles/read_write_wt_position_node.dir/src/read_write_wt_position_node.cpp.o] Error 1
gmake[1]: *** [CMakeFiles/Makefile2:141: CMakeFiles/read_write_wt_position_node.dir/all] Error 2
gmake: *** [Makefile:146: all] Error 2
