[35m[1mConsolidate compiler generated dependencies of target read_write_wt_position_node[0m
[ 33%] Built target pub_current_node
[ 66%] Built target pub_position_node
[ 83%] [32mBuilding CXX object CMakeFiles/read_write_wt_position_node.dir/src/read_write_wt_position_node.cpp.o[0m
[01m[K/home/tky/workspace/openarm_ws/src/dxl_wt_openarm_leader/src/read_write_wt_position_node.cpp:[m[K In member function ‘[01m[Kvoid ReadWriteWTNode::motion_compensation()[m[K’:
[01m[K/home/tky/workspace/openarm_ws/src/dxl_wt_openarm_leader/src/read_write_wt_position_node.cpp:172:33:[m[K [01;31m[Kerror: [m[Kno matching function for call to ‘[01m[Kclamp(int16_t&, int, const int16_t&)[m[K’
  172 |     goal_current_mA = [01;31m[Kstd::clamp(goal_current_mA, -CURRENT_LIMIT_mA, CURRENT_LIMIT_mA)[m[K;
      |                       [01;31m[K~~~~~~~~~~^~~~~~~~~~~~~~~~~~~~~~~~~~~~~~~~~~~~~~~~~~~~~~~~~~~~~~[m[K
In file included from [01m[K/usr/include/c++/11/algorithm:62[m[K,
                 from [01m[K/home/tky/workspace/openarm_ws/src/dxl_wt_openarm_leader/src/read_write_wt_position_node.cpp:39[m[K:
[01m[K/usr/include/c++/11/bits/stl_algo.h:3656:5:[m[K [01;36m[Knote: [m[Kcandidate: ‘[01m[Ktemplate<class _Tp> constexpr const _Tp& std::clamp(const _Tp&, const _Tp&, const _Tp&)[m[K’
 3656 |     [01;36m[Kclamp[m[K(const _Tp& __val, const _Tp& __lo, const _Tp& __hi)
      |     [01;36m[K^~~~~[m[K
[01m[K/usr/include/c++/11/bits/stl_algo.h:3656:5:[m[K [01;36m[Knote: [m[K  template argument deduction/substitution failed:
[01m[K/home/tky/workspace/openarm_ws/src/dxl_wt_openarm_leader/src/read_write_wt_position_node.cpp:172:33:[m[K [01;36m[Knote: [m[K  deduced conflicting types for parameter ‘[01m[Kconst _Tp[m[K’ (‘[01m[Kshort int[m[K’ and ‘[01m[Kint[m[K’)
  172 |     goal_current_mA = [01;36m[Kstd::clamp(goal_current_mA, -CURRENT_LIMIT_mA, CURRENT_LIMIT_mA)[m[K;
      |                       [01;36m[K~~~~~~~~~~^~~~~~~~~~~~~~~~~~~~~~~~~~~~~~~~~~~~~~~~~~~~~~~~~~~~~~[m[K
In file included from [01m[K/usr/include/c++/11/algorithm:62[m[K,
                 from [01m[K/home/tky/workspace/openarm_ws/src/dxl_wt_openarm_leader/src/read_write_wt_position_node.cpp:39[m[K:
[01m[K/usr/include/c++/11/bits/stl_algo.h:3674:5:[m[K [01;36m[Knote: [m[Kcandidate: ‘[01m[Ktemplate<class _Tp, class _Compare> constexpr const _Tp& std::clamp(const _Tp&, const _Tp&, const _Tp&, _Compare)[m[K’
 3674 |     [01;36m[Kclamp[m[K(const _Tp& __val, const _Tp& __lo, const _Tp& __hi, _Compare __comp)
      |     [01;36m[K^~~~~[m[K
[01m[K/usr/include/c++/11/bits/stl_algo.h:3674:5:[m[K [01;36m[Knote: [m[K  template argument deduction/substitution failed:
[01m[K/home/tky/workspace/openarm_ws/src/dxl_wt_openarm_leader/src/read_write_wt_position_node.cpp:172:33:[m[K [01;36m[Knote: [m[K  deduced conflicting types for parameter ‘[01m[Kconst _Tp[m[K’ (‘[01m[Kshort int[m[K’ and ‘[01m[Kint[m[K’)
  172 |     goal_current_mA = [01;36m[Kstd::clamp(goal_current_mA, -CURRENT_LIMIT_mA, CURRENT_LIMIT_mA)[m[K;
      |                       [01;36m[K~~~~~~~~~~^~~~~~~~~~~~~~~~~~~~~~~~~~~~~~~~~~~~~~~~~~~~~~~~~~~~~~[m[K
gmake[2]: *** [CMakeFiles/read_write_wt_position_node.dir/build.make:76: CMakeFiles/read_write_wt_position_node.dir/src/read_write_wt_position_node.cpp.o] Error 1
gmake[1]: *** [CMakeFiles/Makefile2:141: CMakeFiles/read_write_wt_position_node.dir/all] Error 2
gmake: *** [Makefile:146: all] Error 2
