[0.021s] Invoking command in '/home/tky/workspace/openarm_ws/build/dxl_wt_openarm_leader': CMAKE_PREFIX_PATH=/home/tky/workspace/openarm_ws/install/dynamixel_sdk_custom_interfaces:/home/tky/workspace/openarm_ws/install/dynamixel_sdk:/home/tky/workspace/openarm_ws/install/openarm_bimanual_moveit_config:/home/tky/workspace/openarm_ws/install/openarm:/home/tky/workspace/openarm_ws/install/openarm_description:/home/tky/workspace/openarm_ws/install/openarm_bringup:/home/tky/workspace/openarm_ws/install/dynamixel_sdk_examples:/home/tky/workspace/openarm_ws/install/dxl_wt_openarm_leader:/home/tky/workspace/openarm_ws/install/dxl_openarm_leader:/opt/ros/humble /home/tky/.pyenv/shims/cmake --build /home/tky/workspace/openarm_ws/build/dxl_wt_openarm_leader -- -j12 -l12
[0.141s] [35m[1mConsolidate compiler generated dependencies of target read_write_wt_position_node[0m
[0.175s] [ 33%] Built target pub_current_node
[0.180s] [ 66%] Built target pub_position_node
[0.180s] [ 83%] [32mBuilding CXX object CMakeFiles/read_write_wt_position_node.dir/src/read_write_wt_position_node.cpp.o[0m
[2.954s] [01m[K/home/tky/workspace/openarm_ws/src/dxl_wt_openarm_leader/src/read_write_wt_position_node.cpp:[m[K In member function ‘[01m[Kvoid ReadWriteWTNode::motion_compensation()[m[K’:
[2.954s] [01m[K/home/tky/workspace/openarm_ws/src/dxl_wt_openarm_leader/src/read_write_wt_position_node.cpp:172:33:[m[K [01;31m[Kerror: [m[Kno matching function for call to ‘[01m[Kclamp(int16_t&, int, const int16_t&)[m[K’
[2.954s]   172 |     goal_current_mA = [01;31m[Kstd::clamp(goal_current_mA, -CURRENT_LIMIT_mA, CURRENT_LIMIT_mA)[m[K;
[2.954s]       |                       [01;31m[K~~~~~~~~~~^~~~~~~~~~~~~~~~~~~~~~~~~~~~~~~~~~~~~~~~~~~~~~~~~~~~~~[m[K
[2.954s] In file included from [01m[K/usr/include/c++/11/algorithm:62[m[K,
[2.954s]                  from [01m[K/home/tky/workspace/openarm_ws/src/dxl_wt_openarm_leader/src/read_write_wt_position_node.cpp:39[m[K:
[2.954s] [01m[K/usr/include/c++/11/bits/stl_algo.h:3656:5:[m[K [01;36m[Knote: [m[Kcandidate: ‘[01m[Ktemplate<class _Tp> constexpr const _Tp& std::clamp(const _Tp&, const _Tp&, const _Tp&)[m[K’
[2.954s]  3656 |     [01;36m[Kclamp[m[K(const _Tp& __val, const _Tp& __lo, const _Tp& __hi)
[2.954s]       |     [01;36m[K^~~~~[m[K
[2.954s] [01m[K/usr/include/c++/11/bits/stl_algo.h:3656:5:[m[K [01;36m[Knote: [m[K  template argument deduction/substitution failed:
[2.955s] [01m[K/home/tky/workspace/openarm_ws/src/dxl_wt_openarm_leader/src/read_write_wt_position_node.cpp:172:33:[m[K [01;36m[Knote: [m[K  deduced conflicting types for parameter ‘[01m[Kconst _Tp[m[K’ (‘[01m[Kshort int[m[K’ and ‘[01m[Kint[m[K’)
[2.955s]   172 |     goal_current_mA = [01;36m[Kstd::clamp(goal_current_mA, -CURRENT_LIMIT_mA, CURRENT_LIMIT_mA)[m[K;
[2.955s]       |                       [01;36m[K~~~~~~~~~~^~~~~~~~~~~~~~~~~~~~~~~~~~~~~~~~~~~~~~~~~~~~~~~~~~~~~~[m[K
[2.955s] In file included from [01m[K/usr/include/c++/11/algorithm:62[m[K,
[2.955s]                  from [01m[K/home/tky/workspace/openarm_ws/src/dxl_wt_openarm_leader/src/read_write_wt_position_node.cpp:39[m[K:
[2.955s] [01m[K/usr/include/c++/11/bits/stl_algo.h:3674:5:[m[K [01;36m[Knote: [m[Kcandidate: ‘[01m[Ktemplate<class _Tp, class _Compare> constexpr const _Tp& std::clamp(const _Tp&, const _Tp&, const _Tp&, _Compare)[m[K’
[2.955s]  3674 |     [01;36m[Kclamp[m[K(const _Tp& __val, const _Tp& __lo, const _Tp& __hi, _Compare __comp)
[2.955s]       |     [01;36m[K^~~~~[m[K
[2.955s] [01m[K/usr/include/c++/11/bits/stl_algo.h:3674:5:[m[K [01;36m[Knote: [m[K  template argument deduction/substitution failed:
[2.955s] [01m[K/home/tky/workspace/openarm_ws/src/dxl_wt_openarm_leader/src/read_write_wt_position_node.cpp:172:33:[m[K [01;36m[Knote: [m[K  deduced conflicting types for parameter ‘[01m[Kconst _Tp[m[K’ (‘[01m[Kshort int[m[K’ and ‘[01m[Kint[m[K’)
[2.955s]   172 |     goal_current_mA = [01;36m[Kstd::clamp(goal_current_mA, -CURRENT_LIMIT_mA, CURRENT_LIMIT_mA)[m[K;
[2.955s]       |                       [01;36m[K~~~~~~~~~~^~~~~~~~~~~~~~~~~~~~~~~~~~~~~~~~~~~~~~~~~~~~~~~~~~~~~~[m[K
[5.843s] gmake[2]: *** [CMakeFiles/read_write_wt_position_node.dir/build.make:76: CMakeFiles/read_write_wt_position_node.dir/src/read_write_wt_position_node.cpp.o] Error 1
[5.843s] gmake[1]: *** [CMakeFiles/Makefile2:141: CMakeFiles/read_write_wt_position_node.dir/all] Error 2
[5.843s] gmake: *** [Makefile:146: all] Error 2
[5.860s] Invoked command in '/home/tky/workspace/openarm_ws/build/dxl_wt_openarm_leader' returned '2': CMAKE_PREFIX_PATH=/home/tky/workspace/openarm_ws/install/dynamixel_sdk_custom_interfaces:/home/tky/workspace/openarm_ws/install/dynamixel_sdk:/home/tky/workspace/openarm_ws/install/openarm_bimanual_moveit_config:/home/tky/workspace/openarm_ws/install/openarm:/home/tky/workspace/openarm_ws/install/openarm_description:/home/tky/workspace/openarm_ws/install/openarm_bringup:/home/tky/workspace/openarm_ws/install/dynamixel_sdk_examples:/home/tky/workspace/openarm_ws/install/dxl_wt_openarm_leader:/home/tky/workspace/openarm_ws/install/dxl_openarm_leader:/opt/ros/humble /home/tky/.pyenv/shims/cmake --build /home/tky/workspace/openarm_ws/build/dxl_wt_openarm_leader -- -j12 -l12
