[0.025s] Invoking command in '/home/tky/workspace/openarm_ws/build/dxl_wt_openarm_leader': CMAKE_PREFIX_PATH=/home/tky/workspace/openarm_ws/install/dynamixel_sdk_custom_interfaces:/home/tky/workspace/openarm_ws/install/dynamixel_sdk:/home/tky/workspace/openarm_ws/install/openarm_bimanual_moveit_config:/home/tky/workspace/openarm_ws/install/openarm:/home/tky/workspace/openarm_ws/install/openarm_description:/home/tky/workspace/openarm_ws/install/openarm_bringup:/home/tky/workspace/openarm_ws/install/dynamixel_sdk_examples:/home/tky/workspace/openarm_ws/install/dxl_wt_openarm_leader:/home/tky/workspace/openarm_ws/install/dxl_openarm_leader:/opt/ros/humble /home/tky/.pyenv/shims/cmake --build /home/tky/workspace/openarm_ws/build/dxl_wt_openarm_leader -- -j12 -l12
[0.157s] [ 33%] Built target pub_position_node
[0.162s] [ 50%] [32mBuilding CXX object CMakeFiles/read_write_wt_position_node.dir/src/read_write_wt_position_node.cpp.o[0m
[0.170s] [ 83%] Built target pub_current_node
[2.709s] [01m[K/home/tky/workspace/openarm_ws/src/dxl_wt_openarm_leader/src/read_write_wt_position_node.cpp:134:6:[m[K [01;31m[Kerror: [m[Kno declaration matches ‘[01m[Kvoid ReadWriteWTNode::motion_compensation()[m[K’
[2.709s]   134 | void [01;31m[KReadWriteWTNode[m[K::motion_compensation()
[2.709s]       |      [01;31m[K^~~~~~~~~~~~~~~[m[K
[2.709s] [01m[K/home/tky/workspace/openarm_ws/src/dxl_wt_openarm_leader/src/read_write_wt_position_node.cpp:134:6:[m[K [01;36m[Knote: [m[Kno functions named ‘[01m[Kvoid ReadWriteWTNode::motion_compensation()[m[K’
[2.709s] In file included from [01m[K/home/tky/workspace/openarm_ws/src/dxl_wt_openarm_leader/src/read_write_wt_position_node.cpp:47[m[K:
[2.709s] [01m[K/home/tky/workspace/openarm_ws/src/dxl_wt_openarm_leader/include/read_write_wt_position_node.hpp:35:7:[m[K [01;36m[Knote: [m[K‘[01m[Kclass ReadWriteWTNode[m[K’ defined here
[2.709s]    35 | class [01;36m[KReadWriteWTNode[m[K : public rclcpp::Node
[2.709s]       |       [01;36m[K^~~~~~~~~~~~~~~[m[K
[2.724s] [01m[K/home/tky/workspace/openarm_ws/src/dxl_wt_openarm_leader/src/read_write_wt_position_node.cpp:[m[K In member function ‘[01m[Kvoid ReadWriteWTNode::read_present_position()[m[K’:
[2.725s] [01m[K/home/tky/workspace/openarm_ws/src/dxl_wt_openarm_leader/src/read_write_wt_position_node.cpp:240:5:[m[K [01;31m[Kerror: [m[K‘[01m[Kmotion_compensation[m[K’ was not declared in this scope
[2.725s]   240 |     [01;31m[Kmotion_compensation[m[K();
[2.725s]       |     [01;31m[K^~~~~~~~~~~~~~~~~~~[m[K
[5.460s] gmake[2]: *** [CMakeFiles/read_write_wt_position_node.dir/build.make:76: CMakeFiles/read_write_wt_position_node.dir/src/read_write_wt_position_node.cpp.o] Error 1
[5.461s] gmake[1]: *** [CMakeFiles/Makefile2:141: CMakeFiles/read_write_wt_position_node.dir/all] Error 2
[5.461s] gmake: *** [Makefile:146: all] Error 2
[5.463s] Invoked command in '/home/tky/workspace/openarm_ws/build/dxl_wt_openarm_leader' returned '2': CMAKE_PREFIX_PATH=/home/tky/workspace/openarm_ws/install/dynamixel_sdk_custom_interfaces:/home/tky/workspace/openarm_ws/install/dynamixel_sdk:/home/tky/workspace/openarm_ws/install/openarm_bimanual_moveit_config:/home/tky/workspace/openarm_ws/install/openarm:/home/tky/workspace/openarm_ws/install/openarm_description:/home/tky/workspace/openarm_ws/install/openarm_bringup:/home/tky/workspace/openarm_ws/install/dynamixel_sdk_examples:/home/tky/workspace/openarm_ws/install/dxl_wt_openarm_leader:/home/tky/workspace/openarm_ws/install/dxl_openarm_leader:/opt/ros/humble /home/tky/.pyenv/shims/cmake --build /home/tky/workspace/openarm_ws/build/dxl_wt_openarm_leader -- -j12 -l12
