[0.023s] Invoking command in '/home/tky/workspace/openarm_ws/build/dynamixel_sdk_examples': CMAKE_PREFIX_PATH=/home/tky/workspace/openarm_ws/install/dynamixel_sdk_custom_interfaces:/home/tky/workspace/openarm_ws/install/dynamixel_sdk:/home/tky/workspace/openarm_ws/install/openarm_bimanual_moveit_config:/home/tky/workspace/openarm_ws/install/openarm:/home/tky/workspace/openarm_ws/install/openarm_description:/home/tky/workspace/openarm_ws/install/openarm_bringup:/home/tky/workspace/openarm_ws/install/dynamixel_sdk_examples:/home/tky/workspace/openarm_ws/install/dxl_openarm_leader:/home/tky/ros2_ws/install/dxl_openarm_leader:/home/tky/workspace/test_ws/install/test:/home/tky/ros2_ws/install/dynamixel_teleop_controller:/home/tky/ros2_ws/install/dynamixel_sdk_examples:/home/tky/ros2_ws/install/dynamixel_sdk_custom_interfaces:/home/tky/ros2_ws/install/dynamixel_sdk:/home/tky/ros2_ws/install/dynamixel_controller:/home/tky/turtlebot3_ws/install/turtlebot3:/home/tky/turtlebot3_ws/install/turtlebot3_simulations:/home/tky/turtlebot3_ws/install/turtlebot3_bringup:/home/tky/turtlebot3_ws/install/turtlebot3_node:/home/tky/turtlebot3_ws/install/turtlebot3_navigation2:/home/tky/turtlebot3_ws/install/turtlebot3_fake_node:/home/tky/turtlebot3_ws/install/turtlebot3_msgs:/home/tky/turtlebot3_ws/install/turtlebot3_manipulation_gazebo:/home/tky/turtlebot3_ws/install/turtlebot3_gazebo:/home/tky/turtlebot3_ws/install/turtlebot3_description:/home/tky/turtlebot3_ws/install/turtlebot3_cartographer:/home/tky/turtlebot3_ws/install/dynamixel_sdk_examples:/home/tky/turtlebot3_ws/install/dynamixel_sdk_custom_interfaces:/home/tky/turtlebot3_ws/install/dynamixel_sdk:/home/tky/turtlebot3_ws/install/turtlebot3_teleop:/home/tky/turtlebot3_ws/install/turtlebot3_example:/opt/ros/humble /home/tky/.pyenv/shims/cmake --build /home/tky/workspace/openarm_ws/build/dynamixel_sdk_examples -- -j12 -l12
[0.213s] [ 10%] Built target read_write_current_node
[0.213s] [ 20%] Built target read_write_current_pos_v1_node
[0.215s] [ 30%] Built target pub_current_node
[0.232s] [ 40%] Built target pub_position_node
[0.235s] [ 50%] Built target pub_current_pos_v1_node
[0.238s] [ 60%] Built target read_write_current_pos_v2_node
[0.238s] [ 70%] Built target read_write_velocity_node
[0.238s] [ 80%] Built target pub_velocity_node
[0.243s] [ 90%] Built target read_write_position_node
[0.244s] [100%] Built target pub_current_pos_v2_node
[0.267s] Invoked command in '/home/tky/workspace/openarm_ws/build/dynamixel_sdk_examples' returned '0': CMAKE_PREFIX_PATH=/home/tky/workspace/openarm_ws/install/dynamixel_sdk_custom_interfaces:/home/tky/workspace/openarm_ws/install/dynamixel_sdk:/home/tky/workspace/openarm_ws/install/openarm_bimanual_moveit_config:/home/tky/workspace/openarm_ws/install/openarm:/home/tky/workspace/openarm_ws/install/openarm_description:/home/tky/workspace/openarm_ws/install/openarm_bringup:/home/tky/workspace/openarm_ws/install/dynamixel_sdk_examples:/home/tky/workspace/openarm_ws/install/dxl_openarm_leader:/home/tky/ros2_ws/install/dxl_openarm_leader:/home/tky/workspace/test_ws/install/test:/home/tky/ros2_ws/install/dynamixel_teleop_controller:/home/tky/ros2_ws/install/dynamixel_sdk_examples:/home/tky/ros2_ws/install/dynamixel_sdk_custom_interfaces:/home/tky/ros2_ws/install/dynamixel_sdk:/home/tky/ros2_ws/install/dynamixel_controller:/home/tky/turtlebot3_ws/install/turtlebot3:/home/tky/turtlebot3_ws/install/turtlebot3_simulations:/home/tky/turtlebot3_ws/install/turtlebot3_bringup:/home/tky/turtlebot3_ws/install/turtlebot3_node:/home/tky/turtlebot3_ws/install/turtlebot3_navigation2:/home/tky/turtlebot3_ws/install/turtlebot3_fake_node:/home/tky/turtlebot3_ws/install/turtlebot3_msgs:/home/tky/turtlebot3_ws/install/turtlebot3_manipulation_gazebo:/home/tky/turtlebot3_ws/install/turtlebot3_gazebo:/home/tky/turtlebot3_ws/install/turtlebot3_description:/home/tky/turtlebot3_ws/install/turtlebot3_cartographer:/home/tky/turtlebot3_ws/install/dynamixel_sdk_examples:/home/tky/turtlebot3_ws/install/dynamixel_sdk_custom_interfaces:/home/tky/turtlebot3_ws/install/dynamixel_sdk:/home/tky/turtlebot3_ws/install/turtlebot3_teleop:/home/tky/turtlebot3_ws/install/turtlebot3_example:/opt/ros/humble /home/tky/.pyenv/shims/cmake --build /home/tky/workspace/openarm_ws/build/dynamixel_sdk_examples -- -j12 -l12
[0.268s] Invoking command in '/home/tky/workspace/openarm_ws/build/dynamixel_sdk_examples': CMAKE_PREFIX_PATH=/home/tky/workspace/openarm_ws/install/dynamixel_sdk_custom_interfaces:/home/tky/workspace/openarm_ws/install/dynamixel_sdk:/home/tky/workspace/openarm_ws/install/openarm_bimanual_moveit_config:/home/tky/workspace/openarm_ws/install/openarm:/home/tky/workspace/openarm_ws/install/openarm_description:/home/tky/workspace/openarm_ws/install/openarm_bringup:/home/tky/workspace/openarm_ws/install/dynamixel_sdk_examples:/home/tky/workspace/openarm_ws/install/dxl_openarm_leader:/home/tky/ros2_ws/install/dxl_openarm_leader:/home/tky/workspace/test_ws/install/test:/home/tky/ros2_ws/install/dynamixel_teleop_controller:/home/tky/ros2_ws/install/dynamixel_sdk_examples:/home/tky/ros2_ws/install/dynamixel_sdk_custom_interfaces:/home/tky/ros2_ws/install/dynamixel_sdk:/home/tky/ros2_ws/install/dynamixel_controller:/home/tky/turtlebot3_ws/install/turtlebot3:/home/tky/turtlebot3_ws/install/turtlebot3_simulations:/home/tky/turtlebot3_ws/install/turtlebot3_bringup:/home/tky/turtlebot3_ws/install/turtlebot3_node:/home/tky/turtlebot3_ws/install/turtlebot3_navigation2:/home/tky/turtlebot3_ws/install/turtlebot3_fake_node:/home/tky/turtlebot3_ws/install/turtlebot3_msgs:/home/tky/turtlebot3_ws/install/turtlebot3_manipulation_gazebo:/home/tky/turtlebot3_ws/install/turtlebot3_gazebo:/home/tky/turtlebot3_ws/install/turtlebot3_description:/home/tky/turtlebot3_ws/install/turtlebot3_cartographer:/home/tky/turtlebot3_ws/install/dynamixel_sdk_examples:/home/tky/turtlebot3_ws/install/dynamixel_sdk_custom_interfaces:/home/tky/turtlebot3_ws/install/dynamixel_sdk:/home/tky/turtlebot3_ws/install/turtlebot3_teleop:/home/tky/turtlebot3_ws/install/turtlebot3_example:/opt/ros/humble /home/tky/.pyenv/shims/cmake --install /home/tky/workspace/openarm_ws/build/dynamixel_sdk_examples
[0.337s] -- Install configuration: ""
[0.337s] -- Execute custom install script
[0.337s] -- Up-to-date symlink: /home/tky/workspace/openarm_ws/install/dynamixel_sdk_examples/lib/dynamixel_sdk_examples/read_write_current_node
[0.337s] -- Up-to-date symlink: /home/tky/workspace/openarm_ws/install/dynamixel_sdk_examples/lib/dynamixel_sdk_examples/pub_current_node
[0.340s] -- Up-to-date symlink: /home/tky/workspace/openarm_ws/install/dynamixel_sdk_examples/lib/dynamixel_sdk_examples/read_write_velocity_node
[0.340s] -- Up-to-date symlink: /home/tky/workspace/openarm_ws/install/dynamixel_sdk_examples/lib/dynamixel_sdk_examples/pub_velocity_node
[0.340s] -- Up-to-date symlink: /home/tky/workspace/openarm_ws/install/dynamixel_sdk_examples/lib/dynamixel_sdk_examples/read_write_position_node
[0.340s] -- Up-to-date symlink: /home/tky/workspace/openarm_ws/install/dynamixel_sdk_examples/lib/dynamixel_sdk_examples/pub_position_node
[0.340s] -- Up-to-date symlink: /home/tky/workspace/openarm_ws/install/dynamixel_sdk_examples/lib/dynamixel_sdk_examples/read_write_current_pos_v1_node
[0.340s] -- Up-to-date symlink: /home/tky/workspace/openarm_ws/install/dynamixel_sdk_examples/lib/dynamixel_sdk_examples/pub_current_pos_v1_node
[0.341s] -- Up-to-date symlink: /home/tky/workspace/openarm_ws/install/dynamixel_sdk_examples/lib/dynamixel_sdk_examples/read_write_current_pos_v2_node
[0.342s] -- Up-to-date symlink: /home/tky/workspace/openarm_ws/install/dynamixel_sdk_examples/lib/dynamixel_sdk_examples/pub_current_pos_v2_node
[0.343s] -- Up-to-date symlink: /home/tky/workspace/openarm_ws/install/dynamixel_sdk_examples/share/ament_index/resource_index/package_run_dependencies/dynamixel_sdk_examples
[0.344s] -- Up-to-date symlink: /home/tky/workspace/openarm_ws/install/dynamixel_sdk_examples/share/ament_index/resource_index/parent_prefix_path/dynamixel_sdk_examples
[0.344s] -- Up-to-date symlink: /home/tky/workspace/openarm_ws/install/dynamixel_sdk_examples/share/dynamixel_sdk_examples/environment/ament_prefix_path.sh
[0.345s] -- Up-to-date symlink: /home/tky/workspace/openarm_ws/install/dynamixel_sdk_examples/share/dynamixel_sdk_examples/environment/ament_prefix_path.dsv
[0.345s] -- Up-to-date symlink: /home/tky/workspace/openarm_ws/install/dynamixel_sdk_examples/share/dynamixel_sdk_examples/environment/path.sh
[0.346s] -- Up-to-date symlink: /home/tky/workspace/openarm_ws/install/dynamixel_sdk_examples/share/dynamixel_sdk_examples/environment/path.dsv
[0.346s] -- Up-to-date symlink: /home/tky/workspace/openarm_ws/install/dynamixel_sdk_examples/share/dynamixel_sdk_examples/local_setup.bash
[0.346s] -- Up-to-date symlink: /home/tky/workspace/openarm_ws/install/dynamixel_sdk_examples/share/dynamixel_sdk_examples/local_setup.sh
[0.346s] -- Up-to-date symlink: /home/tky/workspace/openarm_ws/install/dynamixel_sdk_examples/share/dynamixel_sdk_examples/local_setup.zsh
[0.346s] -- Up-to-date symlink: /home/tky/workspace/openarm_ws/install/dynamixel_sdk_examples/share/dynamixel_sdk_examples/local_setup.dsv
[0.346s] -- Symlinking: /home/tky/workspace/openarm_ws/install/dynamixel_sdk_examples/share/dynamixel_sdk_examples/package.dsv
[0.361s] -- Up-to-date symlink: /home/tky/workspace/openarm_ws/install/dynamixel_sdk_examples/share/ament_index/resource_index/packages/dynamixel_sdk_examples
[0.361s] -- Up-to-date symlink: /home/tky/workspace/openarm_ws/install/dynamixel_sdk_examples/share/dynamixel_sdk_examples/cmake/dynamixel_sdk_examplesConfig.cmake
[0.364s] -- Up-to-date symlink: /home/tky/workspace/openarm_ws/install/dynamixel_sdk_examples/share/dynamixel_sdk_examples/cmake/dynamixel_sdk_examplesConfig-version.cmake
[0.364s] -- Up-to-date symlink: /home/tky/workspace/openarm_ws/install/dynamixel_sdk_examples/share/dynamixel_sdk_examples/package.xml
[0.366s] Invoked command in '/home/tky/workspace/openarm_ws/build/dynamixel_sdk_examples' returned '0': CMAKE_PREFIX_PATH=/home/tky/workspace/openarm_ws/install/dynamixel_sdk_custom_interfaces:/home/tky/workspace/openarm_ws/install/dynamixel_sdk:/home/tky/workspace/openarm_ws/install/openarm_bimanual_moveit_config:/home/tky/workspace/openarm_ws/install/openarm:/home/tky/workspace/openarm_ws/install/openarm_description:/home/tky/workspace/openarm_ws/install/openarm_bringup:/home/tky/workspace/openarm_ws/install/dynamixel_sdk_examples:/home/tky/workspace/openarm_ws/install/dxl_openarm_leader:/home/tky/ros2_ws/install/dxl_openarm_leader:/home/tky/workspace/test_ws/install/test:/home/tky/ros2_ws/install/dynamixel_teleop_controller:/home/tky/ros2_ws/install/dynamixel_sdk_examples:/home/tky/ros2_ws/install/dynamixel_sdk_custom_interfaces:/home/tky/ros2_ws/install/dynamixel_sdk:/home/tky/ros2_ws/install/dynamixel_controller:/home/tky/turtlebot3_ws/install/turtlebot3:/home/tky/turtlebot3_ws/install/turtlebot3_simulations:/home/tky/turtlebot3_ws/install/turtlebot3_bringup:/home/tky/turtlebot3_ws/install/turtlebot3_node:/home/tky/turtlebot3_ws/install/turtlebot3_navigation2:/home/tky/turtlebot3_ws/install/turtlebot3_fake_node:/home/tky/turtlebot3_ws/install/turtlebot3_msgs:/home/tky/turtlebot3_ws/install/turtlebot3_manipulation_gazebo:/home/tky/turtlebot3_ws/install/turtlebot3_gazebo:/home/tky/turtlebot3_ws/install/turtlebot3_description:/home/tky/turtlebot3_ws/install/turtlebot3_cartographer:/home/tky/turtlebot3_ws/install/dynamixel_sdk_examples:/home/tky/turtlebot3_ws/install/dynamixel_sdk_custom_interfaces:/home/tky/turtlebot3_ws/install/dynamixel_sdk:/home/tky/turtlebot3_ws/install/turtlebot3_teleop:/home/tky/turtlebot3_ws/install/turtlebot3_example:/opt/ros/humble /home/tky/.pyenv/shims/cmake --install /home/tky/workspace/openarm_ws/build/dynamixel_sdk_examples
