[0.047s] Invoking command in '/home/tky/workspace/openarm_ws/build/openarm_bimanual_moveit_config': CMAKE_PREFIX_PATH=/home/tky/workspace/openarm_ws/install/openarm_description:/home/tky/workspace/openarm_ws/install/openarm_bimanual_moveit_config:/home/tky/workspace/openarm_ws/install/openarm:/home/tky/workspace/openarm_ws/install/openarm_bringup:/home/tky/workspace/openarm_ws/install/dynamixel_sdk_examples:/home/tky/workspace/openarm_ws/install/dxl_wt_openarm_leader:/home/tky/workspace/openarm_ws/install/dxl_openarm_leader:/home/tky/workspace/openarm_ws/install/dynamixel_sdk_custom_interfaces:/home/tky/workspace/openarm_ws/install/dynamixel_sdk:/opt/ros/humble /home/tky/.pyenv/shims/cmake --build /home/tky/workspace/openarm_ws/build/openarm_bimanual_moveit_config -- -j12 -l12
[0.141s] Invoked command in '/home/tky/workspace/openarm_ws/build/openarm_bimanual_moveit_config' returned '0': CMAKE_PREFIX_PATH=/home/tky/workspace/openarm_ws/install/openarm_description:/home/tky/workspace/openarm_ws/install/openarm_bimanual_moveit_config:/home/tky/workspace/openarm_ws/install/openarm:/home/tky/workspace/openarm_ws/install/openarm_bringup:/home/tky/workspace/openarm_ws/install/dynamixel_sdk_examples:/home/tky/workspace/openarm_ws/install/dxl_wt_openarm_leader:/home/tky/workspace/openarm_ws/install/dxl_openarm_leader:/home/tky/workspace/openarm_ws/install/dynamixel_sdk_custom_interfaces:/home/tky/workspace/openarm_ws/install/dynamixel_sdk:/opt/ros/humble /home/tky/.pyenv/shims/cmake --build /home/tky/workspace/openarm_ws/build/openarm_bimanual_moveit_config -- -j12 -l12
[0.147s] Invoking command in '/home/tky/workspace/openarm_ws/build/openarm_bimanual_moveit_config': CMAKE_PREFIX_PATH=/home/tky/workspace/openarm_ws/install/openarm_description:/home/tky/workspace/openarm_ws/install/openarm_bimanual_moveit_config:/home/tky/workspace/openarm_ws/install/openarm:/home/tky/workspace/openarm_ws/install/openarm_bringup:/home/tky/workspace/openarm_ws/install/dynamixel_sdk_examples:/home/tky/workspace/openarm_ws/install/dxl_wt_openarm_leader:/home/tky/workspace/openarm_ws/install/dxl_openarm_leader:/home/tky/workspace/openarm_ws/install/dynamixel_sdk_custom_interfaces:/home/tky/workspace/openarm_ws/install/dynamixel_sdk:/opt/ros/humble /home/tky/.pyenv/shims/cmake --install /home/tky/workspace/openarm_ws/build/openarm_bimanual_moveit_config
[0.209s] -- Install configuration: ""
[0.211s] -- Up-to-date: /home/tky/workspace/openarm_ws/install/openarm_bimanual_moveit_config/share/ament_index/resource_index/package_run_dependencies/openarm_bimanual_moveit_config
[0.211s] -- Up-to-date: /home/tky/workspace/openarm_ws/install/openarm_bimanual_moveit_config/share/ament_index/resource_index/parent_prefix_path/openarm_bimanual_moveit_config
[0.212s] -- Up-to-date: /home/tky/workspace/openarm_ws/install/openarm_bimanual_moveit_config/share/openarm_bimanual_moveit_config/environment/ament_prefix_path.sh
[0.212s] -- Up-to-date: /home/tky/workspace/openarm_ws/install/openarm_bimanual_moveit_config/share/openarm_bimanual_moveit_config/environment/ament_prefix_path.dsv
[0.212s] -- Up-to-date: /home/tky/workspace/openarm_ws/install/openarm_bimanual_moveit_config/share/openarm_bimanual_moveit_config/environment/path.sh
[0.212s] -- Up-to-date: /home/tky/workspace/openarm_ws/install/openarm_bimanual_moveit_config/share/openarm_bimanual_moveit_config/environment/path.dsv
[0.212s] -- Up-to-date: /home/tky/workspace/openarm_ws/install/openarm_bimanual_moveit_config/share/openarm_bimanual_moveit_config/local_setup.bash
[0.212s] -- Up-to-date: /home/tky/workspace/openarm_ws/install/openarm_bimanual_moveit_config/share/openarm_bimanual_moveit_config/local_setup.sh
[0.212s] -- Up-to-date: /home/tky/workspace/openarm_ws/install/openarm_bimanual_moveit_config/share/openarm_bimanual_moveit_config/local_setup.zsh
[0.212s] -- Up-to-date: /home/tky/workspace/openarm_ws/install/openarm_bimanual_moveit_config/share/openarm_bimanual_moveit_config/local_setup.dsv
[0.212s] -- Installing: /home/tky/workspace/openarm_ws/install/openarm_bimanual_moveit_config/share/openarm_bimanual_moveit_config/package.dsv
[0.212s] -- Up-to-date: /home/tky/workspace/openarm_ws/install/openarm_bimanual_moveit_config/share/ament_index/resource_index/packages/openarm_bimanual_moveit_config
[0.212s] -- Up-to-date: /home/tky/workspace/openarm_ws/install/openarm_bimanual_moveit_config/share/openarm_bimanual_moveit_config/cmake/openarm_bimanual_moveit_configConfig.cmake
[0.213s] -- Up-to-date: /home/tky/workspace/openarm_ws/install/openarm_bimanual_moveit_config/share/openarm_bimanual_moveit_config/cmake/openarm_bimanual_moveit_configConfig-version.cmake
[0.213s] -- Up-to-date: /home/tky/workspace/openarm_ws/install/openarm_bimanual_moveit_config/share/openarm_bimanual_moveit_config/package.xml
[0.213s] -- Up-to-date: /home/tky/workspace/openarm_ws/install/openarm_bimanual_moveit_config/share/openarm_bimanual_moveit_config/launch
[0.213s] -- Up-to-date: /home/tky/workspace/openarm_ws/install/openarm_bimanual_moveit_config/share/openarm_bimanual_moveit_config/launch/moveit_rviz.launch.py
[0.213s] -- Up-to-date: /home/tky/workspace/openarm_ws/install/openarm_bimanual_moveit_config/share/openarm_bimanual_moveit_config/launch/move_group.launch.py
[0.213s] -- Up-to-date: /home/tky/workspace/openarm_ws/install/openarm_bimanual_moveit_config/share/openarm_bimanual_moveit_config/launch/static_virtual_joint_tfs.launch.py
[0.213s] -- Up-to-date: /home/tky/workspace/openarm_ws/install/openarm_bimanual_moveit_config/share/openarm_bimanual_moveit_config/launch/demo.launch.py
[0.213s] -- Up-to-date: /home/tky/workspace/openarm_ws/install/openarm_bimanual_moveit_config/share/openarm_bimanual_moveit_config/launch/spawn_controllers.launch.py
[0.213s] -- Up-to-date: /home/tky/workspace/openarm_ws/install/openarm_bimanual_moveit_config/share/openarm_bimanual_moveit_config/launch/setup_assistant.launch.py
[0.213s] -- Up-to-date: /home/tky/workspace/openarm_ws/install/openarm_bimanual_moveit_config/share/openarm_bimanual_moveit_config/config
[0.213s] -- Up-to-date: /home/tky/workspace/openarm_ws/install/openarm_bimanual_moveit_config/share/openarm_bimanual_moveit_config/config/ros2_controllers.yaml
[0.214s] -- Up-to-date: /home/tky/workspace/openarm_ws/install/openarm_bimanual_moveit_config/share/openarm_bimanual_moveit_config/config/openarm_bimanual.srdf
[0.214s] -- Up-to-date: /home/tky/workspace/openarm_ws/install/openarm_bimanual_moveit_config/share/openarm_bimanual_moveit_config/config/joint_limits.yaml
[0.214s] -- Up-to-date: /home/tky/workspace/openarm_ws/install/openarm_bimanual_moveit_config/share/openarm_bimanual_moveit_config/config/pilz_cartesian_limits.yaml
[0.214s] -- Up-to-date: /home/tky/workspace/openarm_ws/install/openarm_bimanual_moveit_config/share/openarm_bimanual_moveit_config/config/openarm_bimanual.urdf.xacro
[0.214s] -- Up-to-date: /home/tky/workspace/openarm_ws/install/openarm_bimanual_moveit_config/share/openarm_bimanual_moveit_config/config/sensors_3d.yaml
[0.214s] -- Up-to-date: /home/tky/workspace/openarm_ws/install/openarm_bimanual_moveit_config/share/openarm_bimanual_moveit_config/config/kinematics.yaml
[0.214s] -- Up-to-date: /home/tky/workspace/openarm_ws/install/openarm_bimanual_moveit_config/share/openarm_bimanual_moveit_config/config/initial_positions.yaml
[0.214s] -- Up-to-date: /home/tky/workspace/openarm_ws/install/openarm_bimanual_moveit_config/share/openarm_bimanual_moveit_config/config/moveit_controllers.yaml
[0.214s] -- Up-to-date: /home/tky/workspace/openarm_ws/install/openarm_bimanual_moveit_config/share/openarm_bimanual_moveit_config/config/moveit.rviz
[0.216s] -- Up-to-date: /home/tky/workspace/openarm_ws/install/openarm_bimanual_moveit_config/share/openarm_bimanual_moveit_config/.setup_assistant
[0.235s] Invoked command in '/home/tky/workspace/openarm_ws/build/openarm_bimanual_moveit_config' returned '0': CMAKE_PREFIX_PATH=/home/tky/workspace/openarm_ws/install/openarm_description:/home/tky/workspace/openarm_ws/install/openarm_bimanual_moveit_config:/home/tky/workspace/openarm_ws/install/openarm:/home/tky/workspace/openarm_ws/install/openarm_bringup:/home/tky/workspace/openarm_ws/install/dynamixel_sdk_examples:/home/tky/workspace/openarm_ws/install/dxl_wt_openarm_leader:/home/tky/workspace/openarm_ws/install/dxl_openarm_leader:/home/tky/workspace/openarm_ws/install/dynamixel_sdk_custom_interfaces:/home/tky/workspace/openarm_ws/install/dynamixel_sdk:/opt/ros/humble /home/tky/.pyenv/shims/cmake --install /home/tky/workspace/openarm_ws/build/openarm_bimanual_moveit_config
