[0.014s] Invoking command in '/home/tky/workspace/openarm_ws/build/dxl_wt_openarm_leader': AMENT_PREFIX_PATH=/home/tky/workspace/openarm_ws/install/dynamixel_sdk_custom_interfaces:/home/tky/workspace/openarm_ws/install/dynamixel_sdk:${AMENT_PREFIX_PATH} CMAKE_PREFIX_PATH=/home/tky/workspace/openarm_ws/install/dynamixel_sdk_custom_interfaces:/home/tky/workspace/openarm_ws/install/dynamixel_sdk:/opt/ros/humble LD_LIBRARY_PATH=/home/tky/workspace/openarm_ws/install/dynamixel_sdk_custom_interfaces/lib:/home/tky/workspace/openarm_ws/install/dynamixel_sdk/lib:${LD_LIBRARY_PATH} PYTHONPATH=/home/tky/workspace/openarm_ws/install/dynamixel_sdk_custom_interfaces/local/lib/python3.10/dist-packages:${PYTHONPATH} /home/tky/.pyenv/shims/cmake --build /home/tky/workspace/openarm_ws/build/dxl_wt_openarm_leader -- -j12 -l12
[0.158s] Consolidate compiler generated dependencies of target read_write_wt_position_node
[0.185s] [ 33%] Built target pub_current_node
[0.185s] [ 66%] Built target pub_position_node
[0.193s] [ 83%] Building CXX object CMakeFiles/read_write_wt_position_node.dir/src/read_write_wt_position_node.cpp.o
[2.534s] In file included from /opt/ros/humble/include/rclcpp/rclcpp/logging.hpp:24,
[2.535s]                  from /opt/ros/humble/include/rclcpp/rclcpp/client.hpp:40,
[2.535s]                  from /opt/ros/humble/include/rclcpp/rclcpp/callback_group.hpp:24,
[2.535s]                  from /opt/ros/humble/include/rclcpp/rclcpp/any_executable.hpp:20,
[2.535s]                  from /opt/ros/humble/include/rclcpp/rclcpp/memory_strategy.hpp:25,
[2.535s]                  from /opt/ros/humble/include/rclcpp/rclcpp/memory_strategies.hpp:18,
[2.535s]                  from /opt/ros/humble/include/rclcpp/rclcpp/executor_options.hpp:20,
[2.536s]                  from /opt/ros/humble/include/rclcpp/rclcpp/executor.hpp:37,
[2.536s]                  from /opt/ros/humble/include/rclcpp/rclcpp/executors/multi_threaded_executor.hpp:25,
[2.536s]                  from /opt/ros/humble/include/rclcpp/rclcpp/executors.hpp:21,
[2.536s]                  from /opt/ros/humble/include/rclcpp/rclcpp/rclcpp.hpp:155,
[2.536s]                  from /home/tky/workspace/openarm_ws/src/dxl_wt_openarm_leader/src/read_write_wt_position_node.cpp:45:
[2.536s] /home/tky/workspace/openarm_ws/src/dxl_wt_openarm_leader/src/read_write_wt_position_node.cpp: In member function ‘void ReadWriteWTNode::read_present_position()’:
[2.536s] /home/tky/workspace/openarm_ws/src/dxl_wt_openarm_leader/src/read_write_wt_position_node.cpp:232:13: warning: format ‘%d’ expects argument of type ‘int’, but argument 6 has type ‘std::array<double, 18>::value_type’ {aka ‘double’} [-Wformat=]
[2.536s]   232 |             "DXL ID: %d Present: %d -> Gripper: %.3f",
[2.536s]       |             ^~~~~~~~~~~~~~~~~~~~~~~~~~~~~~~~~~~~~~~~~
[2.536s] /home/tky/workspace/openarm_ws/src/dxl_wt_openarm_leader/src/read_write_wt_position_node.cpp:232:35: note: format string is defined here
[2.536s]   232 |             "DXL ID: %d Present: %d -> Gripper: %.3f",
[2.536s]       |                                  ~^
[2.537s]       |                                   |
[2.537s]       |                                   int
[2.537s]       |                                  %f
[2.537s] In file included from /opt/ros/humble/include/rclcpp/rclcpp/logging.hpp:24,
[2.537s]                  from /opt/ros/humble/include/rclcpp/rclcpp/client.hpp:40,
[2.537s]                  from /opt/ros/humble/include/rclcpp/rclcpp/callback_group.hpp:24,
[2.537s]                  from /opt/ros/humble/include/rclcpp/rclcpp/any_executable.hpp:20,
[2.537s]                  from /opt/ros/humble/include/rclcpp/rclcpp/memory_strategy.hpp:25,
[2.537s]                  from /opt/ros/humble/include/rclcpp/rclcpp/memory_strategies.hpp:18,
[2.537s]                  from /opt/ros/humble/include/rclcpp/rclcpp/executor_options.hpp:20,
[2.537s]                  from /opt/ros/humble/include/rclcpp/rclcpp/executor.hpp:37,
[2.537s]                  from /opt/ros/humble/include/rclcpp/rclcpp/executors/multi_threaded_executor.hpp:25,
[2.538s]                  from /opt/ros/humble/include/rclcpp/rclcpp/executors.hpp:21,
[2.538s]                  from /opt/ros/humble/include/rclcpp/rclcpp/rclcpp.hpp:155,
[2.538s]                  from /home/tky/workspace/openarm_ws/src/dxl_wt_openarm_leader/src/read_write_wt_position_node.cpp:45:
[2.538s] /home/tky/workspace/openarm_ws/src/dxl_wt_openarm_leader/src/read_write_wt_position_node.cpp:247:13: warning: format ‘%d’ expects argument of type ‘int’, but argument 6 has type ‘std::array<double, 18>::value_type’ {aka ‘double’} [-Wformat=]
[2.538s]   247 |             "DXL ID: %d Present: %d -> Gripper: %.3f",
[2.538s]       |             ^~~~~~~~~~~~~~~~~~~~~~~~~~~~~~~~~~~~~~~~~
[2.538s] /home/tky/workspace/openarm_ws/src/dxl_wt_openarm_leader/src/read_write_wt_position_node.cpp:247:35: note: format string is defined here
[2.538s]   247 |             "DXL ID: %d Present: %d -> Gripper: %.3f",
[2.538s]       |                                  ~^
[2.538s]       |                                   |
[2.538s]       |                                   int
[2.538s]       |                                  %f
[2.539s] In file included from /opt/ros/humble/include/rclcpp/rclcpp/logging.hpp:24,
[2.539s]                  from /opt/ros/humble/include/rclcpp/rclcpp/client.hpp:40,
[2.539s]                  from /opt/ros/humble/include/rclcpp/rclcpp/callback_group.hpp:24,
[2.539s]                  from /opt/ros/humble/include/rclcpp/rclcpp/any_executable.hpp:20,
[2.539s]                  from /opt/ros/humble/include/rclcpp/rclcpp/memory_strategy.hpp:25,
[2.539s]                  from /opt/ros/humble/include/rclcpp/rclcpp/memory_strategies.hpp:18,
[2.539s]                  from /opt/ros/humble/include/rclcpp/rclcpp/executor_options.hpp:20,
[2.539s]                  from /opt/ros/humble/include/rclcpp/rclcpp/executor.hpp:37,
[2.539s]                  from /opt/ros/humble/include/rclcpp/rclcpp/executors/multi_threaded_executor.hpp:25,
[2.539s]                  from /opt/ros/humble/include/rclcpp/rclcpp/executors.hpp:21,
[2.539s]                  from /opt/ros/humble/include/rclcpp/rclcpp/rclcpp.hpp:155,
[2.539s]                  from /home/tky/workspace/openarm_ws/src/dxl_wt_openarm_leader/src/read_write_wt_position_node.cpp:45:
[2.540s] /home/tky/workspace/openarm_ws/src/dxl_wt_openarm_leader/src/read_write_wt_position_node.cpp:262:11: warning: format ‘%d’ expects argument of type ‘int’, but argument 6 has type ‘std::array<double, 18>::value_type’ {aka ‘double’} [-Wformat=]
[2.540s]   262 |           "DXL ID: %d Present: %d -> joint%zu: %.3f rad",
[2.540s]       |           ^~~~~~~~~~~~~~~~~~~~~~~~~~~~~~~~~~~~~~~~~~~~~~
[2.540s] /home/tky/workspace/openarm_ws/src/dxl_wt_openarm_leader/src/read_write_wt_position_node.cpp:262:33: note: format string is defined here
[2.540s]   262 |           "DXL ID: %d Present: %d -> joint%zu: %.3f rad",
[2.540s]       |                                ~^
[2.540s]       |                                 |
[2.540s]       |                                 int
[2.540s]       |                                %f
[9.063s] [100%] Linking CXX executable read_write_wt_position_node
[9.598s] [100%] Built target read_write_wt_position_node
[9.609s] Invoked command in '/home/tky/workspace/openarm_ws/build/dxl_wt_openarm_leader' returned '0': AMENT_PREFIX_PATH=/home/tky/workspace/openarm_ws/install/dynamixel_sdk_custom_interfaces:/home/tky/workspace/openarm_ws/install/dynamixel_sdk:${AMENT_PREFIX_PATH} CMAKE_PREFIX_PATH=/home/tky/workspace/openarm_ws/install/dynamixel_sdk_custom_interfaces:/home/tky/workspace/openarm_ws/install/dynamixel_sdk:/opt/ros/humble LD_LIBRARY_PATH=/home/tky/workspace/openarm_ws/install/dynamixel_sdk_custom_interfaces/lib:/home/tky/workspace/openarm_ws/install/dynamixel_sdk/lib:${LD_LIBRARY_PATH} PYTHONPATH=/home/tky/workspace/openarm_ws/install/dynamixel_sdk_custom_interfaces/local/lib/python3.10/dist-packages:${PYTHONPATH} /home/tky/.pyenv/shims/cmake --build /home/tky/workspace/openarm_ws/build/dxl_wt_openarm_leader -- -j12 -l12
[9.610s] Invoking command in '/home/tky/workspace/openarm_ws/build/dxl_wt_openarm_leader': AMENT_PREFIX_PATH=/home/tky/workspace/openarm_ws/install/dynamixel_sdk_custom_interfaces:/home/tky/workspace/openarm_ws/install/dynamixel_sdk:${AMENT_PREFIX_PATH} CMAKE_PREFIX_PATH=/home/tky/workspace/openarm_ws/install/dynamixel_sdk_custom_interfaces:/home/tky/workspace/openarm_ws/install/dynamixel_sdk:/opt/ros/humble LD_LIBRARY_PATH=/home/tky/workspace/openarm_ws/install/dynamixel_sdk_custom_interfaces/lib:/home/tky/workspace/openarm_ws/install/dynamixel_sdk/lib:${LD_LIBRARY_PATH} PYTHONPATH=/home/tky/workspace/openarm_ws/install/dynamixel_sdk_custom_interfaces/local/lib/python3.10/dist-packages:${PYTHONPATH} /home/tky/.pyenv/shims/cmake --install /home/tky/workspace/openarm_ws/build/dxl_wt_openarm_leader
[9.665s] -- Install configuration: ""
[9.665s] -- Installing: /home/tky/workspace/openarm_ws/install/dxl_wt_openarm_leader/lib/dxl_wt_openarm_leader/read_write_wt_position_node
[9.669s] -- Set runtime path of "/home/tky/workspace/openarm_ws/install/dxl_wt_openarm_leader/lib/dxl_wt_openarm_leader/read_write_wt_position_node" to ""
[9.669s] -- Up-to-date: /home/tky/workspace/openarm_ws/install/dxl_wt_openarm_leader/lib/dxl_wt_openarm_leader/pub_position_node
[9.670s] -- Up-to-date: /home/tky/workspace/openarm_ws/install/dxl_wt_openarm_leader/lib/dxl_wt_openarm_leader/pub_current_node
[9.671s] -- Up-to-date: /home/tky/workspace/openarm_ws/install/dxl_wt_openarm_leader/include/
[9.671s] -- Up-to-date: /home/tky/workspace/openarm_ws/install/dxl_wt_openarm_leader/include//pub_dynamixel_data_node.hpp
[9.671s] -- Installing: /home/tky/workspace/openarm_ws/install/dxl_wt_openarm_leader/include//read_write_wt_position_node.hpp
[9.672s] -- Up-to-date: /home/tky/workspace/openarm_ws/install/dxl_wt_openarm_leader/share/ament_index/resource_index/package_run_dependencies/dxl_wt_openarm_leader
[9.674s] -- Up-to-date: /home/tky/workspace/openarm_ws/install/dxl_wt_openarm_leader/share/ament_index/resource_index/parent_prefix_path/dxl_wt_openarm_leader
[9.674s] -- Up-to-date: /home/tky/workspace/openarm_ws/install/dxl_wt_openarm_leader/share/dxl_wt_openarm_leader/environment/ament_prefix_path.sh
[9.674s] -- Up-to-date: /home/tky/workspace/openarm_ws/install/dxl_wt_openarm_leader/share/dxl_wt_openarm_leader/environment/ament_prefix_path.dsv
[9.674s] -- Up-to-date: /home/tky/workspace/openarm_ws/install/dxl_wt_openarm_leader/share/dxl_wt_openarm_leader/environment/path.sh
[9.674s] -- Up-to-date: /home/tky/workspace/openarm_ws/install/dxl_wt_openarm_leader/share/dxl_wt_openarm_leader/environment/path.dsv
[9.674s] -- Up-to-date: /home/tky/workspace/openarm_ws/install/dxl_wt_openarm_leader/share/dxl_wt_openarm_leader/local_setup.bash
[9.674s] -- Up-to-date: /home/tky/workspace/openarm_ws/install/dxl_wt_openarm_leader/share/dxl_wt_openarm_leader/local_setup.sh
[9.674s] -- Up-to-date: /home/tky/workspace/openarm_ws/install/dxl_wt_openarm_leader/share/dxl_wt_openarm_leader/local_setup.zsh
[9.674s] -- Up-to-date: /home/tky/workspace/openarm_ws/install/dxl_wt_openarm_leader/share/dxl_wt_openarm_leader/local_setup.dsv
[9.675s] -- Installing: /home/tky/workspace/openarm_ws/install/dxl_wt_openarm_leader/share/dxl_wt_openarm_leader/package.dsv
[9.675s] -- Up-to-date: /home/tky/workspace/openarm_ws/install/dxl_wt_openarm_leader/share/ament_index/resource_index/packages/dxl_wt_openarm_leader
[9.675s] -- Up-to-date: /home/tky/workspace/openarm_ws/install/dxl_wt_openarm_leader/share/dxl_wt_openarm_leader/cmake/dxl_wt_openarm_leaderConfig.cmake
[9.675s] -- Up-to-date: /home/tky/workspace/openarm_ws/install/dxl_wt_openarm_leader/share/dxl_wt_openarm_leader/cmake/dxl_wt_openarm_leaderConfig-version.cmake
[9.676s] -- Up-to-date: /home/tky/workspace/openarm_ws/install/dxl_wt_openarm_leader/share/dxl_wt_openarm_leader/package.xml
[9.676s] Invoked command in '/home/tky/workspace/openarm_ws/build/dxl_wt_openarm_leader' returned '0': AMENT_PREFIX_PATH=/home/tky/workspace/openarm_ws/install/dynamixel_sdk_custom_interfaces:/home/tky/workspace/openarm_ws/install/dynamixel_sdk:${AMENT_PREFIX_PATH} CMAKE_PREFIX_PATH=/home/tky/workspace/openarm_ws/install/dynamixel_sdk_custom_interfaces:/home/tky/workspace/openarm_ws/install/dynamixel_sdk:/opt/ros/humble LD_LIBRARY_PATH=/home/tky/workspace/openarm_ws/install/dynamixel_sdk_custom_interfaces/lib:/home/tky/workspace/openarm_ws/install/dynamixel_sdk/lib:${LD_LIBRARY_PATH} PYTHONPATH=/home/tky/workspace/openarm_ws/install/dynamixel_sdk_custom_interfaces/local/lib/python3.10/dist-packages:${PYTHONPATH} /home/tky/.pyenv/shims/cmake --install /home/tky/workspace/openarm_ws/build/dxl_wt_openarm_leader
