[0.013s] Invoking command in '/home/tky/workspace/openarm_ws/build/dxl_openarm_leader': AMENT_PREFIX_PATH=/home/tky/workspace/openarm_ws/install/dynamixel_sdk_custom_interfaces:/home/tky/workspace/openarm_ws/install/dynamixel_sdk:${AMENT_PREFIX_PATH} CMAKE_PREFIX_PATH=/home/tky/workspace/openarm_ws/install/dynamixel_sdk_custom_interfaces:/home/tky/workspace/openarm_ws/install/dynamixel_sdk:/opt/ros/humble LD_LIBRARY_PATH=/home/tky/workspace/openarm_ws/install/dynamixel_sdk_custom_interfaces/lib:/home/tky/workspace/openarm_ws/install/dynamixel_sdk/lib:${LD_LIBRARY_PATH} PYTHONPATH=/home/tky/workspace/openarm_ws/install/dynamixel_sdk_custom_interfaces/local/lib/python3.10/dist-packages:${PYTHONPATH} /home/tky/.pyenv/shims/cmake --build /home/tky/workspace/openarm_ws/build/dxl_openarm_leader -- -j12 -l12
[0.158s] [ 50%] Built target pub_position_node
[0.162s] [100%] Built target read_write_position_node
[0.183s] Invoked command in '/home/tky/workspace/openarm_ws/build/dxl_openarm_leader' returned '0': AMENT_PREFIX_PATH=/home/tky/workspace/openarm_ws/install/dynamixel_sdk_custom_interfaces:/home/tky/workspace/openarm_ws/install/dynamixel_sdk:${AMENT_PREFIX_PATH} CMAKE_PREFIX_PATH=/home/tky/workspace/openarm_ws/install/dynamixel_sdk_custom_interfaces:/home/tky/workspace/openarm_ws/install/dynamixel_sdk:/opt/ros/humble LD_LIBRARY_PATH=/home/tky/workspace/openarm_ws/install/dynamixel_sdk_custom_interfaces/lib:/home/tky/workspace/openarm_ws/install/dynamixel_sdk/lib:${LD_LIBRARY_PATH} PYTHONPATH=/home/tky/workspace/openarm_ws/install/dynamixel_sdk_custom_interfaces/local/lib/python3.10/dist-packages:${PYTHONPATH} /home/tky/.pyenv/shims/cmake --build /home/tky/workspace/openarm_ws/build/dxl_openarm_leader -- -j12 -l12
[0.184s] Invoking command in '/home/tky/workspace/openarm_ws/build/dxl_openarm_leader': AMENT_PREFIX_PATH=/home/tky/workspace/openarm_ws/install/dynamixel_sdk_custom_interfaces:/home/tky/workspace/openarm_ws/install/dynamixel_sdk:${AMENT_PREFIX_PATH} CMAKE_PREFIX_PATH=/home/tky/workspace/openarm_ws/install/dynamixel_sdk_custom_interfaces:/home/tky/workspace/openarm_ws/install/dynamixel_sdk:/opt/ros/humble LD_LIBRARY_PATH=/home/tky/workspace/openarm_ws/install/dynamixel_sdk_custom_interfaces/lib:/home/tky/workspace/openarm_ws/install/dynamixel_sdk/lib:${LD_LIBRARY_PATH} PYTHONPATH=/home/tky/workspace/openarm_ws/install/dynamixel_sdk_custom_interfaces/local/lib/python3.10/dist-packages:${PYTHONPATH} /home/tky/.pyenv/shims/cmake --install /home/tky/workspace/openarm_ws/build/dxl_openarm_leader
[0.237s] -- Install configuration: ""
[0.237s] -- Up-to-date: /home/tky/workspace/openarm_ws/install/dxl_openarm_leader/lib/dxl_openarm_leader/read_write_position_node
[0.238s] -- Up-to-date: /home/tky/workspace/openarm_ws/install/dxl_openarm_leader/lib/dxl_openarm_leader/pub_position_node
[0.239s] -- Up-to-date: /home/tky/workspace/openarm_ws/install/dxl_openarm_leader/include/
[0.239s] -- Up-to-date: /home/tky/workspace/openarm_ws/install/dxl_openarm_leader/include//pub_dynamixel_data_node.hpp
[0.239s] -- Up-to-date: /home/tky/workspace/openarm_ws/install/dxl_openarm_leader/include//read_write_node.hpp
[0.239s] -- Up-to-date: /home/tky/workspace/openarm_ws/install/dxl_openarm_leader/share/ament_index/resource_index/package_run_dependencies/dxl_openarm_leader
[0.239s] -- Up-to-date: /home/tky/workspace/openarm_ws/install/dxl_openarm_leader/share/ament_index/resource_index/parent_prefix_path/dxl_openarm_leader
[0.239s] -- Up-to-date: /home/tky/workspace/openarm_ws/install/dxl_openarm_leader/share/dxl_openarm_leader/environment/ament_prefix_path.sh
[0.239s] -- Up-to-date: /home/tky/workspace/openarm_ws/install/dxl_openarm_leader/share/dxl_openarm_leader/environment/ament_prefix_path.dsv
[0.239s] -- Up-to-date: /home/tky/workspace/openarm_ws/install/dxl_openarm_leader/share/dxl_openarm_leader/environment/path.sh
[0.239s] -- Up-to-date: /home/tky/workspace/openarm_ws/install/dxl_openarm_leader/share/dxl_openarm_leader/environment/path.dsv
[0.239s] -- Up-to-date: /home/tky/workspace/openarm_ws/install/dxl_openarm_leader/share/dxl_openarm_leader/local_setup.bash
[0.240s] -- Up-to-date: /home/tky/workspace/openarm_ws/install/dxl_openarm_leader/share/dxl_openarm_leader/local_setup.sh
[0.240s] -- Up-to-date: /home/tky/workspace/openarm_ws/install/dxl_openarm_leader/share/dxl_openarm_leader/local_setup.zsh
[0.240s] -- Up-to-date: /home/tky/workspace/openarm_ws/install/dxl_openarm_leader/share/dxl_openarm_leader/local_setup.dsv
[0.240s] -- Installing: /home/tky/workspace/openarm_ws/install/dxl_openarm_leader/share/dxl_openarm_leader/package.dsv
[0.240s] -- Up-to-date: /home/tky/workspace/openarm_ws/install/dxl_openarm_leader/share/ament_index/resource_index/packages/dxl_openarm_leader
[0.240s] -- Up-to-date: /home/tky/workspace/openarm_ws/install/dxl_openarm_leader/share/dxl_openarm_leader/cmake/dxl_openarm_leaderConfig.cmake
[0.240s] -- Up-to-date: /home/tky/workspace/openarm_ws/install/dxl_openarm_leader/share/dxl_openarm_leader/cmake/dxl_openarm_leaderConfig-version.cmake
[0.240s] -- Up-to-date: /home/tky/workspace/openarm_ws/install/dxl_openarm_leader/share/dxl_openarm_leader/package.xml
[0.243s] Invoked command in '/home/tky/workspace/openarm_ws/build/dxl_openarm_leader' returned '0': AMENT_PREFIX_PATH=/home/tky/workspace/openarm_ws/install/dynamixel_sdk_custom_interfaces:/home/tky/workspace/openarm_ws/install/dynamixel_sdk:${AMENT_PREFIX_PATH} CMAKE_PREFIX_PATH=/home/tky/workspace/openarm_ws/install/dynamixel_sdk_custom_interfaces:/home/tky/workspace/openarm_ws/install/dynamixel_sdk:/opt/ros/humble LD_LIBRARY_PATH=/home/tky/workspace/openarm_ws/install/dynamixel_sdk_custom_interfaces/lib:/home/tky/workspace/openarm_ws/install/dynamixel_sdk/lib:${LD_LIBRARY_PATH} PYTHONPATH=/home/tky/workspace/openarm_ws/install/dynamixel_sdk_custom_interfaces/local/lib/python3.10/dist-packages:${PYTHONPATH} /home/tky/.pyenv/shims/cmake --install /home/tky/workspace/openarm_ws/build/dxl_openarm_leader
