[0.015s] Invoking command in '/home/tky/workspace/openarm_ws/build/dynamixel_sdk_examples': AMENT_PREFIX_PATH=/home/tky/workspace/openarm_ws/install/dynamixel_sdk_custom_interfaces:/home/tky/workspace/openarm_ws/install/dynamixel_sdk:${AMENT_PREFIX_PATH} CMAKE_PREFIX_PATH=/home/tky/workspace/openarm_ws/install/dynamixel_sdk_custom_interfaces:/home/tky/workspace/openarm_ws/install/dynamixel_sdk:/opt/ros/humble LD_LIBRARY_PATH=/home/tky/workspace/openarm_ws/install/dynamixel_sdk_custom_interfaces/lib:/home/tky/workspace/openarm_ws/install/dynamixel_sdk/lib:${LD_LIBRARY_PATH} PYTHONPATH=/home/tky/workspace/openarm_ws/install/dynamixel_sdk_custom_interfaces/local/lib/python3.10/dist-packages:${PYTHONPATH} /home/tky/.pyenv/shims/cmake --build /home/tky/workspace/openarm_ws/build/dynamixel_sdk_examples -- -j12 -l12
[0.142s] [ 10%] Built target read_write_current_node
[0.144s] [ 20%] Built target read_write_velocity_node
[0.148s] [ 30%] Built target pub_position_node
[0.148s] [ 40%] Built target pub_current_node
[0.152s] [ 50%] Built target read_write_position_node
[0.155s] [ 60%] Built target pub_current_pos_v2_node
[0.156s] [ 70%] Built target pub_velocity_node
[0.160s] [ 80%] Built target pub_current_pos_v1_node
[0.160s] [ 90%] Built target read_write_current_pos_v1_node
[0.162s] [100%] Built target read_write_current_pos_v2_node
[0.173s] Invoked command in '/home/tky/workspace/openarm_ws/build/dynamixel_sdk_examples' returned '0': AMENT_PREFIX_PATH=/home/tky/workspace/openarm_ws/install/dynamixel_sdk_custom_interfaces:/home/tky/workspace/openarm_ws/install/dynamixel_sdk:${AMENT_PREFIX_PATH} CMAKE_PREFIX_PATH=/home/tky/workspace/openarm_ws/install/dynamixel_sdk_custom_interfaces:/home/tky/workspace/openarm_ws/install/dynamixel_sdk:/opt/ros/humble LD_LIBRARY_PATH=/home/tky/workspace/openarm_ws/install/dynamixel_sdk_custom_interfaces/lib:/home/tky/workspace/openarm_ws/install/dynamixel_sdk/lib:${LD_LIBRARY_PATH} PYTHONPATH=/home/tky/workspace/openarm_ws/install/dynamixel_sdk_custom_interfaces/local/lib/python3.10/dist-packages:${PYTHONPATH} /home/tky/.pyenv/shims/cmake --build /home/tky/workspace/openarm_ws/build/dynamixel_sdk_examples -- -j12 -l12
[0.174s] Invoking command in '/home/tky/workspace/openarm_ws/build/dynamixel_sdk_examples': AMENT_PREFIX_PATH=/home/tky/workspace/openarm_ws/install/dynamixel_sdk_custom_interfaces:/home/tky/workspace/openarm_ws/install/dynamixel_sdk:${AMENT_PREFIX_PATH} CMAKE_PREFIX_PATH=/home/tky/workspace/openarm_ws/install/dynamixel_sdk_custom_interfaces:/home/tky/workspace/openarm_ws/install/dynamixel_sdk:/opt/ros/humble LD_LIBRARY_PATH=/home/tky/workspace/openarm_ws/install/dynamixel_sdk_custom_interfaces/lib:/home/tky/workspace/openarm_ws/install/dynamixel_sdk/lib:${LD_LIBRARY_PATH} PYTHONPATH=/home/tky/workspace/openarm_ws/install/dynamixel_sdk_custom_interfaces/local/lib/python3.10/dist-packages:${PYTHONPATH} /home/tky/.pyenv/shims/cmake --install /home/tky/workspace/openarm_ws/build/dynamixel_sdk_examples
[0.221s] -- Install configuration: ""
[0.221s] -- Up-to-date: /home/tky/workspace/openarm_ws/install/dynamixel_sdk_examples/lib/dynamixel_sdk_examples/read_write_current_node
[0.221s] -- Up-to-date: /home/tky/workspace/openarm_ws/install/dynamixel_sdk_examples/lib/dynamixel_sdk_examples/pub_current_node
[0.222s] -- Up-to-date: /home/tky/workspace/openarm_ws/install/dynamixel_sdk_examples/lib/dynamixel_sdk_examples/read_write_velocity_node
[0.222s] -- Up-to-date: /home/tky/workspace/openarm_ws/install/dynamixel_sdk_examples/lib/dynamixel_sdk_examples/pub_velocity_node
[0.222s] -- Up-to-date: /home/tky/workspace/openarm_ws/install/dynamixel_sdk_examples/lib/dynamixel_sdk_examples/read_write_position_node
[0.223s] -- Up-to-date: /home/tky/workspace/openarm_ws/install/dynamixel_sdk_examples/lib/dynamixel_sdk_examples/pub_position_node
[0.223s] -- Up-to-date: /home/tky/workspace/openarm_ws/install/dynamixel_sdk_examples/lib/dynamixel_sdk_examples/read_write_current_pos_v1_node
[0.224s] -- Up-to-date: /home/tky/workspace/openarm_ws/install/dynamixel_sdk_examples/lib/dynamixel_sdk_examples/pub_current_pos_v1_node
[0.224s] -- Up-to-date: /home/tky/workspace/openarm_ws/install/dynamixel_sdk_examples/lib/dynamixel_sdk_examples/read_write_current_pos_v2_node
[0.224s] -- Up-to-date: /home/tky/workspace/openarm_ws/install/dynamixel_sdk_examples/lib/dynamixel_sdk_examples/pub_current_pos_v2_node
[0.225s] -- Up-to-date: /home/tky/workspace/openarm_ws/install/dynamixel_sdk_examples/share/ament_index/resource_index/package_run_dependencies/dynamixel_sdk_examples
[0.225s] -- Up-to-date: /home/tky/workspace/openarm_ws/install/dynamixel_sdk_examples/share/ament_index/resource_index/parent_prefix_path/dynamixel_sdk_examples
[0.225s] -- Up-to-date: /home/tky/workspace/openarm_ws/install/dynamixel_sdk_examples/share/dynamixel_sdk_examples/environment/ament_prefix_path.sh
[0.225s] -- Up-to-date: /home/tky/workspace/openarm_ws/install/dynamixel_sdk_examples/share/dynamixel_sdk_examples/environment/ament_prefix_path.dsv
[0.225s] -- Up-to-date: /home/tky/workspace/openarm_ws/install/dynamixel_sdk_examples/share/dynamixel_sdk_examples/environment/path.sh
[0.225s] -- Up-to-date: /home/tky/workspace/openarm_ws/install/dynamixel_sdk_examples/share/dynamixel_sdk_examples/environment/path.dsv
[0.225s] -- Up-to-date: /home/tky/workspace/openarm_ws/install/dynamixel_sdk_examples/share/dynamixel_sdk_examples/local_setup.bash
[0.225s] -- Up-to-date: /home/tky/workspace/openarm_ws/install/dynamixel_sdk_examples/share/dynamixel_sdk_examples/local_setup.sh
[0.225s] -- Up-to-date: /home/tky/workspace/openarm_ws/install/dynamixel_sdk_examples/share/dynamixel_sdk_examples/local_setup.zsh
[0.225s] -- Up-to-date: /home/tky/workspace/openarm_ws/install/dynamixel_sdk_examples/share/dynamixel_sdk_examples/local_setup.dsv
[0.225s] -- Installing: /home/tky/workspace/openarm_ws/install/dynamixel_sdk_examples/share/dynamixel_sdk_examples/package.dsv
[0.225s] -- Up-to-date: /home/tky/workspace/openarm_ws/install/dynamixel_sdk_examples/share/ament_index/resource_index/packages/dynamixel_sdk_examples
[0.226s] -- Up-to-date: /home/tky/workspace/openarm_ws/install/dynamixel_sdk_examples/share/dynamixel_sdk_examples/cmake/dynamixel_sdk_examplesConfig.cmake
[0.226s] -- Up-to-date: /home/tky/workspace/openarm_ws/install/dynamixel_sdk_examples/share/dynamixel_sdk_examples/cmake/dynamixel_sdk_examplesConfig-version.cmake
[0.226s] -- Up-to-date: /home/tky/workspace/openarm_ws/install/dynamixel_sdk_examples/share/dynamixel_sdk_examples/package.xml
[0.227s] Invoked command in '/home/tky/workspace/openarm_ws/build/dynamixel_sdk_examples' returned '0': AMENT_PREFIX_PATH=/home/tky/workspace/openarm_ws/install/dynamixel_sdk_custom_interfaces:/home/tky/workspace/openarm_ws/install/dynamixel_sdk:${AMENT_PREFIX_PATH} CMAKE_PREFIX_PATH=/home/tky/workspace/openarm_ws/install/dynamixel_sdk_custom_interfaces:/home/tky/workspace/openarm_ws/install/dynamixel_sdk:/opt/ros/humble LD_LIBRARY_PATH=/home/tky/workspace/openarm_ws/install/dynamixel_sdk_custom_interfaces/lib:/home/tky/workspace/openarm_ws/install/dynamixel_sdk/lib:${LD_LIBRARY_PATH} PYTHONPATH=/home/tky/workspace/openarm_ws/install/dynamixel_sdk_custom_interfaces/local/lib/python3.10/dist-packages:${PYTHONPATH} /home/tky/.pyenv/shims/cmake --install /home/tky/workspace/openarm_ws/build/dynamixel_sdk_examples
