[0.019s] Invoking command in '/home/tky/workspace/openarm_ws/build/dxl_wt_openarm_leader': CMAKE_PREFIX_PATH=/home/tky/workspace/openarm_ws/install/dynamixel_sdk_custom_interfaces:/home/tky/workspace/openarm_ws/install/dynamixel_sdk:/home/tky/workspace/openarm_ws/install/openarm_bimanual_moveit_config:/home/tky/workspace/openarm_ws/install/openarm:/home/tky/workspace/openarm_ws/install/openarm_description:/home/tky/workspace/openarm_ws/install/openarm_bringup:/home/tky/workspace/openarm_ws/install/dynamixel_sdk_examples:/home/tky/workspace/openarm_ws/install/dxl_wt_openarm_leader:/home/tky/workspace/openarm_ws/install/dxl_openarm_leader:/opt/ros/humble /home/tky/.pyenv/shims/cmake --build /home/tky/workspace/openarm_ws/build/dxl_wt_openarm_leader -- -j12 -l12
[0.117s] [35m[1mConsolidate compiler generated dependencies of target pub_current_node[0m
[0.136s] [ 33%] Built target pub_position_node
[0.150s] [ 66%] Built target read_write_wt_position_node
[0.167s] [ 83%] [32mBuilding CXX object CMakeFiles/pub_current_node.dir/src/pub_current_node.cpp.o[0m
[2.290s] [01m[K/home/tky/workspace/openarm_ws/src/dxl_wt_openarm_leader/src/pub_current_node.cpp:23:1:[m[K [01;31m[Kerror: [m[K‘[01m[KJointPubNode[m[K’ does not name a type
[2.291s]    23 | [01;31m[KJointPubNode[m[K::JointPubNode()
[2.291s]       | [01;31m[K^~~~~~~~~~~~[m[K
[2.291s] [01m[K/home/tky/workspace/openarm_ws/src/dxl_wt_openarm_leader/src/pub_current_node.cpp:36:6:[m[K [01;31m[Kerror: [m[K‘[01m[KJointPubNode[m[K’ has not been declared
[2.291s]    36 | void [01;31m[KJointPubNode[m[K::publishData()
[2.291s]       |      [01;31m[K^~~~~~~~~~~~[m[K
[2.294s] [01m[K/home/tky/workspace/openarm_ws/src/dxl_wt_openarm_leader/src/pub_current_node.cpp:[m[K In function ‘[01m[Kvoid publishData()[m[K’:
[2.294s] [01m[K/home/tky/workspace/openarm_ws/src/dxl_wt_openarm_leader/src/pub_current_node.cpp:38:3:[m[K [01;31m[Kerror: [m[K‘[01m[KSetCurrent[m[K’ was not declared in this scope
[2.294s]    38 |   [01;31m[KSetCurrent[m[K msg;
[2.294s]       |   [01;31m[K^~~~~~~~~~[m[K
[2.295s] [01m[K/home/tky/workspace/openarm_ws/src/dxl_wt_openarm_leader/src/pub_current_node.cpp:40:3:[m[K [01;31m[Kerror: [m[K‘[01m[Kmsg[m[K’ was not declared in this scope
[2.295s]    40 |   [01;31m[Kmsg[m[K.current = currents_0_[current_position_index_];
[2.295s]       |   [01;31m[K^~~[m[K
[2.295s] [01m[K/home/tky/workspace/openarm_ws/src/dxl_wt_openarm_leader/src/pub_current_node.cpp:40:3:[m[K [01;36m[Knote: [m[Ksuggested alternatives:
[2.295s] In file included from [01m[K/opt/ros/humble/include/builtin_interfaces/builtin_interfaces/msg/duration.hpp:7[m[K,
[2.295s]                  from [01m[K/opt/ros/humble/include/rclcpp/rclcpp/duration.hpp:20[m[K,
[2.295s]                  from [01m[K/opt/ros/humble/include/rclcpp/rclcpp/qos.hpp:20[m[K,
[2.295s]                  from [01m[K/opt/ros/humble/include/rclcpp/rclcpp/node_interfaces/node_graph_interface.hpp:32[m[K,
[2.295s]                  from [01m[K/opt/ros/humble/include/rclcpp/rclcpp/client.hpp:42[m[K,
[2.296s]                  from [01m[K/opt/ros/humble/include/rclcpp/rclcpp/callback_group.hpp:24[m[K,
[2.296s]                  from [01m[K/opt/ros/humble/include/rclcpp/rclcpp/any_executable.hpp:20[m[K,
[2.296s]                  from [01m[K/opt/ros/humble/include/rclcpp/rclcpp/memory_strategy.hpp:25[m[K,
[2.296s]                  from [01m[K/opt/ros/humble/include/rclcpp/rclcpp/memory_strategies.hpp:18[m[K,
[2.296s]                  from [01m[K/opt/ros/humble/include/rclcpp/rclcpp/executor_options.hpp:20[m[K,
[2.296s]                  from [01m[K/opt/ros/humble/include/rclcpp/rclcpp/executor.hpp:37[m[K,
[2.296s]                  from [01m[K/opt/ros/humble/include/rclcpp/rclcpp/executors/multi_threaded_executor.hpp:25[m[K,
[2.296s]                  from [01m[K/opt/ros/humble/include/rclcpp/rclcpp/executors.hpp:21[m[K,
[2.296s]                  from [01m[K/opt/ros/humble/include/rclcpp/rclcpp/rclcpp.hpp:155[m[K,
[2.296s]                  from [01m[K/home/tky/workspace/openarm_ws/src/dxl_wt_openarm_leader/src/pub_current_node.cpp:18[m[K:
[2.296s] [01m[K/opt/ros/humble/include/builtin_interfaces/builtin_interfaces/msg/detail/duration__struct.hpp:27:11:[m[K [01;36m[Knote: [m[K  ‘[01m[Kbuiltin_interfaces::msg[m[K’
[2.297s]    27 | namespace [01;36m[Kmsg[m[K
[2.297s]       |           [01;36m[K^~~[m[K
[2.297s] In file included from [01m[K/opt/ros/humble/include/rcl_interfaces/rcl_interfaces/msg/set_parameters_result.hpp:7[m[K,
[2.297s]                  from [01m[K/opt/ros/humble/include/rclcpp/rclcpp/qos_overriding_options.hpp:28[m[K,
[2.297s]                  from [01m[K/opt/ros/humble/include/rclcpp/rclcpp/subscription_options.hpp:30[m[K,
[2.297s]                  from [01m[K/opt/ros/humble/include/rclcpp/rclcpp/subscription.hpp:45[m[K,
[2.297s]                  from [01m[K/opt/ros/humble/include/rclcpp/rclcpp/any_executable.hpp:25[m[K,
[2.297s]                  from [01m[K/opt/ros/humble/include/rclcpp/rclcpp/memory_strategy.hpp:25[m[K,
[2.297s]                  from [01m[K/opt/ros/humble/include/rclcpp/rclcpp/memory_strategies.hpp:18[m[K,
[2.297s]                  from [01m[K/opt/ros/humble/include/rclcpp/rclcpp/executor_options.hpp:20[m[K,
[2.297s]                  from [01m[K/opt/ros/humble/include/rclcpp/rclcpp/executor.hpp:37[m[K,
[2.298s]                  from [01m[K/opt/ros/humble/include/rclcpp/rclcpp/executors/multi_threaded_executor.hpp:25[m[K,
[2.298s]                  from [01m[K/opt/ros/humble/include/rclcpp/rclcpp/executors.hpp:21[m[K,
[2.298s]                  from [01m[K/opt/ros/humble/include/rclcpp/rclcpp/rclcpp.hpp:155[m[K,
[2.298s]                  from [01m[K/home/tky/workspace/openarm_ws/src/dxl_wt_openarm_leader/src/pub_current_node.cpp:18[m[K:
[2.298s] [01m[K/opt/ros/humble/include/rcl_interfaces/rcl_interfaces/msg/detail/set_parameters_result__struct.hpp:27:11:[m[K [01;36m[Knote: [m[K  ‘[01m[Krcl_interfaces::msg[m[K’
[2.298s]    27 | namespace [01;36m[Kmsg[m[K
[2.298s]       |           [01;36m[K^~~[m[K
[2.298s] In file included from [01m[K/opt/ros/humble/include/statistics_msgs/statistics_msgs/msg/detail/metrics_message__struct.hpp:23[m[K,
[2.298s]                  from [01m[K/opt/ros/humble/include/statistics_msgs/statistics_msgs/msg/metrics_message.hpp:7[m[K,
[2.298s]                  from [01m[K/opt/ros/humble/include/libstatistics_collector/libstatistics_collector/collector/generate_statistics_message.hpp:21[m[K,
[2.298s]                  from [01m[K/opt/ros/humble/include/rclcpp/rclcpp/topic_statistics/subscription_topic_statistics.hpp:23[m[K,
[2.298s]                  from [01m[K/opt/ros/humble/include/rclcpp/rclcpp/subscription.hpp:50[m[K,
[2.299s]                  from [01m[K/opt/ros/humble/include/rclcpp/rclcpp/any_executable.hpp:25[m[K,
[2.299s]                  from [01m[K/opt/ros/humble/include/rclcpp/rclcpp/memory_strategy.hpp:25[m[K,
[2.299s]                  from [01m[K/opt/ros/humble/include/rclcpp/rclcpp/memory_strategies.hpp:18[m[K,
[2.299s]                  from [01m[K/opt/ros/humble/include/rclcpp/rclcpp/executor_options.hpp:20[m[K,
[2.299s]                  from [01m[K/opt/ros/humble/include/rclcpp/rclcpp/executor.hpp:37[m[K,
[2.299s]                  from [01m[K/opt/ros/humble/include/rclcpp/rclcpp/executors/multi_threaded_executor.hpp:25[m[K,
[2.299s]                  from [01m[K/opt/ros/humble/include/rclcpp/rclcpp/executors.hpp:21[m[K,
[2.299s]                  from [01m[K/opt/ros/humble/include/rclcpp/rclcpp/rclcpp.hpp:155[m[K,
[2.299s]                  from [01m[K/home/tky/workspace/openarm_ws/src/dxl_wt_openarm_leader/src/pub_current_node.cpp:18[m[K:
[2.299s] [01m[K/opt/ros/humble/include/statistics_msgs/statistics_msgs/msg/detail/statistic_data_point__struct.hpp:27:11:[m[K [01;36m[Knote: [m[K  ‘[01m[Kstatistics_msgs::msg[m[K’
[2.299s]    27 | namespace [01;36m[Kmsg[m[K
[2.300s]       |           [01;36m[K^~~[m[K
[2.300s] [01m[K/home/tky/workspace/openarm_ws/src/dxl_wt_openarm_leader/src/pub_current_node.cpp:40:17:[m[K [01;31m[Kerror: [m[K‘[01m[Kcurrents_0_[m[K’ was not declared in this scope
[2.300s]    40 |   msg.current = [01;31m[Kcurrents_0_[m[K[current_position_index_];
[2.300s]       |                 [01;31m[K^~~~~~~~~~~[m[K
[2.308s] [01m[K/home/tky/workspace/openarm_ws/src/dxl_wt_openarm_leader/src/pub_current_node.cpp:40:29:[m[K [01;31m[Kerror: [m[K‘[01m[Kcurrent_position_index_[m[K’ was not declared in this scope
[2.308s]    40 |   msg.current = currents_0_[[01;31m[Kcurrent_position_index_[m[K];
[2.308s]       |                             [01;31m[K^~~~~~~~~~~~~~~~~~~~~~~[m[K
[2.313s] In file included from [01m[K/opt/ros/humble/include/rclcpp/rclcpp/client.hpp:40[m[K,
[2.313s]                  from [01m[K/opt/ros/humble/include/rclcpp/rclcpp/callback_group.hpp:24[m[K,
[2.313s]                  from [01m[K/opt/ros/humble/include/rclcpp/rclcpp/any_executable.hpp:20[m[K,
[2.313s]                  from [01m[K/opt/ros/humble/include/rclcpp/rclcpp/memory_strategy.hpp:25[m[K,
[2.313s]                  from [01m[K/opt/ros/humble/include/rclcpp/rclcpp/memory_strategies.hpp:18[m[K,
[2.313s]                  from [01m[K/opt/ros/humble/include/rclcpp/rclcpp/executor_options.hpp:20[m[K,
[2.314s]                  from [01m[K/opt/ros/humble/include/rclcpp/rclcpp/executor.hpp:37[m[K,
[2.314s]                  from [01m[K/opt/ros/humble/include/rclcpp/rclcpp/executors/multi_threaded_executor.hpp:25[m[K,
[2.314s]                  from [01m[K/opt/ros/humble/include/rclcpp/rclcpp/executors.hpp:21[m[K,
[2.314s]                  from [01m[K/opt/ros/humble/include/rclcpp/rclcpp/rclcpp.hpp:155[m[K,
[2.314s]                  from [01m[K/home/tky/workspace/openarm_ws/src/dxl_wt_openarm_leader/src/pub_current_node.cpp:18[m[K:
[2.314s] [01m[K/home/tky/workspace/openarm_ws/src/dxl_wt_openarm_leader/src/pub_current_node.cpp:43:15:[m[K [01;31m[Kerror: [m[K‘[01m[Kget_logger[m[K’ was not declared in this scope; did you mean ‘[01m[Krclcpp::get_logger[m[K’?
[2.314s]    43 |   RCLCPP_INFO([01;31m[Kget_logger[m[K(), "Publishing ID: %d Current: %d", msg.id, msg.current);
[2.314s]       |               [01;31m[K^~~~~~~~~~[m[K
[2.314s] In file included from [01m[K/opt/ros/humble/include/rclcpp/rclcpp/logging.hpp:23[m[K,
[2.314s]                  from [01m[K/opt/ros/humble/include/rclcpp/rclcpp/client.hpp:40[m[K,
[2.314s]                  from [01m[K/opt/ros/humble/include/rclcpp/rclcpp/callback_group.hpp:24[m[K,
[2.315s]                  from [01m[K/opt/ros/humble/include/rclcpp/rclcpp/any_executable.hpp:20[m[K,
[2.315s]                  from [01m[K/opt/ros/humble/include/rclcpp/rclcpp/memory_strategy.hpp:25[m[K,
[2.315s]                  from [01m[K/opt/ros/humble/include/rclcpp/rclcpp/memory_strategies.hpp:18[m[K,
[2.315s]                  from [01m[K/opt/ros/humble/include/rclcpp/rclcpp/executor_options.hpp:20[m[K,
[2.315s]                  from [01m[K/opt/ros/humble/include/rclcpp/rclcpp/executor.hpp:37[m[K,
[2.315s]                  from [01m[K/opt/ros/humble/include/rclcpp/rclcpp/executors/multi_threaded_executor.hpp:25[m[K,
[2.315s]                  from [01m[K/opt/ros/humble/include/rclcpp/rclcpp/executors.hpp:21[m[K,
[2.315s]                  from [01m[K/opt/ros/humble/include/rclcpp/rclcpp/rclcpp.hpp:155[m[K,
[2.315s]                  from [01m[K/home/tky/workspace/openarm_ws/src/dxl_wt_openarm_leader/src/pub_current_node.cpp:18[m[K:
[2.315s] [01m[K/opt/ros/humble/include/rclcpp/rclcpp/logger.hpp:106:17:[m[K [01;36m[Knote: [m[K‘[01m[Krclcpp::get_logger[m[K’ declared here
[2.315s]   106 |   friend Logger [01;36m[Krclcpp[m[K::get_logger(const std::string & name);
[2.316s]       |                 [01;36m[K^~~~~~[m[K
[2.316s] In file included from [01m[K/opt/ros/humble/include/rclcpp/rclcpp/client.hpp:40[m[K,
[2.316s]                  from [01m[K/opt/ros/humble/include/rclcpp/rclcpp/callback_group.hpp:24[m[K,
[2.316s]                  from [01m[K/opt/ros/humble/include/rclcpp/rclcpp/any_executable.hpp:20[m[K,
[2.316s]                  from [01m[K/opt/ros/humble/include/rclcpp/rclcpp/memory_strategy.hpp:25[m[K,
[2.316s]                  from [01m[K/opt/ros/humble/include/rclcpp/rclcpp/memory_strategies.hpp:18[m[K,
[2.316s]                  from [01m[K/opt/ros/humble/include/rclcpp/rclcpp/executor_options.hpp:20[m[K,
[2.316s]                  from [01m[K/opt/ros/humble/include/rclcpp/rclcpp/executor.hpp:37[m[K,
[2.316s]                  from [01m[K/opt/ros/humble/include/rclcpp/rclcpp/executors/multi_threaded_executor.hpp:25[m[K,
[2.316s]                  from [01m[K/opt/ros/humble/include/rclcpp/rclcpp/executors.hpp:21[m[K,
[2.316s]                  from [01m[K/opt/ros/humble/include/rclcpp/rclcpp/rclcpp.hpp:155[m[K,
[2.316s]                  from [01m[K/home/tky/workspace/openarm_ws/src/dxl_wt_openarm_leader/src/pub_current_node.cpp:18[m[K:
[2.317s] [01m[K/home/tky/workspace/openarm_ws/src/dxl_wt_openarm_leader/src/pub_current_node.cpp:43:3:[m[K [01;31m[Kerror: [m[Ktemplate argument 1 is invalid
[2.317s]    43 |   [01;31m[KRCLCPP_INFO[m[K(get_logger(), "Publishing ID: %d Current: %d", msg.id, msg.current);
[2.317s]       |   [01;31m[K^~~~~~~~~~~[m[K
[2.317s] [01m[K/home/tky/workspace/openarm_ws/src/dxl_wt_openarm_leader/src/pub_current_node.cpp:43:3:[m[K [01;31m[Kerror: [m[Ktemplate argument 1 is invalid
[2.317s]    43 |   [01;31m[KRCLCPP_INFO[m[K(get_logger(), "Publishing ID: %d Current: %d", msg.id, msg.current);
[2.317s]       |   [01;31m[K^~~~~~~~~~~[m[K
[2.317s] [01m[K/home/tky/workspace/openarm_ws/src/dxl_wt_openarm_leader/src/pub_current_node.cpp:43:3:[m[K [01;31m[Kerror: [m[Ktemplate argument 1 is invalid
[2.317s]    43 |   [01;31m[KRCLCPP_INFO[m[K(get_logger(), "Publishing ID: %d Current: %d", msg.id, msg.current);
[2.317s]       |   [01;31m[K^~~~~~~~~~~[m[K
[2.318s] [01m[K/home/tky/workspace/openarm_ws/src/dxl_wt_openarm_leader/src/pub_current_node.cpp:45:3:[m[K [01;31m[Kerror: [m[K‘[01m[Kpublisher_[m[K’ was not declared in this scope
[2.318s]    45 |   [01;31m[Kpublisher_[m[K->publish(msg);
[2.318s]       |   [01;31m[K^~~~~~~~~~[m[K
[2.323s] [01m[K/home/tky/workspace/openarm_ws/src/dxl_wt_openarm_leader/src/pub_current_node.cpp:[m[K In function ‘[01m[Kint main(int, char**)[m[K’:
[2.323s] [01m[K/home/tky/workspace/openarm_ws/src/dxl_wt_openarm_leader/src/pub_current_node.cpp:52:32:[m[K [01;31m[Kerror: [m[K‘[01m[KJointPubNode[m[K’ was not declared in this scope
[2.323s]    52 |   auto node = std::make_shared<[01;31m[KJointPubNode[m[K>();
[2.323s]       |                                [01;31m[K^~~~~~~~~~~~[m[K
[2.323s] [01m[K/home/tky/workspace/openarm_ws/src/dxl_wt_openarm_leader/src/pub_current_node.cpp:52:45:[m[K [01;31m[Kerror: [m[Kno matching function for call to ‘[01m[Kmake_shared<<expression error> >()[m[K’
[2.323s]    52 |   auto node = [01;31m[Kstd::make_shared<JointPubNode>()[m[K;
[2.323s]       |               [01;31m[K~~~~~~~~~~~~~~~~~~~~~~~~~~~~~~^~[m[K
[2.323s] In file included from [01m[K/usr/include/c++/11/memory:77[m[K,
[2.323s]                  from [01m[K/opt/ros/humble/include/rclcpp/rclcpp/rclcpp.hpp:153[m[K,
[2.324s]                  from [01m[K/home/tky/workspace/openarm_ws/src/dxl_wt_openarm_leader/src/pub_current_node.cpp:18[m[K:
[2.324s] [01m[K/usr/include/c++/11/bits/shared_ptr.h:875:5:[m[K [01;36m[Knote: [m[Kcandidate: ‘[01m[Ktemplate<class _Tp, class ... _Args> std::shared_ptr<_Tp> std::make_shared(_Args&& ...)[m[K’
[2.324s]   875 |     [01;36m[Kmake_shared[m[K(_Args&&... __args)
[2.324s]       |     [01;36m[K^~~~~~~~~~~[m[K
[2.324s] [01m[K/usr/include/c++/11/bits/shared_ptr.h:875:5:[m[K [01;36m[Knote: [m[K  template argument deduction/substitution failed:
[2.324s] [01m[K/home/tky/workspace/openarm_ws/src/dxl_wt_openarm_leader/src/pub_current_node.cpp:52:45:[m[K [01;31m[Kerror: [m[Ktemplate argument 1 is invalid
[2.324s]    52 |   auto node = [01;31m[Kstd::make_shared<JointPubNode>()[m[K;
[2.324s]       |               [01;31m[K~~~~~~~~~~~~~~~~~~~~~~~~~~~~~~^~[m[K
[2.703s] gmake[2]: *** [CMakeFiles/pub_current_node.dir/build.make:76: CMakeFiles/pub_current_node.dir/src/pub_current_node.cpp.o] Error 1
[2.703s] gmake[1]: *** [CMakeFiles/Makefile2:193: CMakeFiles/pub_current_node.dir/all] Error 2
[2.703s] gmake: *** [Makefile:146: all] Error 2
[2.706s] Invoked command in '/home/tky/workspace/openarm_ws/build/dxl_wt_openarm_leader' returned '2': CMAKE_PREFIX_PATH=/home/tky/workspace/openarm_ws/install/dynamixel_sdk_custom_interfaces:/home/tky/workspace/openarm_ws/install/dynamixel_sdk:/home/tky/workspace/openarm_ws/install/openarm_bimanual_moveit_config:/home/tky/workspace/openarm_ws/install/openarm:/home/tky/workspace/openarm_ws/install/openarm_description:/home/tky/workspace/openarm_ws/install/openarm_bringup:/home/tky/workspace/openarm_ws/install/dynamixel_sdk_examples:/home/tky/workspace/openarm_ws/install/dxl_wt_openarm_leader:/home/tky/workspace/openarm_ws/install/dxl_openarm_leader:/opt/ros/humble /home/tky/.pyenv/shims/cmake --build /home/tky/workspace/openarm_ws/build/dxl_wt_openarm_leader -- -j12 -l12
