-- Found ament_cmake: 1.3.11 (/opt/ros/humble/share/ament_cmake/cmake)
-- Override CMake install command with custom implementation using symlinks instead of copying resources
-- Configuring done
-- Generating done
-- Build files have been written to: /home/tky/workspace/openarm_ws/build/openarm
-- Install configuration: ""
-- Execute custom install script
-- Up-to-date symlink: /home/tky/workspace/openarm_ws/install/openarm/share/ament_index/resource_index/package_run_dependencies/openarm
-- Up-to-date symlink: /home/tky/workspace/openarm_ws/install/openarm/share/ament_index/resource_index/parent_prefix_path/openarm
-- Up-to-date symlink: /home/tky/workspace/openarm_ws/install/openarm/share/openarm/environment/ament_prefix_path.sh
-- Up-to-date symlink: /home/tky/workspace/openarm_ws/install/openarm/share/openarm/environment/ament_prefix_path.dsv
-- Up-to-date symlink: /home/tky/workspace/openarm_ws/install/openarm/share/openarm/environment/path.sh
-- Up-to-date symlink: /home/tky/workspace/openarm_ws/install/openarm/share/openarm/environment/path.dsv
-- Up-to-date symlink: /home/tky/workspace/openarm_ws/install/openarm/share/openarm/local_setup.bash
-- Up-to-date symlink: /home/tky/workspace/openarm_ws/install/openarm/share/openarm/local_setup.sh
-- Up-to-date symlink: /home/tky/workspace/openarm_ws/install/openarm/share/openarm/local_setup.zsh
-- Up-to-date symlink: /home/tky/workspace/openarm_ws/install/openarm/share/openarm/local_setup.dsv
-- Symlinking: /home/tky/workspace/openarm_ws/install/openarm/share/openarm/package.dsv
-- Up-to-date symlink: /home/tky/workspace/openarm_ws/install/openarm/share/ament_index/resource_index/packages/openarm
-- Up-to-date symlink: /home/tky/workspace/openarm_ws/install/openarm/share/openarm/cmake/openarmConfig.cmake
-- Up-to-date symlink: /home/tky/workspace/openarm_ws/install/openarm/share/openarm/cmake/openarmConfig-version.cmake
-- Up-to-date symlink: /home/tky/workspace/openarm_ws/install/openarm/share/openarm/package.xml
