[0.016s] Invoking command in '/home/tky/workspace/openarm_ws/build/dxl_openarm_leader': CMAKE_PREFIX_PATH=/home/tky/workspace/openarm_ws/install/dynamixel_sdk_custom_interfaces:/home/tky/workspace/openarm_ws/install/dynamixel_sdk:/home/tky/workspace/openarm_ws/install/openarm_bimanual_moveit_config:/home/tky/workspace/openarm_ws/install/openarm:/home/tky/workspace/openarm_ws/install/openarm_description:/home/tky/workspace/openarm_ws/install/openarm_bringup:/home/tky/workspace/openarm_ws/install/dynamixel_sdk_examples:/home/tky/workspace/openarm_ws/install/dxl_wt_openarm_leader:/home/tky/workspace/openarm_ws/install/dxl_openarm_leader:/opt/ros/humble /home/tky/.pyenv/shims/cmake --build /home/tky/workspace/openarm_ws/build/dxl_openarm_leader -- -j12 -l12
[0.133s] [ 50%] Built target read_write_position_node
[0.136s] [100%] Built target pub_position_node
[0.154s] Invoked command in '/home/tky/workspace/openarm_ws/build/dxl_openarm_leader' returned '0': CMAKE_PREFIX_PATH=/home/tky/workspace/openarm_ws/install/dynamixel_sdk_custom_interfaces:/home/tky/workspace/openarm_ws/install/dynamixel_sdk:/home/tky/workspace/openarm_ws/install/openarm_bimanual_moveit_config:/home/tky/workspace/openarm_ws/install/openarm:/home/tky/workspace/openarm_ws/install/openarm_description:/home/tky/workspace/openarm_ws/install/openarm_bringup:/home/tky/workspace/openarm_ws/install/dynamixel_sdk_examples:/home/tky/workspace/openarm_ws/install/dxl_wt_openarm_leader:/home/tky/workspace/openarm_ws/install/dxl_openarm_leader:/opt/ros/humble /home/tky/.pyenv/shims/cmake --build /home/tky/workspace/openarm_ws/build/dxl_openarm_leader -- -j12 -l12
[0.155s] Invoking command in '/home/tky/workspace/openarm_ws/build/dxl_openarm_leader': CMAKE_PREFIX_PATH=/home/tky/workspace/openarm_ws/install/dynamixel_sdk_custom_interfaces:/home/tky/workspace/openarm_ws/install/dynamixel_sdk:/home/tky/workspace/openarm_ws/install/openarm_bimanual_moveit_config:/home/tky/workspace/openarm_ws/install/openarm:/home/tky/workspace/openarm_ws/install/openarm_description:/home/tky/workspace/openarm_ws/install/openarm_bringup:/home/tky/workspace/openarm_ws/install/dynamixel_sdk_examples:/home/tky/workspace/openarm_ws/install/dxl_wt_openarm_leader:/home/tky/workspace/openarm_ws/install/dxl_openarm_leader:/opt/ros/humble /home/tky/.pyenv/shims/cmake --install /home/tky/workspace/openarm_ws/build/dxl_openarm_leader
[0.207s] -- Install configuration: ""
[0.207s] -- Up-to-date: /home/tky/workspace/openarm_ws/install/dxl_openarm_leader/lib/dxl_openarm_leader/read_write_position_node
[0.208s] -- Up-to-date: /home/tky/workspace/openarm_ws/install/dxl_openarm_leader/lib/dxl_openarm_leader/pub_position_node
[0.209s] -- Up-to-date: /home/tky/workspace/openarm_ws/install/dxl_openarm_leader/include/
[0.209s] -- Up-to-date: /home/tky/workspace/openarm_ws/install/dxl_openarm_leader/include//pub_dynamixel_data_node.hpp
[0.209s] -- Up-to-date: /home/tky/workspace/openarm_ws/install/dxl_openarm_leader/include//read_write_node.hpp
[0.209s] -- Up-to-date: /home/tky/workspace/openarm_ws/install/dxl_openarm_leader/share/ament_index/resource_index/package_run_dependencies/dxl_openarm_leader
[0.209s] -- Up-to-date: /home/tky/workspace/openarm_ws/install/dxl_openarm_leader/share/ament_index/resource_index/parent_prefix_path/dxl_openarm_leader
[0.210s] -- Up-to-date: /home/tky/workspace/openarm_ws/install/dxl_openarm_leader/share/dxl_openarm_leader/environment/ament_prefix_path.sh
[0.210s] -- Up-to-date: /home/tky/workspace/openarm_ws/install/dxl_openarm_leader/share/dxl_openarm_leader/environment/ament_prefix_path.dsv
[0.210s] -- Up-to-date: /home/tky/workspace/openarm_ws/install/dxl_openarm_leader/share/dxl_openarm_leader/environment/path.sh
[0.210s] -- Up-to-date: /home/tky/workspace/openarm_ws/install/dxl_openarm_leader/share/dxl_openarm_leader/environment/path.dsv
[0.210s] -- Up-to-date: /home/tky/workspace/openarm_ws/install/dxl_openarm_leader/share/dxl_openarm_leader/local_setup.bash
[0.210s] -- Up-to-date: /home/tky/workspace/openarm_ws/install/dxl_openarm_leader/share/dxl_openarm_leader/local_setup.sh
[0.210s] -- Up-to-date: /home/tky/workspace/openarm_ws/install/dxl_openarm_leader/share/dxl_openarm_leader/local_setup.zsh
[0.211s] -- Up-to-date: /home/tky/workspace/openarm_ws/install/dxl_openarm_leader/share/dxl_openarm_leader/local_setup.dsv
[0.211s] -- Installing: /home/tky/workspace/openarm_ws/install/dxl_openarm_leader/share/dxl_openarm_leader/package.dsv
[0.211s] -- Up-to-date: /home/tky/workspace/openarm_ws/install/dxl_openarm_leader/share/ament_index/resource_index/packages/dxl_openarm_leader
[0.211s] -- Up-to-date: /home/tky/workspace/openarm_ws/install/dxl_openarm_leader/share/dxl_openarm_leader/cmake/dxl_openarm_leaderConfig.cmake
[0.211s] -- Up-to-date: /home/tky/workspace/openarm_ws/install/dxl_openarm_leader/share/dxl_openarm_leader/cmake/dxl_openarm_leaderConfig-version.cmake
[0.211s] -- Up-to-date: /home/tky/workspace/openarm_ws/install/dxl_openarm_leader/share/dxl_openarm_leader/package.xml
[0.231s] Invoked command in '/home/tky/workspace/openarm_ws/build/dxl_openarm_leader' returned '0': CMAKE_PREFIX_PATH=/home/tky/workspace/openarm_ws/install/dynamixel_sdk_custom_interfaces:/home/tky/workspace/openarm_ws/install/dynamixel_sdk:/home/tky/workspace/openarm_ws/install/openarm_bimanual_moveit_config:/home/tky/workspace/openarm_ws/install/openarm:/home/tky/workspace/openarm_ws/install/openarm_description:/home/tky/workspace/openarm_ws/install/openarm_bringup:/home/tky/workspace/openarm_ws/install/dynamixel_sdk_examples:/home/tky/workspace/openarm_ws/install/dxl_wt_openarm_leader:/home/tky/workspace/openarm_ws/install/dxl_openarm_leader:/opt/ros/humble /home/tky/.pyenv/shims/cmake --install /home/tky/workspace/openarm_ws/build/dxl_openarm_leader
