[0.020s] Invoking command in '/home/tky/workspace/openarm_ws/build/dxl_wt_openarm_leader': AMENT_PREFIX_PATH=/home/tky/workspace/openarm_ws/install/dynamixel_sdk_custom_interfaces:/home/tky/workspace/openarm_ws/install/dynamixel_sdk:${AMENT_PREFIX_PATH} CMAKE_PREFIX_PATH=/home/tky/workspace/openarm_ws/install/dynamixel_sdk_custom_interfaces:/home/tky/workspace/openarm_ws/install/dynamixel_sdk:/opt/ros/humble LD_LIBRARY_PATH=/home/tky/workspace/openarm_ws/install/dynamixel_sdk_custom_interfaces/lib:/home/tky/workspace/openarm_ws/install/dynamixel_sdk/lib:${LD_LIBRARY_PATH} PYTHONPATH=/home/tky/workspace/openarm_ws/install/dynamixel_sdk_custom_interfaces/local/lib/python3.10/dist-packages:${PYTHONPATH} /home/tky/.pyenv/shims/cmake --build /home/tky/workspace/openarm_ws/build/dxl_wt_openarm_leader -- -j12 -l12
[0.140s] Consolidate compiler generated dependencies of target read_write_wt_position_node
[0.168s] [ 50%] Built target pub_current_node
[0.182s] [ 75%] Building CXX object CMakeFiles/read_write_wt_position_node.dir/src/read_write_wt_position_node.cpp.o
[9.491s] [100%] Linking CXX executable read_write_wt_position_node
[10.054s] [100%] Built target read_write_wt_position_node
[10.064s] Invoked command in '/home/tky/workspace/openarm_ws/build/dxl_wt_openarm_leader' returned '0': AMENT_PREFIX_PATH=/home/tky/workspace/openarm_ws/install/dynamixel_sdk_custom_interfaces:/home/tky/workspace/openarm_ws/install/dynamixel_sdk:${AMENT_PREFIX_PATH} CMAKE_PREFIX_PATH=/home/tky/workspace/openarm_ws/install/dynamixel_sdk_custom_interfaces:/home/tky/workspace/openarm_ws/install/dynamixel_sdk:/opt/ros/humble LD_LIBRARY_PATH=/home/tky/workspace/openarm_ws/install/dynamixel_sdk_custom_interfaces/lib:/home/tky/workspace/openarm_ws/install/dynamixel_sdk/lib:${LD_LIBRARY_PATH} PYTHONPATH=/home/tky/workspace/openarm_ws/install/dynamixel_sdk_custom_interfaces/local/lib/python3.10/dist-packages:${PYTHONPATH} /home/tky/.pyenv/shims/cmake --build /home/tky/workspace/openarm_ws/build/dxl_wt_openarm_leader -- -j12 -l12
[10.065s] Invoking command in '/home/tky/workspace/openarm_ws/build/dxl_wt_openarm_leader': AMENT_PREFIX_PATH=/home/tky/workspace/openarm_ws/install/dynamixel_sdk_custom_interfaces:/home/tky/workspace/openarm_ws/install/dynamixel_sdk:${AMENT_PREFIX_PATH} CMAKE_PREFIX_PATH=/home/tky/workspace/openarm_ws/install/dynamixel_sdk_custom_interfaces:/home/tky/workspace/openarm_ws/install/dynamixel_sdk:/opt/ros/humble LD_LIBRARY_PATH=/home/tky/workspace/openarm_ws/install/dynamixel_sdk_custom_interfaces/lib:/home/tky/workspace/openarm_ws/install/dynamixel_sdk/lib:${LD_LIBRARY_PATH} PYTHONPATH=/home/tky/workspace/openarm_ws/install/dynamixel_sdk_custom_interfaces/local/lib/python3.10/dist-packages:${PYTHONPATH} /home/tky/.pyenv/shims/cmake --install /home/tky/workspace/openarm_ws/build/dxl_wt_openarm_leader
[10.115s] -- Install configuration: ""
[10.115s] -- Installing: /home/tky/workspace/openarm_ws/install/dxl_wt_openarm_leader/lib/dxl_wt_openarm_leader/read_write_wt_position_node
[10.120s] -- Set runtime path of "/home/tky/workspace/openarm_ws/install/dxl_wt_openarm_leader/lib/dxl_wt_openarm_leader/read_write_wt_position_node" to ""
[10.120s] -- Up-to-date: /home/tky/workspace/openarm_ws/install/dxl_wt_openarm_leader/lib/dxl_wt_openarm_leader/pub_current_node
[10.121s] -- Up-to-date: /home/tky/workspace/openarm_ws/install/dxl_wt_openarm_leader/include/
[10.121s] -- Up-to-date: /home/tky/workspace/openarm_ws/install/dxl_wt_openarm_leader/include//pub_dynamixel_data_node.hpp
[10.121s] -- Installing: /home/tky/workspace/openarm_ws/install/dxl_wt_openarm_leader/include//read_write_wt_position_node.hpp
[10.121s] -- Up-to-date: /home/tky/workspace/openarm_ws/install/dxl_wt_openarm_leader/share/dxl_wt_openarm_leader/config
[10.121s] -- Installing: /home/tky/workspace/openarm_ws/install/dxl_wt_openarm_leader/share/dxl_wt_openarm_leader/config/params.yaml
[10.122s] -- Up-to-date: /home/tky/workspace/openarm_ws/install/dxl_wt_openarm_leader/share/dxl_wt_openarm_leader/launch
[10.122s] -- Up-to-date: /home/tky/workspace/openarm_ws/install/dxl_wt_openarm_leader/share/dxl_wt_openarm_leader/launch/read_write_wt_position.launch.py
[10.122s] -- Up-to-date: /home/tky/workspace/openarm_ws/install/dxl_wt_openarm_leader/share/ament_index/resource_index/package_run_dependencies/dxl_wt_openarm_leader
[10.122s] -- Up-to-date: /home/tky/workspace/openarm_ws/install/dxl_wt_openarm_leader/share/ament_index/resource_index/parent_prefix_path/dxl_wt_openarm_leader
[10.122s] -- Up-to-date: /home/tky/workspace/openarm_ws/install/dxl_wt_openarm_leader/share/dxl_wt_openarm_leader/environment/ament_prefix_path.sh
[10.123s] -- Up-to-date: /home/tky/workspace/openarm_ws/install/dxl_wt_openarm_leader/share/dxl_wt_openarm_leader/environment/ament_prefix_path.dsv
[10.123s] -- Up-to-date: /home/tky/workspace/openarm_ws/install/dxl_wt_openarm_leader/share/dxl_wt_openarm_leader/environment/path.sh
[10.123s] -- Up-to-date: /home/tky/workspace/openarm_ws/install/dxl_wt_openarm_leader/share/dxl_wt_openarm_leader/environment/path.dsv
[10.123s] -- Up-to-date: /home/tky/workspace/openarm_ws/install/dxl_wt_openarm_leader/share/dxl_wt_openarm_leader/local_setup.bash
[10.123s] -- Up-to-date: /home/tky/workspace/openarm_ws/install/dxl_wt_openarm_leader/share/dxl_wt_openarm_leader/local_setup.sh
[10.123s] -- Up-to-date: /home/tky/workspace/openarm_ws/install/dxl_wt_openarm_leader/share/dxl_wt_openarm_leader/local_setup.zsh
[10.123s] -- Up-to-date: /home/tky/workspace/openarm_ws/install/dxl_wt_openarm_leader/share/dxl_wt_openarm_leader/local_setup.dsv
[10.123s] -- Installing: /home/tky/workspace/openarm_ws/install/dxl_wt_openarm_leader/share/dxl_wt_openarm_leader/package.dsv
[10.123s] -- Up-to-date: /home/tky/workspace/openarm_ws/install/dxl_wt_openarm_leader/share/ament_index/resource_index/packages/dxl_wt_openarm_leader
[10.123s] -- Up-to-date: /home/tky/workspace/openarm_ws/install/dxl_wt_openarm_leader/share/dxl_wt_openarm_leader/cmake/dxl_wt_openarm_leaderConfig.cmake
[10.123s] -- Up-to-date: /home/tky/workspace/openarm_ws/install/dxl_wt_openarm_leader/share/dxl_wt_openarm_leader/cmake/dxl_wt_openarm_leaderConfig-version.cmake
[10.123s] -- Up-to-date: /home/tky/workspace/openarm_ws/install/dxl_wt_openarm_leader/share/dxl_wt_openarm_leader/package.xml
[10.126s] Invoked command in '/home/tky/workspace/openarm_ws/build/dxl_wt_openarm_leader' returned '0': AMENT_PREFIX_PATH=/home/tky/workspace/openarm_ws/install/dynamixel_sdk_custom_interfaces:/home/tky/workspace/openarm_ws/install/dynamixel_sdk:${AMENT_PREFIX_PATH} CMAKE_PREFIX_PATH=/home/tky/workspace/openarm_ws/install/dynamixel_sdk_custom_interfaces:/home/tky/workspace/openarm_ws/install/dynamixel_sdk:/opt/ros/humble LD_LIBRARY_PATH=/home/tky/workspace/openarm_ws/install/dynamixel_sdk_custom_interfaces/lib:/home/tky/workspace/openarm_ws/install/dynamixel_sdk/lib:${LD_LIBRARY_PATH} PYTHONPATH=/home/tky/workspace/openarm_ws/install/dynamixel_sdk_custom_interfaces/local/lib/python3.10/dist-packages:${PYTHONPATH} /home/tky/.pyenv/shims/cmake --install /home/tky/workspace/openarm_ws/build/dxl_wt_openarm_leader
