[35m[1mConsolidate compiler generated dependencies of target read_write_wt_position_node[0m
[ 50%] Built target pub_current_node
[ 75%] [32mBuilding CXX object CMakeFiles/read_write_wt_position_node.dir/src/read_write_wt_position_node.cpp.o[0m
[01m[K/home/tky/workspace/openarm_ws/src/dxl_wt_openarm_leader/src/read_write_wt_position_node.cpp:[m[K In member function ‘[01m[Kvoid ReadWriteWTNode::motion_compensation()[m[K’:
[01m[K/home/tky/workspace/openarm_ws/src/dxl_wt_openarm_leader/src/read_write_wt_position_node.cpp:165:12:[m[K [01;35m[Kwarning: [m[Kunused variable ‘[01m[Ktau_imp[m[K’ [[01;35m[K]8;;https://gcc.gnu.org/onlinedocs/gcc/Warning-Options.html#index-Wunused-variable-Wunused-variable]8;;[m[K]
  165 |     double [01;35m[Ktau_imp[m[K = (Kp_[dxl_id-1] * (target_imp_pos_[dxl_id-1] -present_position_[dxl_id-1] )
      |            [01;35m[K^~~~~~~[m[K
In file included from [01m[K/opt/ros/humble/include/rclcpp/rclcpp/logging.hpp:24[m[K,
                 from [01m[K/opt/ros/humble/include/rclcpp/rclcpp/client.hpp:40[m[K,
                 from [01m[K/opt/ros/humble/include/rclcpp/rclcpp/callback_group.hpp:24[m[K,
                 from [01m[K/opt/ros/humble/include/rclcpp/rclcpp/any_executable.hpp:20[m[K,
                 from [01m[K/opt/ros/humble/include/rclcpp/rclcpp/memory_strategy.hpp:25[m[K,
                 from [01m[K/opt/ros/humble/include/rclcpp/rclcpp/memory_strategies.hpp:18[m[K,
                 from [01m[K/opt/ros/humble/include/rclcpp/rclcpp/executor_options.hpp:20[m[K,
                 from [01m[K/opt/ros/humble/include/rclcpp/rclcpp/executor.hpp:37[m[K,
                 from [01m[K/opt/ros/humble/include/rclcpp/rclcpp/executors/multi_threaded_executor.hpp:25[m[K,
                 from [01m[K/opt/ros/humble/include/rclcpp/rclcpp/executors.hpp:21[m[K,
                 from [01m[K/opt/ros/humble/include/rclcpp/rclcpp/rclcpp.hpp:155[m[K,
                 from [01m[K/home/tky/workspace/openarm_ws/src/dxl_wt_openarm_leader/src/read_write_wt_position_node.cpp:45[m[K:
[01m[K/home/tky/workspace/openarm_ws/src/dxl_wt_openarm_leader/src/read_write_wt_position_node.cpp:[m[K In member function ‘[01m[Kvoid ReadWriteWTNode::read_present_position()[m[K’:
[01m[K/home/tky/workspace/openarm_ws/src/dxl_wt_openarm_leader/src/read_write_wt_position_node.cpp:298:9:[m[K [01;31m[Kerror: [m[K‘[01m[Kpresent_velocity_raw[m[K’ was not declared in this scope
  298 |         [01;31m[Kpresent_velocity_raw[m[K,
      |         [01;31m[K^~~~~~~~~~~~~~~~~~~~[m[K
gmake[2]: *** [CMakeFiles/read_write_wt_position_node.dir/build.make:76: CMakeFiles/read_write_wt_position_node.dir/src/read_write_wt_position_node.cpp.o] Error 1
gmake[1]: *** [CMakeFiles/Makefile2:139: CMakeFiles/read_write_wt_position_node.dir/all] Error 2
gmake: *** [Makefile:146: all] Error 2
