[35m[1mConsolidate compiler generated dependencies of target pub_current_node[0m
[35m[1mConsolidate compiler generated dependencies of target pub_velocity_node[0m
[35m[1mConsolidate compiler generated dependencies of target pub_current_pos_v1_node[0m
[35m[1mConsolidate compiler generated dependencies of target pub_position_node[0m
[ 10%] Built target read_write_current_node
[35m[1mConsolidate compiler generated dependencies of target pub_current_pos_v2_node[0m
[ 20%] [32mBuilding CXX object CMakeFiles/pub_velocity_node.dir/src/pub_velocity_node.cpp.o[0m
[ 25%] Built target read_write_position_node
[ 35%] Built target read_write_velocity_node
[ 40%] [32mBuilding CXX object CMakeFiles/pub_current_node.dir/src/pub_current_node.cpp.o[0m
[ 50%] Built target read_write_current_pos_v2_node
[ 60%] Built target read_write_current_pos_v1_node
[ 65%] [32mBuilding CXX object CMakeFiles/pub_current_pos_v1_node.dir/src/pub_current_pos_v1_node.cpp.o[0m
[ 70%] [32mBuilding CXX object CMakeFiles/pub_position_node.dir/src/pub_position_node.cpp.o[0m
[ 75%] [32mBuilding CXX object CMakeFiles/pub_current_pos_v2_node.dir/src/pub_current_pos_v2_node.cpp.o[0m
[01m[K/home/tky/workspace/openarm_ws/src/DynamixelSDK/dynamixel_sdk_examples/src/pub_current_pos_v2_node.cpp:24:1:[m[K [01;31m[Kerror: [m[K‘[01m[KJointPubNode[m[K’ does not name a type; did you mean ‘[01m[KJointCurrentPubNode[m[K’?
   24 | [01;31m[KJointPubNode[m[K::JointPubNode()
      | [01;31m[K^~~~~~~~~~~~[m[K
      | [32m[KJointCurrentPubNode[m[K
[01m[K/home/tky/workspace/openarm_ws/src/DynamixelSDK/dynamixel_sdk_examples/src/pub_current_pos_v2_node.cpp:37:6:[m[K [01;31m[Kerror: [m[K‘[01m[KJointPubNode[m[K’ has not been declared
   37 | void [01;31m[KJointPubNode[m[K::publishData()
      |      [01;31m[K^~~~~~~~~~~~[m[K
[01m[K/home/tky/workspace/openarm_ws/src/DynamixelSDK/dynamixel_sdk_examples/src/pub_current_pos_v2_node.cpp:[m[K In function ‘[01m[Kvoid publishData()[m[K’:
[01m[K/home/tky/workspace/openarm_ws/src/DynamixelSDK/dynamixel_sdk_examples/src/pub_current_pos_v2_node.cpp:39:3:[m[K [01;31m[Kerror: [m[K‘[01m[KSetPosition[m[K’ was not declared in this scope; did you mean ‘[01m[Kdynamixel_sdk_custom_interfaces::msg::SetPosition[m[K’?
   39 |   [01;31m[KSetPosition[m[K msg;
      |   [01;31m[K^~~~~~~~~~~[m[K
      |   [32m[Kdynamixel_sdk_custom_interfaces::msg::SetPosition[m[K
In file included from [01m[K/home/tky/workspace/openarm_ws/install/dynamixel_sdk_custom_interfaces/include/dynamixel_sdk_custom_interfaces/dynamixel_sdk_custom_interfaces/msg/set_position.hpp:7[m[K,
                 from [01m[K/home/tky/workspace/openarm_ws/src/DynamixelSDK/dynamixel_sdk_examples/include/pub_dynamixel_data_node.hpp:21[m[K,
                 from [01m[K/home/tky/workspace/openarm_ws/src/DynamixelSDK/dynamixel_sdk_examples/src/pub_current_pos_v2_node.cpp:19[m[K:
[01m[K/home/tky/workspace/openarm_ws/install/dynamixel_sdk_custom_interfaces/include/dynamixel_sdk_custom_interfaces/dynamixel_sdk_custom_interfaces/msg/detail/set_position__struct.hpp:136:7:[m[K [01;36m[Knote: [m[K‘[01m[Kdynamixel_sdk_custom_interfaces::msg::SetPosition[m[K’ declared here
  136 | using [01;36m[KSetPosition[m[K =
      |       [01;36m[K^~~~~~~~~~~[m[K
[01m[K/home/tky/workspace/openarm_ws/src/DynamixelSDK/dynamixel_sdk_examples/src/pub_current_pos_v2_node.cpp:42:3:[m[K [01;31m[Kerror: [m[K‘[01m[Kmsg[m[K’ was not declared in this scope
   42 |   [01;31m[Kmsg[m[K.position = positions_5_[current_position_index_];
      |   [01;31m[K^~~[m[K
[01m[K/home/tky/workspace/openarm_ws/src/DynamixelSDK/dynamixel_sdk_examples/src/pub_current_pos_v2_node.cpp:42:3:[m[K [01;36m[Knote: [m[Ksuggested alternatives:
In file included from [01m[K/opt/ros/humble/include/builtin_interfaces/builtin_interfaces/msg/duration.hpp:7[m[K,
                 from [01m[K/opt/ros/humble/include/rclcpp/rclcpp/duration.hpp:20[m[K,
                 from [01m[K/opt/ros/humble/include/rclcpp/rclcpp/qos.hpp:20[m[K,
                 from [01m[K/opt/ros/humble/include/rclcpp/rclcpp/node_interfaces/node_graph_interface.hpp:32[m[K,
                 from [01m[K/opt/ros/humble/include/rclcpp/rclcpp/client.hpp:42[m[K,
                 from [01m[K/opt/ros/humble/include/rclcpp/rclcpp/callback_group.hpp:24[m[K,
                 from [01m[K/opt/ros/humble/include/rclcpp/rclcpp/any_executable.hpp:20[m[K,
                 from [01m[K/opt/ros/humble/include/rclcpp/rclcpp/memory_strategy.hpp:25[m[K,
                 from [01m[K/opt/ros/humble/include/rclcpp/rclcpp/memory_strategies.hpp:18[m[K,
                 from [01m[K/opt/ros/humble/include/rclcpp/rclcpp/executor_options.hpp:20[m[K,
                 from [01m[K/opt/ros/humble/include/rclcpp/rclcpp/executor.hpp:37[m[K,
                 from [01m[K/opt/ros/humble/include/rclcpp/rclcpp/executors/multi_threaded_executor.hpp:25[m[K,
                 from [01m[K/opt/ros/humble/include/rclcpp/rclcpp/executors.hpp:21[m[K,
                 from [01m[K/opt/ros/humble/include/rclcpp/rclcpp/rclcpp.hpp:155[m[K,
                 from [01m[K/home/tky/workspace/openarm_ws/src/DynamixelSDK/dynamixel_sdk_examples/src/pub_current_pos_v2_node.cpp:18[m[K:
[01m[K/opt/ros/humble/include/builtin_interfaces/builtin_interfaces/msg/detail/duration__struct.hpp:27:11:[m[K [01;36m[Knote: [m[K  ‘[01m[Kbuiltin_interfaces::msg[m[K’
   27 | namespace [01;36m[Kmsg[m[K
      |           [01;36m[K^~~[m[K
In file included from [01m[K/opt/ros/humble/include/rcl_interfaces/rcl_interfaces/msg/set_parameters_result.hpp:7[m[K,
                 from [01m[K/opt/ros/humble/include/rclcpp/rclcpp/qos_overriding_options.hpp:28[m[K,
                 from [01m[K/opt/ros/humble/include/rclcpp/rclcpp/subscription_options.hpp:30[m[K,
                 from [01m[K/opt/ros/humble/include/rclcpp/rclcpp/subscription.hpp:45[m[K,
                 from [01m[K/opt/ros/humble/include/rclcpp/rclcpp/any_executable.hpp:25[m[K,
                 from [01m[K/opt/ros/humble/include/rclcpp/rclcpp/memory_strategy.hpp:25[m[K,
                 from [01m[K/opt/ros/humble/include/rclcpp/rclcpp/memory_strategies.hpp:18[m[K,
                 from [01m[K/opt/ros/humble/include/rclcpp/rclcpp/executor_options.hpp:20[m[K,
                 from [01m[K/opt/ros/humble/include/rclcpp/rclcpp/executor.hpp:37[m[K,
                 from [01m[K/opt/ros/humble/include/rclcpp/rclcpp/executors/multi_threaded_executor.hpp:25[m[K,
                 from [01m[K/opt/ros/humble/include/rclcpp/rclcpp/executors.hpp:21[m[K,
                 from [01m[K/opt/ros/humble/include/rclcpp/rclcpp/rclcpp.hpp:155[m[K,
                 from [01m[K/home/tky/workspace/openarm_ws/src/DynamixelSDK/dynamixel_sdk_examples/src/pub_current_pos_v2_node.cpp:18[m[K:
[01m[K/opt/ros/humble/include/rcl_interfaces/rcl_interfaces/msg/detail/set_parameters_result__struct.hpp:27:11:[m[K [01;36m[Knote: [m[K  ‘[01m[Krcl_interfaces::msg[m[K’
   27 | namespace [01;36m[Kmsg[m[K
      |           [01;36m[K^~~[m[K
In file included from [01m[K/opt/ros/humble/include/statistics_msgs/statistics_msgs/msg/detail/metrics_message__struct.hpp:23[m[K,
                 from [01m[K/opt/ros/humble/include/statistics_msgs/statistics_msgs/msg/metrics_message.hpp:7[m[K,
                 from [01m[K/opt/ros/humble/include/libstatistics_collector/libstatistics_collector/collector/generate_statistics_message.hpp:21[m[K,
                 from [01m[K/opt/ros/humble/include/rclcpp/rclcpp/topic_statistics/subscription_topic_statistics.hpp:23[m[K,
                 from [01m[K/opt/ros/humble/include/rclcpp/rclcpp/subscription.hpp:50[m[K,
                 from [01m[K/opt/ros/humble/include/rclcpp/rclcpp/any_executable.hpp:25[m[K,
                 from [01m[K/opt/ros/humble/include/rclcpp/rclcpp/memory_strategy.hpp:25[m[K,
                 from [01m[K/opt/ros/humble/include/rclcpp/rclcpp/memory_strategies.hpp:18[m[K,
                 from [01m[K/opt/ros/humble/include/rclcpp/rclcpp/executor_options.hpp:20[m[K,
                 from [01m[K/opt/ros/humble/include/rclcpp/rclcpp/executor.hpp:37[m[K,
                 from [01m[K/opt/ros/humble/include/rclcpp/rclcpp/executors/multi_threaded_executor.hpp:25[m[K,
                 from [01m[K/opt/ros/humble/include/rclcpp/rclcpp/executors.hpp:21[m[K,
                 from [01m[K/opt/ros/humble/include/rclcpp/rclcpp/rclcpp.hpp:155[m[K,
                 from [01m[K/home/tky/workspace/openarm_ws/src/DynamixelSDK/dynamixel_sdk_examples/src/pub_current_pos_v2_node.cpp:18[m[K:
[01m[K/opt/ros/humble/include/statistics_msgs/statistics_msgs/msg/detail/statistic_data_point__struct.hpp:27:11:[m[K [01;36m[Knote: [m[K  ‘[01m[Kstatistics_msgs::msg[m[K’
   27 | namespace [01;36m[Kmsg[m[K
      |           [01;36m[K^~~[m[K
In file included from [01m[K/home/tky/workspace/openarm_ws/install/dynamixel_sdk_custom_interfaces/include/dynamixel_sdk_custom_interfaces/dynamixel_sdk_custom_interfaces/msg/set_current.hpp:7[m[K,
                 from [01m[K/home/tky/workspace/openarm_ws/src/DynamixelSDK/dynamixel_sdk_examples/include/pub_dynamixel_data_node.hpp:20[m[K,
                 from [01m[K/home/tky/workspace/openarm_ws/src/DynamixelSDK/dynamixel_sdk_examples/src/pub_current_pos_v2_node.cpp:19[m[K:
[01m[K/home/tky/workspace/openarm_ws/install/dynamixel_sdk_custom_interfaces/include/dynamixel_sdk_custom_interfaces/dynamixel_sdk_custom_interfaces/msg/detail/set_current__struct.hpp:27:11:[m[K [01;36m[Knote: [m[K  ‘[01m[Kdynamixel_sdk_custom_interfaces::msg[m[K’
   27 | namespace [01;36m[Kmsg[m[K
      |           [01;36m[K^~~[m[K
[01m[K/home/tky/workspace/openarm_ws/src/DynamixelSDK/dynamixel_sdk_examples/src/pub_current_pos_v2_node.cpp:42:18:[m[K [01;31m[Kerror: [m[K‘[01m[Kpositions_5_[m[K’ was not declared in this scope
   42 |   msg.position = [01;31m[Kpositions_5_[m[K[current_position_index_];
      |                  [01;31m[K^~~~~~~~~~~~[m[K
[01m[K/home/tky/workspace/openarm_ws/src/DynamixelSDK/dynamixel_sdk_examples/src/pub_current_pos_v2_node.cpp:42:31:[m[K [01;31m[Kerror: [m[K‘[01m[Kcurrent_position_index_[m[K’ was not declared in this scope
   42 |   msg.position = positions_5_[[01;31m[Kcurrent_position_index_[m[K];
      |                               [01;31m[K^~~~~~~~~~~~~~~~~~~~~~~[m[K
In file included from [01m[K/opt/ros/humble/include/rclcpp/rclcpp/client.hpp:40[m[K,
                 from [01m[K/opt/ros/humble/include/rclcpp/rclcpp/callback_group.hpp:24[m[K,
                 from [01m[K/opt/ros/humble/include/rclcpp/rclcpp/any_executable.hpp:20[m[K,
                 from [01m[K/opt/ros/humble/include/rclcpp/rclcpp/memory_strategy.hpp:25[m[K,
                 from [01m[K/opt/ros/humble/include/rclcpp/rclcpp/memory_strategies.hpp:18[m[K,
                 from [01m[K/opt/ros/humble/include/rclcpp/rclcpp/executor_options.hpp:20[m[K,
                 from [01m[K/opt/ros/humble/include/rclcpp/rclcpp/executor.hpp:37[m[K,
                 from [01m[K/opt/ros/humble/include/rclcpp/rclcpp/executors/multi_threaded_executor.hpp:25[m[K,
                 from [01m[K/opt/ros/humble/include/rclcpp/rclcpp/executors.hpp:21[m[K,
                 from [01m[K/opt/ros/humble/include/rclcpp/rclcpp/rclcpp.hpp:155[m[K,
                 from [01m[K/home/tky/workspace/openarm_ws/src/DynamixelSDK/dynamixel_sdk_examples/src/pub_current_pos_v2_node.cpp:18[m[K:
[01m[K/home/tky/workspace/openarm_ws/src/DynamixelSDK/dynamixel_sdk_examples/src/pub_current_pos_v2_node.cpp:45:15:[m[K [01;31m[Kerror: [m[K‘[01m[Kget_logger[m[K’ was not declared in this scope; did you mean ‘[01m[Krclcpp::get_logger[m[K’?
   45 |   RCLCPP_INFO([01;31m[Kget_logger[m[K(), "Publishing ID: %d Position: %d", msg.id, msg.position);
      |               [01;31m[K^~~~~~~~~~[m[K
In file included from [01m[K/opt/ros/humble/include/rclcpp/rclcpp/logging.hpp:23[m[K,
                 from [01m[K/opt/ros/humble/include/rclcpp/rclcpp/client.hpp:40[m[K,
                 from [01m[K/opt/ros/humble/include/rclcpp/rclcpp/callback_group.hpp:24[m[K,
                 from [01m[K/opt/ros/humble/include/rclcpp/rclcpp/any_executable.hpp:20[m[K,
                 from [01m[K/opt/ros/humble/include/rclcpp/rclcpp/memory_strategy.hpp:25[m[K,
                 from [01m[K/opt/ros/humble/include/rclcpp/rclcpp/memory_strategies.hpp:18[m[K,
                 from [01m[K/opt/ros/humble/include/rclcpp/rclcpp/executor_options.hpp:20[m[K,
                 from [01m[K/opt/ros/humble/include/rclcpp/rclcpp/executor.hpp:37[m[K,
                 from [01m[K/opt/ros/humble/include/rclcpp/rclcpp/executors/multi_threaded_executor.hpp:25[m[K,
                 from [01m[K/opt/ros/humble/include/rclcpp/rclcpp/executors.hpp:21[m[K,
                 from [01m[K/opt/ros/humble/include/rclcpp/rclcpp/rclcpp.hpp:155[m[K,
                 from [01m[K/home/tky/workspace/openarm_ws/src/DynamixelSDK/dynamixel_sdk_examples/src/pub_current_pos_v2_node.cpp:18[m[K:
[01m[K/opt/ros/humble/include/rclcpp/rclcpp/logger.hpp:106:17:[m[K [01;36m[Knote: [m[K‘[01m[Krclcpp::get_logger[m[K’ declared here
  106 |   friend Logger [01;36m[Krclcpp[m[K::get_logger(const std::string & name);
      |                 [01;36m[K^~~~~~[m[K
In file included from [01m[K/opt/ros/humble/include/rclcpp/rclcpp/client.hpp:40[m[K,
                 from [01m[K/opt/ros/humble/include/rclcpp/rclcpp/callback_group.hpp:24[m[K,
                 from [01m[K/opt/ros/humble/include/rclcpp/rclcpp/any_executable.hpp:20[m[K,
                 from [01m[K/opt/ros/humble/include/rclcpp/rclcpp/memory_strategy.hpp:25[m[K,
                 from [01m[K/opt/ros/humble/include/rclcpp/rclcpp/memory_strategies.hpp:18[m[K,
                 from [01m[K/opt/ros/humble/include/rclcpp/rclcpp/executor_options.hpp:20[m[K,
                 from [01m[K/opt/ros/humble/include/rclcpp/rclcpp/executor.hpp:37[m[K,
                 from [01m[K/opt/ros/humble/include/rclcpp/rclcpp/executors/multi_threaded_executor.hpp:25[m[K,
                 from [01m[K/opt/ros/humble/include/rclcpp/rclcpp/executors.hpp:21[m[K,
                 from [01m[K/opt/ros/humble/include/rclcpp/rclcpp/rclcpp.hpp:155[m[K,
                 from [01m[K/home/tky/workspace/openarm_ws/src/DynamixelSDK/dynamixel_sdk_examples/src/pub_current_pos_v2_node.cpp:18[m[K:
[01m[K/home/tky/workspace/openarm_ws/src/DynamixelSDK/dynamixel_sdk_examples/src/pub_current_pos_v2_node.cpp:45:3:[m[K [01;31m[Kerror: [m[Ktemplate argument 1 is invalid
   45 |   [01;31m[KRCLCPP_INFO[m[K(get_logger(), "Publishing ID: %d Position: %d", msg.id, msg.position);
      |   [01;31m[K^~~~~~~~~~~[m[K
[01m[K/home/tky/workspace/openarm_ws/src/DynamixelSDK/dynamixel_sdk_examples/src/pub_current_pos_v2_node.cpp:45:3:[m[K [01;31m[Kerror: [m[Ktemplate argument 1 is invalid
   45 |   [01;31m[KRCLCPP_INFO[m[K(get_logger(), "Publishing ID: %d Position: %d", msg.id, msg.position);
      |   [01;31m[K^~~~~~~~~~~[m[K
[01m[K/home/tky/workspace/openarm_ws/src/DynamixelSDK/dynamixel_sdk_examples/src/pub_current_pos_v2_node.cpp:45:3:[m[K [01;31m[Kerror: [m[Ktemplate argument 1 is invalid
   45 |   [01;31m[KRCLCPP_INFO[m[K(get_logger(), "Publishing ID: %d Position: %d", msg.id, msg.position);
      |   [01;31m[K^~~~~~~~~~~[m[K
[01m[K/home/tky/workspace/openarm_ws/src/DynamixelSDK/dynamixel_sdk_examples/src/pub_current_pos_v2_node.cpp:47:3:[m[K [01;31m[Kerror: [m[K‘[01m[Kpublisher_[m[K’ was not declared in this scope
   47 |   [01;31m[Kpublisher_[m[K->publish(msg);
      |   [01;31m[K^~~~~~~~~~[m[K
[01m[K/home/tky/workspace/openarm_ws/src/DynamixelSDK/dynamixel_sdk_examples/src/pub_current_pos_v2_node.cpp:[m[K In function ‘[01m[Kint main(int, char**)[m[K’:
[01m[K/home/tky/workspace/openarm_ws/src/DynamixelSDK/dynamixel_sdk_examples/src/pub_current_pos_v2_node.cpp:54:32:[m[K [01;31m[Kerror: [m[K‘[01m[KJointPubNode[m[K’ was not declared in this scope; did you mean ‘[01m[KJointCurrentPubNode[m[K’?
   54 |   auto node = std::make_shared<[01;31m[KJointPubNode[m[K>();
      |                                [01;31m[K^~~~~~~~~~~~[m[K
      |                                [32m[KJointCurrentPubNode[m[K
[01m[K/home/tky/workspace/openarm_ws/src/DynamixelSDK/dynamixel_sdk_examples/src/pub_current_pos_v2_node.cpp:54:45:[m[K [01;31m[Kerror: [m[Kno matching function for call to ‘[01m[Kmake_shared<<expression error> >()[m[K’
   54 |   auto node = [01;31m[Kstd::make_shared<JointPubNode>()[m[K;
      |               [01;31m[K~~~~~~~~~~~~~~~~~~~~~~~~~~~~~~^~[m[K
In file included from [01m[K/usr/include/c++/11/memory:77[m[K,
                 from [01m[K/opt/ros/humble/include/rclcpp/rclcpp/rclcpp.hpp:153[m[K,
                 from [01m[K/home/tky/workspace/openarm_ws/src/DynamixelSDK/dynamixel_sdk_examples/src/pub_current_pos_v2_node.cpp:18[m[K:
[01m[K/usr/include/c++/11/bits/shared_ptr.h:875:5:[m[K [01;36m[Knote: [m[Kcandidate: ‘[01m[Ktemplate<class _Tp, class ... _Args> std::shared_ptr<_Tp> std::make_shared(_Args&& ...)[m[K’
  875 |     [01;36m[Kmake_shared[m[K(_Args&&... __args)
      |     [01;36m[K^~~~~~~~~~~[m[K
[01m[K/usr/include/c++/11/bits/shared_ptr.h:875:5:[m[K [01;36m[Knote: [m[K  template argument deduction/substitution failed:
[01m[K/home/tky/workspace/openarm_ws/src/DynamixelSDK/dynamixel_sdk_examples/src/pub_current_pos_v2_node.cpp:54:45:[m[K [01;31m[Kerror: [m[Ktemplate argument 1 is invalid
   54 |   auto node = [01;31m[Kstd::make_shared<JointPubNode>()[m[K;
      |               [01;31m[K~~~~~~~~~~~~~~~~~~~~~~~~~~~~~~^~[m[K
[01m[K/home/tky/workspace/openarm_ws/src/DynamixelSDK/dynamixel_sdk_examples/src/pub_current_pos_v1_node.cpp:24:1:[m[K [01;31m[Kerror: [m[K‘[01m[KJointPubNode[m[K’ does not name a type; did you mean ‘[01m[KJointCurrentPubNode[m[K’?
   24 | [01;31m[KJointPubNode[m[K::JointPubNode()
      | [01;31m[K^~~~~~~~~~~~[m[K
      | [32m[KJointCurrentPubNode[m[K
[01m[K/home/tky/workspace/openarm_ws/src/DynamixelSDK/dynamixel_sdk_examples/src/pub_current_pos_v1_node.cpp:37:6:[m[K [01;31m[Kerror: [m[K‘[01m[KJointPubNode[m[K’ has not been declared
   37 | void [01;31m[KJointPubNode[m[K::publishData()
      |      [01;31m[K^~~~~~~~~~~~[m[K
[01m[K/home/tky/workspace/openarm_ws/src/DynamixelSDK/dynamixel_sdk_examples/src/pub_current_pos_v1_node.cpp:[m[K In function ‘[01m[Kvoid publishData()[m[K’:
[01m[K/home/tky/workspace/openarm_ws/src/DynamixelSDK/dynamixel_sdk_examples/src/pub_current_pos_v1_node.cpp:39:3:[m[K [01;31m[Kerror: [m[K‘[01m[KSetPosition[m[K’ was not declared in this scope; did you mean ‘[01m[Kdynamixel_sdk_custom_interfaces::msg::SetPosition[m[K’?
   39 |   [01;31m[KSetPosition[m[K msg;
      |   [01;31m[K^~~~~~~~~~~[m[K
      |   [32m[Kdynamixel_sdk_custom_interfaces::msg::SetPosition[m[K
In file included from [01m[K/home/tky/workspace/openarm_ws/install/dynamixel_sdk_custom_interfaces/include/dynamixel_sdk_custom_interfaces/dynamixel_sdk_custom_interfaces/msg/set_position.hpp:7[m[K,
                 from [01m[K/home/tky/workspace/openarm_ws/src/DynamixelSDK/dynamixel_sdk_examples/include/pub_dynamixel_data_node.hpp:21[m[K,
                 from [01m[K/home/tky/workspace/openarm_ws/src/DynamixelSDK/dynamixel_sdk_examples/src/pub_current_pos_v1_node.cpp:19[m[K:
[01m[K/home/tky/workspace/openarm_ws/install/dynamixel_sdk_custom_interfaces/include/dynamixel_sdk_custom_interfaces/dynamixel_sdk_custom_interfaces/msg/detail/set_position__struct.hpp:136:7:[m[K [01;36m[Knote: [m[K‘[01m[Kdynamixel_sdk_custom_interfaces::msg::SetPosition[m[K’ declared here
  136 | using [01;36m[KSetPosition[m[K =
      |       [01;36m[K^~~~~~~~~~~[m[K
[01m[K/home/tky/workspace/openarm_ws/src/DynamixelSDK/dynamixel_sdk_examples/src/pub_current_pos_v1_node.cpp:41:3:[m[K [01;31m[Kerror: [m[K‘[01m[Kmsg[m[K’ was not declared in this scope
   41 |   [01;31m[Kmsg[m[K.position = current_5_[current_position_index_];
      |   [01;31m[K^~~[m[K
[01m[K/home/tky/workspace/openarm_ws/src/DynamixelSDK/dynamixel_sdk_examples/src/pub_current_pos_v1_node.cpp:41:3:[m[K [01;36m[Knote: [m[Ksuggested alternatives:
In file included from [01m[K/opt/ros/humble/include/builtin_interfaces/builtin_interfaces/msg/duration.hpp:7[m[K,
                 from [01m[K/opt/ros/humble/include/rclcpp/rclcpp/duration.hpp:20[m[K,
                 from [01m[K/opt/ros/humble/include/rclcpp/rclcpp/qos.hpp:20[m[K,
                 from [01m[K/opt/ros/humble/include/rclcpp/rclcpp/node_interfaces/node_graph_interface.hpp:32[m[K,
                 from [01m[K/opt/ros/humble/include/rclcpp/rclcpp/client.hpp:42[m[K,
                 from [01m[K/opt/ros/humble/include/rclcpp/rclcpp/callback_group.hpp:24[m[K,
                 from [01m[K/opt/ros/humble/include/rclcpp/rclcpp/any_executable.hpp:20[m[K,
                 from [01m[K/opt/ros/humble/include/rclcpp/rclcpp/memory_strategy.hpp:25[m[K,
                 from [01m[K/opt/ros/humble/include/rclcpp/rclcpp/memory_strategies.hpp:18[m[K,
                 from [01m[K/opt/ros/humble/include/rclcpp/rclcpp/executor_options.hpp:20[m[K,
                 from [01m[K/opt/ros/humble/include/rclcpp/rclcpp/executor.hpp:37[m[K,
                 from [01m[K/opt/ros/humble/include/rclcpp/rclcpp/executors/multi_threaded_executor.hpp:25[m[K,
                 from [01m[K/opt/ros/humble/include/rclcpp/rclcpp/executors.hpp:21[m[K,
                 from [01m[K/opt/ros/humble/include/rclcpp/rclcpp/rclcpp.hpp:155[m[K,
                 from [01m[K/home/tky/workspace/openarm_ws/src/DynamixelSDK/dynamixel_sdk_examples/src/pub_current_pos_v1_node.cpp:18[m[K:
[01m[K/opt/ros/humble/include/builtin_interfaces/builtin_interfaces/msg/detail/duration__struct.hpp:27:11:[m[K [01;36m[Knote: [m[K  ‘[01m[Kbuiltin_interfaces::msg[m[K’
   27 | namespace [01;36m[Kmsg[m[K
      |           [01;36m[K^~~[m[K
In file included from [01m[K/opt/ros/humble/include/rcl_interfaces/rcl_interfaces/msg/set_parameters_result.hpp:7[m[K,
                 from [01m[K/opt/ros/humble/include/rclcpp/rclcpp/qos_overriding_options.hpp:28[m[K,
                 from [01m[K/opt/ros/humble/include/rclcpp/rclcpp/subscription_options.hpp:30[m[K,
                 from [01m[K/opt/ros/humble/include/rclcpp/rclcpp/subscription.hpp:45[m[K,
                 from [01m[K/opt/ros/humble/include/rclcpp/rclcpp/any_executable.hpp:25[m[K,
                 from [01m[K/opt/ros/humble/include/rclcpp/rclcpp/memory_strategy.hpp:25[m[K,
                 from [01m[K/opt/ros/humble/include/rclcpp/rclcpp/memory_strategies.hpp:18[m[K,
                 from [01m[K/opt/ros/humble/include/rclcpp/rclcpp/executor_options.hpp:20[m[K,
                 from [01m[K/opt/ros/humble/include/rclcpp/rclcpp/executor.hpp:37[m[K,
                 from [01m[K/opt/ros/humble/include/rclcpp/rclcpp/executors/multi_threaded_executor.hpp:25[m[K,
                 from [01m[K/opt/ros/humble/include/rclcpp/rclcpp/executors.hpp:21[m[K,
                 from [01m[K/opt/ros/humble/include/rclcpp/rclcpp/rclcpp.hpp:155[m[K,
                 from [01m[K/home/tky/workspace/openarm_ws/src/DynamixelSDK/dynamixel_sdk_examples/src/pub_current_pos_v1_node.cpp:18[m[K:
[01m[K/opt/ros/humble/include/rcl_interfaces/rcl_interfaces/msg/detail/set_parameters_result__struct.hpp:27:11:[m[K [01;36m[Knote: [m[K  ‘[01m[Krcl_interfaces::msg[m[K’
   27 | namespace [01;36m[Kmsg[m[K
      |           [01;36m[K^~~[m[K
In file included from [01m[K/opt/ros/humble/include/statistics_msgs/statistics_msgs/msg/detail/metrics_message__struct.hpp:23[m[K,
                 from [01m[K/opt/ros/humble/include/statistics_msgs/statistics_msgs/msg/metrics_message.hpp:7[m[K,
                 from [01m[K/opt/ros/humble/include/libstatistics_collector/libstatistics_collector/collector/generate_statistics_message.hpp:21[m[K,
                 from [01m[K/opt/ros/humble/include/rclcpp/rclcpp/topic_statistics/subscription_topic_statistics.hpp:23[m[K,
                 from [01m[K/opt/ros/humble/include/rclcpp/rclcpp/subscription.hpp:50[m[K,
                 from [01m[K/opt/ros/humble/include/rclcpp/rclcpp/any_executable.hpp:25[m[K,
                 from [01m[K/opt/ros/humble/include/rclcpp/rclcpp/memory_strategy.hpp:25[m[K,
                 from [01m[K/opt/ros/humble/include/rclcpp/rclcpp/memory_strategies.hpp:18[m[K,
                 from [01m[K/opt/ros/humble/include/rclcpp/rclcpp/executor_options.hpp:20[m[K,
                 from [01m[K/opt/ros/humble/include/rclcpp/rclcpp/executor.hpp:37[m[K,
                 from [01m[K/opt/ros/humble/include/rclcpp/rclcpp/executors/multi_threaded_executor.hpp:25[m[K,
                 from [01m[K/opt/ros/humble/include/rclcpp/rclcpp/executors.hpp:21[m[K,
                 from [01m[K/opt/ros/humble/include/rclcpp/rclcpp/rclcpp.hpp:155[m[K,
                 from [01m[K/home/tky/workspace/openarm_ws/src/DynamixelSDK/dynamixel_sdk_examples/src/pub_current_pos_v1_node.cpp:18[m[K:
[01m[K/opt/ros/humble/include/statistics_msgs/statistics_msgs/msg/detail/statistic_data_point__struct.hpp:27:11:[m[K [01;36m[Knote: [m[K  ‘[01m[Kstatistics_msgs::msg[m[K’
   27 | namespace [01;36m[Kmsg[m[K
      |           [01;36m[K^~~[m[K
In file included from [01m[K/home/tky/workspace/openarm_ws/install/dynamixel_sdk_custom_interfaces/include/dynamixel_sdk_custom_interfaces/dynamixel_sdk_custom_interfaces/msg/set_current.hpp:7[m[K,
                 from [01m[K/home/tky/workspace/openarm_ws/src/DynamixelSDK/dynamixel_sdk_examples/include/pub_dynamixel_data_node.hpp:20[m[K,
                 from [01m[K/home/tky/workspace/openarm_ws/src/DynamixelSDK/dynamixel_sdk_examples/src/pub_current_pos_v1_node.cpp:19[m[K:
[01m[K/home/tky/workspace/openarm_ws/install/dynamixel_sdk_custom_interfaces/include/dynamixel_sdk_custom_interfaces/dynamixel_sdk_custom_interfaces/msg/detail/set_current__struct.hpp:27:11:[m[K [01;36m[Knote: [m[K  ‘[01m[Kdynamixel_sdk_custom_interfaces::msg[m[K’
   27 | namespace [01;36m[Kmsg[m[K
      |           [01;36m[K^~~[m[K
[01m[K/home/tky/workspace/openarm_ws/src/DynamixelSDK/dynamixel_sdk_examples/src/pub_current_pos_v1_node.cpp:41:18:[m[K [01;31m[Kerror: [m[K‘[01m[Kcurrent_5_[m[K’ was not declared in this scope
   41 |   msg.position = [01;31m[Kcurrent_5_[m[K[current_position_index_];
      |                  [01;31m[K^~~~~~~~~~[m[K
[01m[K/home/tky/workspace/openarm_ws/src/DynamixelSDK/dynamixel_sdk_examples/src/pub_current_pos_v1_node.cpp:41:29:[m[K [01;31m[Kerror: [m[K‘[01m[Kcurrent_position_index_[m[K’ was not declared in this scope
   41 |   msg.position = current_5_[[01;31m[Kcurrent_position_index_[m[K];
      |                             [01;31m[K^~~~~~~~~~~~~~~~~~~~~~~[m[K
In file included from [01m[K/opt/ros/humble/include/rclcpp/rclcpp/client.hpp:40[m[K,
                 from [01m[K/opt/ros/humble/include/rclcpp/rclcpp/callback_group.hpp:24[m[K,
                 from [01m[K/opt/ros/humble/include/rclcpp/rclcpp/any_executable.hpp:20[m[K,
                 from [01m[K/opt/ros/humble/include/rclcpp/rclcpp/memory_strategy.hpp:25[m[K,
                 from [01m[K/opt/ros/humble/include/rclcpp/rclcpp/memory_strategies.hpp:18[m[K,
                 from [01m[K/opt/ros/humble/include/rclcpp/rclcpp/executor_options.hpp:20[m[K,
                 from [01m[K/opt/ros/humble/include/rclcpp/rclcpp/executor.hpp:37[m[K,
                 from [01m[K/opt/ros/humble/include/rclcpp/rclcpp/executors/multi_threaded_executor.hpp:25[m[K,
                 from [01m[K/opt/ros/humble/include/rclcpp/rclcpp/executors.hpp:21[m[K,
                 from [01m[K/opt/ros/humble/include/rclcpp/rclcpp/rclcpp.hpp:155[m[K,
                 from [01m[K/home/tky/workspace/openarm_ws/src/DynamixelSDK/dynamixel_sdk_examples/src/pub_current_pos_v1_node.cpp:18[m[K:
[01m[K/home/tky/workspace/openarm_ws/src/DynamixelSDK/dynamixel_sdk_examples/src/pub_current_pos_v1_node.cpp:44:15:[m[K [01;31m[Kerror: [m[K‘[01m[Kget_logger[m[K’ was not declared in this scope; did you mean ‘[01m[Krclcpp::get_logger[m[K’?
   44 |   RCLCPP_INFO([01;31m[Kget_logger[m[K(), "Publishing ID: %d Position: %d", msg.id, msg.position);
      |               [01;31m[K^~~~~~~~~~[m[K
In file included from [01m[K/opt/ros/humble/include/rclcpp/rclcpp/logging.hpp:23[m[K,
                 from [01m[K/opt/ros/humble/include/rclcpp/rclcpp/client.hpp:40[m[K,
                 from [01m[K/opt/ros/humble/include/rclcpp/rclcpp/callback_group.hpp:24[m[K,
                 from [01m[K/opt/ros/humble/include/rclcpp/rclcpp/any_executable.hpp:20[m[K,
                 from [01m[K/opt/ros/humble/include/rclcpp/rclcpp/memory_strategy.hpp:25[m[K,
                 from [01m[K/opt/ros/humble/include/rclcpp/rclcpp/memory_strategies.hpp:18[m[K,
                 from [01m[K/opt/ros/humble/include/rclcpp/rclcpp/executor_options.hpp:20[m[K,
                 from [01m[K/opt/ros/humble/include/rclcpp/rclcpp/executor.hpp:37[m[K,
                 from [01m[K/opt/ros/humble/include/rclcpp/rclcpp/executors/multi_threaded_executor.hpp:25[m[K,
                 from [01m[K/opt/ros/humble/include/rclcpp/rclcpp/executors.hpp:21[m[K,
                 from [01m[K/opt/ros/humble/include/rclcpp/rclcpp/rclcpp.hpp:155[m[K,
                 from [01m[K/home/tky/workspace/openarm_ws/src/DynamixelSDK/dynamixel_sdk_examples/src/pub_current_pos_v1_node.cpp:18[m[K:
[01m[K/opt/ros/humble/include/rclcpp/rclcpp/logger.hpp:106:17:[m[K [01;36m[Knote: [m[K‘[01m[Krclcpp::get_logger[m[K’ declared here
  106 |   friend Logger [01;36m[Krclcpp[m[K::get_logger(const std::string & name);
      |                 [01;36m[K^~~~~~[m[K
In file included from [01m[K/opt/ros/humble/include/rclcpp/rclcpp/client.hpp:40[m[K,
                 from [01m[K/opt/ros/humble/include/rclcpp/rclcpp/callback_group.hpp:24[m[K,
                 from [01m[K/opt/ros/humble/include/rclcpp/rclcpp/any_executable.hpp:20[m[K,
                 from [01m[K/opt/ros/humble/include/rclcpp/rclcpp/memory_strategy.hpp:25[m[K,
                 from [01m[K/opt/ros/humble/include/rclcpp/rclcpp/memory_strategies.hpp:18[m[K,
                 from [01m[K/opt/ros/humble/include/rclcpp/rclcpp/executor_options.hpp:20[m[K,
                 from [01m[K/opt/ros/humble/include/rclcpp/rclcpp/executor.hpp:37[m[K,
                 from [01m[K/opt/ros/humble/include/rclcpp/rclcpp/executors/multi_threaded_executor.hpp:25[m[K,
                 from [01m[K/opt/ros/humble/include/rclcpp/rclcpp/executors.hpp:21[m[K,
                 from [01m[K/opt/ros/humble/include/rclcpp/rclcpp/rclcpp.hpp:155[m[K,
                 from [01m[K/home/tky/workspace/openarm_ws/src/DynamixelSDK/dynamixel_sdk_examples/src/pub_current_pos_v1_node.cpp:18[m[K:
[01m[K/home/tky/workspace/openarm_ws/src/DynamixelSDK/dynamixel_sdk_examples/src/pub_current_pos_v1_node.cpp:44:3:[m[K [01;31m[Kerror: [m[Ktemplate argument 1 is invalid
   44 |   [01;31m[KRCLCPP_INFO[m[K(get_logger(), "Publishing ID: %d Position: %d", msg.id, msg.position);
      |   [01;31m[K^~~~~~~~~~~[m[K
[01m[K/home/tky/workspace/openarm_ws/src/DynamixelSDK/dynamixel_sdk_examples/src/pub_current_pos_v1_node.cpp:44:3:[m[K [01;31m[Kerror: [m[Ktemplate argument 1 is invalid
   44 |   [01;31m[KRCLCPP_INFO[m[K(get_logger(), "Publishing ID: %d Position: %d", msg.id, msg.position);
      |   [01;31m[K^~~~~~~~~~~[m[K
[01m[K/home/tky/workspace/openarm_ws/src/DynamixelSDK/dynamixel_sdk_examples/src/pub_current_pos_v1_node.cpp:44:3:[m[K [01;31m[Kerror: [m[Ktemplate argument 1 is invalid
   44 |   [01;31m[KRCLCPP_INFO[m[K(get_logger(), "Publishing ID: %d Position: %d", msg.id, msg.position);
      |   [01;31m[K^~~~~~~~~~~[m[K
[01m[K/home/tky/workspace/openarm_ws/src/DynamixelSDK/dynamixel_sdk_examples/src/pub_current_pos_v1_node.cpp:46:3:[m[K [01;31m[Kerror: [m[K‘[01m[Kpublisher_[m[K’ was not declared in this scope
   46 |   [01;31m[Kpublisher_[m[K->publish(msg);
      |   [01;31m[K^~~~~~~~~~[m[K
[01m[K/home/tky/workspace/openarm_ws/src/DynamixelSDK/dynamixel_sdk_examples/src/pub_position_node.cpp:[m[K In function ‘[01m[Kint main(int, char**)[m[K’:
[01m[K/home/tky/workspace/openarm_ws/src/DynamixelSDK/dynamixel_sdk_examples/src/pub_position_node.cpp:54:32:[m[K [01;31m[Kerror: [m[K‘[01m[KJointPubNode[m[K’ was not declared in this scope; did you mean ‘[01m[KJointCurrentPubNode[m[K’?
   54 |   auto node = std::make_shared<[01;31m[KJointPubNode[m[K>();
      |                                [01;31m[K^~~~~~~~~~~~[m[K
      |                                [32m[KJointCurrentPubNode[m[K
[01m[K/home/tky/workspace/openarm_ws/src/DynamixelSDK/dynamixel_sdk_examples/src/pub_position_node.cpp:54:45:[m[K [01;31m[Kerror: [m[Kno matching function for call to ‘[01m[Kmake_shared<<expression error> >()[m[K’
   54 |   auto node = [01;31m[Kstd::make_shared<JointPubNode>()[m[K;
      |               [01;31m[K~~~~~~~~~~~~~~~~~~~~~~~~~~~~~~^~[m[K
In file included from [01m[K/usr/include/c++/11/memory:77[m[K,
                 from [01m[K/opt/ros/humble/include/rclcpp/rclcpp/rclcpp.hpp:153[m[K,
                 from [01m[K/home/tky/workspace/openarm_ws/src/DynamixelSDK/dynamixel_sdk_examples/src/pub_position_node.cpp:18[m[K:
[01m[K/usr/include/c++/11/bits/shared_ptr.h:875:5:[m[K [01;36m[Knote: [m[Kcandidate: ‘[01m[Ktemplate<class _Tp, class ... _Args> std::shared_ptr<_Tp> std::make_shared(_Args&& ...)[m[K’
  875 |     [01;36m[Kmake_shared[m[K(_Args&&... __args)
      |     [01;36m[K^~~~~~~~~~~[m[K
[01m[K/usr/include/c++/11/bits/shared_ptr.h:875:5:[m[K [01;36m[Knote: [m[K  template argument deduction/substitution failed:
[01m[K/home/tky/workspace/openarm_ws/src/DynamixelSDK/dynamixel_sdk_examples/src/pub_current_pos_v1_node.cpp:[m[K In function ‘[01m[Kint main(int, char**)[m[K’:
[01m[K/home/tky/workspace/openarm_ws/src/DynamixelSDK/dynamixel_sdk_examples/src/pub_current_pos_v1_node.cpp:53:32:[m[K [01;31m[Kerror: [m[K‘[01m[KJointPubNode[m[K’ was not declared in this scope; did you mean ‘[01m[KJointCurrentPubNode[m[K’?
   53 |   auto node = std::make_shared<[01;31m[KJointPubNode[m[K>();
      |                                [01;31m[K^~~~~~~~~~~~[m[K
      |                                [32m[KJointCurrentPubNode[m[K
[01m[K/home/tky/workspace/openarm_ws/src/DynamixelSDK/dynamixel_sdk_examples/src/pub_position_node.cpp:54:45:[m[K [01;31m[Kerror: [m[Ktemplate argument 1 is invalid
   54 |   auto node = [01;31m[Kstd::make_shared<JointPubNode>()[m[K;
      |               [01;31m[K~~~~~~~~~~~~~~~~~~~~~~~~~~~~~~^~[m[K
[01m[K/home/tky/workspace/openarm_ws/src/DynamixelSDK/dynamixel_sdk_examples/src/pub_current_pos_v1_node.cpp:53:45:[m[K [01;31m[Kerror: [m[Kno matching function for call to ‘[01m[Kmake_shared<<expression error> >()[m[K’
   53 |   auto node = [01;31m[Kstd::make_shared<JointPubNode>()[m[K;
      |               [01;31m[K~~~~~~~~~~~~~~~~~~~~~~~~~~~~~~^~[m[K
In file included from [01m[K/usr/include/c++/11/memory:77[m[K,
                 from [01m[K/opt/ros/humble/include/rclcpp/rclcpp/rclcpp.hpp:153[m[K,
                 from [01m[K/home/tky/workspace/openarm_ws/src/DynamixelSDK/dynamixel_sdk_examples/src/pub_current_pos_v1_node.cpp:18[m[K:
[01m[K/usr/include/c++/11/bits/shared_ptr.h:875:5:[m[K [01;36m[Knote: [m[Kcandidate: ‘[01m[Ktemplate<class _Tp, class ... _Args> std::shared_ptr<_Tp> std::make_shared(_Args&& ...)[m[K’
  875 |     [01;36m[Kmake_shared[m[K(_Args&&... __args)
      |     [01;36m[K^~~~~~~~~~~[m[K
[01m[K/usr/include/c++/11/bits/shared_ptr.h:875:5:[m[K [01;36m[Knote: [m[K  template argument deduction/substitution failed:
[01m[K/home/tky/workspace/openarm_ws/src/DynamixelSDK/dynamixel_sdk_examples/src/pub_current_pos_v1_node.cpp:53:45:[m[K [01;31m[Kerror: [m[Ktemplate argument 1 is invalid
   53 |   auto node = [01;31m[Kstd::make_shared<JointPubNode>()[m[K;
      |               [01;31m[K~~~~~~~~~~~~~~~~~~~~~~~~~~~~~~^~[m[K
gmake[2]: *** [CMakeFiles/pub_current_pos_v2_node.dir/build.make:76: CMakeFiles/pub_current_pos_v2_node.dir/src/pub_current_pos_v2_node.cpp.o] Error 1
gmake[1]: *** [CMakeFiles/Makefile2:389: CMakeFiles/pub_current_pos_v2_node.dir/all] Error 2
gmake[1]: *** Waiting for unfinished jobs....
gmake[2]: *** [CMakeFiles/pub_current_pos_v1_node.dir/build.make:76: CMakeFiles/pub_current_pos_v1_node.dir/src/pub_current_pos_v1_node.cpp.o] Error 1
gmake[1]: *** [CMakeFiles/Makefile2:337: CMakeFiles/pub_current_pos_v1_node.dir/all] Error 2
gmake[2]: *** [CMakeFiles/pub_position_node.dir/build.make:76: CMakeFiles/pub_position_node.dir/src/pub_position_node.cpp.o] Error 1
gmake[1]: *** [CMakeFiles/Makefile2:285: CMakeFiles/pub_position_node.dir/all] Error 2
[ 80%] [32m[1mLinking CXX executable pub_velocity_node[0m
[ 85%] [32m[1mLinking CXX executable pub_current_node[0m
[ 85%] Built target pub_velocity_node
[ 85%] Built target pub_current_node
gmake: *** [Makefile:146: all] Error 2
