[0.031s] Invoking command in '/home/tky/workspace/openarm_ws/build/openarm_description': CMAKE_PREFIX_PATH=${CMAKE_PREFIX_PATH}:/home/tky/turtlebot3_ws/install/turtlebot3_teleop:/home/tky/turtlebot3_ws/install/turtlebot3_example:/opt/ros/humble /home/tky/.pyenv/shims/cmake /home/tky/workspace/openarm_ws/src/openarm_description -DCMAKE_INSTALL_PREFIX=/home/tky/workspace/openarm_ws/install/openarm_description
[0.087s] -- Found ament_cmake: 1.3.11 (/opt/ros/humble/share/ament_cmake/cmake)
[0.282s] -- Override CMake install command with custom implementation using symlinks instead of copying resources
[0.291s] -- Found ament_lint_auto: 0.12.12 (/opt/ros/humble/share/ament_lint_auto/cmake)
[0.406s] -- Added test 'flake8' to check Python code syntax and style conventions
[0.408s] -- Added test 'lint_cmake' to check CMake code style
[0.410s] -- Added test 'pep257' to check Python code against some of the docstring style conventions in PEP 257
[0.418s] -- Added test 'xmllint' to check XML markup files
[0.419s] -- Configuring done
[0.422s] -- Generating done
[0.424s] -- Build files have been written to: /home/tky/workspace/openarm_ws/build/openarm_description
[0.427s] Invoked command in '/home/tky/workspace/openarm_ws/build/openarm_description' returned '0': CMAKE_PREFIX_PATH=${CMAKE_PREFIX_PATH}:/home/tky/turtlebot3_ws/install/turtlebot3_teleop:/home/tky/turtlebot3_ws/install/turtlebot3_example:/opt/ros/humble /home/tky/.pyenv/shims/cmake /home/tky/workspace/openarm_ws/src/openarm_description -DCMAKE_INSTALL_PREFIX=/home/tky/workspace/openarm_ws/install/openarm_description
[0.428s] Invoking command in '/home/tky/workspace/openarm_ws/build/openarm_description': CMAKE_PREFIX_PATH=${CMAKE_PREFIX_PATH}:/home/tky/turtlebot3_ws/install/turtlebot3_teleop:/home/tky/turtlebot3_ws/install/turtlebot3_example:/opt/ros/humble /home/tky/.pyenv/shims/cmake --build /home/tky/workspace/openarm_ws/build/openarm_description -- -j12 -l12
[0.560s] Invoked command in '/home/tky/workspace/openarm_ws/build/openarm_description' returned '0': CMAKE_PREFIX_PATH=${CMAKE_PREFIX_PATH}:/home/tky/turtlebot3_ws/install/turtlebot3_teleop:/home/tky/turtlebot3_ws/install/turtlebot3_example:/opt/ros/humble /home/tky/.pyenv/shims/cmake --build /home/tky/workspace/openarm_ws/build/openarm_description -- -j12 -l12
[0.561s] Invoking command in '/home/tky/workspace/openarm_ws/build/openarm_description': CMAKE_PREFIX_PATH=${CMAKE_PREFIX_PATH}:/home/tky/turtlebot3_ws/install/turtlebot3_teleop:/home/tky/turtlebot3_ws/install/turtlebot3_example:/opt/ros/humble /home/tky/.pyenv/shims/cmake --install /home/tky/workspace/openarm_ws/build/openarm_description
[0.611s] -- Install configuration: ""
[0.611s] -- Execute custom install script
[0.611s] -- Up-to-date symlink: /home/tky/workspace/openarm_ws/install/openarm_description/share/openarm_description/launch/display_openarm.launch.py
[0.612s] -- Up-to-date symlink: /home/tky/workspace/openarm_ws/install/openarm_description/share/openarm_description/meshes/arm/v10/collision/link0_symp.stl
[0.612s] -- Up-to-date symlink: /home/tky/workspace/openarm_ws/install/openarm_description/share/openarm_description/meshes/arm/v10/collision/link1_symp.stl
[0.613s] -- Up-to-date symlink: /home/tky/workspace/openarm_ws/install/openarm_description/share/openarm_description/meshes/arm/v10/collision/link2_symp.stl
[0.613s] -- Up-to-date symlink: /home/tky/workspace/openarm_ws/install/openarm_description/share/openarm_description/meshes/arm/v10/collision/link3_symp.stl
[0.613s] -- Up-to-date symlink: /home/tky/workspace/openarm_ws/install/openarm_description/share/openarm_description/meshes/arm/v10/collision/link4_symp.stl
[0.613s] -- Up-to-date symlink: /home/tky/workspace/openarm_ws/install/openarm_description/share/openarm_description/meshes/arm/v10/collision/link5_symp.stl
[0.613s] -- Up-to-date symlink: /home/tky/workspace/openarm_ws/install/openarm_description/share/openarm_description/meshes/arm/v10/collision/link6_symp.stl
[0.614s] -- Up-to-date symlink: /home/tky/workspace/openarm_ws/install/openarm_description/share/openarm_description/meshes/arm/v10/collision/link7_symp.stl
[0.614s] -- Up-to-date symlink: /home/tky/workspace/openarm_ws/install/openarm_description/share/openarm_description/meshes/arm/v10/visual/link0.dae
[0.614s] -- Up-to-date symlink: /home/tky/workspace/openarm_ws/install/openarm_description/share/openarm_description/meshes/arm/v10/visual/link0.stl
[0.614s] -- Up-to-date symlink: /home/tky/workspace/openarm_ws/install/openarm_description/share/openarm_description/meshes/arm/v10/visual/link1.dae
[0.614s] -- Up-to-date symlink: /home/tky/workspace/openarm_ws/install/openarm_description/share/openarm_description/meshes/arm/v10/visual/link1.stl
[0.614s] -- Up-to-date symlink: /home/tky/workspace/openarm_ws/install/openarm_description/share/openarm_description/meshes/arm/v10/visual/link2.dae
[0.615s] -- Up-to-date symlink: /home/tky/workspace/openarm_ws/install/openarm_description/share/openarm_description/meshes/arm/v10/visual/link2.stl
[0.615s] -- Up-to-date symlink: /home/tky/workspace/openarm_ws/install/openarm_description/share/openarm_description/meshes/arm/v10/visual/link3.dae
[0.615s] -- Up-to-date symlink: /home/tky/workspace/openarm_ws/install/openarm_description/share/openarm_description/meshes/arm/v10/visual/link3.stl
[0.615s] -- Up-to-date symlink: /home/tky/workspace/openarm_ws/install/openarm_description/share/openarm_description/meshes/arm/v10/visual/link4.dae
[0.615s] -- Up-to-date symlink: /home/tky/workspace/openarm_ws/install/openarm_description/share/openarm_description/meshes/arm/v10/visual/link4.stl
[0.615s] -- Up-to-date symlink: /home/tky/workspace/openarm_ws/install/openarm_description/share/openarm_description/meshes/arm/v10/visual/link5.dae
[0.616s] -- Up-to-date symlink: /home/tky/workspace/openarm_ws/install/openarm_description/share/openarm_description/meshes/arm/v10/visual/link5.stl
[0.616s] -- Up-to-date symlink: /home/tky/workspace/openarm_ws/install/openarm_description/share/openarm_description/meshes/arm/v10/visual/link6.dae
[0.616s] -- Up-to-date symlink: /home/tky/workspace/openarm_ws/install/openarm_description/share/openarm_description/meshes/arm/v10/visual/link6.stl
[0.616s] -- Up-to-date symlink: /home/tky/workspace/openarm_ws/install/openarm_description/share/openarm_description/meshes/arm/v10/visual/link7.dae
[0.616s] -- Up-to-date symlink: /home/tky/workspace/openarm_ws/install/openarm_description/share/openarm_description/meshes/arm/v10/visual/link7.stl
[0.616s] -- Up-to-date symlink: /home/tky/workspace/openarm_ws/install/openarm_description/share/openarm_description/meshes/body/v10/collision/body_link0_symp.stl
[0.617s] -- Up-to-date symlink: /home/tky/workspace/openarm_ws/install/openarm_description/share/openarm_description/meshes/body/v10/visual/body_link0.dae
[0.617s] -- Up-to-date symlink: /home/tky/workspace/openarm_ws/install/openarm_description/share/openarm_description/meshes/body/v10/visual/body_link0.stl
[0.617s] -- Up-to-date symlink: /home/tky/workspace/openarm_ws/install/openarm_description/share/openarm_description/meshes/ee/openarm_hand/collision/finger.stl
[0.617s] -- Up-to-date symlink: /home/tky/workspace/openarm_ws/install/openarm_description/share/openarm_description/meshes/ee/openarm_hand/collision/hand.stl
[0.617s] -- Up-to-date symlink: /home/tky/workspace/openarm_ws/install/openarm_description/share/openarm_description/meshes/ee/openarm_hand/visual/finger.dae
[0.617s] -- Up-to-date symlink: /home/tky/workspace/openarm_ws/install/openarm_description/share/openarm_description/meshes/ee/openarm_hand/visual/finger.stl
[0.617s] -- Up-to-date symlink: /home/tky/workspace/openarm_ws/install/openarm_description/share/openarm_description/meshes/ee/openarm_hand/visual/hand.dae
[0.617s] -- Up-to-date symlink: /home/tky/workspace/openarm_ws/install/openarm_description/share/openarm_description/rviz/arm_only.rviz
[0.618s] -- Up-to-date symlink: /home/tky/workspace/openarm_ws/install/openarm_description/share/openarm_description/rviz/bimanual.rviz
[0.618s] -- Up-to-date symlink: /home/tky/workspace/openarm_ws/install/openarm_description/share/openarm_description/urdf/arm/openarm_arm.xacro
[0.618s] -- Up-to-date symlink: /home/tky/workspace/openarm_ws/install/openarm_description/share/openarm_description/urdf/arm/openarm_macro.xacro
[0.618s] -- Up-to-date symlink: /home/tky/workspace/openarm_ws/install/openarm_description/share/openarm_description/urdf/body/openarm_body.xacro
[0.618s] -- Up-to-date symlink: /home/tky/workspace/openarm_ws/install/openarm_description/share/openarm_description/urdf/body/openarm_body_macro.xacro
[0.618s] -- Up-to-date symlink: /home/tky/workspace/openarm_ws/install/openarm_description/share/openarm_description/urdf/ee/ee_with_one_link.xacro
[0.619s] -- Up-to-date symlink: /home/tky/workspace/openarm_ws/install/openarm_description/share/openarm_description/urdf/ee/openarm_hand.xacro
[0.619s] -- Up-to-date symlink: /home/tky/workspace/openarm_ws/install/openarm_description/share/openarm_description/urdf/ee/openarm_hand_arguments.xacro
[0.619s] -- Up-to-date symlink: /home/tky/workspace/openarm_ws/install/openarm_description/share/openarm_description/urdf/ee/openarm_hand_macro.xacro
[0.619s] -- Up-to-date symlink: /home/tky/workspace/openarm_ws/install/openarm_description/share/openarm_description/urdf/robot/openarm_robot.xacro
[0.619s] -- Up-to-date symlink: /home/tky/workspace/openarm_ws/install/openarm_description/share/openarm_description/urdf/robot/v10.urdf.xacro
[0.619s] -- Up-to-date symlink: /home/tky/workspace/openarm_ws/install/openarm_description/share/openarm_description/urdf/ros2_control/openarm.bimanual.ros2_control.xacro
[0.619s] -- Up-to-date symlink: /home/tky/workspace/openarm_ws/install/openarm_description/share/openarm_description/urdf/ros2_control/openarm.ros2_control.xacro
[0.620s] -- Up-to-date symlink: /home/tky/workspace/openarm_ws/install/openarm_description/share/openarm_description/config/arm/v10/control_gains.yaml
[0.620s] -- Up-to-date symlink: /home/tky/workspace/openarm_ws/install/openarm_description/share/openarm_description/config/arm/v10/inertials.yaml
[0.620s] -- Up-to-date symlink: /home/tky/workspace/openarm_ws/install/openarm_description/share/openarm_description/config/arm/v10/joint_limits.yaml
[0.620s] -- Up-to-date symlink: /home/tky/workspace/openarm_ws/install/openarm_description/share/openarm_description/config/arm/v10/kinematics.yaml
[0.620s] -- Up-to-date symlink: /home/tky/workspace/openarm_ws/install/openarm_description/share/openarm_description/config/arm/v10/kinematics_link.yaml
[0.621s] -- Up-to-date symlink: /home/tky/workspace/openarm_ws/install/openarm_description/share/openarm_description/config/arm/v10/kinematics_offset.yaml
[0.621s] -- Up-to-date symlink: /home/tky/workspace/openarm_ws/install/openarm_description/share/openarm_description/config/body/v10/inertials.yaml
[0.621s] -- Up-to-date symlink: /home/tky/workspace/openarm_ws/install/openarm_description/share/openarm_description/config/body/v10/kinematics.yaml
[0.621s] -- Up-to-date symlink: /home/tky/workspace/openarm_ws/install/openarm_description/share/openarm_description/config/body/v10/kinematics_link.yaml
[0.621s] -- Up-to-date symlink: /home/tky/workspace/openarm_ws/install/openarm_description/share/openarm_description/config/hand/openarm_hand/inertials.yaml
[0.621s] -- Up-to-date symlink: /home/tky/workspace/openarm_ws/install/openarm_description/share/openarm_description/config/hand/openarm_hand/joint_limits.yaml
[0.622s] -- Up-to-date symlink: /home/tky/workspace/openarm_ws/install/openarm_description/share/openarm_description/config/hand/openarm_hand/kinematics.yaml
[0.622s] -- Up-to-date symlink: /home/tky/workspace/openarm_ws/install/openarm_description/share/openarm_description/config/hand/openarm_hand/kinematics_link.yaml
[0.622s] -- Up-to-date symlink: /home/tky/workspace/openarm_ws/install/openarm_description/share/ament_index/resource_index/package_run_dependencies/openarm_description
[0.622s] -- Up-to-date symlink: /home/tky/workspace/openarm_ws/install/openarm_description/share/ament_index/resource_index/parent_prefix_path/openarm_description
[0.622s] -- Up-to-date symlink: /home/tky/workspace/openarm_ws/install/openarm_description/share/openarm_description/environment/ament_prefix_path.sh
[0.623s] -- Up-to-date symlink: /home/tky/workspace/openarm_ws/install/openarm_description/share/openarm_description/environment/ament_prefix_path.dsv
[0.623s] -- Up-to-date symlink: /home/tky/workspace/openarm_ws/install/openarm_description/share/openarm_description/environment/path.sh
[0.623s] -- Up-to-date symlink: /home/tky/workspace/openarm_ws/install/openarm_description/share/openarm_description/environment/path.dsv
[0.623s] -- Up-to-date symlink: /home/tky/workspace/openarm_ws/install/openarm_description/share/openarm_description/local_setup.bash
[0.623s] -- Up-to-date symlink: /home/tky/workspace/openarm_ws/install/openarm_description/share/openarm_description/local_setup.sh
[0.623s] -- Up-to-date symlink: /home/tky/workspace/openarm_ws/install/openarm_description/share/openarm_description/local_setup.zsh
[0.623s] -- Up-to-date symlink: /home/tky/workspace/openarm_ws/install/openarm_description/share/openarm_description/local_setup.dsv
[0.623s] -- Symlinking: /home/tky/workspace/openarm_ws/install/openarm_description/share/openarm_description/package.dsv
[0.632s] -- Up-to-date symlink: /home/tky/workspace/openarm_ws/install/openarm_description/share/ament_index/resource_index/packages/openarm_description
[0.632s] -- Up-to-date symlink: /home/tky/workspace/openarm_ws/install/openarm_description/share/openarm_description/cmake/openarm_descriptionConfig.cmake
[0.632s] -- Up-to-date symlink: /home/tky/workspace/openarm_ws/install/openarm_description/share/openarm_description/cmake/openarm_descriptionConfig-version.cmake
[0.632s] -- Up-to-date symlink: /home/tky/workspace/openarm_ws/install/openarm_description/share/openarm_description/package.xml
[0.641s] Invoked command in '/home/tky/workspace/openarm_ws/build/openarm_description' returned '0': CMAKE_PREFIX_PATH=${CMAKE_PREFIX_PATH}:/home/tky/turtlebot3_ws/install/turtlebot3_teleop:/home/tky/turtlebot3_ws/install/turtlebot3_example:/opt/ros/humble /home/tky/.pyenv/shims/cmake --install /home/tky/workspace/openarm_ws/build/openarm_description
