[0.031s] Invoking command in '/home/tky/workspace/openarm_ws/build/dxl_wt_openarm_leader': CMAKE_PREFIX_PATH=/home/tky/workspace/openarm_ws/install/dynamixel_sdk_custom_interfaces:/home/tky/workspace/openarm_ws/install/dynamixel_sdk:/home/tky/workspace/openarm_ws/install/openarm_bimanual_moveit_config:/home/tky/workspace/openarm_ws/install/openarm:/home/tky/workspace/openarm_ws/install/openarm_description:/home/tky/workspace/openarm_ws/install/openarm_bringup:/home/tky/workspace/openarm_ws/install/dynamixel_sdk_examples:/home/tky/workspace/openarm_ws/install/dxl_wt_openarm_leader:/home/tky/workspace/openarm_ws/install/dxl_openarm_leader:/opt/ros/humble /home/tky/.pyenv/shims/cmake --build /home/tky/workspace/openarm_ws/build/dxl_wt_openarm_leader -- -j12 -l12
[0.159s] [35m[1mConsolidate compiler generated dependencies of target read_write_wt_position_node[0m
[0.189s] [ 33%] Built target pub_position_node
[0.193s] [ 66%] Built target pub_current_node
[0.206s] [ 83%] [32mBuilding CXX object CMakeFiles/read_write_wt_position_node.dir/src/read_write_wt_position_node.cpp.o[0m
[10.487s] [100%] [32m[1mLinking CXX executable read_write_wt_position_node[0m
[11.033s] [100%] Built target read_write_wt_position_node
[11.047s] Invoked command in '/home/tky/workspace/openarm_ws/build/dxl_wt_openarm_leader' returned '0': CMAKE_PREFIX_PATH=/home/tky/workspace/openarm_ws/install/dynamixel_sdk_custom_interfaces:/home/tky/workspace/openarm_ws/install/dynamixel_sdk:/home/tky/workspace/openarm_ws/install/openarm_bimanual_moveit_config:/home/tky/workspace/openarm_ws/install/openarm:/home/tky/workspace/openarm_ws/install/openarm_description:/home/tky/workspace/openarm_ws/install/openarm_bringup:/home/tky/workspace/openarm_ws/install/dynamixel_sdk_examples:/home/tky/workspace/openarm_ws/install/dxl_wt_openarm_leader:/home/tky/workspace/openarm_ws/install/dxl_openarm_leader:/opt/ros/humble /home/tky/.pyenv/shims/cmake --build /home/tky/workspace/openarm_ws/build/dxl_wt_openarm_leader -- -j12 -l12
[11.048s] Invoking command in '/home/tky/workspace/openarm_ws/build/dxl_wt_openarm_leader': CMAKE_PREFIX_PATH=/home/tky/workspace/openarm_ws/install/dynamixel_sdk_custom_interfaces:/home/tky/workspace/openarm_ws/install/dynamixel_sdk:/home/tky/workspace/openarm_ws/install/openarm_bimanual_moveit_config:/home/tky/workspace/openarm_ws/install/openarm:/home/tky/workspace/openarm_ws/install/openarm_description:/home/tky/workspace/openarm_ws/install/openarm_bringup:/home/tky/workspace/openarm_ws/install/dynamixel_sdk_examples:/home/tky/workspace/openarm_ws/install/dxl_wt_openarm_leader:/home/tky/workspace/openarm_ws/install/dxl_openarm_leader:/opt/ros/humble /home/tky/.pyenv/shims/cmake --install /home/tky/workspace/openarm_ws/build/dxl_wt_openarm_leader
[11.091s] -- Install configuration: ""
[11.091s] -- Installing: /home/tky/workspace/openarm_ws/install/dxl_wt_openarm_leader/lib/dxl_wt_openarm_leader/read_write_wt_position_node
[11.094s] -- Set runtime path of "/home/tky/workspace/openarm_ws/install/dxl_wt_openarm_leader/lib/dxl_wt_openarm_leader/read_write_wt_position_node" to ""
[11.095s] -- Up-to-date: /home/tky/workspace/openarm_ws/install/dxl_wt_openarm_leader/lib/dxl_wt_openarm_leader/pub_position_node
[11.095s] -- Up-to-date: /home/tky/workspace/openarm_ws/install/dxl_wt_openarm_leader/lib/dxl_wt_openarm_leader/pub_current_node
[11.095s] -- Up-to-date: /home/tky/workspace/openarm_ws/install/dxl_wt_openarm_leader/include/
[11.095s] -- Up-to-date: /home/tky/workspace/openarm_ws/install/dxl_wt_openarm_leader/include//pub_dynamixel_data_node.hpp
[11.095s] -- Installing: /home/tky/workspace/openarm_ws/install/dxl_wt_openarm_leader/include//read_write_wt_position_node.hpp
[11.095s] -- Up-to-date: /home/tky/workspace/openarm_ws/install/dxl_wt_openarm_leader/share/ament_index/resource_index/package_run_dependencies/dxl_wt_openarm_leader
[11.096s] -- Up-to-date: /home/tky/workspace/openarm_ws/install/dxl_wt_openarm_leader/share/ament_index/resource_index/parent_prefix_path/dxl_wt_openarm_leader
[11.096s] -- Up-to-date: /home/tky/workspace/openarm_ws/install/dxl_wt_openarm_leader/share/dxl_wt_openarm_leader/environment/ament_prefix_path.sh
[11.096s] -- Up-to-date: /home/tky/workspace/openarm_ws/install/dxl_wt_openarm_leader/share/dxl_wt_openarm_leader/environment/ament_prefix_path.dsv
[11.096s] -- Up-to-date: /home/tky/workspace/openarm_ws/install/dxl_wt_openarm_leader/share/dxl_wt_openarm_leader/environment/path.sh
[11.096s] -- Up-to-date: /home/tky/workspace/openarm_ws/install/dxl_wt_openarm_leader/share/dxl_wt_openarm_leader/environment/path.dsv
[11.096s] -- Up-to-date: /home/tky/workspace/openarm_ws/install/dxl_wt_openarm_leader/share/dxl_wt_openarm_leader/local_setup.bash
[11.096s] -- Up-to-date: /home/tky/workspace/openarm_ws/install/dxl_wt_openarm_leader/share/dxl_wt_openarm_leader/local_setup.sh
[11.096s] -- Up-to-date: /home/tky/workspace/openarm_ws/install/dxl_wt_openarm_leader/share/dxl_wt_openarm_leader/local_setup.zsh
[11.096s] -- Up-to-date: /home/tky/workspace/openarm_ws/install/dxl_wt_openarm_leader/share/dxl_wt_openarm_leader/local_setup.dsv
[11.097s] -- Installing: /home/tky/workspace/openarm_ws/install/dxl_wt_openarm_leader/share/dxl_wt_openarm_leader/package.dsv
[11.097s] -- Up-to-date: /home/tky/workspace/openarm_ws/install/dxl_wt_openarm_leader/share/ament_index/resource_index/packages/dxl_wt_openarm_leader
[11.097s] -- Up-to-date: /home/tky/workspace/openarm_ws/install/dxl_wt_openarm_leader/share/dxl_wt_openarm_leader/cmake/dxl_wt_openarm_leaderConfig.cmake
[11.097s] -- Up-to-date: /home/tky/workspace/openarm_ws/install/dxl_wt_openarm_leader/share/dxl_wt_openarm_leader/cmake/dxl_wt_openarm_leaderConfig-version.cmake
[11.097s] -- Up-to-date: /home/tky/workspace/openarm_ws/install/dxl_wt_openarm_leader/share/dxl_wt_openarm_leader/package.xml
[11.098s] Invoked command in '/home/tky/workspace/openarm_ws/build/dxl_wt_openarm_leader' returned '0': CMAKE_PREFIX_PATH=/home/tky/workspace/openarm_ws/install/dynamixel_sdk_custom_interfaces:/home/tky/workspace/openarm_ws/install/dynamixel_sdk:/home/tky/workspace/openarm_ws/install/openarm_bimanual_moveit_config:/home/tky/workspace/openarm_ws/install/openarm:/home/tky/workspace/openarm_ws/install/openarm_description:/home/tky/workspace/openarm_ws/install/openarm_bringup:/home/tky/workspace/openarm_ws/install/dynamixel_sdk_examples:/home/tky/workspace/openarm_ws/install/dxl_wt_openarm_leader:/home/tky/workspace/openarm_ws/install/dxl_openarm_leader:/opt/ros/humble /home/tky/.pyenv/shims/cmake --install /home/tky/workspace/openarm_ws/build/dxl_wt_openarm_leader
