-- Install configuration: ""
-- Up-to-date: /home/tky/workspace/openarm_ws/install/openarm_description/share/openarm_description/launch
-- Up-to-date: /home/tky/workspace/openarm_ws/install/openarm_description/share/openarm_description/launch/display_openarm.launch.py
-- Up-to-date: /home/tky/workspace/openarm_ws/install/openarm_description/share/openarm_description/meshes
-- Up-to-date: /home/tky/workspace/openarm_ws/install/openarm_description/share/openarm_description/meshes/body
-- Up-to-date: /home/tky/workspace/openarm_ws/install/openarm_description/share/openarm_description/meshes/body/v10
-- Up-to-date: /home/tky/workspace/openarm_ws/install/openarm_description/share/openarm_description/meshes/body/v10/collision
-- Up-to-date: /home/tky/workspace/openarm_ws/install/openarm_description/share/openarm_description/meshes/body/v10/collision/body_link0_symp.stl
-- Up-to-date: /home/tky/workspace/openarm_ws/install/openarm_description/share/openarm_description/meshes/body/v10/visual
-- Up-to-date: /home/tky/workspace/openarm_ws/install/openarm_description/share/openarm_description/meshes/body/v10/visual/body_link0.stl
-- Up-to-date: /home/tky/workspace/openarm_ws/install/openarm_description/share/openarm_description/meshes/body/v10/visual/body_link0.dae
-- Up-to-date: /home/tky/workspace/openarm_ws/install/openarm_description/share/openarm_description/meshes/arm
-- Up-to-date: /home/tky/workspace/openarm_ws/install/openarm_description/share/openarm_description/meshes/arm/v10
-- Up-to-date: /home/tky/workspace/openarm_ws/install/openarm_description/share/openarm_description/meshes/arm/v10/collision
-- Up-to-date: /home/tky/workspace/openarm_ws/install/openarm_description/share/openarm_description/meshes/arm/v10/collision/link6_symp.stl
-- Up-to-date: /home/tky/workspace/openarm_ws/install/openarm_description/share/openarm_description/meshes/arm/v10/collision/link5_symp.stl
-- Up-to-date: /home/tky/workspace/openarm_ws/install/openarm_description/share/openarm_description/meshes/arm/v10/collision/link3_symp.stl
-- Up-to-date: /home/tky/workspace/openarm_ws/install/openarm_description/share/openarm_description/meshes/arm/v10/collision/link2_symp.stl
-- Up-to-date: /home/tky/workspace/openarm_ws/install/openarm_description/share/openarm_description/meshes/arm/v10/collision/link7_symp.stl
-- Up-to-date: /home/tky/workspace/openarm_ws/install/openarm_description/share/openarm_description/meshes/arm/v10/collision/link4_symp.stl
-- Up-to-date: /home/tky/workspace/openarm_ws/install/openarm_description/share/openarm_description/meshes/arm/v10/collision/link0_symp.stl
-- Up-to-date: /home/tky/workspace/openarm_ws/install/openarm_description/share/openarm_description/meshes/arm/v10/collision/link1_symp.stl
-- Up-to-date: /home/tky/workspace/openarm_ws/install/openarm_description/share/openarm_description/meshes/arm/v10/visual
-- Up-to-date: /home/tky/workspace/openarm_ws/install/openarm_description/share/openarm_description/meshes/arm/v10/visual/link3.stl
-- Up-to-date: /home/tky/workspace/openarm_ws/install/openarm_description/share/openarm_description/meshes/arm/v10/visual/link2.dae
-- Up-to-date: /home/tky/workspace/openarm_ws/install/openarm_description/share/openarm_description/meshes/arm/v10/visual/link6.stl
-- Up-to-date: /home/tky/workspace/openarm_ws/install/openarm_description/share/openarm_description/meshes/arm/v10/visual/link1.stl
-- Up-to-date: /home/tky/workspace/openarm_ws/install/openarm_description/share/openarm_description/meshes/arm/v10/visual/link2.stl
-- Up-to-date: /home/tky/workspace/openarm_ws/install/openarm_description/share/openarm_description/meshes/arm/v10/visual/link0.stl
-- Up-to-date: /home/tky/workspace/openarm_ws/install/openarm_description/share/openarm_description/meshes/arm/v10/visual/link4.stl
-- Up-to-date: /home/tky/workspace/openarm_ws/install/openarm_description/share/openarm_description/meshes/arm/v10/visual/link6.dae
-- Up-to-date: /home/tky/workspace/openarm_ws/install/openarm_description/share/openarm_description/meshes/arm/v10/visual/link5.dae
-- Up-to-date: /home/tky/workspace/openarm_ws/install/openarm_description/share/openarm_description/meshes/arm/v10/visual/link7.dae
-- Up-to-date: /home/tky/workspace/openarm_ws/install/openarm_description/share/openarm_description/meshes/arm/v10/visual/link1.dae
-- Up-to-date: /home/tky/workspace/openarm_ws/install/openarm_description/share/openarm_description/meshes/arm/v10/visual/link5.stl
-- Up-to-date: /home/tky/workspace/openarm_ws/install/openarm_description/share/openarm_description/meshes/arm/v10/visual/link0.dae
-- Up-to-date: /home/tky/workspace/openarm_ws/install/openarm_description/share/openarm_description/meshes/arm/v10/visual/link3.dae
-- Up-to-date: /home/tky/workspace/openarm_ws/install/openarm_description/share/openarm_description/meshes/arm/v10/visual/link4.dae
-- Up-to-date: /home/tky/workspace/openarm_ws/install/openarm_description/share/openarm_description/meshes/arm/v10/visual/link7.stl
-- Up-to-date: /home/tky/workspace/openarm_ws/install/openarm_description/share/openarm_description/meshes/ee
-- Up-to-date: /home/tky/workspace/openarm_ws/install/openarm_description/share/openarm_description/meshes/ee/openarm_hand
-- Up-to-date: /home/tky/workspace/openarm_ws/install/openarm_description/share/openarm_description/meshes/ee/openarm_hand/collision
-- Up-to-date: /home/tky/workspace/openarm_ws/install/openarm_description/share/openarm_description/meshes/ee/openarm_hand/collision/hand.stl
-- Up-to-date: /home/tky/workspace/openarm_ws/install/openarm_description/share/openarm_description/meshes/ee/openarm_hand/collision/finger.stl
-- Up-to-date: /home/tky/workspace/openarm_ws/install/openarm_description/share/openarm_description/meshes/ee/openarm_hand/visual
-- Up-to-date: /home/tky/workspace/openarm_ws/install/openarm_description/share/openarm_description/meshes/ee/openarm_hand/visual/hand.dae
-- Up-to-date: /home/tky/workspace/openarm_ws/install/openarm_description/share/openarm_description/meshes/ee/openarm_hand/visual/finger.dae
-- Up-to-date: /home/tky/workspace/openarm_ws/install/openarm_description/share/openarm_description/meshes/ee/openarm_hand/visual/finger.stl
-- Up-to-date: /home/tky/workspace/openarm_ws/install/openarm_description/share/openarm_description/rviz
-- Up-to-date: /home/tky/workspace/openarm_ws/install/openarm_description/share/openarm_description/rviz/bimanual.rviz
-- Up-to-date: /home/tky/workspace/openarm_ws/install/openarm_description/share/openarm_description/rviz/arm_only.rviz
-- Up-to-date: /home/tky/workspace/openarm_ws/install/openarm_description/share/openarm_description/urdf
-- Up-to-date: /home/tky/workspace/openarm_ws/install/openarm_description/share/openarm_description/urdf/body
-- Up-to-date: /home/tky/workspace/openarm_ws/install/openarm_description/share/openarm_description/urdf/body/openarm_body_macro.xacro
-- Up-to-date: /home/tky/workspace/openarm_ws/install/openarm_description/share/openarm_description/urdf/body/openarm_body.xacro
-- Up-to-date: /home/tky/workspace/openarm_ws/install/openarm_description/share/openarm_description/urdf/arm
-- Up-to-date: /home/tky/workspace/openarm_ws/install/openarm_description/share/openarm_description/urdf/arm/openarm_arm.xacro
-- Up-to-date: /home/tky/workspace/openarm_ws/install/openarm_description/share/openarm_description/urdf/arm/openarm_macro.xacro
-- Up-to-date: /home/tky/workspace/openarm_ws/install/openarm_description/share/openarm_description/urdf/ee
-- Up-to-date: /home/tky/workspace/openarm_ws/install/openarm_description/share/openarm_description/urdf/ee/ee_with_one_link.xacro
-- Up-to-date: /home/tky/workspace/openarm_ws/install/openarm_description/share/openarm_description/urdf/ee/openarm_hand_arguments.xacro
-- Up-to-date: /home/tky/workspace/openarm_ws/install/openarm_description/share/openarm_description/urdf/ee/openarm_hand.xacro
-- Up-to-date: /home/tky/workspace/openarm_ws/install/openarm_description/share/openarm_description/urdf/ee/openarm_hand_macro.xacro
-- Up-to-date: /home/tky/workspace/openarm_ws/install/openarm_description/share/openarm_description/urdf/robot
-- Up-to-date: /home/tky/workspace/openarm_ws/install/openarm_description/share/openarm_description/urdf/robot/v10.urdf.xacro
-- Up-to-date: /home/tky/workspace/openarm_ws/install/openarm_description/share/openarm_description/urdf/robot/openarm_robot.xacro
-- Up-to-date: /home/tky/workspace/openarm_ws/install/openarm_description/share/openarm_description/urdf/ros2_control
-- Up-to-date: /home/tky/workspace/openarm_ws/install/openarm_description/share/openarm_description/urdf/ros2_control/openarm.ros2_control.xacro
-- Up-to-date: /home/tky/workspace/openarm_ws/install/openarm_description/share/openarm_description/urdf/ros2_control/openarm.bimanual.ros2_control.xacro
-- Up-to-date: /home/tky/workspace/openarm_ws/install/openarm_description/share/openarm_description/config
-- Up-to-date: /home/tky/workspace/openarm_ws/install/openarm_description/share/openarm_description/config/body
-- Up-to-date: /home/tky/workspace/openarm_ws/install/openarm_description/share/openarm_description/config/body/v10
-- Up-to-date: /home/tky/workspace/openarm_ws/install/openarm_description/share/openarm_description/config/body/v10/kinematics_link.yaml
-- Up-to-date: /home/tky/workspace/openarm_ws/install/openarm_description/share/openarm_description/config/body/v10/kinematics.yaml
-- Up-to-date: /home/tky/workspace/openarm_ws/install/openarm_description/share/openarm_description/config/body/v10/inertials.yaml
-- Up-to-date: /home/tky/workspace/openarm_ws/install/openarm_description/share/openarm_description/config/arm
-- Up-to-date: /home/tky/workspace/openarm_ws/install/openarm_description/share/openarm_description/config/arm/v10
-- Up-to-date: /home/tky/workspace/openarm_ws/install/openarm_description/share/openarm_description/config/arm/v10/kinematics_offset.yaml
-- Up-to-date: /home/tky/workspace/openarm_ws/install/openarm_description/share/openarm_description/config/arm/v10/joint_limits.yaml
-- Up-to-date: /home/tky/workspace/openarm_ws/install/openarm_description/share/openarm_description/config/arm/v10/control_gains.yaml
-- Up-to-date: /home/tky/workspace/openarm_ws/install/openarm_description/share/openarm_description/config/arm/v10/kinematics_link.yaml
-- Up-to-date: /home/tky/workspace/openarm_ws/install/openarm_description/share/openarm_description/config/arm/v10/kinematics.yaml
-- Up-to-date: /home/tky/workspace/openarm_ws/install/openarm_description/share/openarm_description/config/arm/v10/inertials.yaml
-- Up-to-date: /home/tky/workspace/openarm_ws/install/openarm_description/share/openarm_description/config/hand
-- Up-to-date: /home/tky/workspace/openarm_ws/install/openarm_description/share/openarm_description/config/hand/openarm_hand
-- Up-to-date: /home/tky/workspace/openarm_ws/install/openarm_description/share/openarm_description/config/hand/openarm_hand/joint_limits.yaml
-- Up-to-date: /home/tky/workspace/openarm_ws/install/openarm_description/share/openarm_description/config/hand/openarm_hand/kinematics_link.yaml
-- Up-to-date: /home/tky/workspace/openarm_ws/install/openarm_description/share/openarm_description/config/hand/openarm_hand/kinematics.yaml
-- Up-to-date: /home/tky/workspace/openarm_ws/install/openarm_description/share/openarm_description/config/hand/openarm_hand/inertials.yaml
-- Up-to-date: /home/tky/workspace/openarm_ws/install/openarm_description/share/ament_index/resource_index/package_run_dependencies/openarm_description
-- Up-to-date: /home/tky/workspace/openarm_ws/install/openarm_description/share/ament_index/resource_index/parent_prefix_path/openarm_description
-- Up-to-date: /home/tky/workspace/openarm_ws/install/openarm_description/share/openarm_description/environment/ament_prefix_path.sh
-- Up-to-date: /home/tky/workspace/openarm_ws/install/openarm_description/share/openarm_description/environment/ament_prefix_path.dsv
-- Up-to-date: /home/tky/workspace/openarm_ws/install/openarm_description/share/openarm_description/environment/path.sh
-- Up-to-date: /home/tky/workspace/openarm_ws/install/openarm_description/share/openarm_description/environment/path.dsv
-- Up-to-date: /home/tky/workspace/openarm_ws/install/openarm_description/share/openarm_description/local_setup.bash
-- Up-to-date: /home/tky/workspace/openarm_ws/install/openarm_description/share/openarm_description/local_setup.sh
-- Up-to-date: /home/tky/workspace/openarm_ws/install/openarm_description/share/openarm_description/local_setup.zsh
-- Up-to-date: /home/tky/workspace/openarm_ws/install/openarm_description/share/openarm_description/local_setup.dsv
-- Installing: /home/tky/workspace/openarm_ws/install/openarm_description/share/openarm_description/package.dsv
-- Up-to-date: /home/tky/workspace/openarm_ws/install/openarm_description/share/ament_index/resource_index/packages/openarm_description
-- Up-to-date: /home/tky/workspace/openarm_ws/install/openarm_description/share/openarm_description/cmake/openarm_descriptionConfig.cmake
-- Up-to-date: /home/tky/workspace/openarm_ws/install/openarm_description/share/openarm_description/cmake/openarm_descriptionConfig-version.cmake
-- Up-to-date: /home/tky/workspace/openarm_ws/install/openarm_description/share/openarm_description/package.xml
