[0.022s] Invoking command in '/home/tky/workspace/openarm_ws/build/openarm_bringup': CMAKE_PREFIX_PATH=/opt/ros/humble /home/tky/.pyenv/shims/cmake --build /home/tky/workspace/openarm_ws/build/openarm_bringup -- -j12 -l12
[0.105s] Invoked command in '/home/tky/workspace/openarm_ws/build/openarm_bringup' returned '0': CMAKE_PREFIX_PATH=/opt/ros/humble /home/tky/.pyenv/shims/cmake --build /home/tky/workspace/openarm_ws/build/openarm_bringup -- -j12 -l12
[0.162s] Invoking command in '/home/tky/workspace/openarm_ws/build/openarm_bringup': CMAKE_PREFIX_PATH=/opt/ros/humble /home/tky/.pyenv/shims/cmake --install /home/tky/workspace/openarm_ws/build/openarm_bringup
[0.218s] -- Install configuration: ""
[0.218s] -- Up-to-date: /home/tky/workspace/openarm_ws/install/openarm_bringup/share/openarm_bringup/launch
[0.219s] -- Up-to-date: /home/tky/workspace/openarm_ws/install/openarm_bringup/share/openarm_bringup/launch/openarm.launch.py
[0.219s] -- Up-to-date: /home/tky/workspace/openarm_ws/install/openarm_bringup/share/openarm_bringup/launch/openarm.bimanual.launch.py
[0.219s] -- Up-to-date: /home/tky/workspace/openarm_ws/install/openarm_bringup/share/openarm_bringup/config
[0.219s] -- Up-to-date: /home/tky/workspace/openarm_ws/install/openarm_bringup/share/openarm_bringup/config/v10_controllers
[0.219s] -- Up-to-date: /home/tky/workspace/openarm_ws/install/openarm_bringup/share/openarm_bringup/config/v10_controllers/openarm_v10_bimanual_controllers_namespaced.yaml
[0.219s] -- Up-to-date: /home/tky/workspace/openarm_ws/install/openarm_bringup/share/openarm_bringup/config/v10_controllers/openarm_v10_bimanual_controllers.yaml
[0.221s] -- Up-to-date: /home/tky/workspace/openarm_ws/install/openarm_bringup/share/openarm_bringup/config/v10_controllers/openarm_v10_controllers.yaml
[0.222s] -- Up-to-date: /home/tky/workspace/openarm_ws/install/openarm_bringup/share/ament_index/resource_index/package_run_dependencies/openarm_bringup
[0.223s] -- Up-to-date: /home/tky/workspace/openarm_ws/install/openarm_bringup/share/ament_index/resource_index/parent_prefix_path/openarm_bringup
[0.223s] -- Up-to-date: /home/tky/workspace/openarm_ws/install/openarm_bringup/share/openarm_bringup/environment/ament_prefix_path.sh
[0.223s] -- Up-to-date: /home/tky/workspace/openarm_ws/install/openarm_bringup/share/openarm_bringup/environment/ament_prefix_path.dsv
[0.223s] -- Up-to-date: /home/tky/workspace/openarm_ws/install/openarm_bringup/share/openarm_bringup/environment/path.sh
[0.224s] -- Up-to-date: /home/tky/workspace/openarm_ws/install/openarm_bringup/share/openarm_bringup/environment/path.dsv
[0.224s] -- Up-to-date: /home/tky/workspace/openarm_ws/install/openarm_bringup/share/openarm_bringup/local_setup.bash
[0.224s] -- Up-to-date: /home/tky/workspace/openarm_ws/install/openarm_bringup/share/openarm_bringup/local_setup.sh
[0.224s] -- Up-to-date: /home/tky/workspace/openarm_ws/install/openarm_bringup/share/openarm_bringup/local_setup.zsh
[0.224s] -- Up-to-date: /home/tky/workspace/openarm_ws/install/openarm_bringup/share/openarm_bringup/local_setup.dsv
[0.224s] -- Installing: /home/tky/workspace/openarm_ws/install/openarm_bringup/share/openarm_bringup/package.dsv
[0.224s] -- Up-to-date: /home/tky/workspace/openarm_ws/install/openarm_bringup/share/ament_index/resource_index/packages/openarm_bringup
[0.225s] -- Up-to-date: /home/tky/workspace/openarm_ws/install/openarm_bringup/share/openarm_bringup/cmake/openarm_bringupConfig.cmake
[0.225s] -- Up-to-date: /home/tky/workspace/openarm_ws/install/openarm_bringup/share/openarm_bringup/cmake/openarm_bringupConfig-version.cmake
[0.225s] -- Up-to-date: /home/tky/workspace/openarm_ws/install/openarm_bringup/share/openarm_bringup/package.xml
[0.245s] Invoked command in '/home/tky/workspace/openarm_ws/build/openarm_bringup' returned '0': CMAKE_PREFIX_PATH=/opt/ros/humble /home/tky/.pyenv/shims/cmake --install /home/tky/workspace/openarm_ws/build/openarm_bringup
