[0.057s] Invoking command in '/home/tky/workspace/openarm_ws/build/openarm_bringup': CMAKE_PREFIX_PATH=${CMAKE_PREFIX_PATH}:/home/tky/turtlebot3_ws/install/turtlebot3_teleop:/home/tky/turtlebot3_ws/install/turtlebot3_example:/opt/ros/humble /home/tky/.pyenv/shims/cmake --build /home/tky/workspace/openarm_ws/build/openarm_bringup -- -j12 -l12
[0.263s] Invoked command in '/home/tky/workspace/openarm_ws/build/openarm_bringup' returned '0': CMAKE_PREFIX_PATH=${CMAKE_PREFIX_PATH}:/home/tky/turtlebot3_ws/install/turtlebot3_teleop:/home/tky/turtlebot3_ws/install/turtlebot3_example:/opt/ros/humble /home/tky/.pyenv/shims/cmake --build /home/tky/workspace/openarm_ws/build/openarm_bringup -- -j12 -l12
[0.267s] Invoking command in '/home/tky/workspace/openarm_ws/build/openarm_bringup': CMAKE_PREFIX_PATH=${CMAKE_PREFIX_PATH}:/home/tky/turtlebot3_ws/install/turtlebot3_teleop:/home/tky/turtlebot3_ws/install/turtlebot3_example:/opt/ros/humble /home/tky/.pyenv/shims/cmake --install /home/tky/workspace/openarm_ws/build/openarm_bringup
[0.395s] -- Install configuration: ""
[0.395s] -- Execute custom install script
[0.395s] -- Up-to-date symlink: /home/tky/workspace/openarm_ws/install/openarm_bringup/share/openarm_bringup/launch/openarm.bimanual.launch.py
[0.395s] -- Up-to-date symlink: /home/tky/workspace/openarm_ws/install/openarm_bringup/share/openarm_bringup/launch/openarm.launch.py
[0.404s] -- Up-to-date symlink: /home/tky/workspace/openarm_ws/install/openarm_bringup/share/openarm_bringup/config/v10_controllers/openarm_v10_bimanual_controllers.yaml
[0.405s] -- Up-to-date symlink: /home/tky/workspace/openarm_ws/install/openarm_bringup/share/openarm_bringup/config/v10_controllers/openarm_v10_bimanual_controllers_namespaced.yaml
[0.406s] -- Up-to-date symlink: /home/tky/workspace/openarm_ws/install/openarm_bringup/share/openarm_bringup/config/v10_controllers/openarm_v10_controllers.yaml
[0.407s] -- Up-to-date symlink: /home/tky/workspace/openarm_ws/install/openarm_bringup/share/ament_index/resource_index/package_run_dependencies/openarm_bringup
[0.409s] -- Up-to-date symlink: /home/tky/workspace/openarm_ws/install/openarm_bringup/share/ament_index/resource_index/parent_prefix_path/openarm_bringup
[0.410s] -- Up-to-date symlink: /home/tky/workspace/openarm_ws/install/openarm_bringup/share/openarm_bringup/environment/ament_prefix_path.sh
[0.410s] -- Up-to-date symlink: /home/tky/workspace/openarm_ws/install/openarm_bringup/share/openarm_bringup/environment/ament_prefix_path.dsv
[0.410s] -- Up-to-date symlink: /home/tky/workspace/openarm_ws/install/openarm_bringup/share/openarm_bringup/environment/path.sh
[0.410s] -- Up-to-date symlink: /home/tky/workspace/openarm_ws/install/openarm_bringup/share/openarm_bringup/environment/path.dsv
[0.411s] -- Up-to-date symlink: /home/tky/workspace/openarm_ws/install/openarm_bringup/share/openarm_bringup/local_setup.bash
[0.412s] -- Up-to-date symlink: /home/tky/workspace/openarm_ws/install/openarm_bringup/share/openarm_bringup/local_setup.sh
[0.420s] -- Up-to-date symlink: /home/tky/workspace/openarm_ws/install/openarm_bringup/share/openarm_bringup/local_setup.zsh
[0.421s] -- Up-to-date symlink: /home/tky/workspace/openarm_ws/install/openarm_bringup/share/openarm_bringup/local_setup.dsv
[0.421s] -- Symlinking: /home/tky/workspace/openarm_ws/install/openarm_bringup/share/openarm_bringup/package.dsv
[0.426s] -- Up-to-date symlink: /home/tky/workspace/openarm_ws/install/openarm_bringup/share/ament_index/resource_index/packages/openarm_bringup
[0.426s] -- Up-to-date symlink: /home/tky/workspace/openarm_ws/install/openarm_bringup/share/openarm_bringup/cmake/openarm_bringupConfig.cmake
[0.426s] -- Up-to-date symlink: /home/tky/workspace/openarm_ws/install/openarm_bringup/share/openarm_bringup/cmake/openarm_bringupConfig-version.cmake
[0.430s] -- Up-to-date symlink: /home/tky/workspace/openarm_ws/install/openarm_bringup/share/openarm_bringup/package.xml
[0.431s] Invoked command in '/home/tky/workspace/openarm_ws/build/openarm_bringup' returned '0': CMAKE_PREFIX_PATH=${CMAKE_PREFIX_PATH}:/home/tky/turtlebot3_ws/install/turtlebot3_teleop:/home/tky/turtlebot3_ws/install/turtlebot3_example:/opt/ros/humble /home/tky/.pyenv/shims/cmake --install /home/tky/workspace/openarm_ws/build/openarm_bringup
