[0.014s] Invoking command in '/home/tky/workspace/openarm_ws/build/dxl_openarm_leader': CMAKE_PREFIX_PATH=/home/tky/workspace/openarm_ws/install/dynamixel_sdk_custom_interfaces:/home/tky/workspace/openarm_ws/install/dynamixel_sdk:/home/tky/workspace/openarm_ws/install/openarm_bimanual_moveit_config:/home/tky/workspace/openarm_ws/install/openarm:/home/tky/workspace/openarm_ws/install/openarm_description:/home/tky/workspace/openarm_ws/install/openarm_bringup:/home/tky/workspace/openarm_ws/install/dynamixel_sdk_examples:/home/tky/workspace/openarm_ws/install/dxl_openarm_leader:/home/tky/ros2_ws/install/dxl_openarm_leader:/home/tky/workspace/test_ws/install/test:/home/tky/ros2_ws/install/dynamixel_teleop_controller:/home/tky/ros2_ws/install/dynamixel_sdk_examples:/home/tky/ros2_ws/install/dynamixel_sdk_custom_interfaces:/home/tky/ros2_ws/install/dynamixel_sdk:/home/tky/ros2_ws/install/dynamixel_controller:/home/tky/turtlebot3_ws/install/turtlebot3:/home/tky/turtlebot3_ws/install/turtlebot3_simulations:/home/tky/turtlebot3_ws/install/turtlebot3_bringup:/home/tky/turtlebot3_ws/install/turtlebot3_node:/home/tky/turtlebot3_ws/install/turtlebot3_navigation2:/home/tky/turtlebot3_ws/install/turtlebot3_fake_node:/home/tky/turtlebot3_ws/install/turtlebot3_msgs:/home/tky/turtlebot3_ws/install/turtlebot3_manipulation_gazebo:/home/tky/turtlebot3_ws/install/turtlebot3_gazebo:/home/tky/turtlebot3_ws/install/turtlebot3_description:/home/tky/turtlebot3_ws/install/turtlebot3_cartographer:/home/tky/turtlebot3_ws/install/dynamixel_sdk_examples:/home/tky/turtlebot3_ws/install/dynamixel_sdk_custom_interfaces:/home/tky/turtlebot3_ws/install/dynamixel_sdk:/home/tky/turtlebot3_ws/install/turtlebot3_teleop:/home/tky/turtlebot3_ws/install/turtlebot3_example:/opt/ros/humble /home/tky/.pyenv/shims/cmake --build /home/tky/workspace/openarm_ws/build/dxl_openarm_leader -- -j12 -l12
[0.079s] -- Found ament_cmake: 1.3.11 (/opt/ros/humble/share/ament_cmake/cmake)
[0.273s] -- Override CMake install command with custom implementation using symlinks instead of copying resources
[0.280s] -- Found dynamixel_sdk: 3.7.60 (/home/tky/workspace/openarm_ws/install/dynamixel_sdk/share/dynamixel_sdk/cmake)
[0.285s] -- Found dynamixel_sdk_custom_interfaces: 3.7.60 (/home/tky/workspace/openarm_ws/install/dynamixel_sdk_custom_interfaces/share/dynamixel_sdk_custom_interfaces/cmake)
[0.309s] -- Found rosidl_generator_c: 3.1.6 (/opt/ros/humble/share/rosidl_generator_c/cmake)
[0.311s] -- Found rosidl_adapter: 3.1.6 (/opt/ros/humble/share/rosidl_adapter/cmake)
[0.316s] -- Found rosidl_generator_cpp: 3.1.6 (/opt/ros/humble/share/rosidl_generator_cpp/cmake)
[0.326s] -- Using all available rosidl_typesupport_c: rosidl_typesupport_fastrtps_c;rosidl_typesupport_introspection_c
[0.337s] -- Using all available rosidl_typesupport_cpp: rosidl_typesupport_fastrtps_cpp;rosidl_typesupport_introspection_cpp
[0.358s] -- Found rclcpp: 16.0.12 (/opt/ros/humble/share/rclcpp/cmake)
[0.385s] -- Found rmw_implementation_cmake: 6.1.2 (/opt/ros/humble/share/rmw_implementation_cmake/cmake)
[0.387s] -- Found rmw_fastrtps_cpp: 6.2.7 (/opt/ros/humble/share/rmw_fastrtps_cpp/cmake)
[0.513s] -- Using RMW implementation 'rmw_fastrtps_cpp' as default
[0.581s] -- Found ament_lint_auto: 0.12.12 (/opt/ros/humble/share/ament_lint_auto/cmake)
[0.690s] -- Added test 'copyright' to check source files copyright and LICENSE
[0.694s] -- Added test 'cppcheck' to perform static code analysis on C / C++ code
[0.695s] -- Configured cppcheck include dirs: /home/tky/workspace/openarm_ws/src/dxl_openarm_leader/include
[0.695s] -- Configured cppcheck exclude dirs and/or files: 
[0.696s] -- Added test 'cpplint' to check C / C++ code against the Google style
[0.696s] -- Configured cpplint exclude dirs and/or files: 
[0.696s] -- Added test 'lint_cmake' to check CMake code style
[0.697s] -- Added test 'uncrustify' to check C / C++ code style
[0.697s] -- Configured uncrustify additional arguments: 
[0.698s] -- Added test 'xmllint' to check XML markup files
[0.699s] -- Configuring done
[0.716s] -- Generating done
[0.719s] -- Build files have been written to: /home/tky/workspace/openarm_ws/build/dxl_openarm_leader
[0.746s] [35m[1mConsolidate compiler generated dependencies of target pub_position_node[0m
[0.749s] [35m[1mConsolidate compiler generated dependencies of target read_write_position_node[0m
[0.762s] [ 50%] Built target pub_position_node
[0.767s] [ 75%] [32mBuilding CXX object CMakeFiles/read_write_position_node.dir/src/read_write_position_node.cpp.o[0m
[9.260s] [100%] [32m[1mLinking CXX executable read_write_position_node[0m
[9.621s] [100%] Built target read_write_position_node
[9.632s] Invoked command in '/home/tky/workspace/openarm_ws/build/dxl_openarm_leader' returned '0': CMAKE_PREFIX_PATH=/home/tky/workspace/openarm_ws/install/dynamixel_sdk_custom_interfaces:/home/tky/workspace/openarm_ws/install/dynamixel_sdk:/home/tky/workspace/openarm_ws/install/openarm_bimanual_moveit_config:/home/tky/workspace/openarm_ws/install/openarm:/home/tky/workspace/openarm_ws/install/openarm_description:/home/tky/workspace/openarm_ws/install/openarm_bringup:/home/tky/workspace/openarm_ws/install/dynamixel_sdk_examples:/home/tky/workspace/openarm_ws/install/dxl_openarm_leader:/home/tky/ros2_ws/install/dxl_openarm_leader:/home/tky/workspace/test_ws/install/test:/home/tky/ros2_ws/install/dynamixel_teleop_controller:/home/tky/ros2_ws/install/dynamixel_sdk_examples:/home/tky/ros2_ws/install/dynamixel_sdk_custom_interfaces:/home/tky/ros2_ws/install/dynamixel_sdk:/home/tky/ros2_ws/install/dynamixel_controller:/home/tky/turtlebot3_ws/install/turtlebot3:/home/tky/turtlebot3_ws/install/turtlebot3_simulations:/home/tky/turtlebot3_ws/install/turtlebot3_bringup:/home/tky/turtlebot3_ws/install/turtlebot3_node:/home/tky/turtlebot3_ws/install/turtlebot3_navigation2:/home/tky/turtlebot3_ws/install/turtlebot3_fake_node:/home/tky/turtlebot3_ws/install/turtlebot3_msgs:/home/tky/turtlebot3_ws/install/turtlebot3_manipulation_gazebo:/home/tky/turtlebot3_ws/install/turtlebot3_gazebo:/home/tky/turtlebot3_ws/install/turtlebot3_description:/home/tky/turtlebot3_ws/install/turtlebot3_cartographer:/home/tky/turtlebot3_ws/install/dynamixel_sdk_examples:/home/tky/turtlebot3_ws/install/dynamixel_sdk_custom_interfaces:/home/tky/turtlebot3_ws/install/dynamixel_sdk:/home/tky/turtlebot3_ws/install/turtlebot3_teleop:/home/tky/turtlebot3_ws/install/turtlebot3_example:/opt/ros/humble /home/tky/.pyenv/shims/cmake --build /home/tky/workspace/openarm_ws/build/dxl_openarm_leader -- -j12 -l12
[9.633s] Invoking command in '/home/tky/workspace/openarm_ws/build/dxl_openarm_leader': CMAKE_PREFIX_PATH=/home/tky/workspace/openarm_ws/install/dynamixel_sdk_custom_interfaces:/home/tky/workspace/openarm_ws/install/dynamixel_sdk:/home/tky/workspace/openarm_ws/install/openarm_bimanual_moveit_config:/home/tky/workspace/openarm_ws/install/openarm:/home/tky/workspace/openarm_ws/install/openarm_description:/home/tky/workspace/openarm_ws/install/openarm_bringup:/home/tky/workspace/openarm_ws/install/dynamixel_sdk_examples:/home/tky/workspace/openarm_ws/install/dxl_openarm_leader:/home/tky/ros2_ws/install/dxl_openarm_leader:/home/tky/workspace/test_ws/install/test:/home/tky/ros2_ws/install/dynamixel_teleop_controller:/home/tky/ros2_ws/install/dynamixel_sdk_examples:/home/tky/ros2_ws/install/dynamixel_sdk_custom_interfaces:/home/tky/ros2_ws/install/dynamixel_sdk:/home/tky/ros2_ws/install/dynamixel_controller:/home/tky/turtlebot3_ws/install/turtlebot3:/home/tky/turtlebot3_ws/install/turtlebot3_simulations:/home/tky/turtlebot3_ws/install/turtlebot3_bringup:/home/tky/turtlebot3_ws/install/turtlebot3_node:/home/tky/turtlebot3_ws/install/turtlebot3_navigation2:/home/tky/turtlebot3_ws/install/turtlebot3_fake_node:/home/tky/turtlebot3_ws/install/turtlebot3_msgs:/home/tky/turtlebot3_ws/install/turtlebot3_manipulation_gazebo:/home/tky/turtlebot3_ws/install/turtlebot3_gazebo:/home/tky/turtlebot3_ws/install/turtlebot3_description:/home/tky/turtlebot3_ws/install/turtlebot3_cartographer:/home/tky/turtlebot3_ws/install/dynamixel_sdk_examples:/home/tky/turtlebot3_ws/install/dynamixel_sdk_custom_interfaces:/home/tky/turtlebot3_ws/install/dynamixel_sdk:/home/tky/turtlebot3_ws/install/turtlebot3_teleop:/home/tky/turtlebot3_ws/install/turtlebot3_example:/opt/ros/humble /home/tky/.pyenv/shims/cmake --install /home/tky/workspace/openarm_ws/build/dxl_openarm_leader
[9.675s] -- Install configuration: ""
[9.676s] -- Execute custom install script
[9.676s] -- Up-to-date symlink: /home/tky/workspace/openarm_ws/install/dxl_openarm_leader/lib/dxl_openarm_leader/read_write_position_node
[9.676s] -- Up-to-date symlink: /home/tky/workspace/openarm_ws/install/dxl_openarm_leader/lib/dxl_openarm_leader/pub_position_node
[9.676s] -- Up-to-date symlink: /home/tky/workspace/openarm_ws/install/dxl_openarm_leader/include//pub_dynamixel_data_node.hpp
[9.676s] -- Up-to-date symlink: /home/tky/workspace/openarm_ws/install/dxl_openarm_leader/include//read_write_node.hpp
[9.676s] -- Up-to-date symlink: /home/tky/workspace/openarm_ws/install/dxl_openarm_leader/share/ament_index/resource_index/package_run_dependencies/dxl_openarm_leader
[9.677s] -- Up-to-date symlink: /home/tky/workspace/openarm_ws/install/dxl_openarm_leader/share/ament_index/resource_index/parent_prefix_path/dxl_openarm_leader
[9.677s] -- Up-to-date symlink: /home/tky/workspace/openarm_ws/install/dxl_openarm_leader/share/dxl_openarm_leader/environment/ament_prefix_path.sh
[9.677s] -- Up-to-date symlink: /home/tky/workspace/openarm_ws/install/dxl_openarm_leader/share/dxl_openarm_leader/environment/ament_prefix_path.dsv
[9.677s] -- Up-to-date symlink: /home/tky/workspace/openarm_ws/install/dxl_openarm_leader/share/dxl_openarm_leader/environment/path.sh
[9.677s] -- Up-to-date symlink: /home/tky/workspace/openarm_ws/install/dxl_openarm_leader/share/dxl_openarm_leader/environment/path.dsv
[9.677s] -- Up-to-date symlink: /home/tky/workspace/openarm_ws/install/dxl_openarm_leader/share/dxl_openarm_leader/local_setup.bash
[9.677s] -- Up-to-date symlink: /home/tky/workspace/openarm_ws/install/dxl_openarm_leader/share/dxl_openarm_leader/local_setup.sh
[9.677s] -- Up-to-date symlink: /home/tky/workspace/openarm_ws/install/dxl_openarm_leader/share/dxl_openarm_leader/local_setup.zsh
[9.678s] -- Up-to-date symlink: /home/tky/workspace/openarm_ws/install/dxl_openarm_leader/share/dxl_openarm_leader/local_setup.dsv
[9.678s] -- Symlinking: /home/tky/workspace/openarm_ws/install/dxl_openarm_leader/share/dxl_openarm_leader/package.dsv
[9.685s] -- Up-to-date symlink: /home/tky/workspace/openarm_ws/install/dxl_openarm_leader/share/ament_index/resource_index/packages/dxl_openarm_leader
[9.685s] -- Up-to-date symlink: /home/tky/workspace/openarm_ws/install/dxl_openarm_leader/share/dxl_openarm_leader/cmake/dxl_openarm_leaderConfig.cmake
[9.685s] -- Up-to-date symlink: /home/tky/workspace/openarm_ws/install/dxl_openarm_leader/share/dxl_openarm_leader/cmake/dxl_openarm_leaderConfig-version.cmake
[9.685s] -- Up-to-date symlink: /home/tky/workspace/openarm_ws/install/dxl_openarm_leader/share/dxl_openarm_leader/package.xml
[9.687s] Invoked command in '/home/tky/workspace/openarm_ws/build/dxl_openarm_leader' returned '0': CMAKE_PREFIX_PATH=/home/tky/workspace/openarm_ws/install/dynamixel_sdk_custom_interfaces:/home/tky/workspace/openarm_ws/install/dynamixel_sdk:/home/tky/workspace/openarm_ws/install/openarm_bimanual_moveit_config:/home/tky/workspace/openarm_ws/install/openarm:/home/tky/workspace/openarm_ws/install/openarm_description:/home/tky/workspace/openarm_ws/install/openarm_bringup:/home/tky/workspace/openarm_ws/install/dynamixel_sdk_examples:/home/tky/workspace/openarm_ws/install/dxl_openarm_leader:/home/tky/ros2_ws/install/dxl_openarm_leader:/home/tky/workspace/test_ws/install/test:/home/tky/ros2_ws/install/dynamixel_teleop_controller:/home/tky/ros2_ws/install/dynamixel_sdk_examples:/home/tky/ros2_ws/install/dynamixel_sdk_custom_interfaces:/home/tky/ros2_ws/install/dynamixel_sdk:/home/tky/ros2_ws/install/dynamixel_controller:/home/tky/turtlebot3_ws/install/turtlebot3:/home/tky/turtlebot3_ws/install/turtlebot3_simulations:/home/tky/turtlebot3_ws/install/turtlebot3_bringup:/home/tky/turtlebot3_ws/install/turtlebot3_node:/home/tky/turtlebot3_ws/install/turtlebot3_navigation2:/home/tky/turtlebot3_ws/install/turtlebot3_fake_node:/home/tky/turtlebot3_ws/install/turtlebot3_msgs:/home/tky/turtlebot3_ws/install/turtlebot3_manipulation_gazebo:/home/tky/turtlebot3_ws/install/turtlebot3_gazebo:/home/tky/turtlebot3_ws/install/turtlebot3_description:/home/tky/turtlebot3_ws/install/turtlebot3_cartographer:/home/tky/turtlebot3_ws/install/dynamixel_sdk_examples:/home/tky/turtlebot3_ws/install/dynamixel_sdk_custom_interfaces:/home/tky/turtlebot3_ws/install/dynamixel_sdk:/home/tky/turtlebot3_ws/install/turtlebot3_teleop:/home/tky/turtlebot3_ws/install/turtlebot3_example:/opt/ros/humble /home/tky/.pyenv/shims/cmake --install /home/tky/workspace/openarm_ws/build/dxl_openarm_leader
