[ 50%] [32mBuilding CXX object CMakeFiles/read_write_position_node.dir/src/read_write_position_node.cpp.o[0m
[ 75%] Built target pub_position_node
[01m[K/home/tky/workspace/openarm_ws/src/dxl_openarm_leader/src/read_write_position_node.cpp:[m[K In member function ‘[01m[Kvoid ReadWriteNode::read_present_position()[m[K’:
[01m[K/home/tky/workspace/openarm_ws/src/dxl_openarm_leader/src/read_write_position_node.cpp:151:21:[m[K [01;35m[Kwarning: [m[Ksuggest parentheses around comparison in operand of ‘[01m[K|[m[K’ [[01;35m[K]8;;https://gcc.gnu.org/onlinedocs/gcc/Warning-Options.html#index-Wparentheses-Wparentheses]8;;[m[K]
  151 |       if (dxl_ids[i]==1|dxl_ids[i]==6){
[100%] [32m[1mLinking CXX executable read_write_position_node[0m
[100%] Built target read_write_position_node
-- Install configuration: ""
-- Execute custom install script
-- Up-to-date symlink: /home/tky/workspace/openarm_ws/install/dxl_openarm_leader/lib/dxl_openarm_leader/read_write_position_node
-- Up-to-date symlink: /home/tky/workspace/openarm_ws/install/dxl_openarm_leader/lib/dxl_openarm_leader/pub_position_node
-- Up-to-date symlink: /home/tky/workspace/openarm_ws/install/dxl_openarm_leader/include//pub_dynamixel_data_node.hpp
-- Up-to-date symlink: /home/tky/workspace/openarm_ws/install/dxl_openarm_leader/include//read_write_node.hpp
-- Up-to-date symlink: /home/tky/workspace/openarm_ws/install/dxl_openarm_leader/share/ament_index/resource_index/package_run_dependencies/dxl_openarm_leader
-- Up-to-date symlink: /home/tky/workspace/openarm_ws/install/dxl_openarm_leader/share/ament_index/resource_index/parent_prefix_path/dxl_openarm_leader
-- Up-to-date symlink: /home/tky/workspace/openarm_ws/install/dxl_openarm_leader/share/dxl_openarm_leader/environment/ament_prefix_path.sh
-- Up-to-date symlink: /home/tky/workspace/openarm_ws/install/dxl_openarm_leader/share/dxl_openarm_leader/environment/ament_prefix_path.dsv
-- Up-to-date symlink: /home/tky/workspace/openarm_ws/install/dxl_openarm_leader/share/dxl_openarm_leader/environment/path.sh
-- Up-to-date symlink: /home/tky/workspace/openarm_ws/install/dxl_openarm_leader/share/dxl_openarm_leader/environment/path.dsv
-- Up-to-date symlink: /home/tky/workspace/openarm_ws/install/dxl_openarm_leader/share/dxl_openarm_leader/local_setup.bash
-- Up-to-date symlink: /home/tky/workspace/openarm_ws/install/dxl_openarm_leader/share/dxl_openarm_leader/local_setup.sh
-- Up-to-date symlink: /home/tky/workspace/openarm_ws/install/dxl_openarm_leader/share/dxl_openarm_leader/local_setup.zsh
-- Up-to-date symlink: /home/tky/workspace/openarm_ws/install/dxl_openarm_leader/share/dxl_openarm_leader/local_setup.dsv
-- Symlinking: /home/tky/workspace/openarm_ws/install/dxl_openarm_leader/share/dxl_openarm_leader/package.dsv
-- Up-to-date symlink: /home/tky/workspace/openarm_ws/install/dxl_openarm_leader/share/ament_index/resource_index/packages/dxl_openarm_leader
-- Up-to-date symlink: /home/tky/workspace/openarm_ws/install/dxl_openarm_leader/share/dxl_openarm_leader/cmake/dxl_openarm_leaderConfig.cmake
-- Up-to-date symlink: /home/tky/workspace/openarm_ws/install/dxl_openarm_leader/share/dxl_openarm_leader/cmake/dxl_openarm_leaderConfig-version.cmake
-- Up-to-date symlink: /home/tky/workspace/openarm_ws/install/dxl_openarm_leader/share/dxl_openarm_leader/package.xml
