[0.016s] Invoking command in '/home/tky/workspace/openarm_ws/build/dynamixel_sdk_examples': CMAKE_PREFIX_PATH=/home/tky/workspace/openarm_ws/install/dynamixel_sdk_custom_interfaces:/home/tky/workspace/openarm_ws/install/dynamixel_sdk:/home/tky/workspace/openarm_ws/install/openarm_bimanual_moveit_config:/home/tky/workspace/openarm_ws/install/openarm:/home/tky/workspace/openarm_ws/install/openarm_description:/home/tky/workspace/openarm_ws/install/openarm_bringup:/home/tky/workspace/openarm_ws/install/dynamixel_sdk_examples:/home/tky/workspace/openarm_ws/install/dxl_wt_openarm_leader:/home/tky/workspace/openarm_ws/install/dxl_openarm_leader:/opt/ros/humble /home/tky/.pyenv/shims/cmake --build /home/tky/workspace/openarm_ws/build/dynamixel_sdk_examples -- -j12 -l12
[0.121s] [35m[1mConsolidate compiler generated dependencies of target pub_current_pos_v1_node[0m
[0.127s] [35m[1mConsolidate compiler generated dependencies of target pub_position_node[0m
[0.142s] [35m[1mConsolidate compiler generated dependencies of target pub_current_pos_v2_node[0m
[0.144s] [ 10%] Built target read_write_current_node
[0.149s] [ 20%] Built target read_write_velocity_node
[0.150s] [ 30%] Built target pub_current_node
[0.150s] [ 40%] Built target read_write_current_pos_v1_node
[0.151s] [ 50%] Built target pub_velocity_node
[0.155s] [ 55%] [32mBuilding CXX object CMakeFiles/pub_current_pos_v1_node.dir/src/pub_current_pos_v1_node.cpp.o[0m
[0.157s] [ 65%] Built target read_write_position_node
[0.165s] [ 75%] Built target read_write_current_pos_v2_node
[0.167s] [ 85%] Built target pub_position_node
[0.170s] [ 90%] [32mBuilding CXX object CMakeFiles/pub_current_pos_v2_node.dir/src/pub_current_pos_v2_node.cpp.o[0m
[2.412s] [01m[K/home/tky/workspace/openarm_ws/src/DynamixelSDK/dynamixel_sdk_examples/src/pub_current_pos_v1_node.cpp:24:1:[m[K [01;31m[Kerror: [m[K‘[01m[KJointPubNode[m[K’ does not name a type; did you mean ‘[01m[KJointCurrentPubNode[m[K’?
[2.412s]    24 | [01;31m[KJointPubNode[m[K::JointPubNode()
[2.412s]       | [01;31m[K^~~~~~~~~~~~[m[K
[2.412s]       | [32m[KJointCurrentPubNode[m[K
[2.412s] [01m[K/home/tky/workspace/openarm_ws/src/DynamixelSDK/dynamixel_sdk_examples/src/pub_current_pos_v1_node.cpp:37:6:[m[K [01;31m[Kerror: [m[K‘[01m[KJointPubNode[m[K’ has not been declared
[2.412s]    37 | void [01;31m[KJointPubNode[m[K::publishData()
[2.413s]       |      [01;31m[K^~~~~~~~~~~~[m[K
[2.413s] [01m[K/home/tky/workspace/openarm_ws/src/DynamixelSDK/dynamixel_sdk_examples/src/pub_current_pos_v1_node.cpp:[m[K In function ‘[01m[Kvoid publishData()[m[K’:
[2.413s] [01m[K/home/tky/workspace/openarm_ws/src/DynamixelSDK/dynamixel_sdk_examples/src/pub_current_pos_v1_node.cpp:39:3:[m[K [01;31m[Kerror: [m[K‘[01m[KSetPosition[m[K’ was not declared in this scope; did you mean ‘[01m[Kdynamixel_sdk_custom_interfaces::msg::SetPosition[m[K’?
[2.413s]    39 |   [01;31m[KSetPosition[m[K msg;
[2.413s]       |   [01;31m[K^~~~~~~~~~~[m[K
[2.413s]       |   [32m[Kdynamixel_sdk_custom_interfaces::msg::SetPosition[m[K
[2.413s] In file included from [01m[K/home/tky/workspace/openarm_ws/install/dynamixel_sdk_custom_interfaces/include/dynamixel_sdk_custom_interfaces/dynamixel_sdk_custom_interfaces/msg/set_position.hpp:7[m[K,
[2.413s]                  from [01m[K/home/tky/workspace/openarm_ws/src/DynamixelSDK/dynamixel_sdk_examples/include/pub_dynamixel_data_node.hpp:21[m[K,
[2.413s]                  from [01m[K/home/tky/workspace/openarm_ws/src/DynamixelSDK/dynamixel_sdk_examples/src/pub_current_pos_v1_node.cpp:19[m[K:
[2.413s] [01m[K/home/tky/workspace/openarm_ws/install/dynamixel_sdk_custom_interfaces/include/dynamixel_sdk_custom_interfaces/dynamixel_sdk_custom_interfaces/msg/detail/set_position__struct.hpp:136:7:[m[K [01;36m[Knote: [m[K‘[01m[Kdynamixel_sdk_custom_interfaces::msg::SetPosition[m[K’ declared here
[2.413s]   136 | using [01;36m[KSetPosition[m[K =
[2.414s]       |       [01;36m[K^~~~~~~~~~~[m[K
[2.414s] [01m[K/home/tky/workspace/openarm_ws/src/DynamixelSDK/dynamixel_sdk_examples/src/pub_current_pos_v1_node.cpp:41:3:[m[K [01;31m[Kerror: [m[K‘[01m[Kmsg[m[K’ was not declared in this scope
[2.414s]    41 |   [01;31m[Kmsg[m[K.position = current_5_[current_position_index_];
[2.414s]       |   [01;31m[K^~~[m[K
[2.414s] [01m[K/home/tky/workspace/openarm_ws/src/DynamixelSDK/dynamixel_sdk_examples/src/pub_current_pos_v1_node.cpp:41:3:[m[K [01;36m[Knote: [m[Ksuggested alternatives:
[2.414s] In file included from [01m[K/opt/ros/humble/include/builtin_interfaces/builtin_interfaces/msg/duration.hpp:7[m[K,
[2.414s]                  from [01m[K/opt/ros/humble/include/rclcpp/rclcpp/duration.hpp:20[m[K,
[2.414s]                  from [01m[K/opt/ros/humble/include/rclcpp/rclcpp/qos.hpp:20[m[K,
[2.414s]                  from [01m[K/opt/ros/humble/include/rclcpp/rclcpp/node_interfaces/node_graph_interface.hpp:32[m[K,
[2.414s]                  from [01m[K/opt/ros/humble/include/rclcpp/rclcpp/client.hpp:42[m[K,
[2.414s]                  from [01m[K/opt/ros/humble/include/rclcpp/rclcpp/callback_group.hpp:24[m[K,
[2.415s]                  from [01m[K/opt/ros/humble/include/rclcpp/rclcpp/any_executable.hpp:20[m[K,
[2.415s]                  from [01m[K/opt/ros/humble/include/rclcpp/rclcpp/memory_strategy.hpp:25[m[K,
[2.415s]                  from [01m[K/opt/ros/humble/include/rclcpp/rclcpp/memory_strategies.hpp:18[m[K,
[2.415s]                  from [01m[K/opt/ros/humble/include/rclcpp/rclcpp/executor_options.hpp:20[m[K,
[2.415s]                  from [01m[K/opt/ros/humble/include/rclcpp/rclcpp/executor.hpp:37[m[K,
[2.415s]                  from [01m[K/opt/ros/humble/include/rclcpp/rclcpp/executors/multi_threaded_executor.hpp:25[m[K,
[2.415s]                  from [01m[K/opt/ros/humble/include/rclcpp/rclcpp/executors.hpp:21[m[K,
[2.415s]                  from [01m[K/opt/ros/humble/include/rclcpp/rclcpp/rclcpp.hpp:155[m[K,
[2.415s]                  from [01m[K/home/tky/workspace/openarm_ws/src/DynamixelSDK/dynamixel_sdk_examples/src/pub_current_pos_v1_node.cpp:18[m[K:
[2.415s] [01m[K/opt/ros/humble/include/builtin_interfaces/builtin_interfaces/msg/detail/duration__struct.hpp:27:11:[m[K [01;36m[Knote: [m[K  ‘[01m[Kbuiltin_interfaces::msg[m[K’
[2.415s]    27 | namespace [01;36m[Kmsg[m[K
[2.416s]       |           [01;36m[K^~~[m[K
[2.416s] In file included from [01m[K/opt/ros/humble/include/rcl_interfaces/rcl_interfaces/msg/set_parameters_result.hpp:7[m[K,
[2.416s]                  from [01m[K/opt/ros/humble/include/rclcpp/rclcpp/qos_overriding_options.hpp:28[m[K,
[2.416s]                  from [01m[K/opt/ros/humble/include/rclcpp/rclcpp/subscription_options.hpp:30[m[K,
[2.416s]                  from [01m[K/opt/ros/humble/include/rclcpp/rclcpp/subscription.hpp:45[m[K,
[2.416s]                  from [01m[K/opt/ros/humble/include/rclcpp/rclcpp/any_executable.hpp:25[m[K,
[2.416s]                  from [01m[K/opt/ros/humble/include/rclcpp/rclcpp/memory_strategy.hpp:25[m[K,
[2.416s]                  from [01m[K/opt/ros/humble/include/rclcpp/rclcpp/memory_strategies.hpp:18[m[K,
[2.416s]                  from [01m[K/opt/ros/humble/include/rclcpp/rclcpp/executor_options.hpp:20[m[K,
[2.416s]                  from [01m[K/opt/ros/humble/include/rclcpp/rclcpp/executor.hpp:37[m[K,
[2.417s]                  from [01m[K/opt/ros/humble/include/rclcpp/rclcpp/executors/multi_threaded_executor.hpp:25[m[K,
[2.417s]                  from [01m[K/opt/ros/humble/include/rclcpp/rclcpp/executors.hpp:21[m[K,
[2.417s]                  from [01m[K/opt/ros/humble/include/rclcpp/rclcpp/rclcpp.hpp:155[m[K,
[2.417s]                  from [01m[K/home/tky/workspace/openarm_ws/src/DynamixelSDK/dynamixel_sdk_examples/src/pub_current_pos_v1_node.cpp:18[m[K:
[2.417s] [01m[K/opt/ros/humble/include/rcl_interfaces/rcl_interfaces/msg/detail/set_parameters_result__struct.hpp:27:11:[m[K [01;36m[Knote: [m[K  ‘[01m[Krcl_interfaces::msg[m[K’
[2.417s]    27 | namespace [01;36m[Kmsg[m[K
[2.417s]       |           [01;36m[K^~~[m[K
[2.417s] In file included from [01m[K/opt/ros/humble/include/statistics_msgs/statistics_msgs/msg/detail/metrics_message__struct.hpp:23[m[K,
[2.417s]                  from [01m[K/opt/ros/humble/include/statistics_msgs/statistics_msgs/msg/metrics_message.hpp:7[m[K,
[2.418s]                  from [01m[K/opt/ros/humble/include/libstatistics_collector/libstatistics_collector/collector/generate_statistics_message.hpp:21[m[K,
[2.418s]                  from [01m[K/opt/ros/humble/include/rclcpp/rclcpp/topic_statistics/subscription_topic_statistics.hpp:23[m[K,
[2.418s]                  from [01m[K/opt/ros/humble/include/rclcpp/rclcpp/subscription.hpp:50[m[K,
[2.418s]                  from [01m[K/opt/ros/humble/include/rclcpp/rclcpp/any_executable.hpp:25[m[K,
[2.418s]                  from [01m[K/opt/ros/humble/include/rclcpp/rclcpp/memory_strategy.hpp:25[m[K,
[2.418s]                  from [01m[K/opt/ros/humble/include/rclcpp/rclcpp/memory_strategies.hpp:18[m[K,
[2.418s]                  from [01m[K/opt/ros/humble/include/rclcpp/rclcpp/executor_options.hpp:20[m[K,
[2.418s]                  from [01m[K/opt/ros/humble/include/rclcpp/rclcpp/executor.hpp:37[m[K,
[2.418s]                  from [01m[K/opt/ros/humble/include/rclcpp/rclcpp/executors/multi_threaded_executor.hpp:25[m[K,
[2.418s]                  from [01m[K/opt/ros/humble/include/rclcpp/rclcpp/executors.hpp:21[m[K,
[2.419s]                  from [01m[K/opt/ros/humble/include/rclcpp/rclcpp/rclcpp.hpp:155[m[K,
[2.419s]                  from [01m[K/home/tky/workspace/openarm_ws/src/DynamixelSDK/dynamixel_sdk_examples/src/pub_current_pos_v1_node.cpp:18[m[K:
[2.419s] [01m[K/opt/ros/humble/include/statistics_msgs/statistics_msgs/msg/detail/statistic_data_point__struct.hpp:27:11:[m[K [01;36m[Knote: [m[K  ‘[01m[Kstatistics_msgs::msg[m[K’
[2.419s]    27 | namespace [01;36m[Kmsg[m[K
[2.419s]       |           [01;36m[K^~~[m[K
[2.419s] In file included from [01m[K/home/tky/workspace/openarm_ws/install/dynamixel_sdk_custom_interfaces/include/dynamixel_sdk_custom_interfaces/dynamixel_sdk_custom_interfaces/msg/set_current.hpp:7[m[K,
[2.419s]                  from [01m[K/home/tky/workspace/openarm_ws/src/DynamixelSDK/dynamixel_sdk_examples/include/pub_dynamixel_data_node.hpp:20[m[K,
[2.419s]                  from [01m[K/home/tky/workspace/openarm_ws/src/DynamixelSDK/dynamixel_sdk_examples/src/pub_current_pos_v1_node.cpp:19[m[K:
[2.419s] [01m[K/home/tky/workspace/openarm_ws/install/dynamixel_sdk_custom_interfaces/include/dynamixel_sdk_custom_interfaces/dynamixel_sdk_custom_interfaces/msg/detail/set_current__struct.hpp:27:11:[m[K [01;36m[Knote: [m[K  ‘[01m[Kdynamixel_sdk_custom_interfaces::msg[m[K’
[2.420s]    27 | namespace [01;36m[Kmsg[m[K
[2.420s]       |           [01;36m[K^~~[m[K
[2.420s] [01m[K/home/tky/workspace/openarm_ws/src/DynamixelSDK/dynamixel_sdk_examples/src/pub_current_pos_v1_node.cpp:41:18:[m[K [01;31m[Kerror: [m[K‘[01m[Kcurrent_5_[m[K’ was not declared in this scope
[2.420s]    41 |   msg.position = [01;31m[Kcurrent_5_[m[K[current_position_index_];
[2.420s]       |                  [01;31m[K^~~~~~~~~~[m[K
[2.429s] [01m[K/home/tky/workspace/openarm_ws/src/DynamixelSDK/dynamixel_sdk_examples/src/pub_current_pos_v1_node.cpp:41:29:[m[K [01;31m[Kerror: [m[K‘[01m[Kcurrent_position_index_[m[K’ was not declared in this scope
[2.429s]    41 |   msg.position = current_5_[[01;31m[Kcurrent_position_index_[m[K];
[2.429s]       |                             [01;31m[K^~~~~~~~~~~~~~~~~~~~~~~[m[K
[2.429s] In file included from [01m[K/opt/ros/humble/include/rclcpp/rclcpp/client.hpp:40[m[K,
[2.429s]                  from [01m[K/opt/ros/humble/include/rclcpp/rclcpp/callback_group.hpp:24[m[K,
[2.429s]                  from [01m[K/opt/ros/humble/include/rclcpp/rclcpp/any_executable.hpp:20[m[K,
[2.430s]                  from [01m[K/opt/ros/humble/include/rclcpp/rclcpp/memory_strategy.hpp:25[m[K,
[2.430s]                  from [01m[K/opt/ros/humble/include/rclcpp/rclcpp/memory_strategies.hpp:18[m[K,
[2.430s]                  from [01m[K/opt/ros/humble/include/rclcpp/rclcpp/executor_options.hpp:20[m[K,
[2.430s]                  from [01m[K/opt/ros/humble/include/rclcpp/rclcpp/executor.hpp:37[m[K,
[2.430s]                  from [01m[K/opt/ros/humble/include/rclcpp/rclcpp/executors/multi_threaded_executor.hpp:25[m[K,
[2.430s]                  from [01m[K/opt/ros/humble/include/rclcpp/rclcpp/executors.hpp:21[m[K,
[2.430s]                  from [01m[K/opt/ros/humble/include/rclcpp/rclcpp/rclcpp.hpp:155[m[K,
[2.430s]                  from [01m[K/home/tky/workspace/openarm_ws/src/DynamixelSDK/dynamixel_sdk_examples/src/pub_current_pos_v1_node.cpp:18[m[K:
[2.430s] [01m[K/home/tky/workspace/openarm_ws/src/DynamixelSDK/dynamixel_sdk_examples/src/pub_current_pos_v1_node.cpp:44:15:[m[K [01;31m[Kerror: [m[K‘[01m[Kget_logger[m[K’ was not declared in this scope; did you mean ‘[01m[Krclcpp::get_logger[m[K’?
[2.430s]    44 |   RCLCPP_INFO([01;31m[Kget_logger[m[K(), "Publishing ID: %d Position: %d", msg.id, msg.position);
[2.430s]       |               [01;31m[K^~~~~~~~~~[m[K
[2.430s] In file included from [01m[K/opt/ros/humble/include/rclcpp/rclcpp/logging.hpp:23[m[K,
[2.431s]                  from [01m[K/opt/ros/humble/include/rclcpp/rclcpp/client.hpp:40[m[K,
[2.431s]                  from [01m[K/opt/ros/humble/include/rclcpp/rclcpp/callback_group.hpp:24[m[K,
[2.431s]                  from [01m[K/opt/ros/humble/include/rclcpp/rclcpp/any_executable.hpp:20[m[K,
[2.431s]                  from [01m[K/opt/ros/humble/include/rclcpp/rclcpp/memory_strategy.hpp:25[m[K,
[2.431s]                  from [01m[K/opt/ros/humble/include/rclcpp/rclcpp/memory_strategies.hpp:18[m[K,
[2.431s]                  from [01m[K/opt/ros/humble/include/rclcpp/rclcpp/executor_options.hpp:20[m[K,
[2.431s]                  from [01m[K/opt/ros/humble/include/rclcpp/rclcpp/executor.hpp:37[m[K,
[2.431s]                  from [01m[K/opt/ros/humble/include/rclcpp/rclcpp/executors/multi_threaded_executor.hpp:25[m[K,
[2.432s]                  from [01m[K/opt/ros/humble/include/rclcpp/rclcpp/executors.hpp:21[m[K,
[2.432s]                  from [01m[K/opt/ros/humble/include/rclcpp/rclcpp/rclcpp.hpp:155[m[K,
[2.432s]                  from [01m[K/home/tky/workspace/openarm_ws/src/DynamixelSDK/dynamixel_sdk_examples/src/pub_current_pos_v1_node.cpp:18[m[K:
[2.432s] [01m[K/opt/ros/humble/include/rclcpp/rclcpp/logger.hpp:106:17:[m[K [01;36m[Knote: [m[K‘[01m[Krclcpp::get_logger[m[K’ declared here
[2.432s]   106 |   friend Logger [01;36m[Krclcpp[m[K::get_logger(const std::string & name);
[2.432s]       |                 [01;36m[K^~~~~~[m[K
[2.432s] In file included from [01m[K/opt/ros/humble/include/rclcpp/rclcpp/client.hpp:40[m[K,
[2.432s]                  from [01m[K/opt/ros/humble/include/rclcpp/rclcpp/callback_group.hpp:24[m[K,
[2.432s]                  from [01m[K/opt/ros/humble/include/rclcpp/rclcpp/any_executable.hpp:20[m[K,
[2.433s]                  from [01m[K/opt/ros/humble/include/rclcpp/rclcpp/memory_strategy.hpp:25[m[K,
[2.433s]                  from [01m[K/opt/ros/humble/include/rclcpp/rclcpp/memory_strategies.hpp:18[m[K,
[2.433s]                  from [01m[K/opt/ros/humble/include/rclcpp/rclcpp/executor_options.hpp:20[m[K,
[2.433s]                  from [01m[K/opt/ros/humble/include/rclcpp/rclcpp/executor.hpp:37[m[K,
[2.433s]                  from [01m[K/opt/ros/humble/include/rclcpp/rclcpp/executors/multi_threaded_executor.hpp:25[m[K,
[2.433s]                  from [01m[K/opt/ros/humble/include/rclcpp/rclcpp/executors.hpp:21[m[K,
[2.433s]                  from [01m[K/opt/ros/humble/include/rclcpp/rclcpp/rclcpp.hpp:155[m[K,
[2.433s]                  from [01m[K/home/tky/workspace/openarm_ws/src/DynamixelSDK/dynamixel_sdk_examples/src/pub_current_pos_v1_node.cpp:18[m[K:
[2.434s] [01m[K/home/tky/workspace/openarm_ws/src/DynamixelSDK/dynamixel_sdk_examples/src/pub_current_pos_v1_node.cpp:44:3:[m[K [01;31m[Kerror: [m[Ktemplate argument 1 is invalid
[2.434s]    44 |   [01;31m[KRCLCPP_INFO[m[K(get_logger(), "Publishing ID: %d Position: %d", msg.id, msg.position);
[2.434s]       |   [01;31m[K^~~~~~~~~~~[m[K
[2.434s] [01m[K/home/tky/workspace/openarm_ws/src/DynamixelSDK/dynamixel_sdk_examples/src/pub_current_pos_v1_node.cpp:44:3:[m[K [01;31m[Kerror: [m[Ktemplate argument 1 is invalid
[2.434s]    44 |   [01;31m[KRCLCPP_INFO[m[K(get_logger(), "Publishing ID: %d Position: %d", msg.id, msg.position);
[2.434s]       |   [01;31m[K^~~~~~~~~~~[m[K
[2.434s] [01m[K/home/tky/workspace/openarm_ws/src/DynamixelSDK/dynamixel_sdk_examples/src/pub_current_pos_v1_node.cpp:44:3:[m[K [01;31m[Kerror: [m[Ktemplate argument 1 is invalid
[2.434s]    44 |   [01;31m[KRCLCPP_INFO[m[K(get_logger(), "Publishing ID: %d Position: %d", msg.id, msg.position);
[2.434s]       |   [01;31m[K^~~~~~~~~~~[m[K
[2.435s] [01m[K/home/tky/workspace/openarm_ws/src/DynamixelSDK/dynamixel_sdk_examples/src/pub_current_pos_v1_node.cpp:46:3:[m[K [01;31m[Kerror: [m[K‘[01m[Kpublisher_[m[K’ was not declared in this scope
[2.435s]    46 |   [01;31m[Kpublisher_[m[K->publish(msg);
[2.435s]       |   [01;31m[K^~~~~~~~~~[m[K
[2.441s] [01m[K/home/tky/workspace/openarm_ws/src/DynamixelSDK/dynamixel_sdk_examples/src/pub_current_pos_v1_node.cpp:[m[K In function ‘[01m[Kint main(int, char**)[m[K’:
[2.441s] [01m[K/home/tky/workspace/openarm_ws/src/DynamixelSDK/dynamixel_sdk_examples/src/pub_current_pos_v1_node.cpp:53:32:[m[K [01;31m[Kerror: [m[K‘[01m[KJointPubNode[m[K’ was not declared in this scope; did you mean ‘[01m[KJointCurrentPubNode[m[K’?
[2.442s]    53 |   auto node = std::make_shared<[01;31m[KJointPubNode[m[K>();
[2.442s]       |                                [01;31m[K^~~~~~~~~~~~[m[K
[2.442s]       |                                [32m[KJointCurrentPubNode[m[K
[2.442s] [01m[K/home/tky/workspace/openarm_ws/src/DynamixelSDK/dynamixel_sdk_examples/src/pub_current_pos_v1_node.cpp:53:45:[m[K [01;31m[Kerror: [m[Kno matching function for call to ‘[01m[Kmake_shared<<expression error> >()[m[K’
[2.442s]    53 |   auto node = [01;31m[Kstd::make_shared<JointPubNode>()[m[K;
[2.442s]       |               [01;31m[K~~~~~~~~~~~~~~~~~~~~~~~~~~~~~~^~[m[K
[2.442s] In file included from [01m[K/usr/include/c++/11/memory:77[m[K,
[2.442s]                  from [01m[K/opt/ros/humble/include/rclcpp/rclcpp/rclcpp.hpp:153[m[K,
[2.442s]                  from [01m[K/home/tky/workspace/openarm_ws/src/DynamixelSDK/dynamixel_sdk_examples/src/pub_current_pos_v1_node.cpp:18[m[K:
[2.442s] [01m[K/usr/include/c++/11/bits/shared_ptr.h:875:5:[m[K [01;36m[Knote: [m[Kcandidate: ‘[01m[Ktemplate<class _Tp, class ... _Args> std::shared_ptr<_Tp> std::make_shared(_Args&& ...)[m[K’
[2.442s]   875 |     [01;36m[Kmake_shared[m[K(_Args&&... __args)
[2.443s]       |     [01;36m[K^~~~~~~~~~~[m[K
[2.443s] [01m[K/usr/include/c++/11/bits/shared_ptr.h:875:5:[m[K [01;36m[Knote: [m[K  template argument deduction/substitution failed:
[2.443s] [01m[K/home/tky/workspace/openarm_ws/src/DynamixelSDK/dynamixel_sdk_examples/src/pub_current_pos_v1_node.cpp:53:45:[m[K [01;31m[Kerror: [m[Ktemplate argument 1 is invalid
[2.443s]    53 |   auto node = [01;31m[Kstd::make_shared<JointPubNode>()[m[K;
[2.443s]       |               [01;31m[K~~~~~~~~~~~~~~~~~~~~~~~~~~~~~~^~[m[K
[2.446s] [01m[K/home/tky/workspace/openarm_ws/src/DynamixelSDK/dynamixel_sdk_examples/src/pub_current_pos_v2_node.cpp:24:1:[m[K [01;31m[Kerror: [m[K‘[01m[KJointPubNode[m[K’ does not name a type; did you mean ‘[01m[KJointCurrentPubNode[m[K’?
[2.446s]    24 | [01;31m[KJointPubNode[m[K::JointPubNode()
[2.446s]       | [01;31m[K^~~~~~~~~~~~[m[K
[2.446s]       | [32m[KJointCurrentPubNode[m[K
[2.446s] [01m[K/home/tky/workspace/openarm_ws/src/DynamixelSDK/dynamixel_sdk_examples/src/pub_current_pos_v2_node.cpp:37:6:[m[K [01;31m[Kerror: [m[K‘[01m[KJointPubNode[m[K’ has not been declared
[2.447s]    37 | void [01;31m[KJointPubNode[m[K::publishData()
[2.447s]       |      [01;31m[K^~~~~~~~~~~~[m[K
[2.447s] [01m[K/home/tky/workspace/openarm_ws/src/DynamixelSDK/dynamixel_sdk_examples/src/pub_current_pos_v2_node.cpp:[m[K In function ‘[01m[Kvoid publishData()[m[K’:
[2.447s] [01m[K/home/tky/workspace/openarm_ws/src/DynamixelSDK/dynamixel_sdk_examples/src/pub_current_pos_v2_node.cpp:39:3:[m[K [01;31m[Kerror: [m[K‘[01m[KSetPosition[m[K’ was not declared in this scope; did you mean ‘[01m[Kdynamixel_sdk_custom_interfaces::msg::SetPosition[m[K’?
[2.447s]    39 |   [01;31m[KSetPosition[m[K msg;
[2.448s]       |   [01;31m[K^~~~~~~~~~~[m[K
[2.448s]       |   [32m[Kdynamixel_sdk_custom_interfaces::msg::SetPosition[m[K
[2.448s] In file included from [01m[K/home/tky/workspace/openarm_ws/install/dynamixel_sdk_custom_interfaces/include/dynamixel_sdk_custom_interfaces/dynamixel_sdk_custom_interfaces/msg/set_position.hpp:7[m[K,
[2.448s]                  from [01m[K/home/tky/workspace/openarm_ws/src/DynamixelSDK/dynamixel_sdk_examples/include/pub_dynamixel_data_node.hpp:21[m[K,
[2.448s]                  from [01m[K/home/tky/workspace/openarm_ws/src/DynamixelSDK/dynamixel_sdk_examples/src/pub_current_pos_v2_node.cpp:19[m[K:
[2.448s] [01m[K/home/tky/workspace/openarm_ws/install/dynamixel_sdk_custom_interfaces/include/dynamixel_sdk_custom_interfaces/dynamixel_sdk_custom_interfaces/msg/detail/set_position__struct.hpp:136:7:[m[K [01;36m[Knote: [m[K‘[01m[Kdynamixel_sdk_custom_interfaces::msg::SetPosition[m[K’ declared here
[2.448s]   136 | using [01;36m[KSetPosition[m[K =
[2.448s]       |       [01;36m[K^~~~~~~~~~~[m[K
[2.448s] [01m[K/home/tky/workspace/openarm_ws/src/DynamixelSDK/dynamixel_sdk_examples/src/pub_current_pos_v2_node.cpp:42:3:[m[K [01;31m[Kerror: [m[K‘[01m[Kmsg[m[K’ was not declared in this scope
[2.448s]    42 |   [01;31m[Kmsg[m[K.position = positions_5_[current_position_index_];
[2.448s]       |   [01;31m[K^~~[m[K
[2.449s] [01m[K/home/tky/workspace/openarm_ws/src/DynamixelSDK/dynamixel_sdk_examples/src/pub_current_pos_v2_node.cpp:42:3:[m[K [01;36m[Knote: [m[Ksuggested alternatives:
[2.449s] In file included from [01m[K/opt/ros/humble/include/builtin_interfaces/builtin_interfaces/msg/duration.hpp:7[m[K,
[2.449s]                  from [01m[K/opt/ros/humble/include/rclcpp/rclcpp/duration.hpp:20[m[K,
[2.449s]                  from [01m[K/opt/ros/humble/include/rclcpp/rclcpp/qos.hpp:20[m[K,
[2.449s]                  from [01m[K/opt/ros/humble/include/rclcpp/rclcpp/node_interfaces/node_graph_interface.hpp:32[m[K,
[2.449s]                  from [01m[K/opt/ros/humble/include/rclcpp/rclcpp/client.hpp:42[m[K,
[2.449s]                  from [01m[K/opt/ros/humble/include/rclcpp/rclcpp/callback_group.hpp:24[m[K,
[2.449s]                  from [01m[K/opt/ros/humble/include/rclcpp/rclcpp/any_executable.hpp:20[m[K,
[2.449s]                  from [01m[K/opt/ros/humble/include/rclcpp/rclcpp/memory_strategy.hpp:25[m[K,
[2.449s]                  from [01m[K/opt/ros/humble/include/rclcpp/rclcpp/memory_strategies.hpp:18[m[K,
[2.449s]                  from [01m[K/opt/ros/humble/include/rclcpp/rclcpp/executor_options.hpp:20[m[K,
[2.450s]                  from [01m[K/opt/ros/humble/include/rclcpp/rclcpp/executor.hpp:37[m[K,
[2.450s]                  from [01m[K/opt/ros/humble/include/rclcpp/rclcpp/executors/multi_threaded_executor.hpp:25[m[K,
[2.450s]                  from [01m[K/opt/ros/humble/include/rclcpp/rclcpp/executors.hpp:21[m[K,
[2.450s]                  from [01m[K/opt/ros/humble/include/rclcpp/rclcpp/rclcpp.hpp:155[m[K,
[2.450s]                  from [01m[K/home/tky/workspace/openarm_ws/src/DynamixelSDK/dynamixel_sdk_examples/src/pub_current_pos_v2_node.cpp:18[m[K:
[2.450s] [01m[K/opt/ros/humble/include/builtin_interfaces/builtin_interfaces/msg/detail/duration__struct.hpp:27:11:[m[K [01;36m[Knote: [m[K  ‘[01m[Kbuiltin_interfaces::msg[m[K’
[2.450s]    27 | namespace [01;36m[Kmsg[m[K
[2.450s]       |           [01;36m[K^~~[m[K
[2.450s] In file included from [01m[K/opt/ros/humble/include/rcl_interfaces/rcl_interfaces/msg/set_parameters_result.hpp:7[m[K,
[2.450s]                  from [01m[K/opt/ros/humble/include/rclcpp/rclcpp/qos_overriding_options.hpp:28[m[K,
[2.451s]                  from [01m[K/opt/ros/humble/include/rclcpp/rclcpp/subscription_options.hpp:30[m[K,
[2.451s]                  from [01m[K/opt/ros/humble/include/rclcpp/rclcpp/subscription.hpp:45[m[K,
[2.451s]                  from [01m[K/opt/ros/humble/include/rclcpp/rclcpp/any_executable.hpp:25[m[K,
[2.451s]                  from [01m[K/opt/ros/humble/include/rclcpp/rclcpp/memory_strategy.hpp:25[m[K,
[2.451s]                  from [01m[K/opt/ros/humble/include/rclcpp/rclcpp/memory_strategies.hpp:18[m[K,
[2.451s]                  from [01m[K/opt/ros/humble/include/rclcpp/rclcpp/executor_options.hpp:20[m[K,
[2.451s]                  from [01m[K/opt/ros/humble/include/rclcpp/rclcpp/executor.hpp:37[m[K,
[2.451s]                  from [01m[K/opt/ros/humble/include/rclcpp/rclcpp/executors/multi_threaded_executor.hpp:25[m[K,
[2.451s]                  from [01m[K/opt/ros/humble/include/rclcpp/rclcpp/executors.hpp:21[m[K,
[2.451s]                  from [01m[K/opt/ros/humble/include/rclcpp/rclcpp/rclcpp.hpp:155[m[K,
[2.451s]                  from [01m[K/home/tky/workspace/openarm_ws/src/DynamixelSDK/dynamixel_sdk_examples/src/pub_current_pos_v2_node.cpp:18[m[K:
[2.452s] [01m[K/opt/ros/humble/include/rcl_interfaces/rcl_interfaces/msg/detail/set_parameters_result__struct.hpp:27:11:[m[K [01;36m[Knote: [m[K  ‘[01m[Krcl_interfaces::msg[m[K’
[2.452s]    27 | namespace [01;36m[Kmsg[m[K
[2.452s]       |           [01;36m[K^~~[m[K
[2.452s] In file included from [01m[K/opt/ros/humble/include/statistics_msgs/statistics_msgs/msg/detail/metrics_message__struct.hpp:23[m[K,
[2.452s]                  from [01m[K/opt/ros/humble/include/statistics_msgs/statistics_msgs/msg/metrics_message.hpp:7[m[K,
[2.452s]                  from [01m[K/opt/ros/humble/include/libstatistics_collector/libstatistics_collector/collector/generate_statistics_message.hpp:21[m[K,
[2.452s]                  from [01m[K/opt/ros/humble/include/rclcpp/rclcpp/topic_statistics/subscription_topic_statistics.hpp:23[m[K,
[2.452s]                  from [01m[K/opt/ros/humble/include/rclcpp/rclcpp/subscription.hpp:50[m[K,
[2.452s]                  from [01m[K/opt/ros/humble/include/rclcpp/rclcpp/any_executable.hpp:25[m[K,
[2.452s]                  from [01m[K/opt/ros/humble/include/rclcpp/rclcpp/memory_strategy.hpp:25[m[K,
[2.453s]                  from [01m[K/opt/ros/humble/include/rclcpp/rclcpp/memory_strategies.hpp:18[m[K,
[2.453s]                  from [01m[K/opt/ros/humble/include/rclcpp/rclcpp/executor_options.hpp:20[m[K,
[2.453s]                  from [01m[K/opt/ros/humble/include/rclcpp/rclcpp/executor.hpp:37[m[K,
[2.453s]                  from [01m[K/opt/ros/humble/include/rclcpp/rclcpp/executors/multi_threaded_executor.hpp:25[m[K,
[2.453s]                  from [01m[K/opt/ros/humble/include/rclcpp/rclcpp/executors.hpp:21[m[K,
[2.453s]                  from [01m[K/opt/ros/humble/include/rclcpp/rclcpp/rclcpp.hpp:155[m[K,
[2.453s]                  from [01m[K/home/tky/workspace/openarm_ws/src/DynamixelSDK/dynamixel_sdk_examples/src/pub_current_pos_v2_node.cpp:18[m[K:
[2.453s] [01m[K/opt/ros/humble/include/statistics_msgs/statistics_msgs/msg/detail/statistic_data_point__struct.hpp:27:11:[m[K [01;36m[Knote: [m[K  ‘[01m[Kstatistics_msgs::msg[m[K’
[2.453s]    27 | namespace [01;36m[Kmsg[m[K
[2.453s]       |           [01;36m[K^~~[m[K
[2.454s] In file included from [01m[K/home/tky/workspace/openarm_ws/install/dynamixel_sdk_custom_interfaces/include/dynamixel_sdk_custom_interfaces/dynamixel_sdk_custom_interfaces/msg/set_current.hpp:7[m[K,
[2.454s]                  from [01m[K/home/tky/workspace/openarm_ws/src/DynamixelSDK/dynamixel_sdk_examples/include/pub_dynamixel_data_node.hpp:20[m[K,
[2.454s]                  from [01m[K/home/tky/workspace/openarm_ws/src/DynamixelSDK/dynamixel_sdk_examples/src/pub_current_pos_v2_node.cpp:19[m[K:
[2.454s] [01m[K/home/tky/workspace/openarm_ws/install/dynamixel_sdk_custom_interfaces/include/dynamixel_sdk_custom_interfaces/dynamixel_sdk_custom_interfaces/msg/detail/set_current__struct.hpp:27:11:[m[K [01;36m[Knote: [m[K  ‘[01m[Kdynamixel_sdk_custom_interfaces::msg[m[K’
[2.454s]    27 | namespace [01;36m[Kmsg[m[K
[2.454s]       |           [01;36m[K^~~[m[K
[2.454s] [01m[K/home/tky/workspace/openarm_ws/src/DynamixelSDK/dynamixel_sdk_examples/src/pub_current_pos_v2_node.cpp:42:18:[m[K [01;31m[Kerror: [m[K‘[01m[Kpositions_5_[m[K’ was not declared in this scope
[2.454s]    42 |   msg.position = [01;31m[Kpositions_5_[m[K[current_position_index_];
[2.454s]       |                  [01;31m[K^~~~~~~~~~~~[m[K
[2.462s] [01m[K/home/tky/workspace/openarm_ws/src/DynamixelSDK/dynamixel_sdk_examples/src/pub_current_pos_v2_node.cpp:42:31:[m[K [01;31m[Kerror: [m[K‘[01m[Kcurrent_position_index_[m[K’ was not declared in this scope
[2.463s]    42 |   msg.position = positions_5_[[01;31m[Kcurrent_position_index_[m[K];
[2.463s]       |                               [01;31m[K^~~~~~~~~~~~~~~~~~~~~~~[m[K
[2.463s] In file included from [01m[K/opt/ros/humble/include/rclcpp/rclcpp/client.hpp:40[m[K,
[2.463s]                  from [01m[K/opt/ros/humble/include/rclcpp/rclcpp/callback_group.hpp:24[m[K,
[2.463s]                  from [01m[K/opt/ros/humble/include/rclcpp/rclcpp/any_executable.hpp:20[m[K,
[2.464s]                  from [01m[K/opt/ros/humble/include/rclcpp/rclcpp/memory_strategy.hpp:25[m[K,
[2.464s]                  from [01m[K/opt/ros/humble/include/rclcpp/rclcpp/memory_strategies.hpp:18[m[K,
[2.464s]                  from [01m[K/opt/ros/humble/include/rclcpp/rclcpp/executor_options.hpp:20[m[K,
[2.464s]                  from [01m[K/opt/ros/humble/include/rclcpp/rclcpp/executor.hpp:37[m[K,
[2.464s]                  from [01m[K/opt/ros/humble/include/rclcpp/rclcpp/executors/multi_threaded_executor.hpp:25[m[K,
[2.464s]                  from [01m[K/opt/ros/humble/include/rclcpp/rclcpp/executors.hpp:21[m[K,
[2.464s]                  from [01m[K/opt/ros/humble/include/rclcpp/rclcpp/rclcpp.hpp:155[m[K,
[2.464s]                  from [01m[K/home/tky/workspace/openarm_ws/src/DynamixelSDK/dynamixel_sdk_examples/src/pub_current_pos_v2_node.cpp:18[m[K:
[2.464s] [01m[K/home/tky/workspace/openarm_ws/src/DynamixelSDK/dynamixel_sdk_examples/src/pub_current_pos_v2_node.cpp:45:15:[m[K [01;31m[Kerror: [m[K‘[01m[Kget_logger[m[K’ was not declared in this scope; did you mean ‘[01m[Krclcpp::get_logger[m[K’?
[2.464s]    45 |   RCLCPP_INFO([01;31m[Kget_logger[m[K(), "Publishing ID: %d Position: %d", msg.id, msg.position);
[2.464s]       |               [01;31m[K^~~~~~~~~~[m[K
[2.465s] In file included from [01m[K/opt/ros/humble/include/rclcpp/rclcpp/logging.hpp:23[m[K,
[2.465s]                  from [01m[K/opt/ros/humble/include/rclcpp/rclcpp/client.hpp:40[m[K,
[2.465s]                  from [01m[K/opt/ros/humble/include/rclcpp/rclcpp/callback_group.hpp:24[m[K,
[2.465s]                  from [01m[K/opt/ros/humble/include/rclcpp/rclcpp/any_executable.hpp:20[m[K,
[2.465s]                  from [01m[K/opt/ros/humble/include/rclcpp/rclcpp/memory_strategy.hpp:25[m[K,
[2.465s]                  from [01m[K/opt/ros/humble/include/rclcpp/rclcpp/memory_strategies.hpp:18[m[K,
[2.465s]                  from [01m[K/opt/ros/humble/include/rclcpp/rclcpp/executor_options.hpp:20[m[K,
[2.465s]                  from [01m[K/opt/ros/humble/include/rclcpp/rclcpp/executor.hpp:37[m[K,
[2.465s]                  from [01m[K/opt/ros/humble/include/rclcpp/rclcpp/executors/multi_threaded_executor.hpp:25[m[K,
[2.465s]                  from [01m[K/opt/ros/humble/include/rclcpp/rclcpp/executors.hpp:21[m[K,
[2.465s]                  from [01m[K/opt/ros/humble/include/rclcpp/rclcpp/rclcpp.hpp:155[m[K,
[2.466s]                  from [01m[K/home/tky/workspace/openarm_ws/src/DynamixelSDK/dynamixel_sdk_examples/src/pub_current_pos_v2_node.cpp:18[m[K:
[2.466s] [01m[K/opt/ros/humble/include/rclcpp/rclcpp/logger.hpp:106:17:[m[K [01;36m[Knote: [m[K‘[01m[Krclcpp::get_logger[m[K’ declared here
[2.466s]   106 |   friend Logger [01;36m[Krclcpp[m[K::get_logger(const std::string & name);
[2.466s]       |                 [01;36m[K^~~~~~[m[K
[2.466s] In file included from [01m[K/opt/ros/humble/include/rclcpp/rclcpp/client.hpp:40[m[K,
[2.466s]                  from [01m[K/opt/ros/humble/include/rclcpp/rclcpp/callback_group.hpp:24[m[K,
[2.466s]                  from [01m[K/opt/ros/humble/include/rclcpp/rclcpp/any_executable.hpp:20[m[K,
[2.466s]                  from [01m[K/opt/ros/humble/include/rclcpp/rclcpp/memory_strategy.hpp:25[m[K,
[2.466s]                  from [01m[K/opt/ros/humble/include/rclcpp/rclcpp/memory_strategies.hpp:18[m[K,
[2.467s]                  from [01m[K/opt/ros/humble/include/rclcpp/rclcpp/executor_options.hpp:20[m[K,
[2.467s]                  from [01m[K/opt/ros/humble/include/rclcpp/rclcpp/executor.hpp:37[m[K,
[2.467s]                  from [01m[K/opt/ros/humble/include/rclcpp/rclcpp/executors/multi_threaded_executor.hpp:25[m[K,
[2.467s]                  from [01m[K/opt/ros/humble/include/rclcpp/rclcpp/executors.hpp:21[m[K,
[2.467s]                  from [01m[K/opt/ros/humble/include/rclcpp/rclcpp/rclcpp.hpp:155[m[K,
[2.467s]                  from [01m[K/home/tky/workspace/openarm_ws/src/DynamixelSDK/dynamixel_sdk_examples/src/pub_current_pos_v2_node.cpp:18[m[K:
[2.467s] [01m[K/home/tky/workspace/openarm_ws/src/DynamixelSDK/dynamixel_sdk_examples/src/pub_current_pos_v2_node.cpp:45:3:[m[K [01;31m[Kerror: [m[Ktemplate argument 1 is invalid
[2.467s]    45 |   [01;31m[KRCLCPP_INFO[m[K(get_logger(), "Publishing ID: %d Position: %d", msg.id, msg.position);
[2.467s]       |   [01;31m[K^~~~~~~~~~~[m[K
[2.467s] [01m[K/home/tky/workspace/openarm_ws/src/DynamixelSDK/dynamixel_sdk_examples/src/pub_current_pos_v2_node.cpp:45:3:[m[K [01;31m[Kerror: [m[Ktemplate argument 1 is invalid
[2.467s]    45 |   [01;31m[KRCLCPP_INFO[m[K(get_logger(), "Publishing ID: %d Position: %d", msg.id, msg.position);
[2.467s]       |   [01;31m[K^~~~~~~~~~~[m[K
[2.468s] [01m[K/home/tky/workspace/openarm_ws/src/DynamixelSDK/dynamixel_sdk_examples/src/pub_current_pos_v2_node.cpp:45:3:[m[K [01;31m[Kerror: [m[Ktemplate argument 1 is invalid
[2.468s]    45 |   [01;31m[KRCLCPP_INFO[m[K(get_logger(), "Publishing ID: %d Position: %d", msg.id, msg.position);
[2.468s]       |   [01;31m[K^~~~~~~~~~~[m[K
[2.468s] [01m[K/home/tky/workspace/openarm_ws/src/DynamixelSDK/dynamixel_sdk_examples/src/pub_current_pos_v2_node.cpp:47:3:[m[K [01;31m[Kerror: [m[K‘[01m[Kpublisher_[m[K’ was not declared in this scope
[2.468s]    47 |   [01;31m[Kpublisher_[m[K->publish(msg);
[2.468s]       |   [01;31m[K^~~~~~~~~~[m[K
[2.477s] [01m[K/home/tky/workspace/openarm_ws/src/DynamixelSDK/dynamixel_sdk_examples/src/pub_current_pos_v2_node.cpp:[m[K In function ‘[01m[Kint main(int, char**)[m[K’:
[2.477s] [01m[K/home/tky/workspace/openarm_ws/src/DynamixelSDK/dynamixel_sdk_examples/src/pub_current_pos_v2_node.cpp:54:32:[m[K [01;31m[Kerror: [m[K‘[01m[KJointPubNode[m[K’ was not declared in this scope; did you mean ‘[01m[KJointCurrentPubNode[m[K’?
[2.478s]    54 |   auto node = std::make_shared<[01;31m[KJointPubNode[m[K>();
[2.478s]       |                                [01;31m[K^~~~~~~~~~~~[m[K
[2.478s]       |                                [32m[KJointCurrentPubNode[m[K
[2.478s] [01m[K/home/tky/workspace/openarm_ws/src/DynamixelSDK/dynamixel_sdk_examples/src/pub_current_pos_v2_node.cpp:54:45:[m[K [01;31m[Kerror: [m[Kno matching function for call to ‘[01m[Kmake_shared<<expression error> >()[m[K’
[2.478s]    54 |   auto node = [01;31m[Kstd::make_shared<JointPubNode>()[m[K;
[2.478s]       |               [01;31m[K~~~~~~~~~~~~~~~~~~~~~~~~~~~~~~^~[m[K
[2.478s] In file included from [01m[K/usr/include/c++/11/memory:77[m[K,
[2.478s]                  from [01m[K/opt/ros/humble/include/rclcpp/rclcpp/rclcpp.hpp:153[m[K,
[2.478s]                  from [01m[K/home/tky/workspace/openarm_ws/src/DynamixelSDK/dynamixel_sdk_examples/src/pub_current_pos_v2_node.cpp:18[m[K:
[2.478s] [01m[K/usr/include/c++/11/bits/shared_ptr.h:875:5:[m[K [01;36m[Knote: [m[Kcandidate: ‘[01m[Ktemplate<class _Tp, class ... _Args> std::shared_ptr<_Tp> std::make_shared(_Args&& ...)[m[K’
[2.478s]   875 |     [01;36m[Kmake_shared[m[K(_Args&&... __args)
[2.479s]       |     [01;36m[K^~~~~~~~~~~[m[K
[2.479s] [01m[K/usr/include/c++/11/bits/shared_ptr.h:875:5:[m[K [01;36m[Knote: [m[K  template argument deduction/substitution failed:
[2.479s] [01m[K/home/tky/workspace/openarm_ws/src/DynamixelSDK/dynamixel_sdk_examples/src/pub_current_pos_v2_node.cpp:54:45:[m[K [01;31m[Kerror: [m[Ktemplate argument 1 is invalid
[2.479s]    54 |   auto node = [01;31m[Kstd::make_shared<JointPubNode>()[m[K;
[2.479s]       |               [01;31m[K~~~~~~~~~~~~~~~~~~~~~~~~~~~~~~^~[m[K
[2.848s] gmake[2]: *** [CMakeFiles/pub_current_pos_v1_node.dir/build.make:76: CMakeFiles/pub_current_pos_v1_node.dir/src/pub_current_pos_v1_node.cpp.o] Error 1
[2.849s] gmake[1]: *** [CMakeFiles/Makefile2:337: CMakeFiles/pub_current_pos_v1_node.dir/all] Error 2
[2.849s] gmake[1]: *** Waiting for unfinished jobs....
[2.869s] gmake[2]: *** [CMakeFiles/pub_current_pos_v2_node.dir/build.make:76: CMakeFiles/pub_current_pos_v2_node.dir/src/pub_current_pos_v2_node.cpp.o] Error 1
[2.869s] gmake[1]: *** [CMakeFiles/Makefile2:389: CMakeFiles/pub_current_pos_v2_node.dir/all] Error 2
[2.869s] gmake: *** [Makefile:146: all] Error 2
[2.872s] Invoked command in '/home/tky/workspace/openarm_ws/build/dynamixel_sdk_examples' returned '2': CMAKE_PREFIX_PATH=/home/tky/workspace/openarm_ws/install/dynamixel_sdk_custom_interfaces:/home/tky/workspace/openarm_ws/install/dynamixel_sdk:/home/tky/workspace/openarm_ws/install/openarm_bimanual_moveit_config:/home/tky/workspace/openarm_ws/install/openarm:/home/tky/workspace/openarm_ws/install/openarm_description:/home/tky/workspace/openarm_ws/install/openarm_bringup:/home/tky/workspace/openarm_ws/install/dynamixel_sdk_examples:/home/tky/workspace/openarm_ws/install/dxl_wt_openarm_leader:/home/tky/workspace/openarm_ws/install/dxl_openarm_leader:/opt/ros/humble /home/tky/.pyenv/shims/cmake --build /home/tky/workspace/openarm_ws/build/dynamixel_sdk_examples -- -j12 -l12
