[0.033s] Invoking command in '/home/tky/workspace/openarm_ws/build/dynamixel_sdk': CMAKE_PREFIX_PATH=${CMAKE_PREFIX_PATH}:/home/tky/turtlebot3_ws/install/turtlebot3_teleop:/home/tky/turtlebot3_ws/install/turtlebot3_example:/opt/ros/humble /home/tky/.pyenv/shims/cmake /home/tky/workspace/openarm_ws/src/DynamixelSDK/dynamixel_sdk -DAMENT_CMAKE_SYMLINK_INSTALL=1 -DCMAKE_INSTALL_PREFIX=/home/tky/workspace/openarm_ws/install/dynamixel_sdk
[0.140s] -- The C compiler identification is GNU 11.4.0
[0.188s] -- The CXX compiler identification is GNU 11.4.0
[0.196s] -- Detecting C compiler ABI info
[0.265s] -- Detecting C compiler ABI info - done
[0.275s] -- Check for working C compiler: /usr/bin/cc - skipped
[0.275s] -- Detecting C compile features
[0.276s] -- Detecting C compile features - done
[0.280s] -- Detecting CXX compiler ABI info
[0.358s] -- Detecting CXX compiler ABI info - done
[0.365s] -- Check for working CXX compiler: /usr/bin/c++ - skipped
[0.365s] -- Detecting CXX compile features
[0.365s] -- Detecting CXX compile features - done
[0.370s] -- Found ament_cmake: 1.3.11 (/opt/ros/humble/share/ament_cmake/cmake)
[0.672s] -- Found Python3: /home/tky/.pyenv/shims/python3 (found version "3.10.12") found components: Interpreter 
[0.767s] -- Override CMake install command with custom implementation using symlinks instead of copying resources
[0.909s] -- Configuring done
[0.915s] -- Generating done
[0.921s] -- Build files have been written to: /home/tky/workspace/openarm_ws/build/dynamixel_sdk
[0.925s] Invoked command in '/home/tky/workspace/openarm_ws/build/dynamixel_sdk' returned '0': CMAKE_PREFIX_PATH=${CMAKE_PREFIX_PATH}:/home/tky/turtlebot3_ws/install/turtlebot3_teleop:/home/tky/turtlebot3_ws/install/turtlebot3_example:/opt/ros/humble /home/tky/.pyenv/shims/cmake /home/tky/workspace/openarm_ws/src/DynamixelSDK/dynamixel_sdk -DAMENT_CMAKE_SYMLINK_INSTALL=1 -DCMAKE_INSTALL_PREFIX=/home/tky/workspace/openarm_ws/install/dynamixel_sdk
[0.926s] Invoking command in '/home/tky/workspace/openarm_ws/build/dynamixel_sdk': CMAKE_PREFIX_PATH=${CMAKE_PREFIX_PATH}:/home/tky/turtlebot3_ws/install/turtlebot3_teleop:/home/tky/turtlebot3_ws/install/turtlebot3_example:/opt/ros/humble /home/tky/.pyenv/shims/cmake --build /home/tky/workspace/openarm_ws/build/dynamixel_sdk -- -j12 -l12
[1.010s] [ 10%] [32mBuilding CXX object CMakeFiles/dynamixel_sdk.dir/src/dynamixel_sdk/packet_handler.cpp.o[0m
[1.010s] [ 20%] [32mBuilding CXX object CMakeFiles/dynamixel_sdk.dir/src/dynamixel_sdk/protocol1_packet_handler.cpp.o[0m
[1.010s] [ 30%] [32mBuilding CXX object CMakeFiles/dynamixel_sdk.dir/src/dynamixel_sdk/protocol2_packet_handler.cpp.o[0m
[1.010s] [ 40%] [32mBuilding CXX object CMakeFiles/dynamixel_sdk.dir/src/dynamixel_sdk/group_sync_write.cpp.o[0m
[1.010s] [ 50%] [32mBuilding CXX object CMakeFiles/dynamixel_sdk.dir/src/dynamixel_sdk/group_bulk_read.cpp.o[0m
[1.010s] [ 60%] [32mBuilding CXX object CMakeFiles/dynamixel_sdk.dir/src/dynamixel_sdk/group_bulk_write.cpp.o[0m
[1.010s] [ 70%] [32mBuilding CXX object CMakeFiles/dynamixel_sdk.dir/src/dynamixel_sdk/port_handler.cpp.o[0m
[1.011s] [ 80%] [32mBuilding CXX object CMakeFiles/dynamixel_sdk.dir/src/dynamixel_sdk/group_sync_read.cpp.o[0m
[1.011s] [ 90%] [32mBuilding CXX object CMakeFiles/dynamixel_sdk.dir/src/dynamixel_sdk/port_handler_linux.cpp.o[0m
[1.543s] [100%] [32m[1mLinking CXX shared library libdynamixel_sdk.so[0m
[1.676s] [100%] Built target dynamixel_sdk
[1.685s] Invoked command in '/home/tky/workspace/openarm_ws/build/dynamixel_sdk' returned '0': CMAKE_PREFIX_PATH=${CMAKE_PREFIX_PATH}:/home/tky/turtlebot3_ws/install/turtlebot3_teleop:/home/tky/turtlebot3_ws/install/turtlebot3_example:/opt/ros/humble /home/tky/.pyenv/shims/cmake --build /home/tky/workspace/openarm_ws/build/dynamixel_sdk -- -j12 -l12
[1.687s] Invoking command in '/home/tky/workspace/openarm_ws/build/dynamixel_sdk': CMAKE_PREFIX_PATH=${CMAKE_PREFIX_PATH}:/home/tky/turtlebot3_ws/install/turtlebot3_teleop:/home/tky/turtlebot3_ws/install/turtlebot3_example:/opt/ros/humble /home/tky/.pyenv/shims/cmake --install /home/tky/workspace/openarm_ws/build/dynamixel_sdk
[1.733s] -- Install configuration: ""
[1.734s] -- Execute custom install script
[1.734s] -- Symlinking: /home/tky/workspace/openarm_ws/install/dynamixel_sdk/include//dynamixel_sdk/dynamixel_sdk.h
[1.743s] -- Symlinking: /home/tky/workspace/openarm_ws/install/dynamixel_sdk/include//dynamixel_sdk/group_bulk_read.h
[1.751s] -- Symlinking: /home/tky/workspace/openarm_ws/install/dynamixel_sdk/include//dynamixel_sdk/group_bulk_write.h
[1.759s] -- Symlinking: /home/tky/workspace/openarm_ws/install/dynamixel_sdk/include//dynamixel_sdk/group_sync_read.h
[1.767s] -- Symlinking: /home/tky/workspace/openarm_ws/install/dynamixel_sdk/include//dynamixel_sdk/group_sync_write.h
[1.775s] -- Symlinking: /home/tky/workspace/openarm_ws/install/dynamixel_sdk/include//dynamixel_sdk/packet_handler.h
[1.783s] -- Symlinking: /home/tky/workspace/openarm_ws/install/dynamixel_sdk/include//dynamixel_sdk/port_handler.h
[1.791s] -- Symlinking: /home/tky/workspace/openarm_ws/install/dynamixel_sdk/include//dynamixel_sdk/port_handler_arduino.h
[1.798s] -- Symlinking: /home/tky/workspace/openarm_ws/install/dynamixel_sdk/include//dynamixel_sdk/port_handler_linux.h
[1.806s] -- Symlinking: /home/tky/workspace/openarm_ws/install/dynamixel_sdk/include//dynamixel_sdk/port_handler_mac.h
[1.815s] -- Symlinking: /home/tky/workspace/openarm_ws/install/dynamixel_sdk/include//dynamixel_sdk/port_handler_windows.h
[1.826s] -- Symlinking: /home/tky/workspace/openarm_ws/install/dynamixel_sdk/include//dynamixel_sdk/protocol1_packet_handler.h
[1.835s] -- Symlinking: /home/tky/workspace/openarm_ws/install/dynamixel_sdk/include//dynamixel_sdk/protocol2_packet_handler.h
[1.844s] -- Symlinking: /home/tky/workspace/openarm_ws/install/dynamixel_sdk/lib/libdynamixel_sdk.so
[1.851s] -- Symlinking: /home/tky/workspace/openarm_ws/install/dynamixel_sdk/share/dynamixel_sdk/environment/library_path.sh
[1.860s] -- Symlinking: /home/tky/workspace/openarm_ws/install/dynamixel_sdk/share/dynamixel_sdk/environment/library_path.dsv
[1.868s] -- Symlinking: /home/tky/workspace/openarm_ws/install/dynamixel_sdk/share/ament_index/resource_index/package_run_dependencies/dynamixel_sdk
[1.875s] -- Symlinking: /home/tky/workspace/openarm_ws/install/dynamixel_sdk/share/ament_index/resource_index/parent_prefix_path/dynamixel_sdk
[1.883s] -- Symlinking: /home/tky/workspace/openarm_ws/install/dynamixel_sdk/share/dynamixel_sdk/environment/ament_prefix_path.sh
[1.890s] -- Symlinking: /home/tky/workspace/openarm_ws/install/dynamixel_sdk/share/dynamixel_sdk/environment/ament_prefix_path.dsv
[1.898s] -- Symlinking: /home/tky/workspace/openarm_ws/install/dynamixel_sdk/share/dynamixel_sdk/environment/path.sh
[1.905s] -- Symlinking: /home/tky/workspace/openarm_ws/install/dynamixel_sdk/share/dynamixel_sdk/environment/path.dsv
[1.917s] -- Symlinking: /home/tky/workspace/openarm_ws/install/dynamixel_sdk/share/dynamixel_sdk/local_setup.bash
[1.925s] -- Symlinking: /home/tky/workspace/openarm_ws/install/dynamixel_sdk/share/dynamixel_sdk/local_setup.sh
[1.934s] -- Symlinking: /home/tky/workspace/openarm_ws/install/dynamixel_sdk/share/dynamixel_sdk/local_setup.zsh
[1.943s] -- Symlinking: /home/tky/workspace/openarm_ws/install/dynamixel_sdk/share/dynamixel_sdk/local_setup.dsv
[1.950s] -- Symlinking: /home/tky/workspace/openarm_ws/install/dynamixel_sdk/share/dynamixel_sdk/package.dsv
[1.960s] -- Symlinking: /home/tky/workspace/openarm_ws/install/dynamixel_sdk/share/ament_index/resource_index/packages/dynamixel_sdk
[1.967s] -- Symlinking: /home/tky/workspace/openarm_ws/install/dynamixel_sdk/share/dynamixel_sdk/cmake/ament_cmake_export_include_directories-extras.cmake
[1.975s] -- Symlinking: /home/tky/workspace/openarm_ws/install/dynamixel_sdk/share/dynamixel_sdk/cmake/ament_cmake_export_libraries-extras.cmake
[1.985s] -- Symlinking: /home/tky/workspace/openarm_ws/install/dynamixel_sdk/share/dynamixel_sdk/cmake/dynamixel_sdkConfig.cmake
[1.995s] -- Symlinking: /home/tky/workspace/openarm_ws/install/dynamixel_sdk/share/dynamixel_sdk/cmake/dynamixel_sdkConfig-version.cmake
[2.007s] -- Symlinking: /home/tky/workspace/openarm_ws/install/dynamixel_sdk/share/dynamixel_sdk/package.xml
[2.021s] Invoked command in '/home/tky/workspace/openarm_ws/build/dynamixel_sdk' returned '0': CMAKE_PREFIX_PATH=${CMAKE_PREFIX_PATH}:/home/tky/turtlebot3_ws/install/turtlebot3_teleop:/home/tky/turtlebot3_ws/install/turtlebot3_example:/opt/ros/humble /home/tky/.pyenv/shims/cmake --install /home/tky/workspace/openarm_ws/build/dynamixel_sdk
