-- The C compiler identification is GNU 11.4.0
-- The CXX compiler identification is GNU 11.4.0
-- Detecting C compiler ABI info
-- Detecting C compiler ABI info - done
-- Check for working C compiler: /usr/bin/cc - skipped
-- Detecting C compile features
-- Detecting C compile features - done
-- Detecting CXX compiler ABI info
-- Detecting CXX compiler ABI info - done
-- Check for working CXX compiler: /usr/bin/c++ - skipped
-- Detecting CXX compile features
-- Detecting CXX compile features - done
-- Found ament_cmake: 1.3.11 (/opt/ros/humble/share/ament_cmake/cmake)
-- Found Python3: /home/tky/.pyenv/shims/python3 (found version "3.10.12") found components: Interpreter 
-- Found dynamixel_sdk: 3.7.60 (/home/tky/workspace/openarm_ws/install/dynamixel_sdk/share/dynamixel_sdk/cmake)
-- Found dynamixel_sdk_custom_interfaces: 3.7.60 (/home/tky/workspace/openarm_ws/install/dynamixel_sdk_custom_interfaces/share/dynamixel_sdk_custom_interfaces/cmake)
-- Found rosidl_generator_c: 3.1.6 (/opt/ros/humble/share/rosidl_generator_c/cmake)
-- Found rosidl_adapter: 3.1.6 (/opt/ros/humble/share/rosidl_adapter/cmake)
-- Found rosidl_generator_cpp: 3.1.6 (/opt/ros/humble/share/rosidl_generator_cpp/cmake)
-- Using all available rosidl_typesupport_c: rosidl_typesupport_fastrtps_c;rosidl_typesupport_introspection_c
-- Using all available rosidl_typesupport_cpp: rosidl_typesupport_fastrtps_cpp;rosidl_typesupport_introspection_cpp
-- Found rclcpp: 16.0.12 (/opt/ros/humble/share/rclcpp/cmake)
-- Found rmw_implementation_cmake: 6.1.2 (/opt/ros/humble/share/rmw_implementation_cmake/cmake)
-- Found rmw_fastrtps_cpp: 6.2.7 (/opt/ros/humble/share/rmw_fastrtps_cpp/cmake)
-- Found OpenSSL: /usr/lib/x86_64-linux-gnu/libcrypto.so (found version "3.0.2")  
-- Found FastRTPS: /opt/ros/humble/include  
-- Using RMW implementation 'rmw_fastrtps_cpp' as default
-- Looking for pthread.h
-- Looking for pthread.h - found
-- Performing Test CMAKE_HAVE_LIBC_PTHREAD
-- Performing Test CMAKE_HAVE_LIBC_PTHREAD - Success
-- Found Threads: TRUE  
-- Found control_msgs: 4.8.0 (/opt/ros/humble/share/control_msgs/cmake)
-- Found rclcpp_action: 16.0.12 (/opt/ros/humble/share/rclcpp_action/cmake)
-- Found ament_lint_auto: 0.12.12 (/opt/ros/humble/share/ament_lint_auto/cmake)
-- Added test 'copyright' to check source files copyright and LICENSE
-- Added test 'cppcheck' to perform static code analysis on C / C++ code
-- Configured cppcheck include dirs: /home/tky/workspace/openarm_ws/src/dxl_openarm_leader/include
-- Configured cppcheck exclude dirs and/or files: 
-- Added test 'cpplint' to check C / C++ code against the Google style
-- Configured cpplint exclude dirs and/or files: 
-- Added test 'lint_cmake' to check CMake code style
-- Added test 'uncrustify' to check C / C++ code style
-- Configured uncrustify additional arguments: 
-- Added test 'xmllint' to check XML markup files
-- Configuring done
-- Generating done
-- Build files have been written to: /home/tky/workspace/openarm_ws/build/dxl_openarm_leader
[ 25%] [32mBuilding CXX object CMakeFiles/read_write_position_node.dir/src/read_write_position_node.cpp.o[0m
[ 50%] [32mBuilding CXX object CMakeFiles/pub_position_node.dir/src/pub_position_node.cpp.o[0m
[ 75%] [32m[1mLinking CXX executable pub_position_node[0m
[ 75%] Built target pub_position_node
[100%] [32m[1mLinking CXX executable read_write_position_node[0m
[100%] Built target read_write_position_node
-- Install configuration: ""
-- Installing: /home/tky/workspace/openarm_ws/install/dxl_openarm_leader/lib/dxl_openarm_leader/read_write_position_node
-- Set runtime path of "/home/tky/workspace/openarm_ws/install/dxl_openarm_leader/lib/dxl_openarm_leader/read_write_position_node" to ""
-- Installing: /home/tky/workspace/openarm_ws/install/dxl_openarm_leader/lib/dxl_openarm_leader/pub_position_node
-- Set runtime path of "/home/tky/workspace/openarm_ws/install/dxl_openarm_leader/lib/dxl_openarm_leader/pub_position_node" to ""
-- Installing: /home/tky/workspace/openarm_ws/install/dxl_openarm_leader/include/
-- Installing: /home/tky/workspace/openarm_ws/install/dxl_openarm_leader/include//pub_dynamixel_data_node.hpp
-- Installing: /home/tky/workspace/openarm_ws/install/dxl_openarm_leader/include//read_write_node.hpp
-- Installing: /home/tky/workspace/openarm_ws/install/dxl_openarm_leader/share/ament_index/resource_index/package_run_dependencies/dxl_openarm_leader
-- Installing: /home/tky/workspace/openarm_ws/install/dxl_openarm_leader/share/ament_index/resource_index/parent_prefix_path/dxl_openarm_leader
-- Installing: /home/tky/workspace/openarm_ws/install/dxl_openarm_leader/share/dxl_openarm_leader/environment/ament_prefix_path.sh
-- Installing: /home/tky/workspace/openarm_ws/install/dxl_openarm_leader/share/dxl_openarm_leader/environment/ament_prefix_path.dsv
-- Installing: /home/tky/workspace/openarm_ws/install/dxl_openarm_leader/share/dxl_openarm_leader/environment/path.sh
-- Installing: /home/tky/workspace/openarm_ws/install/dxl_openarm_leader/share/dxl_openarm_leader/environment/path.dsv
-- Installing: /home/tky/workspace/openarm_ws/install/dxl_openarm_leader/share/dxl_openarm_leader/local_setup.bash
-- Installing: /home/tky/workspace/openarm_ws/install/dxl_openarm_leader/share/dxl_openarm_leader/local_setup.sh
-- Installing: /home/tky/workspace/openarm_ws/install/dxl_openarm_leader/share/dxl_openarm_leader/local_setup.zsh
-- Installing: /home/tky/workspace/openarm_ws/install/dxl_openarm_leader/share/dxl_openarm_leader/local_setup.dsv
-- Installing: /home/tky/workspace/openarm_ws/install/dxl_openarm_leader/share/dxl_openarm_leader/package.dsv
-- Installing: /home/tky/workspace/openarm_ws/install/dxl_openarm_leader/share/ament_index/resource_index/packages/dxl_openarm_leader
-- Installing: /home/tky/workspace/openarm_ws/install/dxl_openarm_leader/share/dxl_openarm_leader/cmake/dxl_openarm_leaderConfig.cmake
-- Installing: /home/tky/workspace/openarm_ws/install/dxl_openarm_leader/share/dxl_openarm_leader/cmake/dxl_openarm_leaderConfig-version.cmake
-- Installing: /home/tky/workspace/openarm_ws/install/dxl_openarm_leader/share/dxl_openarm_leader/package.xml
