[0.017s] Invoking command in '/home/tky/workspace/openarm_ws/build/dxl_openarm_leader': CMAKE_PREFIX_PATH=/home/tky/workspace/openarm_ws/install/dynamixel_sdk_custom_interfaces:/home/tky/workspace/openarm_ws/install/dynamixel_sdk:/home/tky/workspace/openarm_ws/install/openarm_bimanual_moveit_config:/home/tky/workspace/openarm_ws/install/openarm:/home/tky/workspace/openarm_ws/install/openarm_description:/home/tky/workspace/openarm_ws/install/openarm_bringup:/home/tky/workspace/openarm_ws/install/dynamixel_sdk_examples:/home/tky/workspace/openarm_ws/install/dxl_openarm_leader:/home/tky/ros2_ws/install/dxl_openarm_leader:/home/tky/workspace/test_ws/install/test:/home/tky/ros2_ws/install/dynamixel_teleop_controller:/home/tky/ros2_ws/install/dynamixel_sdk_examples:/home/tky/ros2_ws/install/dynamixel_sdk_custom_interfaces:/home/tky/ros2_ws/install/dynamixel_sdk:/home/tky/ros2_ws/install/dynamixel_controller:/home/tky/turtlebot3_ws/install/turtlebot3:/home/tky/turtlebot3_ws/install/turtlebot3_simulations:/home/tky/turtlebot3_ws/install/turtlebot3_bringup:/home/tky/turtlebot3_ws/install/turtlebot3_node:/home/tky/turtlebot3_ws/install/turtlebot3_navigation2:/home/tky/turtlebot3_ws/install/turtlebot3_fake_node:/home/tky/turtlebot3_ws/install/turtlebot3_msgs:/home/tky/turtlebot3_ws/install/turtlebot3_manipulation_gazebo:/home/tky/turtlebot3_ws/install/turtlebot3_gazebo:/home/tky/turtlebot3_ws/install/turtlebot3_description:/home/tky/turtlebot3_ws/install/turtlebot3_cartographer:/home/tky/turtlebot3_ws/install/dynamixel_sdk_examples:/home/tky/turtlebot3_ws/install/dynamixel_sdk_custom_interfaces:/home/tky/turtlebot3_ws/install/dynamixel_sdk:/home/tky/turtlebot3_ws/install/turtlebot3_teleop:/home/tky/turtlebot3_ws/install/turtlebot3_example:/opt/ros/humble /home/tky/.pyenv/shims/cmake --build /home/tky/workspace/openarm_ws/build/dxl_openarm_leader -- -j12 -l12
[0.123s] [35m[1mConsolidate compiler generated dependencies of target read_write_position_node[0m
[0.164s] [ 25%] [32mBuilding CXX object CMakeFiles/read_write_position_node.dir/src/read_write_position_node.cpp.o[0m
[0.169s] [ 75%] Built target pub_position_node
[3.349s] [01m[K/home/tky/workspace/openarm_ws/src/dxl_openarm_leader/src/read_write_position_node.cpp:[m[K In member function ‘[01m[Kvoid ReadWriteNode::read_present_position()[m[K’:
[3.349s] [01m[K/home/tky/workspace/openarm_ws/src/dxl_openarm_leader/src/read_write_position_node.cpp:147:26:[m[K [01;31m[Kerror: [m[K‘[01m[Kdxl_ids[m[K’ was not declared in this scope
[3.349s]   147 |   for (size_t i = 0; i < [01;31m[Kdxl_ids[m[K.size(); ++i) {
[3.349s]       |                          [01;31m[K^~~~~~~[m[K
[3.365s] [01m[K/home/tky/workspace/openarm_ws/src/dxl_openarm_leader/src/read_write_position_node.cpp:209:3:[m[K [01;31m[Kerror: [m[K‘[01m[Kopenarm_command_publisher_[m[K’ was not declared in this scope; did you mean ‘[01m[Kleft_openarm_command_publisher_[m[K’?
[3.365s]   209 |   [01;31m[Kopenarm_command_publisher_[m[K->publish(openarm_msg);
[3.365s]       |   [01;31m[K^~~~~~~~~~~~~~~~~~~~~~~~~~[m[K
[3.365s]       |   [32m[Kleft_openarm_command_publisher_[m[K
[3.365s] [01m[K/home/tky/workspace/openarm_ws/src/dxl_openarm_leader/src/read_write_position_node.cpp:138:17:[m[K [01;35m[Kwarning: [m[Kunused variable ‘[01m[Kleft_gripper_dxl_id[m[K’ [[01;35m[K]8;;https://gcc.gnu.org/onlinedocs/gcc/Warning-Options.html#index-Wunused-variable-Wunused-variable]8;;[m[K]
[3.365s]   138 |   const uint8_t [01;35m[Kleft_gripper_dxl_id[m[K = 1;
[3.365s]       |                 [01;35m[K^~~~~~~~~~~~~~~~~~~[m[K
[3.365s] [01m[K/home/tky/workspace/openarm_ws/src/dxl_openarm_leader/src/read_write_position_node.cpp:141:17:[m[K [01;35m[Kwarning: [m[Kunused variable ‘[01m[Kright_gripper_dxl_id[m[K’ [[01;35m[K]8;;https://gcc.gnu.org/onlinedocs/gcc/Warning-Options.html#index-Wunused-variable-Wunused-variable]8;;[m[K]
[3.365s]   141 |   const uint8_t [01;35m[Kright_gripper_dxl_id[m[K = 2;
[3.365s]       |                 [01;35m[K^~~~~~~~~~~~~~~~~~~~[m[K
[6.513s] gmake[2]: *** [CMakeFiles/read_write_position_node.dir/build.make:76: CMakeFiles/read_write_position_node.dir/src/read_write_position_node.cpp.o] Error 1
[6.513s] gmake[1]: *** [CMakeFiles/Makefile2:139: CMakeFiles/read_write_position_node.dir/all] Error 2
[6.513s] gmake: *** [Makefile:146: all] Error 2
[6.518s] Invoked command in '/home/tky/workspace/openarm_ws/build/dxl_openarm_leader' returned '2': CMAKE_PREFIX_PATH=/home/tky/workspace/openarm_ws/install/dynamixel_sdk_custom_interfaces:/home/tky/workspace/openarm_ws/install/dynamixel_sdk:/home/tky/workspace/openarm_ws/install/openarm_bimanual_moveit_config:/home/tky/workspace/openarm_ws/install/openarm:/home/tky/workspace/openarm_ws/install/openarm_description:/home/tky/workspace/openarm_ws/install/openarm_bringup:/home/tky/workspace/openarm_ws/install/dynamixel_sdk_examples:/home/tky/workspace/openarm_ws/install/dxl_openarm_leader:/home/tky/ros2_ws/install/dxl_openarm_leader:/home/tky/workspace/test_ws/install/test:/home/tky/ros2_ws/install/dynamixel_teleop_controller:/home/tky/ros2_ws/install/dynamixel_sdk_examples:/home/tky/ros2_ws/install/dynamixel_sdk_custom_interfaces:/home/tky/ros2_ws/install/dynamixel_sdk:/home/tky/ros2_ws/install/dynamixel_controller:/home/tky/turtlebot3_ws/install/turtlebot3:/home/tky/turtlebot3_ws/install/turtlebot3_simulations:/home/tky/turtlebot3_ws/install/turtlebot3_bringup:/home/tky/turtlebot3_ws/install/turtlebot3_node:/home/tky/turtlebot3_ws/install/turtlebot3_navigation2:/home/tky/turtlebot3_ws/install/turtlebot3_fake_node:/home/tky/turtlebot3_ws/install/turtlebot3_msgs:/home/tky/turtlebot3_ws/install/turtlebot3_manipulation_gazebo:/home/tky/turtlebot3_ws/install/turtlebot3_gazebo:/home/tky/turtlebot3_ws/install/turtlebot3_description:/home/tky/turtlebot3_ws/install/turtlebot3_cartographer:/home/tky/turtlebot3_ws/install/dynamixel_sdk_examples:/home/tky/turtlebot3_ws/install/dynamixel_sdk_custom_interfaces:/home/tky/turtlebot3_ws/install/dynamixel_sdk:/home/tky/turtlebot3_ws/install/turtlebot3_teleop:/home/tky/turtlebot3_ws/install/turtlebot3_example:/opt/ros/humble /home/tky/.pyenv/shims/cmake --build /home/tky/workspace/openarm_ws/build/dxl_openarm_leader -- -j12 -l12
