[0.025s] Invoking command in '/home/tky/workspace/openarm_ws/build/dynamixel_sdk_examples': CMAKE_PREFIX_PATH=/home/tky/workspace/openarm_ws/install/dynamixel_sdk_custom_interfaces:/home/tky/workspace/openarm_ws/install/dynamixel_sdk:/home/tky/workspace/openarm_ws/install/openarm_bimanual_moveit_config:/home/tky/workspace/openarm_ws/install/openarm:/home/tky/workspace/openarm_ws/install/openarm_description:/home/tky/workspace/openarm_ws/install/openarm_bringup:/home/tky/workspace/openarm_ws/install/dynamixel_sdk_examples:/home/tky/workspace/openarm_ws/install/dxl_wt_openarm_leader:/home/tky/workspace/openarm_ws/install/dxl_openarm_leader:/opt/ros/humble /home/tky/.pyenv/shims/cmake --build /home/tky/workspace/openarm_ws/build/dynamixel_sdk_examples -- -j12 -l12
[0.123s] [35m[1mConsolidate compiler generated dependencies of target pub_current_node[0m
[0.157s] [  5%] [32mBuilding CXX object CMakeFiles/pub_current_node.dir/src/pub_current_node.cpp.o[0m
[0.164s] [ 15%] Built target read_write_position_node
[0.169s] [ 25%] Built target read_write_velocity_node
[0.169s] [ 30%] [32mBuilding CXX object CMakeFiles/pub_velocity_node.dir/src/pub_velocity_node.cpp.o[0m
[0.171s] [ 40%] Built target read_write_current_node
[0.176s] [ 55%] [32mBuilding CXX object CMakeFiles/pub_position_node.dir/src/pub_position_node.cpp.o[0m
[0.176s] [ 55%] Built target read_write_current_pos_v2_node
[0.176s] [ 65%] Built target read_write_current_pos_v1_node
[0.177s] [ 70%] [32mBuilding CXX object CMakeFiles/pub_current_pos_v2_node.dir/src/pub_current_pos_v2_node.cpp.o[0m
[0.180s] [ 75%] [32mBuilding CXX object CMakeFiles/pub_current_pos_v1_node.dir/src/pub_current_pos_v1_node.cpp.o[0m
[2.821s] [01m[K/home/tky/workspace/openarm_ws/src/DynamixelSDK/dynamixel_sdk_examples/src/pub_velocity_node.cpp:[m[K In member function ‘[01m[Kvoid JointPubNode::publishData()[m[K’:
[2.821s] [01m[K/home/tky/workspace/openarm_ws/src/DynamixelSDK/dynamixel_sdk_examples/src/pub_velocity_node.cpp:41:18:[m[K [01;31m[Kerror: [m[K‘[01m[Kvelocity_1_[m[K’ was not declared in this scope
[2.821s]    41 |   msg.position = [01;31m[Kvelocity_1_[m[K[current_position_index_];
[2.821s]       |                  [01;31m[K^~~~~~~~~~~[m[K
[2.834s] [01m[K/home/tky/workspace/openarm_ws/src/DynamixelSDK/dynamixel_sdk_examples/src/pub_current_pos_v1_node.cpp:[m[K In member function ‘[01m[Kvoid JointPubNode::publishData()[m[K’:
[2.834s] [01m[K/home/tky/workspace/openarm_ws/src/DynamixelSDK/dynamixel_sdk_examples/src/pub_current_pos_v1_node.cpp:41:18:[m[K [01;31m[Kerror: [m[K‘[01m[Kcurrent_5_[m[K’ was not declared in this scope
[2.834s]    41 |   msg.position = [01;31m[Kcurrent_5_[m[K[current_position_index_];
[2.834s]       |                  [01;31m[K^~~~~~~~~~[m[K
[3.526s] [01m[K/home/tky/workspace/openarm_ws/src/DynamixelSDK/dynamixel_sdk_examples/src/pub_current_pos_v2_node.cpp:[m[K In member function ‘[01m[Kvoid JointPubNode::publishData()[m[K’:
[3.526s] [01m[K/home/tky/workspace/openarm_ws/src/DynamixelSDK/dynamixel_sdk_examples/src/pub_current_pos_v2_node.cpp:42:18:[m[K [01;31m[Kerror: [m[K‘[01m[Kpositions_5_[m[K’ was not declared in this scope; did you mean ‘[01m[Kpositions_3_[m[K’?
[3.526s]    42 |   msg.position = [01;31m[Kpositions_5_[m[K[current_position_index_];
[3.526s]       |                  [01;31m[K^~~~~~~~~~~~[m[K
[3.526s]       |                  [32m[Kpositions_3_[m[K
[3.787s] gmake[2]: *** [CMakeFiles/pub_velocity_node.dir/build.make:76: CMakeFiles/pub_velocity_node.dir/src/pub_velocity_node.cpp.o] Error 1
[3.787s] gmake[1]: *** [CMakeFiles/Makefile2:233: CMakeFiles/pub_velocity_node.dir/all] Error 2
[3.787s] gmake[1]: *** Waiting for unfinished jobs....
[3.840s] gmake[2]: *** [CMakeFiles/pub_current_pos_v1_node.dir/build.make:76: CMakeFiles/pub_current_pos_v1_node.dir/src/pub_current_pos_v1_node.cpp.o] Error 1
[3.840s] gmake[1]: *** [CMakeFiles/Makefile2:337: CMakeFiles/pub_current_pos_v1_node.dir/all] Error 2
[4.644s] gmake[2]: *** [CMakeFiles/pub_current_pos_v2_node.dir/build.make:76: CMakeFiles/pub_current_pos_v2_node.dir/src/pub_current_pos_v2_node.cpp.o] Error 1
[4.644s] gmake[1]: *** [CMakeFiles/Makefile2:389: CMakeFiles/pub_current_pos_v2_node.dir/all] Error 2
[4.900s] [ 80%] [32m[1mLinking CXX executable pub_position_node[0m
[5.092s] [ 80%] Built target pub_position_node
[5.694s] [ 85%] [32m[1mLinking CXX executable pub_current_node[0m
[5.863s] [ 85%] Built target pub_current_node
[5.864s] gmake: *** [Makefile:146: all] Error 2
[5.867s] Invoked command in '/home/tky/workspace/openarm_ws/build/dynamixel_sdk_examples' returned '2': CMAKE_PREFIX_PATH=/home/tky/workspace/openarm_ws/install/dynamixel_sdk_custom_interfaces:/home/tky/workspace/openarm_ws/install/dynamixel_sdk:/home/tky/workspace/openarm_ws/install/openarm_bimanual_moveit_config:/home/tky/workspace/openarm_ws/install/openarm:/home/tky/workspace/openarm_ws/install/openarm_description:/home/tky/workspace/openarm_ws/install/openarm_bringup:/home/tky/workspace/openarm_ws/install/dynamixel_sdk_examples:/home/tky/workspace/openarm_ws/install/dxl_wt_openarm_leader:/home/tky/workspace/openarm_ws/install/dxl_openarm_leader:/opt/ros/humble /home/tky/.pyenv/shims/cmake --build /home/tky/workspace/openarm_ws/build/dynamixel_sdk_examples -- -j12 -l12
