[0.040s] Invoking command in '/home/tky/workspace/openarm_ws/build/dynamixel_sdk': CMAKE_PREFIX_PATH=${CMAKE_PREFIX_PATH}:/home/tky/turtlebot3_ws/install/turtlebot3_teleop:/home/tky/turtlebot3_ws/install/turtlebot3_example:/opt/ros/humble /home/tky/.pyenv/shims/cmake /home/tky/workspace/openarm_ws/src/DynamixelSDK/dynamixel_sdk -DCMAKE_INSTALL_PREFIX=/home/tky/workspace/openarm_ws/install/dynamixel_sdk
[0.101s] -- Found ament_cmake: 1.3.11 (/opt/ros/humble/share/ament_cmake/cmake)
[0.319s] -- Override CMake install command with custom implementation using symlinks instead of copying resources
[0.430s] -- Configuring done
[0.437s] -- Generating done
[0.439s] -- Build files have been written to: /home/tky/workspace/openarm_ws/build/dynamixel_sdk
[0.442s] Invoked command in '/home/tky/workspace/openarm_ws/build/dynamixel_sdk' returned '0': CMAKE_PREFIX_PATH=${CMAKE_PREFIX_PATH}:/home/tky/turtlebot3_ws/install/turtlebot3_teleop:/home/tky/turtlebot3_ws/install/turtlebot3_example:/opt/ros/humble /home/tky/.pyenv/shims/cmake /home/tky/workspace/openarm_ws/src/DynamixelSDK/dynamixel_sdk -DCMAKE_INSTALL_PREFIX=/home/tky/workspace/openarm_ws/install/dynamixel_sdk
[0.444s] Invoking command in '/home/tky/workspace/openarm_ws/build/dynamixel_sdk': CMAKE_PREFIX_PATH=${CMAKE_PREFIX_PATH}:/home/tky/turtlebot3_ws/install/turtlebot3_teleop:/home/tky/turtlebot3_ws/install/turtlebot3_example:/opt/ros/humble /home/tky/.pyenv/shims/cmake --build /home/tky/workspace/openarm_ws/build/dynamixel_sdk -- -j12 -l12
[0.520s] [35m[1mConsolidate compiler generated dependencies of target dynamixel_sdk[0m
[0.535s] [100%] Built target dynamixel_sdk
[0.581s] Invoked command in '/home/tky/workspace/openarm_ws/build/dynamixel_sdk' returned '0': CMAKE_PREFIX_PATH=${CMAKE_PREFIX_PATH}:/home/tky/turtlebot3_ws/install/turtlebot3_teleop:/home/tky/turtlebot3_ws/install/turtlebot3_example:/opt/ros/humble /home/tky/.pyenv/shims/cmake --build /home/tky/workspace/openarm_ws/build/dynamixel_sdk -- -j12 -l12
[0.582s] Invoking command in '/home/tky/workspace/openarm_ws/build/dynamixel_sdk': CMAKE_PREFIX_PATH=${CMAKE_PREFIX_PATH}:/home/tky/turtlebot3_ws/install/turtlebot3_teleop:/home/tky/turtlebot3_ws/install/turtlebot3_example:/opt/ros/humble /home/tky/.pyenv/shims/cmake --install /home/tky/workspace/openarm_ws/build/dynamixel_sdk
[0.636s] -- Install configuration: ""
[0.636s] -- Execute custom install script
[0.637s] -- Up-to-date symlink: /home/tky/workspace/openarm_ws/install/dynamixel_sdk/include//dynamixel_sdk/dynamixel_sdk.h
[0.637s] -- Up-to-date symlink: /home/tky/workspace/openarm_ws/install/dynamixel_sdk/include//dynamixel_sdk/group_bulk_read.h
[0.637s] -- Up-to-date symlink: /home/tky/workspace/openarm_ws/install/dynamixel_sdk/include//dynamixel_sdk/group_bulk_write.h
[0.637s] -- Up-to-date symlink: /home/tky/workspace/openarm_ws/install/dynamixel_sdk/include//dynamixel_sdk/group_sync_read.h
[0.637s] -- Up-to-date symlink: /home/tky/workspace/openarm_ws/install/dynamixel_sdk/include//dynamixel_sdk/group_sync_write.h
[0.637s] -- Up-to-date symlink: /home/tky/workspace/openarm_ws/install/dynamixel_sdk/include//dynamixel_sdk/packet_handler.h
[0.638s] -- Up-to-date symlink: /home/tky/workspace/openarm_ws/install/dynamixel_sdk/include//dynamixel_sdk/port_handler.h
[0.638s] -- Up-to-date symlink: /home/tky/workspace/openarm_ws/install/dynamixel_sdk/include//dynamixel_sdk/port_handler_arduino.h
[0.638s] -- Up-to-date symlink: /home/tky/workspace/openarm_ws/install/dynamixel_sdk/include//dynamixel_sdk/port_handler_linux.h
[0.638s] -- Up-to-date symlink: /home/tky/workspace/openarm_ws/install/dynamixel_sdk/include//dynamixel_sdk/port_handler_mac.h
[0.638s] -- Up-to-date symlink: /home/tky/workspace/openarm_ws/install/dynamixel_sdk/include//dynamixel_sdk/port_handler_windows.h
[0.638s] -- Up-to-date symlink: /home/tky/workspace/openarm_ws/install/dynamixel_sdk/include//dynamixel_sdk/protocol1_packet_handler.h
[0.638s] -- Up-to-date symlink: /home/tky/workspace/openarm_ws/install/dynamixel_sdk/include//dynamixel_sdk/protocol2_packet_handler.h
[0.638s] -- Up-to-date symlink: /home/tky/workspace/openarm_ws/install/dynamixel_sdk/lib/libdynamixel_sdk.so
[0.638s] -- Up-to-date symlink: /home/tky/workspace/openarm_ws/install/dynamixel_sdk/share/dynamixel_sdk/environment/library_path.sh
[0.639s] -- Up-to-date symlink: /home/tky/workspace/openarm_ws/install/dynamixel_sdk/share/dynamixel_sdk/environment/library_path.dsv
[0.639s] -- Up-to-date symlink: /home/tky/workspace/openarm_ws/install/dynamixel_sdk/share/ament_index/resource_index/package_run_dependencies/dynamixel_sdk
[0.639s] -- Up-to-date symlink: /home/tky/workspace/openarm_ws/install/dynamixel_sdk/share/ament_index/resource_index/parent_prefix_path/dynamixel_sdk
[0.639s] -- Up-to-date symlink: /home/tky/workspace/openarm_ws/install/dynamixel_sdk/share/dynamixel_sdk/environment/ament_prefix_path.sh
[0.639s] -- Up-to-date symlink: /home/tky/workspace/openarm_ws/install/dynamixel_sdk/share/dynamixel_sdk/environment/ament_prefix_path.dsv
[0.639s] -- Up-to-date symlink: /home/tky/workspace/openarm_ws/install/dynamixel_sdk/share/dynamixel_sdk/environment/path.sh
[0.639s] -- Up-to-date symlink: /home/tky/workspace/openarm_ws/install/dynamixel_sdk/share/dynamixel_sdk/environment/path.dsv
[0.640s] -- Up-to-date symlink: /home/tky/workspace/openarm_ws/install/dynamixel_sdk/share/dynamixel_sdk/local_setup.bash
[0.640s] -- Up-to-date symlink: /home/tky/workspace/openarm_ws/install/dynamixel_sdk/share/dynamixel_sdk/local_setup.sh
[0.640s] -- Up-to-date symlink: /home/tky/workspace/openarm_ws/install/dynamixel_sdk/share/dynamixel_sdk/local_setup.zsh
[0.640s] -- Up-to-date symlink: /home/tky/workspace/openarm_ws/install/dynamixel_sdk/share/dynamixel_sdk/local_setup.dsv
[0.640s] -- Symlinking: /home/tky/workspace/openarm_ws/install/dynamixel_sdk/share/dynamixel_sdk/package.dsv
[0.649s] -- Up-to-date symlink: /home/tky/workspace/openarm_ws/install/dynamixel_sdk/share/ament_index/resource_index/packages/dynamixel_sdk
[0.650s] -- Up-to-date symlink: /home/tky/workspace/openarm_ws/install/dynamixel_sdk/share/dynamixel_sdk/cmake/ament_cmake_export_include_directories-extras.cmake
[0.650s] -- Up-to-date symlink: /home/tky/workspace/openarm_ws/install/dynamixel_sdk/share/dynamixel_sdk/cmake/ament_cmake_export_libraries-extras.cmake
[0.651s] -- Up-to-date symlink: /home/tky/workspace/openarm_ws/install/dynamixel_sdk/share/dynamixel_sdk/cmake/dynamixel_sdkConfig.cmake
[0.651s] -- Up-to-date symlink: /home/tky/workspace/openarm_ws/install/dynamixel_sdk/share/dynamixel_sdk/cmake/dynamixel_sdkConfig-version.cmake
[0.651s] -- Up-to-date symlink: /home/tky/workspace/openarm_ws/install/dynamixel_sdk/share/dynamixel_sdk/package.xml
[0.673s] Invoked command in '/home/tky/workspace/openarm_ws/build/dynamixel_sdk' returned '0': CMAKE_PREFIX_PATH=${CMAKE_PREFIX_PATH}:/home/tky/turtlebot3_ws/install/turtlebot3_teleop:/home/tky/turtlebot3_ws/install/turtlebot3_example:/opt/ros/humble /home/tky/.pyenv/shims/cmake --install /home/tky/workspace/openarm_ws/build/dynamixel_sdk
