[0.020s] Invoking command in '/home/tky/workspace/openarm_ws/build/dxl_wt_openarm_leader': CMAKE_PREFIX_PATH=/home/tky/workspace/openarm_ws/install/dynamixel_sdk_custom_interfaces:/home/tky/workspace/openarm_ws/install/dynamixel_sdk:/home/tky/workspace/openarm_ws/install/openarm_bimanual_moveit_config:/home/tky/workspace/openarm_ws/install/openarm:/home/tky/workspace/openarm_ws/install/openarm_description:/home/tky/workspace/openarm_ws/install/openarm_bringup:/home/tky/workspace/openarm_ws/install/dynamixel_sdk_examples:/home/tky/workspace/openarm_ws/install/dxl_wt_openarm_leader:/home/tky/workspace/openarm_ws/install/dxl_openarm_leader:/opt/ros/humble /home/tky/.pyenv/shims/cmake --build /home/tky/workspace/openarm_ws/build/dxl_wt_openarm_leader -- -j12 -l12
[0.142s] [35m[1mConsolidate compiler generated dependencies of target read_write_wt_position_node[0m
[0.158s] [ 33%] Built target pub_current_node
[0.162s] [ 66%] Built target pub_position_node
[0.177s] [ 83%] [32mBuilding CXX object CMakeFiles/read_write_wt_position_node.dir/src/read_write_wt_position_node.cpp.o[0m
[2.873s] [01m[K/home/tky/workspace/openarm_ws/src/dxl_wt_openarm_leader/src/read_write_wt_position_node.cpp:[m[K In member function ‘[01m[Kvoid ReadWriteWTNode::read_present_position()[m[K’:
[2.874s] [01m[K/home/tky/workspace/openarm_ws/src/dxl_wt_openarm_leader/src/read_write_wt_position_node.cpp:303:7:[m[K [01;31m[Kerror: [m[Kcannot convert ‘[01m[Kuint32_t*[m[K’ {aka ‘[01m[Kunsigned int*[m[K’} to ‘[01m[Kuint16_t*[m[K’ {aka ‘[01m[Kshort unsigned int*[m[K’}
[2.874s]   303 |       [01;31m[K(uint32_t *)&present_current_raw[m[K,
[2.874s]       |       [01;31m[K^~~~~~~~~~~~~~~~~~~~~~~~~~~~~~~~[m[K
[2.874s]       |       [01;31m[K|[m[K
[2.874s]       |       [01;31m[Kuint32_t* {aka unsigned int*}[m[K
[2.874s] In file included from [01m[K/home/tky/workspace/openarm_ws/install/dynamixel_sdk/include/dynamixel_sdk/group_bulk_read.h:29[m[K,
[2.874s]                  from [01m[K/home/tky/workspace/openarm_ws/install/dynamixel_sdk/include/dynamixel_sdk/dynamixel_sdk.h:26[m[K,
[2.874s]                  from [01m[K/home/tky/workspace/openarm_ws/src/dxl_wt_openarm_leader/src/read_write_wt_position_node.cpp:42[m[K:
[2.874s] [01m[K/home/tky/workspace/openarm_ws/install/dynamixel_sdk/include/dynamixel_sdk/packet_handler.h:372:91:[m[K [01;36m[Knote: [m[K  initializing argument 4 of ‘[01m[Kvirtual int dynamixel::PacketHandler::read2ByteTxRx(dynamixel::PortHandler*, uint8_t, uint16_t, uint16_t*, uint8_t*)[m[K’
[2.875s]   372 |   virtual int read2ByteTxRx   (PortHandler *port, uint8_t id, uint16_t address, [01;36m[Kuint16_t *data[m[K, uint8_t *error = 0) = 0;
[2.875s]       |                                                                                 [01;36m[K~~~~~~~~~~^~~~[m[K
[5.685s] gmake[2]: *** [CMakeFiles/read_write_wt_position_node.dir/build.make:76: CMakeFiles/read_write_wt_position_node.dir/src/read_write_wt_position_node.cpp.o] Error 1
[5.686s] gmake[1]: *** [CMakeFiles/Makefile2:141: CMakeFiles/read_write_wt_position_node.dir/all] Error 2
[5.686s] gmake: *** [Makefile:146: all] Error 2
[5.690s] Invoked command in '/home/tky/workspace/openarm_ws/build/dxl_wt_openarm_leader' returned '2': CMAKE_PREFIX_PATH=/home/tky/workspace/openarm_ws/install/dynamixel_sdk_custom_interfaces:/home/tky/workspace/openarm_ws/install/dynamixel_sdk:/home/tky/workspace/openarm_ws/install/openarm_bimanual_moveit_config:/home/tky/workspace/openarm_ws/install/openarm:/home/tky/workspace/openarm_ws/install/openarm_description:/home/tky/workspace/openarm_ws/install/openarm_bringup:/home/tky/workspace/openarm_ws/install/dynamixel_sdk_examples:/home/tky/workspace/openarm_ws/install/dxl_wt_openarm_leader:/home/tky/workspace/openarm_ws/install/dxl_openarm_leader:/opt/ros/humble /home/tky/.pyenv/shims/cmake --build /home/tky/workspace/openarm_ws/build/dxl_wt_openarm_leader -- -j12 -l12
