Consolidate compiler generated dependencies of target read_write_wt_position_node
[ 33%] Built target pub_position_node
[ 66%] Built target pub_current_node
[ 83%] Building CXX object CMakeFiles/read_write_wt_position_node.dir/src/read_write_wt_position_node.cpp.o
/home/tky/workspace/openarm_ws/src/dxl_wt_openarm_leader/src/read_write_wt_position_node.cpp: In member function ‘void ReadWriteWTNode::motion_compensation()’:
/home/tky/workspace/openarm_ws/src/dxl_wt_openarm_leader/src/read_write_wt_position_node.cpp:172:5: error: expected ‘,’ or ‘;’ before ‘goal_current_mA’
  172 |     goal_current_mA = int((tau_cmd / Kt) * 1000);
      |     ^~~~~~~~~~~~~~~
/home/tky/workspace/openarm_ws/src/dxl_wt_openarm_leader/src/read_write_wt_position_node.cpp:162:12: warning: unused variable ‘tau_cmd’ [-Wunused-variable]
  162 |     double tau_cmd = J_[dxl_id-1] * present_acc_rad_ss_[dxl_id-1] + tau_f;
      |            ^~~~~~~
/home/tky/workspace/openarm_ws/src/dxl_wt_openarm_leader/src/read_write_wt_position_node.cpp:165:12: warning: unused variable ‘tau_imp’ [-Wunused-variable]
  165 |     double tau_imp = (Kp_[dxl_id-1] * (target_imp_pos_[dxl_id-1] -present_position_[dxl_id-1] )
      |            ^~~~~~~
In file included from /opt/ros/humble/include/rclcpp/rclcpp/logging.hpp:24,
                 from /opt/ros/humble/include/rclcpp/rclcpp/client.hpp:40,
                 from /opt/ros/humble/include/rclcpp/rclcpp/callback_group.hpp:24,
                 from /opt/ros/humble/include/rclcpp/rclcpp/any_executable.hpp:20,
                 from /opt/ros/humble/include/rclcpp/rclcpp/memory_strategy.hpp:25,
                 from /opt/ros/humble/include/rclcpp/rclcpp/memory_strategies.hpp:18,
                 from /opt/ros/humble/include/rclcpp/rclcpp/executor_options.hpp:20,
                 from /opt/ros/humble/include/rclcpp/rclcpp/executor.hpp:37,
                 from /opt/ros/humble/include/rclcpp/rclcpp/executors/multi_threaded_executor.hpp:25,
                 from /opt/ros/humble/include/rclcpp/rclcpp/executors.hpp:21,
                 from /opt/ros/humble/include/rclcpp/rclcpp/rclcpp.hpp:155,
                 from /home/tky/workspace/openarm_ws/src/dxl_wt_openarm_leader/src/read_write_wt_position_node.cpp:45:
/home/tky/workspace/openarm_ws/src/dxl_wt_openarm_leader/src/read_write_wt_position_node.cpp: In member function ‘void ReadWriteWTNode::read_present_position()’:
/home/tky/workspace/openarm_ws/src/dxl_wt_openarm_leader/src/read_write_wt_position_node.cpp:233:13: warning: format ‘%d’ expects argument of type ‘int’, but argument 6 has type ‘std::array<double, 18>::value_type’ {aka ‘double’} [-Wformat=]
  233 |             "DXL ID: %d Present: %d -> Gripper: %.3f",
      |             ^~~~~~~~~~~~~~~~~~~~~~~~~~~~~~~~~~~~~~~~~
/home/tky/workspace/openarm_ws/src/dxl_wt_openarm_leader/src/read_write_wt_position_node.cpp:233:35: note: format string is defined here
  233 |             "DXL ID: %d Present: %d -> Gripper: %.3f",
      |                                  ~^
      |                                   |
      |                                   int
      |                                  %f
In file included from /opt/ros/humble/include/rclcpp/rclcpp/logging.hpp:24,
                 from /opt/ros/humble/include/rclcpp/rclcpp/client.hpp:40,
                 from /opt/ros/humble/include/rclcpp/rclcpp/callback_group.hpp:24,
                 from /opt/ros/humble/include/rclcpp/rclcpp/any_executable.hpp:20,
                 from /opt/ros/humble/include/rclcpp/rclcpp/memory_strategy.hpp:25,
                 from /opt/ros/humble/include/rclcpp/rclcpp/memory_strategies.hpp:18,
                 from /opt/ros/humble/include/rclcpp/rclcpp/executor_options.hpp:20,
                 from /opt/ros/humble/include/rclcpp/rclcpp/executor.hpp:37,
                 from /opt/ros/humble/include/rclcpp/rclcpp/executors/multi_threaded_executor.hpp:25,
                 from /opt/ros/humble/include/rclcpp/rclcpp/executors.hpp:21,
                 from /opt/ros/humble/include/rclcpp/rclcpp/rclcpp.hpp:155,
                 from /home/tky/workspace/openarm_ws/src/dxl_wt_openarm_leader/src/read_write_wt_position_node.cpp:45:
/home/tky/workspace/openarm_ws/src/dxl_wt_openarm_leader/src/read_write_wt_position_node.cpp:248:13: warning: format ‘%d’ expects argument of type ‘int’, but argument 6 has type ‘std::array<double, 18>::value_type’ {aka ‘double’} [-Wformat=]
  248 |             "DXL ID: %d Present: %d -> Gripper: %.3f",
      |             ^~~~~~~~~~~~~~~~~~~~~~~~~~~~~~~~~~~~~~~~~
/home/tky/workspace/openarm_ws/src/dxl_wt_openarm_leader/src/read_write_wt_position_node.cpp:248:35: note: format string is defined here
  248 |             "DXL ID: %d Present: %d -> Gripper: %.3f",
      |                                  ~^
      |                                   |
      |                                   int
      |                                  %f
In file included from /opt/ros/humble/include/rclcpp/rclcpp/logging.hpp:24,
                 from /opt/ros/humble/include/rclcpp/rclcpp/client.hpp:40,
                 from /opt/ros/humble/include/rclcpp/rclcpp/callback_group.hpp:24,
                 from /opt/ros/humble/include/rclcpp/rclcpp/any_executable.hpp:20,
                 from /opt/ros/humble/include/rclcpp/rclcpp/memory_strategy.hpp:25,
                 from /opt/ros/humble/include/rclcpp/rclcpp/memory_strategies.hpp:18,
                 from /opt/ros/humble/include/rclcpp/rclcpp/executor_options.hpp:20,
                 from /opt/ros/humble/include/rclcpp/rclcpp/executor.hpp:37,
                 from /opt/ros/humble/include/rclcpp/rclcpp/executors/multi_threaded_executor.hpp:25,
                 from /opt/ros/humble/include/rclcpp/rclcpp/executors.hpp:21,
                 from /opt/ros/humble/include/rclcpp/rclcpp/rclcpp.hpp:155,
                 from /home/tky/workspace/openarm_ws/src/dxl_wt_openarm_leader/src/read_write_wt_position_node.cpp:45:
/home/tky/workspace/openarm_ws/src/dxl_wt_openarm_leader/src/read_write_wt_position_node.cpp:263:11: warning: format ‘%d’ expects argument of type ‘int’, but argument 6 has type ‘std::array<double, 18>::value_type’ {aka ‘double’} [-Wformat=]
  263 |           "DXL ID: %d Present: %d -> joint%zu: %.3f rad",
      |           ^~~~~~~~~~~~~~~~~~~~~~~~~~~~~~~~~~~~~~~~~~~~~~
/home/tky/workspace/openarm_ws/src/dxl_wt_openarm_leader/src/read_write_wt_position_node.cpp:263:33: note: format string is defined here
  263 |           "DXL ID: %d Present: %d -> joint%zu: %.3f rad",
      |                                ~^
      |                                 |
      |                                 int
      |                                %f
gmake[2]: *** [CMakeFiles/read_write_wt_position_node.dir/build.make:76: CMakeFiles/read_write_wt_position_node.dir/src/read_write_wt_position_node.cpp.o] Error 1
gmake[1]: *** [CMakeFiles/Makefile2:141: CMakeFiles/read_write_wt_position_node.dir/all] Error 2
gmake: *** [Makefile:146: all] Error 2
