[0.013s] Invoking command in '/home/tky/workspace/openarm_ws/build/dxl_wt_openarm_leader': AMENT_PREFIX_PATH=/home/tky/workspace/openarm_ws/install/dynamixel_sdk_custom_interfaces:/home/tky/workspace/openarm_ws/install/dynamixel_sdk:${AMENT_PREFIX_PATH} CMAKE_PREFIX_PATH=/home/tky/workspace/openarm_ws/install/dynamixel_sdk_custom_interfaces:/home/tky/workspace/openarm_ws/install/dynamixel_sdk:/opt/ros/humble LD_LIBRARY_PATH=/home/tky/workspace/openarm_ws/install/dynamixel_sdk_custom_interfaces/lib:/home/tky/workspace/openarm_ws/install/dynamixel_sdk/lib:${LD_LIBRARY_PATH} PYTHONPATH=/home/tky/workspace/openarm_ws/install/dynamixel_sdk_custom_interfaces/local/lib/python3.10/dist-packages:${PYTHONPATH} /home/tky/.pyenv/shims/cmake --build /home/tky/workspace/openarm_ws/build/dxl_wt_openarm_leader -- -j12 -l12
[0.132s] Consolidate compiler generated dependencies of target read_write_wt_position_node
[0.158s] [ 33%] Built target pub_position_node
[0.161s] [ 66%] Built target pub_current_node
[0.163s] [ 83%] Building CXX object CMakeFiles/read_write_wt_position_node.dir/src/read_write_wt_position_node.cpp.o
[2.686s] /home/tky/workspace/openarm_ws/src/dxl_wt_openarm_leader/src/read_write_wt_position_node.cpp: In member function ‘void ReadWriteWTNode::motion_compensation()’:
[2.686s] /home/tky/workspace/openarm_ws/src/dxl_wt_openarm_leader/src/read_write_wt_position_node.cpp:172:5: error: expected ‘,’ or ‘;’ before ‘goal_current_mA’
[2.686s]   172 |     goal_current_mA = int((tau_cmd / Kt) * 1000);
[2.686s]       |     ^~~~~~~~~~~~~~~
[2.687s] /home/tky/workspace/openarm_ws/src/dxl_wt_openarm_leader/src/read_write_wt_position_node.cpp:162:12: warning: unused variable ‘tau_cmd’ [-Wunused-variable]
[2.687s]   162 |     double tau_cmd = J_[dxl_id-1] * present_acc_rad_ss_[dxl_id-1] + tau_f;
[2.687s]       |            ^~~~~~~
[2.687s] /home/tky/workspace/openarm_ws/src/dxl_wt_openarm_leader/src/read_write_wt_position_node.cpp:165:12: warning: unused variable ‘tau_imp’ [-Wunused-variable]
[2.687s]   165 |     double tau_imp = (Kp_[dxl_id-1] * (target_imp_pos_[dxl_id-1] -present_position_[dxl_id-1] )
[2.687s]       |            ^~~~~~~
[2.688s] In file included from /opt/ros/humble/include/rclcpp/rclcpp/logging.hpp:24,
[2.688s]                  from /opt/ros/humble/include/rclcpp/rclcpp/client.hpp:40,
[2.688s]                  from /opt/ros/humble/include/rclcpp/rclcpp/callback_group.hpp:24,
[2.688s]                  from /opt/ros/humble/include/rclcpp/rclcpp/any_executable.hpp:20,
[2.688s]                  from /opt/ros/humble/include/rclcpp/rclcpp/memory_strategy.hpp:25,
[2.689s]                  from /opt/ros/humble/include/rclcpp/rclcpp/memory_strategies.hpp:18,
[2.689s]                  from /opt/ros/humble/include/rclcpp/rclcpp/executor_options.hpp:20,
[2.689s]                  from /opt/ros/humble/include/rclcpp/rclcpp/executor.hpp:37,
[2.689s]                  from /opt/ros/humble/include/rclcpp/rclcpp/executors/multi_threaded_executor.hpp:25,
[2.689s]                  from /opt/ros/humble/include/rclcpp/rclcpp/executors.hpp:21,
[2.689s]                  from /opt/ros/humble/include/rclcpp/rclcpp/rclcpp.hpp:155,
[2.689s]                  from /home/tky/workspace/openarm_ws/src/dxl_wt_openarm_leader/src/read_write_wt_position_node.cpp:45:
[2.689s] /home/tky/workspace/openarm_ws/src/dxl_wt_openarm_leader/src/read_write_wt_position_node.cpp: In member function ‘void ReadWriteWTNode::read_present_position()’:
[2.689s] /home/tky/workspace/openarm_ws/src/dxl_wt_openarm_leader/src/read_write_wt_position_node.cpp:233:13: warning: format ‘%d’ expects argument of type ‘int’, but argument 6 has type ‘std::array<double, 18>::value_type’ {aka ‘double’} [-Wformat=]
[2.689s]   233 |             "DXL ID: %d Present: %d -> Gripper: %.3f",
[2.690s]       |             ^~~~~~~~~~~~~~~~~~~~~~~~~~~~~~~~~~~~~~~~~
[2.690s] /home/tky/workspace/openarm_ws/src/dxl_wt_openarm_leader/src/read_write_wt_position_node.cpp:233:35: note: format string is defined here
[2.690s]   233 |             "DXL ID: %d Present: %d -> Gripper: %.3f",
[2.690s]       |                                  ~^
[2.690s]       |                                   |
[2.690s]       |                                   int
[2.690s]       |                                  %f
[2.690s] In file included from /opt/ros/humble/include/rclcpp/rclcpp/logging.hpp:24,
[2.690s]                  from /opt/ros/humble/include/rclcpp/rclcpp/client.hpp:40,
[2.690s]                  from /opt/ros/humble/include/rclcpp/rclcpp/callback_group.hpp:24,
[2.690s]                  from /opt/ros/humble/include/rclcpp/rclcpp/any_executable.hpp:20,
[2.691s]                  from /opt/ros/humble/include/rclcpp/rclcpp/memory_strategy.hpp:25,
[2.691s]                  from /opt/ros/humble/include/rclcpp/rclcpp/memory_strategies.hpp:18,
[2.691s]                  from /opt/ros/humble/include/rclcpp/rclcpp/executor_options.hpp:20,
[2.691s]                  from /opt/ros/humble/include/rclcpp/rclcpp/executor.hpp:37,
[2.691s]                  from /opt/ros/humble/include/rclcpp/rclcpp/executors/multi_threaded_executor.hpp:25,
[2.691s]                  from /opt/ros/humble/include/rclcpp/rclcpp/executors.hpp:21,
[2.691s]                  from /opt/ros/humble/include/rclcpp/rclcpp/rclcpp.hpp:155,
[2.691s]                  from /home/tky/workspace/openarm_ws/src/dxl_wt_openarm_leader/src/read_write_wt_position_node.cpp:45:
[2.691s] /home/tky/workspace/openarm_ws/src/dxl_wt_openarm_leader/src/read_write_wt_position_node.cpp:248:13: warning: format ‘%d’ expects argument of type ‘int’, but argument 6 has type ‘std::array<double, 18>::value_type’ {aka ‘double’} [-Wformat=]
[2.691s]   248 |             "DXL ID: %d Present: %d -> Gripper: %.3f",
[2.691s]       |             ^~~~~~~~~~~~~~~~~~~~~~~~~~~~~~~~~~~~~~~~~
[2.691s] /home/tky/workspace/openarm_ws/src/dxl_wt_openarm_leader/src/read_write_wt_position_node.cpp:248:35: note: format string is defined here
[2.691s]   248 |             "DXL ID: %d Present: %d -> Gripper: %.3f",
[2.691s]       |                                  ~^
[2.691s]       |                                   |
[2.691s]       |                                   int
[2.691s]       |                                  %f
[2.692s] In file included from /opt/ros/humble/include/rclcpp/rclcpp/logging.hpp:24,
[2.692s]                  from /opt/ros/humble/include/rclcpp/rclcpp/client.hpp:40,
[2.692s]                  from /opt/ros/humble/include/rclcpp/rclcpp/callback_group.hpp:24,
[2.692s]                  from /opt/ros/humble/include/rclcpp/rclcpp/any_executable.hpp:20,
[2.692s]                  from /opt/ros/humble/include/rclcpp/rclcpp/memory_strategy.hpp:25,
[2.692s]                  from /opt/ros/humble/include/rclcpp/rclcpp/memory_strategies.hpp:18,
[2.692s]                  from /opt/ros/humble/include/rclcpp/rclcpp/executor_options.hpp:20,
[2.692s]                  from /opt/ros/humble/include/rclcpp/rclcpp/executor.hpp:37,
[2.692s]                  from /opt/ros/humble/include/rclcpp/rclcpp/executors/multi_threaded_executor.hpp:25,
[2.692s]                  from /opt/ros/humble/include/rclcpp/rclcpp/executors.hpp:21,
[2.692s]                  from /opt/ros/humble/include/rclcpp/rclcpp/rclcpp.hpp:155,
[2.692s]                  from /home/tky/workspace/openarm_ws/src/dxl_wt_openarm_leader/src/read_write_wt_position_node.cpp:45:
[2.692s] /home/tky/workspace/openarm_ws/src/dxl_wt_openarm_leader/src/read_write_wt_position_node.cpp:263:11: warning: format ‘%d’ expects argument of type ‘int’, but argument 6 has type ‘std::array<double, 18>::value_type’ {aka ‘double’} [-Wformat=]
[2.692s]   263 |           "DXL ID: %d Present: %d -> joint%zu: %.3f rad",
[2.692s]       |           ^~~~~~~~~~~~~~~~~~~~~~~~~~~~~~~~~~~~~~~~~~~~~~
[2.692s] /home/tky/workspace/openarm_ws/src/dxl_wt_openarm_leader/src/read_write_wt_position_node.cpp:263:33: note: format string is defined here
[2.692s]   263 |           "DXL ID: %d Present: %d -> joint%zu: %.3f rad",
[2.692s]       |                                ~^
[2.692s]       |                                 |
[2.693s]       |                                 int
[2.693s]       |                                %f
[5.388s] gmake[2]: *** [CMakeFiles/read_write_wt_position_node.dir/build.make:76: CMakeFiles/read_write_wt_position_node.dir/src/read_write_wt_position_node.cpp.o] Error 1
[5.388s] gmake[1]: *** [CMakeFiles/Makefile2:141: CMakeFiles/read_write_wt_position_node.dir/all] Error 2
[5.388s] gmake: *** [Makefile:146: all] Error 2
[5.390s] Invoked command in '/home/tky/workspace/openarm_ws/build/dxl_wt_openarm_leader' returned '2': AMENT_PREFIX_PATH=/home/tky/workspace/openarm_ws/install/dynamixel_sdk_custom_interfaces:/home/tky/workspace/openarm_ws/install/dynamixel_sdk:${AMENT_PREFIX_PATH} CMAKE_PREFIX_PATH=/home/tky/workspace/openarm_ws/install/dynamixel_sdk_custom_interfaces:/home/tky/workspace/openarm_ws/install/dynamixel_sdk:/opt/ros/humble LD_LIBRARY_PATH=/home/tky/workspace/openarm_ws/install/dynamixel_sdk_custom_interfaces/lib:/home/tky/workspace/openarm_ws/install/dynamixel_sdk/lib:${LD_LIBRARY_PATH} PYTHONPATH=/home/tky/workspace/openarm_ws/install/dynamixel_sdk_custom_interfaces/local/lib/python3.10/dist-packages:${PYTHONPATH} /home/tky/.pyenv/shims/cmake --build /home/tky/workspace/openarm_ws/build/dxl_wt_openarm_leader -- -j12 -l12
