-- Found ament_cmake: 1.3.11 (/opt/ros/humble/share/ament_cmake/cmake)
-- Found dynamixel_sdk: 3.7.60 (/home/tky/workspace/openarm_ws/install/dynamixel_sdk/share/dynamixel_sdk/cmake)
-- Found dynamixel_sdk_custom_interfaces: 3.7.60 (/home/tky/workspace/openarm_ws/install/dynamixel_sdk_custom_interfaces/share/dynamixel_sdk_custom_interfaces/cmake)
-- Found rosidl_generator_c: 3.1.6 (/opt/ros/humble/share/rosidl_generator_c/cmake)
-- Found rosidl_adapter: 3.1.6 (/opt/ros/humble/share/rosidl_adapter/cmake)
-- Found rosidl_generator_cpp: 3.1.6 (/opt/ros/humble/share/rosidl_generator_cpp/cmake)
-- Using all available rosidl_typesupport_c: rosidl_typesupport_fastrtps_c;rosidl_typesupport_introspection_c
-- Using all available rosidl_typesupport_cpp: rosidl_typesupport_fastrtps_cpp;rosidl_typesupport_introspection_cpp
-- Found rclcpp: 16.0.12 (/opt/ros/humble/share/rclcpp/cmake)
-- Found rmw_implementation_cmake: 6.1.2 (/opt/ros/humble/share/rmw_implementation_cmake/cmake)
-- Found rmw_fastrtps_cpp: 6.2.7 (/opt/ros/humble/share/rmw_fastrtps_cpp/cmake)
-- Using RMW implementation 'rmw_fastrtps_cpp' as default
-- Found control_msgs: 4.8.0 (/opt/ros/humble/share/control_msgs/cmake)
-- Found rclcpp_action: 16.0.12 (/opt/ros/humble/share/rclcpp_action/cmake)
-- Found ament_lint_auto: 0.12.12 (/opt/ros/humble/share/ament_lint_auto/cmake)
-- Added test 'cppcheck' to perform static code analysis on C / C++ code
-- Configured cppcheck include dirs: /home/tky/workspace/openarm_ws/src/dxl_wt_openarm_leader/include
-- Configured cppcheck exclude dirs and/or files: 
-- Added test 'lint_cmake' to check CMake code style
-- Added test 'uncrustify' to check C / C++ code style
-- Configured uncrustify additional arguments: 
-- Added test 'xmllint' to check XML markup files
-- Configuring done
-- Generating done
-- Build files have been written to: /home/tky/workspace/openarm_ws/build/dxl_wt_openarm_leader
[35m[1mConsolidate compiler generated dependencies of target pub_current_node[0m
[35m[1mConsolidate compiler generated dependencies of target read_write_wt_position_node[0m
[ 50%] Built target pub_current_node
[100%] Built target read_write_wt_position_node
-- Install configuration: ""
-- Up-to-date: /home/tky/workspace/openarm_ws/install/dxl_wt_openarm_leader/lib/dxl_wt_openarm_leader/read_write_wt_position_node
-- Up-to-date: /home/tky/workspace/openarm_ws/install/dxl_wt_openarm_leader/lib/dxl_wt_openarm_leader/pub_current_node
-- Up-to-date: /home/tky/workspace/openarm_ws/install/dxl_wt_openarm_leader/include/
-- Up-to-date: /home/tky/workspace/openarm_ws/install/dxl_wt_openarm_leader/include//pub_dynamixel_data_node.hpp
-- Up-to-date: /home/tky/workspace/openarm_ws/install/dxl_wt_openarm_leader/include//read_write_wt_position_node.hpp
-- Up-to-date: /home/tky/workspace/openarm_ws/install/dxl_wt_openarm_leader/share/ament_index/resource_index/package_run_dependencies/dxl_wt_openarm_leader
-- Up-to-date: /home/tky/workspace/openarm_ws/install/dxl_wt_openarm_leader/share/ament_index/resource_index/parent_prefix_path/dxl_wt_openarm_leader
-- Up-to-date: /home/tky/workspace/openarm_ws/install/dxl_wt_openarm_leader/share/dxl_wt_openarm_leader/environment/ament_prefix_path.sh
-- Installing: /home/tky/workspace/openarm_ws/install/dxl_wt_openarm_leader/share/dxl_wt_openarm_leader/environment/ament_prefix_path.dsv
-- Up-to-date: /home/tky/workspace/openarm_ws/install/dxl_wt_openarm_leader/share/dxl_wt_openarm_leader/environment/path.sh
-- Installing: /home/tky/workspace/openarm_ws/install/dxl_wt_openarm_leader/share/dxl_wt_openarm_leader/environment/path.dsv
-- Up-to-date: /home/tky/workspace/openarm_ws/install/dxl_wt_openarm_leader/share/dxl_wt_openarm_leader/local_setup.bash
-- Up-to-date: /home/tky/workspace/openarm_ws/install/dxl_wt_openarm_leader/share/dxl_wt_openarm_leader/local_setup.sh
-- Up-to-date: /home/tky/workspace/openarm_ws/install/dxl_wt_openarm_leader/share/dxl_wt_openarm_leader/local_setup.zsh
-- Installing: /home/tky/workspace/openarm_ws/install/dxl_wt_openarm_leader/share/dxl_wt_openarm_leader/local_setup.dsv
-- Installing: /home/tky/workspace/openarm_ws/install/dxl_wt_openarm_leader/share/dxl_wt_openarm_leader/package.dsv
-- Up-to-date: /home/tky/workspace/openarm_ws/install/dxl_wt_openarm_leader/share/ament_index/resource_index/packages/dxl_wt_openarm_leader
-- Up-to-date: /home/tky/workspace/openarm_ws/install/dxl_wt_openarm_leader/share/dxl_wt_openarm_leader/cmake/dxl_wt_openarm_leaderConfig.cmake
-- Up-to-date: /home/tky/workspace/openarm_ws/install/dxl_wt_openarm_leader/share/dxl_wt_openarm_leader/cmake/dxl_wt_openarm_leaderConfig-version.cmake
-- Up-to-date: /home/tky/workspace/openarm_ws/install/dxl_wt_openarm_leader/share/dxl_wt_openarm_leader/package.xml
