[0.050s] Invoking command in '/home/tky/workspace/openarm_ws/build/dynamixel_sdk_custom_interfaces': CMAKE_PREFIX_PATH=${CMAKE_PREFIX_PATH}:/home/tky/turtlebot3_ws/install/turtlebot3_teleop:/home/tky/turtlebot3_ws/install/turtlebot3_example:/opt/ros/humble /home/tky/.pyenv/shims/cmake --build /home/tky/workspace/openarm_ws/build/dynamixel_sdk_custom_interfaces -- -j12 -l12
[0.210s] [  2%] Built target dynamixel_sdk_custom_interfaces__cpp
[0.216s] [ 12%] Built target dynamixel_sdk_custom_interfaces__rosidl_generator_c
[0.225s] [ 12%] Built target ament_cmake_python_symlink_dynamixel_sdk_custom_interfaces
[0.257s] [ 23%] Built target dynamixel_sdk_custom_interfaces__rosidl_typesupport_cpp
[0.258s] [ 43%] Built target dynamixel_sdk_custom_interfaces__rosidl_typesupport_introspection_c
[0.258s] [ 43%] Built target dynamixel_sdk_custom_interfaces__rosidl_typesupport_fastrtps_c
[0.259s] [ 53%] Built target dynamixel_sdk_custom_interfaces__rosidl_typesupport_introspection_cpp
[0.263s] [ 64%] Built target dynamixel_sdk_custom_interfaces__rosidl_typesupport_c
[0.263s] [ 74%] Built target dynamixel_sdk_custom_interfaces__rosidl_typesupport_fastrtps_cpp
[0.292s] [ 74%] Built target dynamixel_sdk_custom_interfaces
[0.328s] [ 76%] Built target dynamixel_sdk_custom_interfaces__py
[0.356s] [ 84%] Built target dynamixel_sdk_custom_interfaces__rosidl_generator_py
[0.394s] [ 94%] Built target dynamixel_sdk_custom_interfaces__rosidl_typesupport_introspection_c__pyext
[0.394s] [ 94%] Built target dynamixel_sdk_custom_interfaces__rosidl_typesupport_fastrtps_c__pyext
[0.395s] [100%] Built target dynamixel_sdk_custom_interfaces__rosidl_typesupport_c__pyext
[0.645s] running egg_info
[0.645s] writing dynamixel_sdk_custom_interfaces.egg-info/PKG-INFO
[0.646s] writing dependency_links to dynamixel_sdk_custom_interfaces.egg-info/dependency_links.txt
[0.646s] writing top-level names to dynamixel_sdk_custom_interfaces.egg-info/top_level.txt
[0.648s] reading manifest file 'dynamixel_sdk_custom_interfaces.egg-info/SOURCES.txt'
[0.648s] writing manifest file 'dynamixel_sdk_custom_interfaces.egg-info/SOURCES.txt'
[0.679s] [100%] Built target ament_cmake_python_build_dynamixel_sdk_custom_interfaces_egg
[0.700s] Invoked command in '/home/tky/workspace/openarm_ws/build/dynamixel_sdk_custom_interfaces' returned '0': CMAKE_PREFIX_PATH=${CMAKE_PREFIX_PATH}:/home/tky/turtlebot3_ws/install/turtlebot3_teleop:/home/tky/turtlebot3_ws/install/turtlebot3_example:/opt/ros/humble /home/tky/.pyenv/shims/cmake --build /home/tky/workspace/openarm_ws/build/dynamixel_sdk_custom_interfaces -- -j12 -l12
[0.701s] Invoking command in '/home/tky/workspace/openarm_ws/build/dynamixel_sdk_custom_interfaces': CMAKE_PREFIX_PATH=${CMAKE_PREFIX_PATH}:/home/tky/turtlebot3_ws/install/turtlebot3_teleop:/home/tky/turtlebot3_ws/install/turtlebot3_example:/opt/ros/humble /home/tky/.pyenv/shims/cmake --install /home/tky/workspace/openarm_ws/build/dynamixel_sdk_custom_interfaces
[0.756s] -- Install configuration: ""
[0.756s] -- Execute custom install script
[0.756s] -- Up-to-date symlink: /home/tky/workspace/openarm_ws/install/dynamixel_sdk_custom_interfaces/share/ament_index/resource_index/rosidl_interfaces/dynamixel_sdk_custom_interfaces
[0.757s] -- Up-to-date symlink: /home/tky/workspace/openarm_ws/install/dynamixel_sdk_custom_interfaces/include/dynamixel_sdk_custom_interfaces/dynamixel_sdk_custom_interfaces/msg/detail/set_position__functions.h
[0.757s] -- Up-to-date symlink: /home/tky/workspace/openarm_ws/install/dynamixel_sdk_custom_interfaces/include/dynamixel_sdk_custom_interfaces/dynamixel_sdk_custom_interfaces/msg/detail/set_position__struct.h
[0.757s] -- Up-to-date symlink: /home/tky/workspace/openarm_ws/install/dynamixel_sdk_custom_interfaces/include/dynamixel_sdk_custom_interfaces/dynamixel_sdk_custom_interfaces/msg/detail/set_position__type_support.h
[0.758s] -- Up-to-date symlink: /home/tky/workspace/openarm_ws/install/dynamixel_sdk_custom_interfaces/include/dynamixel_sdk_custom_interfaces/dynamixel_sdk_custom_interfaces/msg/rosidl_generator_c__visibility_control.h
[0.758s] -- Up-to-date symlink: /home/tky/workspace/openarm_ws/install/dynamixel_sdk_custom_interfaces/include/dynamixel_sdk_custom_interfaces/dynamixel_sdk_custom_interfaces/msg/set_position.h
[0.758s] -- Up-to-date symlink: /home/tky/workspace/openarm_ws/install/dynamixel_sdk_custom_interfaces/include/dynamixel_sdk_custom_interfaces/dynamixel_sdk_custom_interfaces/srv/detail/get_position__functions.h
[0.758s] -- Up-to-date symlink: /home/tky/workspace/openarm_ws/install/dynamixel_sdk_custom_interfaces/include/dynamixel_sdk_custom_interfaces/dynamixel_sdk_custom_interfaces/srv/detail/get_position__struct.h
[0.758s] -- Up-to-date symlink: /home/tky/workspace/openarm_ws/install/dynamixel_sdk_custom_interfaces/include/dynamixel_sdk_custom_interfaces/dynamixel_sdk_custom_interfaces/srv/detail/get_position__type_support.h
[0.759s] -- Up-to-date symlink: /home/tky/workspace/openarm_ws/install/dynamixel_sdk_custom_interfaces/include/dynamixel_sdk_custom_interfaces/dynamixel_sdk_custom_interfaces/srv/get_position.h
[0.759s] -- Up-to-date symlink: /home/tky/workspace/openarm_ws/install/dynamixel_sdk_custom_interfaces/share/dynamixel_sdk_custom_interfaces/environment/library_path.sh
[0.759s] -- Up-to-date symlink: /home/tky/workspace/openarm_ws/install/dynamixel_sdk_custom_interfaces/share/dynamixel_sdk_custom_interfaces/environment/library_path.dsv
[0.759s] -- Up-to-date symlink: /home/tky/workspace/openarm_ws/install/dynamixel_sdk_custom_interfaces/include/dynamixel_sdk_custom_interfaces/dynamixel_sdk_custom_interfaces/msg/detail/set_position__rosidl_typesupport_fastrtps_c.h
[0.759s] -- Up-to-date symlink: /home/tky/workspace/openarm_ws/install/dynamixel_sdk_custom_interfaces/include/dynamixel_sdk_custom_interfaces/dynamixel_sdk_custom_interfaces/msg/rosidl_typesupport_fastrtps_c__visibility_control.h
[0.760s] -- Up-to-date symlink: /home/tky/workspace/openarm_ws/install/dynamixel_sdk_custom_interfaces/include/dynamixel_sdk_custom_interfaces/dynamixel_sdk_custom_interfaces/srv/detail/get_position__rosidl_typesupport_fastrtps_c.h
[0.760s] -- Up-to-date symlink: /home/tky/workspace/openarm_ws/install/dynamixel_sdk_custom_interfaces/include/dynamixel_sdk_custom_interfaces/dynamixel_sdk_custom_interfaces/msg/detail/set_position__builder.hpp
[0.760s] -- Up-to-date symlink: /home/tky/workspace/openarm_ws/install/dynamixel_sdk_custom_interfaces/include/dynamixel_sdk_custom_interfaces/dynamixel_sdk_custom_interfaces/msg/detail/set_position__struct.hpp
[0.760s] -- Up-to-date symlink: /home/tky/workspace/openarm_ws/install/dynamixel_sdk_custom_interfaces/include/dynamixel_sdk_custom_interfaces/dynamixel_sdk_custom_interfaces/msg/detail/set_position__traits.hpp
[0.760s] -- Up-to-date symlink: /home/tky/workspace/openarm_ws/install/dynamixel_sdk_custom_interfaces/include/dynamixel_sdk_custom_interfaces/dynamixel_sdk_custom_interfaces/msg/detail/set_position__type_support.hpp
[0.760s] -- Up-to-date symlink: /home/tky/workspace/openarm_ws/install/dynamixel_sdk_custom_interfaces/include/dynamixel_sdk_custom_interfaces/dynamixel_sdk_custom_interfaces/msg/rosidl_generator_cpp__visibility_control.hpp
[0.760s] -- Up-to-date symlink: /home/tky/workspace/openarm_ws/install/dynamixel_sdk_custom_interfaces/include/dynamixel_sdk_custom_interfaces/dynamixel_sdk_custom_interfaces/msg/set_position.hpp
[0.761s] -- Up-to-date symlink: /home/tky/workspace/openarm_ws/install/dynamixel_sdk_custom_interfaces/include/dynamixel_sdk_custom_interfaces/dynamixel_sdk_custom_interfaces/srv/detail/get_position__builder.hpp
[0.761s] -- Up-to-date symlink: /home/tky/workspace/openarm_ws/install/dynamixel_sdk_custom_interfaces/include/dynamixel_sdk_custom_interfaces/dynamixel_sdk_custom_interfaces/srv/detail/get_position__struct.hpp
[0.761s] -- Up-to-date symlink: /home/tky/workspace/openarm_ws/install/dynamixel_sdk_custom_interfaces/include/dynamixel_sdk_custom_interfaces/dynamixel_sdk_custom_interfaces/srv/detail/get_position__traits.hpp
[0.761s] -- Up-to-date symlink: /home/tky/workspace/openarm_ws/install/dynamixel_sdk_custom_interfaces/include/dynamixel_sdk_custom_interfaces/dynamixel_sdk_custom_interfaces/srv/detail/get_position__type_support.hpp
[0.761s] -- Up-to-date symlink: /home/tky/workspace/openarm_ws/install/dynamixel_sdk_custom_interfaces/include/dynamixel_sdk_custom_interfaces/dynamixel_sdk_custom_interfaces/srv/get_position.hpp
[0.761s] -- Up-to-date symlink: /home/tky/workspace/openarm_ws/install/dynamixel_sdk_custom_interfaces/include/dynamixel_sdk_custom_interfaces/dynamixel_sdk_custom_interfaces/msg/detail/set_position__rosidl_typesupport_fastrtps_cpp.hpp
[0.761s] -- Up-to-date symlink: /home/tky/workspace/openarm_ws/install/dynamixel_sdk_custom_interfaces/include/dynamixel_sdk_custom_interfaces/dynamixel_sdk_custom_interfaces/msg/rosidl_typesupport_fastrtps_cpp__visibility_control.h
[0.762s] -- Up-to-date symlink: /home/tky/workspace/openarm_ws/install/dynamixel_sdk_custom_interfaces/include/dynamixel_sdk_custom_interfaces/dynamixel_sdk_custom_interfaces/srv/detail/get_position__rosidl_typesupport_fastrtps_cpp.hpp
[0.762s] -- Up-to-date symlink: /home/tky/workspace/openarm_ws/install/dynamixel_sdk_custom_interfaces/include/dynamixel_sdk_custom_interfaces/dynamixel_sdk_custom_interfaces/msg/detail/set_position__rosidl_typesupport_introspection_c.h
[0.762s] -- Up-to-date symlink: /home/tky/workspace/openarm_ws/install/dynamixel_sdk_custom_interfaces/include/dynamixel_sdk_custom_interfaces/dynamixel_sdk_custom_interfaces/msg/rosidl_typesupport_introspection_c__visibility_control.h
[0.762s] -- Up-to-date symlink: /home/tky/workspace/openarm_ws/install/dynamixel_sdk_custom_interfaces/include/dynamixel_sdk_custom_interfaces/dynamixel_sdk_custom_interfaces/srv/detail/get_position__rosidl_typesupport_introspection_c.h
[0.762s] -- Up-to-date symlink: /home/tky/workspace/openarm_ws/install/dynamixel_sdk_custom_interfaces/include/dynamixel_sdk_custom_interfaces/dynamixel_sdk_custom_interfaces/msg/detail/set_position__rosidl_typesupport_introspection_cpp.hpp
[0.763s] -- Up-to-date symlink: /home/tky/workspace/openarm_ws/install/dynamixel_sdk_custom_interfaces/include/dynamixel_sdk_custom_interfaces/dynamixel_sdk_custom_interfaces/srv/detail/get_position__rosidl_typesupport_introspection_cpp.hpp
[0.763s] -- Up-to-date symlink: /home/tky/workspace/openarm_ws/install/dynamixel_sdk_custom_interfaces/share/dynamixel_sdk_custom_interfaces/environment/pythonpath.sh
[0.763s] -- Up-to-date symlink: /home/tky/workspace/openarm_ws/install/dynamixel_sdk_custom_interfaces/share/dynamixel_sdk_custom_interfaces/environment/pythonpath.dsv
[0.763s] -- Up-to-date symlink: /home/tky/workspace/openarm_ws/install/dynamixel_sdk_custom_interfaces/local/lib/python3.10/dist-packages/dynamixel_sdk_custom_interfaces-3.7.60-py3.10.egg-info/PKG-INFO
[0.763s] -- Up-to-date symlink: /home/tky/workspace/openarm_ws/install/dynamixel_sdk_custom_interfaces/local/lib/python3.10/dist-packages/dynamixel_sdk_custom_interfaces-3.7.60-py3.10.egg-info/SOURCES.txt
[0.764s] -- Up-to-date symlink: /home/tky/workspace/openarm_ws/install/dynamixel_sdk_custom_interfaces/local/lib/python3.10/dist-packages/dynamixel_sdk_custom_interfaces-3.7.60-py3.10.egg-info/dependency_links.txt
[0.764s] -- Up-to-date symlink: /home/tky/workspace/openarm_ws/install/dynamixel_sdk_custom_interfaces/local/lib/python3.10/dist-packages/dynamixel_sdk_custom_interfaces-3.7.60-py3.10.egg-info/top_level.txt
[0.764s] -- Up-to-date symlink: /home/tky/workspace/openarm_ws/install/dynamixel_sdk_custom_interfaces/local/lib/python3.10/dist-packages/dynamixel_sdk_custom_interfaces/__init__.py
[0.764s] -- Up-to-date symlink: /home/tky/workspace/openarm_ws/install/dynamixel_sdk_custom_interfaces/local/lib/python3.10/dist-packages/dynamixel_sdk_custom_interfaces/_dynamixel_sdk_custom_interfaces_s.ep.rosidl_typesupport_c.c
[0.764s] -- Up-to-date symlink: /home/tky/workspace/openarm_ws/install/dynamixel_sdk_custom_interfaces/local/lib/python3.10/dist-packages/dynamixel_sdk_custom_interfaces/_dynamixel_sdk_custom_interfaces_s.ep.rosidl_typesupport_fastrtps_c.c
[0.765s] -- Up-to-date symlink: /home/tky/workspace/openarm_ws/install/dynamixel_sdk_custom_interfaces/local/lib/python3.10/dist-packages/dynamixel_sdk_custom_interfaces/_dynamixel_sdk_custom_interfaces_s.ep.rosidl_typesupport_introspection_c.c
[0.765s] -- Up-to-date symlink: /home/tky/workspace/openarm_ws/install/dynamixel_sdk_custom_interfaces/local/lib/python3.10/dist-packages/dynamixel_sdk_custom_interfaces/dynamixel_sdk_custom_interfaces_s__rosidl_typesupport_c.cpython-310-x86_64-linux-gnu.so
[0.765s] -- Up-to-date symlink: /home/tky/workspace/openarm_ws/install/dynamixel_sdk_custom_interfaces/local/lib/python3.10/dist-packages/dynamixel_sdk_custom_interfaces/dynamixel_sdk_custom_interfaces_s__rosidl_typesupport_fastrtps_c.cpython-310-x86_64-linux-gnu.so
[0.765s] -- Up-to-date symlink: /home/tky/workspace/openarm_ws/install/dynamixel_sdk_custom_interfaces/local/lib/python3.10/dist-packages/dynamixel_sdk_custom_interfaces/dynamixel_sdk_custom_interfaces_s__rosidl_typesupport_introspection_c.cpython-310-x86_64-linux-gnu.so
[0.765s] -- Up-to-date symlink: /home/tky/workspace/openarm_ws/install/dynamixel_sdk_custom_interfaces/local/lib/python3.10/dist-packages/dynamixel_sdk_custom_interfaces/libdynamixel_sdk_custom_interfaces__rosidl_generator_py.so
[0.765s] -- Up-to-date symlink: /home/tky/workspace/openarm_ws/install/dynamixel_sdk_custom_interfaces/local/lib/python3.10/dist-packages/dynamixel_sdk_custom_interfaces/msg/__init__.py
[0.765s] -- Up-to-date symlink: /home/tky/workspace/openarm_ws/install/dynamixel_sdk_custom_interfaces/local/lib/python3.10/dist-packages/dynamixel_sdk_custom_interfaces/msg/_set_position.py
[0.765s] -- Up-to-date symlink: /home/tky/workspace/openarm_ws/install/dynamixel_sdk_custom_interfaces/local/lib/python3.10/dist-packages/dynamixel_sdk_custom_interfaces/msg/_set_position_s.c
[0.766s] -- Up-to-date symlink: /home/tky/workspace/openarm_ws/install/dynamixel_sdk_custom_interfaces/local/lib/python3.10/dist-packages/dynamixel_sdk_custom_interfaces/srv/__init__.py
[0.766s] -- Up-to-date symlink: /home/tky/workspace/openarm_ws/install/dynamixel_sdk_custom_interfaces/local/lib/python3.10/dist-packages/dynamixel_sdk_custom_interfaces/srv/_get_position.py
[0.766s] -- Up-to-date symlink: /home/tky/workspace/openarm_ws/install/dynamixel_sdk_custom_interfaces/local/lib/python3.10/dist-packages/dynamixel_sdk_custom_interfaces/srv/_get_position_s.c
[0.766s] -- Up-to-date symlink: /home/tky/workspace/openarm_ws/install/dynamixel_sdk_custom_interfaces/local/lib/python3.10/dist-packages/dynamixel_sdk_custom_interfaces/dynamixel_sdk_custom_interfaces_s__rosidl_typesupport_fastrtps_c.cpython-310-x86_64-linux-gnu.so
[0.766s] -- Up-to-date symlink: /home/tky/workspace/openarm_ws/install/dynamixel_sdk_custom_interfaces/local/lib/python3.10/dist-packages/dynamixel_sdk_custom_interfaces/dynamixel_sdk_custom_interfaces_s__rosidl_typesupport_introspection_c.cpython-310-x86_64-linux-gnu.so
[0.766s] -- Up-to-date symlink: /home/tky/workspace/openarm_ws/install/dynamixel_sdk_custom_interfaces/local/lib/python3.10/dist-packages/dynamixel_sdk_custom_interfaces/dynamixel_sdk_custom_interfaces_s__rosidl_typesupport_c.cpython-310-x86_64-linux-gnu.so
[0.767s] -- Up-to-date symlink: /home/tky/workspace/openarm_ws/install/dynamixel_sdk_custom_interfaces/share/dynamixel_sdk_custom_interfaces/msg/SetPosition.idl
[0.767s] -- Up-to-date symlink: /home/tky/workspace/openarm_ws/install/dynamixel_sdk_custom_interfaces/share/dynamixel_sdk_custom_interfaces/srv/GetPosition.idl
[0.767s] -- Up-to-date symlink: /home/tky/workspace/openarm_ws/install/dynamixel_sdk_custom_interfaces/share/dynamixel_sdk_custom_interfaces/msg/SetPosition.msg
[0.767s] -- Up-to-date symlink: /home/tky/workspace/openarm_ws/install/dynamixel_sdk_custom_interfaces/share/dynamixel_sdk_custom_interfaces/srv/GetPosition.srv
[0.767s] -- Up-to-date symlink: /home/tky/workspace/openarm_ws/install/dynamixel_sdk_custom_interfaces/share/dynamixel_sdk_custom_interfaces/srv/GetPosition_Request.msg
[0.767s] -- Up-to-date symlink: /home/tky/workspace/openarm_ws/install/dynamixel_sdk_custom_interfaces/share/dynamixel_sdk_custom_interfaces/srv/GetPosition_Response.msg
[0.767s] -- Up-to-date symlink: /home/tky/workspace/openarm_ws/install/dynamixel_sdk_custom_interfaces/share/ament_index/resource_index/package_run_dependencies/dynamixel_sdk_custom_interfaces
[0.768s] -- Up-to-date symlink: /home/tky/workspace/openarm_ws/install/dynamixel_sdk_custom_interfaces/share/ament_index/resource_index/parent_prefix_path/dynamixel_sdk_custom_interfaces
[0.768s] -- Up-to-date symlink: /home/tky/workspace/openarm_ws/install/dynamixel_sdk_custom_interfaces/share/dynamixel_sdk_custom_interfaces/environment/ament_prefix_path.sh
[0.768s] -- Up-to-date symlink: /home/tky/workspace/openarm_ws/install/dynamixel_sdk_custom_interfaces/share/dynamixel_sdk_custom_interfaces/environment/ament_prefix_path.dsv
[0.769s] -- Up-to-date symlink: /home/tky/workspace/openarm_ws/install/dynamixel_sdk_custom_interfaces/share/dynamixel_sdk_custom_interfaces/environment/path.sh
[0.769s] -- Up-to-date symlink: /home/tky/workspace/openarm_ws/install/dynamixel_sdk_custom_interfaces/share/dynamixel_sdk_custom_interfaces/environment/path.dsv
[0.769s] -- Up-to-date symlink: /home/tky/workspace/openarm_ws/install/dynamixel_sdk_custom_interfaces/share/dynamixel_sdk_custom_interfaces/local_setup.bash
[0.769s] -- Up-to-date symlink: /home/tky/workspace/openarm_ws/install/dynamixel_sdk_custom_interfaces/share/dynamixel_sdk_custom_interfaces/local_setup.sh
[0.769s] -- Up-to-date symlink: /home/tky/workspace/openarm_ws/install/dynamixel_sdk_custom_interfaces/share/dynamixel_sdk_custom_interfaces/local_setup.zsh
[0.769s] -- Up-to-date symlink: /home/tky/workspace/openarm_ws/install/dynamixel_sdk_custom_interfaces/share/dynamixel_sdk_custom_interfaces/local_setup.dsv
[0.770s] -- Symlinking: /home/tky/workspace/openarm_ws/install/dynamixel_sdk_custom_interfaces/share/dynamixel_sdk_custom_interfaces/package.dsv
[0.781s] -- Up-to-date symlink: /home/tky/workspace/openarm_ws/install/dynamixel_sdk_custom_interfaces/share/ament_index/resource_index/packages/dynamixel_sdk_custom_interfaces
[0.782s] -- Up-to-date symlink: /home/tky/workspace/openarm_ws/install/dynamixel_sdk_custom_interfaces/share/dynamixel_sdk_custom_interfaces/cmake/rosidl_cmake-extras.cmake
[0.782s] -- Up-to-date symlink: /home/tky/workspace/openarm_ws/install/dynamixel_sdk_custom_interfaces/share/dynamixel_sdk_custom_interfaces/cmake/ament_cmake_export_dependencies-extras.cmake
[0.782s] -- Up-to-date symlink: /home/tky/workspace/openarm_ws/install/dynamixel_sdk_custom_interfaces/share/dynamixel_sdk_custom_interfaces/cmake/ament_cmake_export_include_directories-extras.cmake
[0.782s] -- Up-to-date symlink: /home/tky/workspace/openarm_ws/install/dynamixel_sdk_custom_interfaces/share/dynamixel_sdk_custom_interfaces/cmake/ament_cmake_export_libraries-extras.cmake
[0.782s] -- Up-to-date symlink: /home/tky/workspace/openarm_ws/install/dynamixel_sdk_custom_interfaces/share/dynamixel_sdk_custom_interfaces/cmake/ament_cmake_export_targets-extras.cmake
[0.782s] -- Up-to-date symlink: /home/tky/workspace/openarm_ws/install/dynamixel_sdk_custom_interfaces/share/dynamixel_sdk_custom_interfaces/cmake/rosidl_cmake_export_typesupport_targets-extras.cmake
[0.782s] -- Up-to-date symlink: /home/tky/workspace/openarm_ws/install/dynamixel_sdk_custom_interfaces/share/dynamixel_sdk_custom_interfaces/cmake/rosidl_cmake_export_typesupport_libraries-extras.cmake
[0.782s] -- Up-to-date symlink: /home/tky/workspace/openarm_ws/install/dynamixel_sdk_custom_interfaces/share/dynamixel_sdk_custom_interfaces/cmake/dynamixel_sdk_custom_interfacesConfig.cmake
[0.782s] -- Up-to-date symlink: /home/tky/workspace/openarm_ws/install/dynamixel_sdk_custom_interfaces/share/dynamixel_sdk_custom_interfaces/cmake/dynamixel_sdk_custom_interfacesConfig-version.cmake
[0.782s] -- Up-to-date symlink: /home/tky/workspace/openarm_ws/install/dynamixel_sdk_custom_interfaces/share/dynamixel_sdk_custom_interfaces/package.xml
[0.782s] -- Up-to-date: /home/tky/workspace/openarm_ws/install/dynamixel_sdk_custom_interfaces/lib/libdynamixel_sdk_custom_interfaces__rosidl_generator_c.so
[0.783s] -- Up-to-date: /home/tky/workspace/openarm_ws/install/dynamixel_sdk_custom_interfaces/lib/libdynamixel_sdk_custom_interfaces__rosidl_typesupport_fastrtps_c.so
[0.783s] -- Up-to-date: /home/tky/workspace/openarm_ws/install/dynamixel_sdk_custom_interfaces/lib/libdynamixel_sdk_custom_interfaces__rosidl_typesupport_fastrtps_cpp.so
[0.784s] -- Up-to-date: /home/tky/workspace/openarm_ws/install/dynamixel_sdk_custom_interfaces/lib/libdynamixel_sdk_custom_interfaces__rosidl_typesupport_introspection_c.so
[0.784s] -- Up-to-date: /home/tky/workspace/openarm_ws/install/dynamixel_sdk_custom_interfaces/lib/libdynamixel_sdk_custom_interfaces__rosidl_typesupport_c.so
[0.785s] -- Up-to-date: /home/tky/workspace/openarm_ws/install/dynamixel_sdk_custom_interfaces/lib/libdynamixel_sdk_custom_interfaces__rosidl_typesupport_introspection_cpp.so
[0.785s] -- Up-to-date: /home/tky/workspace/openarm_ws/install/dynamixel_sdk_custom_interfaces/lib/libdynamixel_sdk_custom_interfaces__rosidl_typesupport_cpp.so
[0.859s] Listing '/home/tky/workspace/openarm_ws/install/dynamixel_sdk_custom_interfaces/local/lib/python3.10/dist-packages/dynamixel_sdk_custom_interfaces'...
[0.859s] Listing '/home/tky/workspace/openarm_ws/install/dynamixel_sdk_custom_interfaces/local/lib/python3.10/dist-packages/dynamixel_sdk_custom_interfaces/msg'...
[0.859s] Listing '/home/tky/workspace/openarm_ws/install/dynamixel_sdk_custom_interfaces/local/lib/python3.10/dist-packages/dynamixel_sdk_custom_interfaces/srv'...
[0.864s] -- Up-to-date: /home/tky/workspace/openarm_ws/install/dynamixel_sdk_custom_interfaces/lib/libdynamixel_sdk_custom_interfaces__rosidl_generator_py.so
[0.864s] -- Up-to-date: /home/tky/workspace/openarm_ws/install/dynamixel_sdk_custom_interfaces/share/dynamixel_sdk_custom_interfaces/cmake/export_dynamixel_sdk_custom_interfaces__rosidl_generator_cExport.cmake
[0.864s] -- Up-to-date: /home/tky/workspace/openarm_ws/install/dynamixel_sdk_custom_interfaces/share/dynamixel_sdk_custom_interfaces/cmake/export_dynamixel_sdk_custom_interfaces__rosidl_generator_cExport-noconfig.cmake
[0.864s] -- Up-to-date: /home/tky/workspace/openarm_ws/install/dynamixel_sdk_custom_interfaces/share/dynamixel_sdk_custom_interfaces/cmake/export_dynamixel_sdk_custom_interfaces__rosidl_typesupport_fastrtps_cExport.cmake
[0.864s] -- Up-to-date: /home/tky/workspace/openarm_ws/install/dynamixel_sdk_custom_interfaces/share/dynamixel_sdk_custom_interfaces/cmake/export_dynamixel_sdk_custom_interfaces__rosidl_typesupport_fastrtps_cExport-noconfig.cmake
[0.864s] -- Up-to-date: /home/tky/workspace/openarm_ws/install/dynamixel_sdk_custom_interfaces/share/dynamixel_sdk_custom_interfaces/cmake/export_dynamixel_sdk_custom_interfaces__rosidl_generator_cppExport.cmake
[0.864s] -- Up-to-date: /home/tky/workspace/openarm_ws/install/dynamixel_sdk_custom_interfaces/share/dynamixel_sdk_custom_interfaces/cmake/export_dynamixel_sdk_custom_interfaces__rosidl_typesupport_fastrtps_cppExport.cmake
[0.864s] -- Up-to-date: /home/tky/workspace/openarm_ws/install/dynamixel_sdk_custom_interfaces/share/dynamixel_sdk_custom_interfaces/cmake/export_dynamixel_sdk_custom_interfaces__rosidl_typesupport_fastrtps_cppExport-noconfig.cmake
[0.864s] -- Up-to-date: /home/tky/workspace/openarm_ws/install/dynamixel_sdk_custom_interfaces/share/dynamixel_sdk_custom_interfaces/cmake/dynamixel_sdk_custom_interfaces__rosidl_typesupport_introspection_cExport.cmake
[0.865s] -- Up-to-date: /home/tky/workspace/openarm_ws/install/dynamixel_sdk_custom_interfaces/share/dynamixel_sdk_custom_interfaces/cmake/dynamixel_sdk_custom_interfaces__rosidl_typesupport_introspection_cExport-noconfig.cmake
[0.865s] -- Up-to-date: /home/tky/workspace/openarm_ws/install/dynamixel_sdk_custom_interfaces/share/dynamixel_sdk_custom_interfaces/cmake/dynamixel_sdk_custom_interfaces__rosidl_typesupport_cExport.cmake
[0.865s] -- Up-to-date: /home/tky/workspace/openarm_ws/install/dynamixel_sdk_custom_interfaces/share/dynamixel_sdk_custom_interfaces/cmake/dynamixel_sdk_custom_interfaces__rosidl_typesupport_cExport-noconfig.cmake
[0.865s] -- Up-to-date: /home/tky/workspace/openarm_ws/install/dynamixel_sdk_custom_interfaces/share/dynamixel_sdk_custom_interfaces/cmake/dynamixel_sdk_custom_interfaces__rosidl_typesupport_introspection_cppExport.cmake
[0.865s] -- Up-to-date: /home/tky/workspace/openarm_ws/install/dynamixel_sdk_custom_interfaces/share/dynamixel_sdk_custom_interfaces/cmake/dynamixel_sdk_custom_interfaces__rosidl_typesupport_introspection_cppExport-noconfig.cmake
[0.865s] -- Up-to-date: /home/tky/workspace/openarm_ws/install/dynamixel_sdk_custom_interfaces/share/dynamixel_sdk_custom_interfaces/cmake/dynamixel_sdk_custom_interfaces__rosidl_typesupport_cppExport.cmake
[0.865s] -- Up-to-date: /home/tky/workspace/openarm_ws/install/dynamixel_sdk_custom_interfaces/share/dynamixel_sdk_custom_interfaces/cmake/dynamixel_sdk_custom_interfaces__rosidl_typesupport_cppExport-noconfig.cmake
[0.865s] -- Up-to-date: /home/tky/workspace/openarm_ws/install/dynamixel_sdk_custom_interfaces/share/dynamixel_sdk_custom_interfaces/cmake/export_dynamixel_sdk_custom_interfaces__rosidl_generator_pyExport.cmake
[0.865s] -- Up-to-date: /home/tky/workspace/openarm_ws/install/dynamixel_sdk_custom_interfaces/share/dynamixel_sdk_custom_interfaces/cmake/export_dynamixel_sdk_custom_interfaces__rosidl_generator_pyExport-noconfig.cmake
[0.867s] Invoked command in '/home/tky/workspace/openarm_ws/build/dynamixel_sdk_custom_interfaces' returned '0': CMAKE_PREFIX_PATH=${CMAKE_PREFIX_PATH}:/home/tky/turtlebot3_ws/install/turtlebot3_teleop:/home/tky/turtlebot3_ws/install/turtlebot3_example:/opt/ros/humble /home/tky/.pyenv/shims/cmake --install /home/tky/workspace/openarm_ws/build/dynamixel_sdk_custom_interfaces
