Consolidate compiler generated dependencies of target read_write_wt_position_node
[ 33%] Built target pub_position_node
[ 66%] Built target pub_current_node
[ 83%] Building CXX object CMakeFiles/read_write_wt_position_node.dir/src/read_write_wt_position_node.cpp.o
In file included from /opt/ros/humble/include/rclcpp/rclcpp/logging.hpp:24,
                 from /opt/ros/humble/include/rclcpp/rclcpp/client.hpp:40,
                 from /opt/ros/humble/include/rclcpp/rclcpp/callback_group.hpp:24,
                 from /opt/ros/humble/include/rclcpp/rclcpp/any_executable.hpp:20,
                 from /opt/ros/humble/include/rclcpp/rclcpp/memory_strategy.hpp:25,
                 from /opt/ros/humble/include/rclcpp/rclcpp/memory_strategies.hpp:18,
                 from /opt/ros/humble/include/rclcpp/rclcpp/executor_options.hpp:20,
                 from /opt/ros/humble/include/rclcpp/rclcpp/executor.hpp:37,
                 from /opt/ros/humble/include/rclcpp/rclcpp/executors/multi_threaded_executor.hpp:25,
                 from /opt/ros/humble/include/rclcpp/rclcpp/executors.hpp:21,
                 from /opt/ros/humble/include/rclcpp/rclcpp/rclcpp.hpp:155,
                 from /home/tky/workspace/openarm_ws/src/dxl_wt_openarm_leader/src/read_write_wt_position_node.cpp:45:
/home/tky/workspace/openarm_ws/src/dxl_wt_openarm_leader/src/read_write_wt_position_node.cpp: In member function ‘void ReadWriteWTNode::read_present_position()’:
/home/tky/workspace/openarm_ws/src/dxl_wt_openarm_leader/src/read_write_wt_position_node.cpp:279:9: error: ‘prensent_vel_rad_s’ was not declared in this scope; did you mean ‘present_vel_rad_s’?
  279 |         prensent_vel_rad_s
      |         ^~~~~~~~~~~~~~~~~~
/home/tky/workspace/openarm_ws/src/dxl_wt_openarm_leader/src/read_write_wt_position_node.cpp:269:14: warning: unused variable ‘present_vel_rad_s’ [-Wunused-variable]
  269 |       double present_vel_rad_s = static_cast<double>(present_velocity_raw)*0.229*(2.0 * M_PI / 60.0);
      |              ^~~~~~~~~~~~~~~~~
gmake[2]: *** [CMakeFiles/read_write_wt_position_node.dir/build.make:76: CMakeFiles/read_write_wt_position_node.dir/src/read_write_wt_position_node.cpp.o] Error 1
gmake[1]: *** [CMakeFiles/Makefile2:141: CMakeFiles/read_write_wt_position_node.dir/all] Error 2
gmake: *** [Makefile:146: all] Error 2
