[0.031s] Invoking command in '/home/tky/workspace/openarm_ws/build/dynamixel_sdk_examples': CMAKE_PREFIX_PATH=/home/tky/workspace/openarm_ws/install/dynamixel_sdk_custom_interfaces:/home/tky/workspace/openarm_ws/install/dynamixel_sdk:/home/tky/workspace/openarm_ws/install/openarm_bimanual_moveit_config:/home/tky/workspace/openarm_ws/install/openarm:/home/tky/workspace/openarm_ws/install/openarm_description:/home/tky/workspace/openarm_ws/install/openarm_bringup:/home/tky/workspace/openarm_ws/install/dynamixel_sdk_examples:/home/tky/workspace/openarm_ws/install/dxl_wt_openarm_leader:/home/tky/workspace/openarm_ws/install/dxl_openarm_leader:/opt/ros/humble /home/tky/.pyenv/shims/cmake --build /home/tky/workspace/openarm_ws/build/dynamixel_sdk_examples -- -j12 -l12
[0.165s] [ 10%] Built target pub_current_node
[0.172s] [ 20%] Built target read_write_velocity_node
[0.174s] [ 30%] Built target read_write_current_node
[0.178s] [ 40%] Built target read_write_position_node
[0.183s] [ 50%] Built target read_write_current_pos_v2_node
[0.184s] [ 60%] Built target pub_velocity_node
[0.184s] [ 70%] Built target read_write_current_pos_v1_node
[0.184s] [ 80%] Built target pub_current_pos_v1_node
[0.187s] [ 95%] Built target pub_current_pos_v2_node
[0.187s] [100%] Built target pub_position_node
[0.202s] Invoked command in '/home/tky/workspace/openarm_ws/build/dynamixel_sdk_examples' returned '0': CMAKE_PREFIX_PATH=/home/tky/workspace/openarm_ws/install/dynamixel_sdk_custom_interfaces:/home/tky/workspace/openarm_ws/install/dynamixel_sdk:/home/tky/workspace/openarm_ws/install/openarm_bimanual_moveit_config:/home/tky/workspace/openarm_ws/install/openarm:/home/tky/workspace/openarm_ws/install/openarm_description:/home/tky/workspace/openarm_ws/install/openarm_bringup:/home/tky/workspace/openarm_ws/install/dynamixel_sdk_examples:/home/tky/workspace/openarm_ws/install/dxl_wt_openarm_leader:/home/tky/workspace/openarm_ws/install/dxl_openarm_leader:/opt/ros/humble /home/tky/.pyenv/shims/cmake --build /home/tky/workspace/openarm_ws/build/dynamixel_sdk_examples -- -j12 -l12
[0.204s] Invoking command in '/home/tky/workspace/openarm_ws/build/dynamixel_sdk_examples': CMAKE_PREFIX_PATH=/home/tky/workspace/openarm_ws/install/dynamixel_sdk_custom_interfaces:/home/tky/workspace/openarm_ws/install/dynamixel_sdk:/home/tky/workspace/openarm_ws/install/openarm_bimanual_moveit_config:/home/tky/workspace/openarm_ws/install/openarm:/home/tky/workspace/openarm_ws/install/openarm_description:/home/tky/workspace/openarm_ws/install/openarm_bringup:/home/tky/workspace/openarm_ws/install/dynamixel_sdk_examples:/home/tky/workspace/openarm_ws/install/dxl_wt_openarm_leader:/home/tky/workspace/openarm_ws/install/dxl_openarm_leader:/opt/ros/humble /home/tky/.pyenv/shims/cmake --install /home/tky/workspace/openarm_ws/build/dynamixel_sdk_examples
[0.249s] -- Install configuration: ""
[0.249s] -- Up-to-date: /home/tky/workspace/openarm_ws/install/dynamixel_sdk_examples/lib/dynamixel_sdk_examples/read_write_current_node
[0.249s] -- Up-to-date: /home/tky/workspace/openarm_ws/install/dynamixel_sdk_examples/lib/dynamixel_sdk_examples/pub_current_node
[0.249s] -- Up-to-date: /home/tky/workspace/openarm_ws/install/dynamixel_sdk_examples/lib/dynamixel_sdk_examples/read_write_velocity_node
[0.250s] -- Up-to-date: /home/tky/workspace/openarm_ws/install/dynamixel_sdk_examples/lib/dynamixel_sdk_examples/pub_velocity_node
[0.250s] -- Up-to-date: /home/tky/workspace/openarm_ws/install/dynamixel_sdk_examples/lib/dynamixel_sdk_examples/read_write_position_node
[0.251s] -- Up-to-date: /home/tky/workspace/openarm_ws/install/dynamixel_sdk_examples/lib/dynamixel_sdk_examples/pub_position_node
[0.251s] -- Up-to-date: /home/tky/workspace/openarm_ws/install/dynamixel_sdk_examples/lib/dynamixel_sdk_examples/read_write_current_pos_v1_node
[0.251s] -- Up-to-date: /home/tky/workspace/openarm_ws/install/dynamixel_sdk_examples/lib/dynamixel_sdk_examples/pub_current_pos_v1_node
[0.251s] -- Up-to-date: /home/tky/workspace/openarm_ws/install/dynamixel_sdk_examples/lib/dynamixel_sdk_examples/read_write_current_pos_v2_node
[0.252s] -- Up-to-date: /home/tky/workspace/openarm_ws/install/dynamixel_sdk_examples/lib/dynamixel_sdk_examples/pub_current_pos_v2_node
[0.252s] -- Up-to-date: /home/tky/workspace/openarm_ws/install/dynamixel_sdk_examples/share/ament_index/resource_index/package_run_dependencies/dynamixel_sdk_examples
[0.252s] -- Up-to-date: /home/tky/workspace/openarm_ws/install/dynamixel_sdk_examples/share/ament_index/resource_index/parent_prefix_path/dynamixel_sdk_examples
[0.252s] -- Up-to-date: /home/tky/workspace/openarm_ws/install/dynamixel_sdk_examples/share/dynamixel_sdk_examples/environment/ament_prefix_path.sh
[0.252s] -- Up-to-date: /home/tky/workspace/openarm_ws/install/dynamixel_sdk_examples/share/dynamixel_sdk_examples/environment/ament_prefix_path.dsv
[0.252s] -- Up-to-date: /home/tky/workspace/openarm_ws/install/dynamixel_sdk_examples/share/dynamixel_sdk_examples/environment/path.sh
[0.253s] -- Up-to-date: /home/tky/workspace/openarm_ws/install/dynamixel_sdk_examples/share/dynamixel_sdk_examples/environment/path.dsv
[0.253s] -- Up-to-date: /home/tky/workspace/openarm_ws/install/dynamixel_sdk_examples/share/dynamixel_sdk_examples/local_setup.bash
[0.253s] -- Up-to-date: /home/tky/workspace/openarm_ws/install/dynamixel_sdk_examples/share/dynamixel_sdk_examples/local_setup.sh
[0.253s] -- Up-to-date: /home/tky/workspace/openarm_ws/install/dynamixel_sdk_examples/share/dynamixel_sdk_examples/local_setup.zsh
[0.253s] -- Up-to-date: /home/tky/workspace/openarm_ws/install/dynamixel_sdk_examples/share/dynamixel_sdk_examples/local_setup.dsv
[0.253s] -- Installing: /home/tky/workspace/openarm_ws/install/dynamixel_sdk_examples/share/dynamixel_sdk_examples/package.dsv
[0.253s] -- Up-to-date: /home/tky/workspace/openarm_ws/install/dynamixel_sdk_examples/share/ament_index/resource_index/packages/dynamixel_sdk_examples
[0.253s] -- Up-to-date: /home/tky/workspace/openarm_ws/install/dynamixel_sdk_examples/share/dynamixel_sdk_examples/cmake/dynamixel_sdk_examplesConfig.cmake
[0.254s] -- Up-to-date: /home/tky/workspace/openarm_ws/install/dynamixel_sdk_examples/share/dynamixel_sdk_examples/cmake/dynamixel_sdk_examplesConfig-version.cmake
[0.260s] -- Up-to-date: /home/tky/workspace/openarm_ws/install/dynamixel_sdk_examples/share/dynamixel_sdk_examples/package.xml
[0.261s] Invoked command in '/home/tky/workspace/openarm_ws/build/dynamixel_sdk_examples' returned '0': CMAKE_PREFIX_PATH=/home/tky/workspace/openarm_ws/install/dynamixel_sdk_custom_interfaces:/home/tky/workspace/openarm_ws/install/dynamixel_sdk:/home/tky/workspace/openarm_ws/install/openarm_bimanual_moveit_config:/home/tky/workspace/openarm_ws/install/openarm:/home/tky/workspace/openarm_ws/install/openarm_description:/home/tky/workspace/openarm_ws/install/openarm_bringup:/home/tky/workspace/openarm_ws/install/dynamixel_sdk_examples:/home/tky/workspace/openarm_ws/install/dxl_wt_openarm_leader:/home/tky/workspace/openarm_ws/install/dxl_openarm_leader:/opt/ros/humble /home/tky/.pyenv/shims/cmake --install /home/tky/workspace/openarm_ws/build/dynamixel_sdk_examples
