[0.029s] Invoking command in '/home/tky/workspace/openarm_ws/build/dynamixel_sdk_examples': CMAKE_PREFIX_PATH=/home/tky/workspace/openarm_ws/install/dynamixel_sdk_custom_interfaces:/home/tky/workspace/openarm_ws/install/dynamixel_sdk:/home/tky/workspace/openarm_ws/install/openarm_bimanual_moveit_config:/home/tky/workspace/openarm_ws/install/openarm:/home/tky/workspace/openarm_ws/install/openarm_description:/home/tky/workspace/openarm_ws/install/openarm_bringup:/home/tky/workspace/openarm_ws/install/dynamixel_sdk_examples:/home/tky/workspace/openarm_ws/install/dxl_wt_openarm_leader:/home/tky/workspace/openarm_ws/install/dxl_openarm_leader:/opt/ros/humble /home/tky/.pyenv/shims/cmake --build /home/tky/workspace/openarm_ws/build/dynamixel_sdk_examples -- -j12 -l12
[0.151s] [35m[1mConsolidate compiler generated dependencies of target pub_current_pos_v1_node[0m
[0.151s] [35m[1mConsolidate compiler generated dependencies of target pub_current_pos_v2_node[0m
[0.167s] [ 10%] Built target read_write_current_node
[0.175s] [ 15%] [32mBuilding CXX object CMakeFiles/pub_current_pos_v1_node.dir/src/pub_current_pos_v1_node.cpp.o[0m
[0.175s] [ 25%] Built target pub_position_node
[0.177s] [ 35%] Built target pub_current_node
[0.177s] [ 45%] Built target pub_velocity_node
[0.178s] [ 55%] Built target read_write_current_pos_v1_node
[0.182s] [ 65%] Built target read_write_velocity_node
[0.192s] [ 85%] Built target read_write_current_pos_v2_node
[0.192s] [ 85%] Built target read_write_position_node
[0.192s] [ 90%] [32mBuilding CXX object CMakeFiles/pub_current_pos_v2_node.dir/src/pub_current_pos_v2_node.cpp.o[0m
[2.629s] [01m[K/home/tky/workspace/openarm_ws/src/DynamixelSDK/dynamixel_sdk_examples/src/pub_current_pos_v2_node.cpp:[m[K In constructor ‘[01m[KJointCurrentPubNode::JointCurrentPubNode()[m[K’:
[2.629s] [01m[K/home/tky/workspace/openarm_ws/src/DynamixelSDK/dynamixel_sdk_examples/src/pub_current_pos_v2_node.cpp:27:33:[m[K [01;31m[Kerror: [m[K‘[01m[KSetPosition[m[K’ was not declared in this scope; did you mean ‘[01m[Kdynamixel_sdk_custom_interfaces::msg::SetPosition[m[K’?
[2.629s]    27 |   publisher_ = create_publisher<[01;31m[KSetPosition[m[K>("/set_position", 10);
[2.629s]       |                                 [01;31m[K^~~~~~~~~~~[m[K
[2.629s]       |                                 [32m[Kdynamixel_sdk_custom_interfaces::msg::SetPosition[m[K
[2.629s] In file included from [01m[K/home/tky/workspace/openarm_ws/install/dynamixel_sdk_custom_interfaces/include/dynamixel_sdk_custom_interfaces/dynamixel_sdk_custom_interfaces/msg/set_position.hpp:7[m[K,
[2.629s]                  from [01m[K/home/tky/workspace/openarm_ws/src/DynamixelSDK/dynamixel_sdk_examples/include/pub_dynamixel_data_node.hpp:21[m[K,
[2.629s]                  from [01m[K/home/tky/workspace/openarm_ws/src/DynamixelSDK/dynamixel_sdk_examples/src/pub_current_pos_v2_node.cpp:19[m[K:
[2.629s] [01m[K/home/tky/workspace/openarm_ws/install/dynamixel_sdk_custom_interfaces/include/dynamixel_sdk_custom_interfaces/dynamixel_sdk_custom_interfaces/msg/detail/set_position__struct.hpp:136:7:[m[K [01;36m[Knote: [m[K‘[01m[Kdynamixel_sdk_custom_interfaces::msg::SetPosition[m[K’ declared here
[2.629s]   136 | using [01;36m[KSetPosition[m[K =
[2.629s]       |       [01;36m[K^~~~~~~~~~~[m[K
[2.629s] [01m[K/home/tky/workspace/openarm_ws/src/DynamixelSDK/dynamixel_sdk_examples/src/pub_current_pos_v2_node.cpp:27:45:[m[K [01;31m[Kerror: [m[Kno matching function for call to ‘[01m[KJointCurrentPubNode::create_publisher<<expression error> >(const char [14], int)[m[K’
[2.629s]    27 |   publisher_ = [01;31m[Kcreate_publisher<SetPosition>("/set_position", 10)[m[K;
[2.629s]       |                [01;31m[K~~~~~~~~~~~~~~~~~~~~~~~~~~~~~^~~~~~~~~~~~~~~~~~~~~[m[K
[2.629s] In file included from [01m[K/opt/ros/humble/include/rclcpp/rclcpp/executors/single_threaded_executor.hpp:28[m[K,
[2.629s]                  from [01m[K/opt/ros/humble/include/rclcpp/rclcpp/executors.hpp:22[m[K,
[2.630s]                  from [01m[K/opt/ros/humble/include/rclcpp/rclcpp/rclcpp.hpp:155[m[K,
[2.630s]                  from [01m[K/home/tky/workspace/openarm_ws/src/DynamixelSDK/dynamixel_sdk_examples/src/pub_current_pos_v2_node.cpp:18[m[K:
[2.630s] [01m[K/opt/ros/humble/include/rclcpp/rclcpp/node.hpp:195:3:[m[K [01;36m[Knote: [m[Kcandidate: ‘[01m[Ktemplate<class MessageT, class AllocatorT, class PublisherT> std::shared_ptr<PublisherT> rclcpp::Node::create_publisher(const string&, const rclcpp::QoS&, const rclcpp::PublisherOptionsWithAllocator<AllocatorT>&)[m[K’
[2.630s]   195 |   [01;36m[Kcreate_publisher[m[K(
[2.630s]       |   [01;36m[K^~~~~~~~~~~~~~~~[m[K
[2.630s] [01m[K/opt/ros/humble/include/rclcpp/rclcpp/node.hpp:195:3:[m[K [01;36m[Knote: [m[K  template argument deduction/substitution failed:
[2.630s] [01m[K/home/tky/workspace/openarm_ws/src/DynamixelSDK/dynamixel_sdk_examples/src/pub_current_pos_v2_node.cpp:27:45:[m[K [01;31m[Kerror: [m[Ktemplate argument 1 is invalid
[2.630s]    27 |   publisher_ = [01;31m[Kcreate_publisher<SetPosition>("/set_position", 10)[m[K;
[2.630s]       |                [01;31m[K~~~~~~~~~~~~~~~~~~~~~~~~~~~~~^~~~~~~~~~~~~~~~~~~~~[m[K
[2.638s] [01m[K/home/tky/workspace/openarm_ws/src/DynamixelSDK/dynamixel_sdk_examples/src/pub_current_pos_v1_node.cpp:[m[K In constructor ‘[01m[KJointCurrentPubNode::JointCurrentPubNode()[m[K’:
[2.638s] [01m[K/home/tky/workspace/openarm_ws/src/DynamixelSDK/dynamixel_sdk_examples/src/pub_current_pos_v1_node.cpp:27:33:[m[K [01;31m[Kerror: [m[K‘[01m[KSetPosition[m[K’ was not declared in this scope; did you mean ‘[01m[Kdynamixel_sdk_custom_interfaces::msg::SetPosition[m[K’?
[2.638s]    27 |   publisher_ = create_publisher<[01;31m[KSetPosition[m[K>("/set_current", 10);
[2.638s]       |                                 [01;31m[K^~~~~~~~~~~[m[K
[2.638s]       |                                 [32m[Kdynamixel_sdk_custom_interfaces::msg::SetPosition[m[K
[2.638s] In file included from [01m[K/home/tky/workspace/openarm_ws/install/dynamixel_sdk_custom_interfaces/include/dynamixel_sdk_custom_interfaces/dynamixel_sdk_custom_interfaces/msg/set_position.hpp:7[m[K,
[2.638s]                  from [01m[K/home/tky/workspace/openarm_ws/src/DynamixelSDK/dynamixel_sdk_examples/include/pub_dynamixel_data_node.hpp:21[m[K,
[2.638s]                  from [01m[K/home/tky/workspace/openarm_ws/src/DynamixelSDK/dynamixel_sdk_examples/src/pub_current_pos_v1_node.cpp:19[m[K:
[2.638s] [01m[K/home/tky/workspace/openarm_ws/install/dynamixel_sdk_custom_interfaces/include/dynamixel_sdk_custom_interfaces/dynamixel_sdk_custom_interfaces/msg/detail/set_position__struct.hpp:136:7:[m[K [01;36m[Knote: [m[K‘[01m[Kdynamixel_sdk_custom_interfaces::msg::SetPosition[m[K’ declared here
[2.639s]   136 | using [01;36m[KSetPosition[m[K =
[2.639s]       |       [01;36m[K^~~~~~~~~~~[m[K
[2.639s] [01m[K/home/tky/workspace/openarm_ws/src/DynamixelSDK/dynamixel_sdk_examples/src/pub_current_pos_v1_node.cpp:27:45:[m[K [01;31m[Kerror: [m[Kno matching function for call to ‘[01m[KJointCurrentPubNode::create_publisher<<expression error> >(const char [13], int)[m[K’
[2.639s]    27 |   publisher_ = [01;31m[Kcreate_publisher<SetPosition>("/set_current", 10)[m[K;
[2.639s]       |                [01;31m[K~~~~~~~~~~~~~~~~~~~~~~~~~~~~~^~~~~~~~~~~~~~~~~~~~[m[K
[2.642s] In file included from [01m[K/opt/ros/humble/include/rclcpp/rclcpp/executors/single_threaded_executor.hpp:28[m[K,
[2.642s]                  from [01m[K/opt/ros/humble/include/rclcpp/rclcpp/executors.hpp:22[m[K,
[2.642s]                  from [01m[K/opt/ros/humble/include/rclcpp/rclcpp/rclcpp.hpp:155[m[K,
[2.642s]                  from [01m[K/home/tky/workspace/openarm_ws/src/DynamixelSDK/dynamixel_sdk_examples/src/pub_current_pos_v1_node.cpp:18[m[K:
[2.643s] [01m[K/opt/ros/humble/include/rclcpp/rclcpp/node.hpp:195:3:[m[K [01;36m[Knote: [m[Kcandidate: ‘[01m[Ktemplate<class MessageT, class AllocatorT, class PublisherT> std::shared_ptr<PublisherT> rclcpp::Node::create_publisher(const string&, const rclcpp::QoS&, const rclcpp::PublisherOptionsWithAllocator<AllocatorT>&)[m[K’
[2.643s]   195 |   [01;36m[Kcreate_publisher[m[K(
[2.643s]       |   [01;36m[K^~~~~~~~~~~~~~~~[m[K
[2.643s] [01m[K/opt/ros/humble/include/rclcpp/rclcpp/node.hpp:195:3:[m[K [01;36m[Knote: [m[K  template argument deduction/substitution failed:
[2.643s] [01m[K/home/tky/workspace/openarm_ws/src/DynamixelSDK/dynamixel_sdk_examples/src/pub_current_pos_v1_node.cpp:27:45:[m[K [01;31m[Kerror: [m[Ktemplate argument 1 is invalid
[2.643s]    27 |   publisher_ = [01;31m[Kcreate_publisher<SetPosition>("/set_current", 10)[m[K;
[2.643s]       |                [01;31m[K~~~~~~~~~~~~~~~~~~~~~~~~~~~~~^~~~~~~~~~~~~~~~~~~~[m[K
[2.649s] [01m[K/home/tky/workspace/openarm_ws/src/DynamixelSDK/dynamixel_sdk_examples/src/pub_current_pos_v2_node.cpp:[m[K In member function ‘[01m[Kvoid JointCurrentPubNode::publishData()[m[K’:
[2.649s] [01m[K/home/tky/workspace/openarm_ws/src/DynamixelSDK/dynamixel_sdk_examples/src/pub_current_pos_v2_node.cpp:42:17:[m[K [01;31m[Kerror: [m[K‘[01m[Kcurrent_5_[m[K’ was not declared in this scope; did you mean ‘[01m[Kcurrents_0_[m[K’?
[2.649s]    42 |   msg.current = [01;31m[Kcurrent_5_[m[K[current_position_index_];
[2.649s]       |                 [01;31m[K^~~~~~~~~~[m[K
[2.649s]       |                 [32m[Kcurrents_0_[m[K
[2.651s] [01m[K/home/tky/workspace/openarm_ws/src/DynamixelSDK/dynamixel_sdk_examples/src/pub_current_pos_v1_node.cpp:[m[K In member function ‘[01m[Kvoid JointCurrentPubNode::publishData()[m[K’:
[2.651s] [01m[K/home/tky/workspace/openarm_ws/src/DynamixelSDK/dynamixel_sdk_examples/src/pub_current_pos_v1_node.cpp:39:3:[m[K [01;31m[Kerror: [m[K‘[01m[KSetPosition[m[K’ was not declared in this scope; did you mean ‘[01m[Kdynamixel_sdk_custom_interfaces::msg::SetPosition[m[K’?
[2.651s]    39 |   [01;31m[KSetPosition[m[K msg;
[2.652s]       |   [01;31m[K^~~~~~~~~~~[m[K
[2.652s]       |   [32m[Kdynamixel_sdk_custom_interfaces::msg::SetPosition[m[K
[2.652s] In file included from [01m[K/home/tky/workspace/openarm_ws/install/dynamixel_sdk_custom_interfaces/include/dynamixel_sdk_custom_interfaces/dynamixel_sdk_custom_interfaces/msg/set_position.hpp:7[m[K,
[2.652s]                  from [01m[K/home/tky/workspace/openarm_ws/src/DynamixelSDK/dynamixel_sdk_examples/include/pub_dynamixel_data_node.hpp:21[m[K,
[2.652s]                  from [01m[K/home/tky/workspace/openarm_ws/src/DynamixelSDK/dynamixel_sdk_examples/src/pub_current_pos_v1_node.cpp:19[m[K:
[2.652s] [01m[K/home/tky/workspace/openarm_ws/install/dynamixel_sdk_custom_interfaces/include/dynamixel_sdk_custom_interfaces/dynamixel_sdk_custom_interfaces/msg/detail/set_position__struct.hpp:136:7:[m[K [01;36m[Knote: [m[K‘[01m[Kdynamixel_sdk_custom_interfaces::msg::SetPosition[m[K’ declared here
[2.652s]   136 | using [01;36m[KSetPosition[m[K =
[2.653s]       |       [01;36m[K^~~~~~~~~~~[m[K
[2.653s] [01m[K/home/tky/workspace/openarm_ws/src/DynamixelSDK/dynamixel_sdk_examples/src/pub_current_pos_v1_node.cpp:41:3:[m[K [01;31m[Kerror: [m[K‘[01m[Kmsg[m[K’ was not declared in this scope
[2.653s]    41 |   [01;31m[Kmsg[m[K.current = current_5_[current_position_index_];
[2.653s]       |   [01;31m[K^~~[m[K
[2.653s] [01m[K/home/tky/workspace/openarm_ws/src/DynamixelSDK/dynamixel_sdk_examples/src/pub_current_pos_v1_node.cpp:41:3:[m[K [01;36m[Knote: [m[Ksuggested alternatives:
[2.653s] In file included from [01m[K/opt/ros/humble/include/builtin_interfaces/builtin_interfaces/msg/duration.hpp:7[m[K,
[2.653s]                  from [01m[K/opt/ros/humble/include/rclcpp/rclcpp/duration.hpp:20[m[K,
[2.653s]                  from [01m[K/opt/ros/humble/include/rclcpp/rclcpp/qos.hpp:20[m[K,
[2.653s]                  from [01m[K/opt/ros/humble/include/rclcpp/rclcpp/node_interfaces/node_graph_interface.hpp:32[m[K,
[2.653s]                  from [01m[K/opt/ros/humble/include/rclcpp/rclcpp/client.hpp:42[m[K,
[2.653s]                  from [01m[K/opt/ros/humble/include/rclcpp/rclcpp/callback_group.hpp:24[m[K,
[2.654s]                  from [01m[K/opt/ros/humble/include/rclcpp/rclcpp/any_executable.hpp:20[m[K,
[2.654s]                  from [01m[K/opt/ros/humble/include/rclcpp/rclcpp/memory_strategy.hpp:25[m[K,
[2.654s]                  from [01m[K/opt/ros/humble/include/rclcpp/rclcpp/memory_strategies.hpp:18[m[K,
[2.654s]                  from [01m[K/opt/ros/humble/include/rclcpp/rclcpp/executor_options.hpp:20[m[K,
[2.654s]                  from [01m[K/opt/ros/humble/include/rclcpp/rclcpp/executor.hpp:37[m[K,
[2.654s]                  from [01m[K/opt/ros/humble/include/rclcpp/rclcpp/executors/multi_threaded_executor.hpp:25[m[K,
[2.654s]                  from [01m[K/opt/ros/humble/include/rclcpp/rclcpp/executors.hpp:21[m[K,
[2.654s]                  from [01m[K/opt/ros/humble/include/rclcpp/rclcpp/rclcpp.hpp:155[m[K,
[2.654s]                  from [01m[K/home/tky/workspace/openarm_ws/src/DynamixelSDK/dynamixel_sdk_examples/src/pub_current_pos_v1_node.cpp:18[m[K:
[2.654s] [01m[K/opt/ros/humble/include/builtin_interfaces/builtin_interfaces/msg/detail/duration__struct.hpp:27:11:[m[K [01;36m[Knote: [m[K  ‘[01m[Kbuiltin_interfaces::msg[m[K’
[2.654s]    27 | namespace [01;36m[Kmsg[m[K
[2.654s]       |           [01;36m[K^~~[m[K
[2.655s] In file included from [01m[K/opt/ros/humble/include/rcl_interfaces/rcl_interfaces/msg/set_parameters_result.hpp:7[m[K,
[2.655s]                  from [01m[K/opt/ros/humble/include/rclcpp/rclcpp/qos_overriding_options.hpp:28[m[K,
[2.655s]                  from [01m[K/opt/ros/humble/include/rclcpp/rclcpp/subscription_options.hpp:30[m[K,
[2.655s]                  from [01m[K/opt/ros/humble/include/rclcpp/rclcpp/subscription.hpp:45[m[K,
[2.655s]                  from [01m[K/opt/ros/humble/include/rclcpp/rclcpp/any_executable.hpp:25[m[K,
[2.655s]                  from [01m[K/opt/ros/humble/include/rclcpp/rclcpp/memory_strategy.hpp:25[m[K,
[2.655s]                  from [01m[K/opt/ros/humble/include/rclcpp/rclcpp/memory_strategies.hpp:18[m[K,
[2.655s]                  from [01m[K/opt/ros/humble/include/rclcpp/rclcpp/executor_options.hpp:20[m[K,
[2.655s]                  from [01m[K/opt/ros/humble/include/rclcpp/rclcpp/executor.hpp:37[m[K,
[2.655s]                  from [01m[K/opt/ros/humble/include/rclcpp/rclcpp/executors/multi_threaded_executor.hpp:25[m[K,
[2.655s]                  from [01m[K/opt/ros/humble/include/rclcpp/rclcpp/executors.hpp:21[m[K,
[2.656s]                  from [01m[K/opt/ros/humble/include/rclcpp/rclcpp/rclcpp.hpp:155[m[K,
[2.656s]                  from [01m[K/home/tky/workspace/openarm_ws/src/DynamixelSDK/dynamixel_sdk_examples/src/pub_current_pos_v1_node.cpp:18[m[K:
[2.656s] [01m[K/opt/ros/humble/include/rcl_interfaces/rcl_interfaces/msg/detail/set_parameters_result__struct.hpp:27:11:[m[K [01;36m[Knote: [m[K  ‘[01m[Krcl_interfaces::msg[m[K’
[2.656s]    27 | namespace [01;36m[Kmsg[m[K
[2.656s]       |           [01;36m[K^~~[m[K
[2.656s] In file included from [01m[K/opt/ros/humble/include/statistics_msgs/statistics_msgs/msg/detail/metrics_message__struct.hpp:23[m[K,
[2.656s]                  from [01m[K/opt/ros/humble/include/statistics_msgs/statistics_msgs/msg/metrics_message.hpp:7[m[K,
[2.656s]                  from [01m[K/opt/ros/humble/include/libstatistics_collector/libstatistics_collector/collector/generate_statistics_message.hpp:21[m[K,
[2.656s]                  from [01m[K/opt/ros/humble/include/rclcpp/rclcpp/topic_statistics/subscription_topic_statistics.hpp:23[m[K,
[2.656s]                  from [01m[K/opt/ros/humble/include/rclcpp/rclcpp/subscription.hpp:50[m[K,
[2.656s]                  from [01m[K/opt/ros/humble/include/rclcpp/rclcpp/any_executable.hpp:25[m[K,
[2.657s]                  from [01m[K/opt/ros/humble/include/rclcpp/rclcpp/memory_strategy.hpp:25[m[K,
[2.657s]                  from [01m[K/opt/ros/humble/include/rclcpp/rclcpp/memory_strategies.hpp:18[m[K,
[2.657s]                  from [01m[K/opt/ros/humble/include/rclcpp/rclcpp/executor_options.hpp:20[m[K,
[2.657s]                  from [01m[K/opt/ros/humble/include/rclcpp/rclcpp/executor.hpp:37[m[K,
[2.657s]                  from [01m[K/opt/ros/humble/include/rclcpp/rclcpp/executors/multi_threaded_executor.hpp:25[m[K,
[2.657s]                  from [01m[K/opt/ros/humble/include/rclcpp/rclcpp/executors.hpp:21[m[K,
[2.657s]                  from [01m[K/opt/ros/humble/include/rclcpp/rclcpp/rclcpp.hpp:155[m[K,
[2.657s]                  from [01m[K/home/tky/workspace/openarm_ws/src/DynamixelSDK/dynamixel_sdk_examples/src/pub_current_pos_v1_node.cpp:18[m[K:
[2.657s] [01m[K/opt/ros/humble/include/statistics_msgs/statistics_msgs/msg/detail/statistic_data_point__struct.hpp:27:11:[m[K [01;36m[Knote: [m[K  ‘[01m[Kstatistics_msgs::msg[m[K’
[2.657s]    27 | namespace [01;36m[Kmsg[m[K
[2.657s]       |           [01;36m[K^~~[m[K
[2.658s] In file included from [01m[K/home/tky/workspace/openarm_ws/install/dynamixel_sdk_custom_interfaces/include/dynamixel_sdk_custom_interfaces/dynamixel_sdk_custom_interfaces/msg/set_current.hpp:7[m[K,
[2.658s]                  from [01m[K/home/tky/workspace/openarm_ws/src/DynamixelSDK/dynamixel_sdk_examples/include/pub_dynamixel_data_node.hpp:20[m[K,
[2.658s]                  from [01m[K/home/tky/workspace/openarm_ws/src/DynamixelSDK/dynamixel_sdk_examples/src/pub_current_pos_v1_node.cpp:19[m[K:
[2.658s] [01m[K/home/tky/workspace/openarm_ws/install/dynamixel_sdk_custom_interfaces/include/dynamixel_sdk_custom_interfaces/dynamixel_sdk_custom_interfaces/msg/detail/set_current__struct.hpp:27:11:[m[K [01;36m[Knote: [m[K  ‘[01m[Kdynamixel_sdk_custom_interfaces::msg[m[K’
[2.658s]    27 | namespace [01;36m[Kmsg[m[K
[2.658s]       |           [01;36m[K^~~[m[K
[2.658s] [01m[K/home/tky/workspace/openarm_ws/src/DynamixelSDK/dynamixel_sdk_examples/src/pub_current_pos_v1_node.cpp:41:17:[m[K [01;31m[Kerror: [m[K‘[01m[Kcurrent_5_[m[K’ was not declared in this scope; did you mean ‘[01m[Kcurrents_0_[m[K’?
[2.658s]    41 |   msg.current = [01;31m[Kcurrent_5_[m[K[current_position_index_];
[2.658s]       |                 [01;31m[K^~~~~~~~~~[m[K
[2.658s]       |                 [32m[Kcurrents_0_[m[K
[3.134s] gmake[2]: *** [CMakeFiles/pub_current_pos_v1_node.dir/build.make:76: CMakeFiles/pub_current_pos_v1_node.dir/src/pub_current_pos_v1_node.cpp.o] Error 1
[3.134s] gmake[1]: *** [CMakeFiles/Makefile2:337: CMakeFiles/pub_current_pos_v1_node.dir/all] Error 2
[3.135s] gmake[1]: *** Waiting for unfinished jobs....
[3.185s] gmake[2]: *** [CMakeFiles/pub_current_pos_v2_node.dir/build.make:76: CMakeFiles/pub_current_pos_v2_node.dir/src/pub_current_pos_v2_node.cpp.o] Error 1
[3.185s] gmake[1]: *** [CMakeFiles/Makefile2:389: CMakeFiles/pub_current_pos_v2_node.dir/all] Error 2
[3.185s] gmake: *** [Makefile:146: all] Error 2
[3.187s] Invoked command in '/home/tky/workspace/openarm_ws/build/dynamixel_sdk_examples' returned '2': CMAKE_PREFIX_PATH=/home/tky/workspace/openarm_ws/install/dynamixel_sdk_custom_interfaces:/home/tky/workspace/openarm_ws/install/dynamixel_sdk:/home/tky/workspace/openarm_ws/install/openarm_bimanual_moveit_config:/home/tky/workspace/openarm_ws/install/openarm:/home/tky/workspace/openarm_ws/install/openarm_description:/home/tky/workspace/openarm_ws/install/openarm_bringup:/home/tky/workspace/openarm_ws/install/dynamixel_sdk_examples:/home/tky/workspace/openarm_ws/install/dxl_wt_openarm_leader:/home/tky/workspace/openarm_ws/install/dxl_openarm_leader:/opt/ros/humble /home/tky/.pyenv/shims/cmake --build /home/tky/workspace/openarm_ws/build/dynamixel_sdk_examples -- -j12 -l12
