[35m[1mConsolidate compiler generated dependencies of target pub_current_pos_v1_node[0m
[35m[1mConsolidate compiler generated dependencies of target pub_current_pos_v2_node[0m
[ 10%] Built target read_write_current_node
[ 20%] Built target pub_current_node
[ 30%] Built target read_write_velocity_node
[ 40%] Built target pub_position_node
[ 50%] Built target read_write_current_pos_v2_node
[ 55%] [32mBuilding CXX object CMakeFiles/pub_current_pos_v1_node.dir/src/pub_current_pos_v1_node.cpp.o[0m
[ 65%] Built target read_write_current_pos_v1_node
[ 75%] Built target pub_velocity_node
[ 85%] Built target read_write_position_node
[ 90%] [32mBuilding CXX object CMakeFiles/pub_current_pos_v2_node.dir/src/pub_current_pos_v2_node.cpp.o[0m
[01m[K/home/tky/workspace/openarm_ws/src/DynamixelSDK/dynamixel_sdk_examples/src/pub_current_pos_v1_node.cpp:[m[K In member function ‘[01m[Kvoid JointPositionPubNode::publishData()[m[K’:
[01m[K/home/tky/workspace/openarm_ws/src/DynamixelSDK/dynamixel_sdk_examples/src/pub_current_pos_v1_node.cpp:41:18:[m[K [01;31m[Kerror: [m[K‘[01m[Kcurrent_5_[m[K’ was not declared in this scope
   41 |   msg.position = [01;31m[Kcurrent_5_[m[K[current_position_index_];
      |                  [01;31m[K^~~~~~~~~~[m[K
[01m[K/home/tky/workspace/openarm_ws/src/DynamixelSDK/dynamixel_sdk_examples/src/pub_current_pos_v2_node.cpp:[m[K In member function ‘[01m[Kvoid JointPositionPubNode::publishData()[m[K’:
[01m[K/home/tky/workspace/openarm_ws/src/DynamixelSDK/dynamixel_sdk_examples/src/pub_current_pos_v2_node.cpp:42:18:[m[K [01;31m[Kerror: [m[K‘[01m[Kpositions_5_[m[K’ was not declared in this scope; did you mean ‘[01m[Kpositions_3_[m[K’?
   42 |   msg.position = [01;31m[Kpositions_5_[m[K[current_position_index_];
      |                  [01;31m[K^~~~~~~~~~~~[m[K
      |                  [32m[Kpositions_3_[m[K
gmake[2]: *** [CMakeFiles/pub_current_pos_v1_node.dir/build.make:76: CMakeFiles/pub_current_pos_v1_node.dir/src/pub_current_pos_v1_node.cpp.o] Error 1
gmake[1]: *** [CMakeFiles/Makefile2:337: CMakeFiles/pub_current_pos_v1_node.dir/all] Error 2
gmake[1]: *** Waiting for unfinished jobs....
gmake[2]: *** [CMakeFiles/pub_current_pos_v2_node.dir/build.make:76: CMakeFiles/pub_current_pos_v2_node.dir/src/pub_current_pos_v2_node.cpp.o] Error 1
gmake[1]: *** [CMakeFiles/Makefile2:389: CMakeFiles/pub_current_pos_v2_node.dir/all] Error 2
gmake: *** [Makefile:146: all] Error 2
