[0.017s] Invoking command in '/home/tky/workspace/openarm_ws/build/dxl_wt_openarm_leader': AMENT_PREFIX_PATH=/home/tky/workspace/openarm_ws/install/dynamixel_sdk_custom_interfaces:/home/tky/workspace/openarm_ws/install/dynamixel_sdk:${AMENT_PREFIX_PATH} CMAKE_PREFIX_PATH=/home/tky/workspace/openarm_ws/install/dynamixel_sdk_custom_interfaces:/home/tky/workspace/openarm_ws/install/dynamixel_sdk:/opt/ros/humble LD_LIBRARY_PATH=/home/tky/workspace/openarm_ws/install/dynamixel_sdk_custom_interfaces/lib:/home/tky/workspace/openarm_ws/install/dynamixel_sdk/lib:${LD_LIBRARY_PATH} PYTHONPATH=/home/tky/workspace/openarm_ws/install/dynamixel_sdk_custom_interfaces/local/lib/python3.10/dist-packages:${PYTHONPATH} /home/tky/.pyenv/shims/cmake /home/tky/workspace/openarm_ws/src/dxl_wt_openarm_leader -DCMAKE_INSTALL_PREFIX=/home/tky/workspace/openarm_ws/install/dxl_wt_openarm_leader
[0.145s] -- The C compiler identification is GNU 11.4.0
[0.230s] -- The CXX compiler identification is GNU 11.4.0
[0.242s] -- Detecting C compiler ABI info
[0.350s] -- Detecting C compiler ABI info - done
[0.365s] -- Check for working C compiler: /usr/bin/cc - skipped
[0.365s] -- Detecting C compile features
[0.366s] -- Detecting C compile features - done
[0.384s] -- Detecting CXX compiler ABI info
[0.493s] -- Detecting CXX compiler ABI info - done
[0.520s] -- Check for working CXX compiler: /usr/bin/c++ - skipped
[0.520s] -- Detecting CXX compile features
[0.521s] -- Detecting CXX compile features - done
[0.525s] -- Found ament_cmake: 1.3.11 (/opt/ros/humble/share/ament_cmake/cmake)
[0.987s] -- Found Python3: /home/tky/.pyenv/shims/python3 (found version "3.10.12") found components: Interpreter 
[1.155s] -- Found dynamixel_sdk: 3.7.60 (/home/tky/workspace/openarm_ws/install/dynamixel_sdk/share/dynamixel_sdk/cmake)
[1.157s] -- Found dynamixel_sdk_custom_interfaces: 3.7.60 (/home/tky/workspace/openarm_ws/install/dynamixel_sdk_custom_interfaces/share/dynamixel_sdk_custom_interfaces/cmake)
[1.210s] -- Found rosidl_generator_c: 3.1.6 (/opt/ros/humble/share/rosidl_generator_c/cmake)
[1.219s] -- Found rosidl_adapter: 3.1.6 (/opt/ros/humble/share/rosidl_adapter/cmake)
[1.230s] -- Found rosidl_generator_cpp: 3.1.6 (/opt/ros/humble/share/rosidl_generator_cpp/cmake)
[1.251s] -- Using all available rosidl_typesupport_c: rosidl_typesupport_fastrtps_c;rosidl_typesupport_introspection_c
[1.274s] -- Using all available rosidl_typesupport_cpp: rosidl_typesupport_fastrtps_cpp;rosidl_typesupport_introspection_cpp
[1.315s] -- Found rclcpp: 16.0.12 (/opt/ros/humble/share/rclcpp/cmake)
[1.376s] -- Found rmw_implementation_cmake: 6.1.2 (/opt/ros/humble/share/rmw_implementation_cmake/cmake)
[1.379s] -- Found rmw_fastrtps_cpp: 6.2.7 (/opt/ros/humble/share/rmw_fastrtps_cpp/cmake)
[1.500s] -- Found OpenSSL: /usr/lib/x86_64-linux-gnu/libcrypto.so (found version "3.0.2")  
[1.547s] -- Found FastRTPS: /opt/ros/humble/include  
[1.611s] -- Using RMW implementation 'rmw_fastrtps_cpp' as default
[1.627s] -- Looking for pthread.h
[1.721s] -- Looking for pthread.h - found
[1.722s] -- Performing Test CMAKE_HAVE_LIBC_PTHREAD
[1.823s] -- Performing Test CMAKE_HAVE_LIBC_PTHREAD - Success
[1.823s] -- Found Threads: TRUE  
[1.904s] -- Found control_msgs: 4.8.0 (/opt/ros/humble/share/control_msgs/cmake)
[2.096s] -- Found rclcpp_action: 16.0.12 (/opt/ros/humble/share/rclcpp_action/cmake)
[2.122s] -- Found ament_lint_auto: 0.12.12 (/opt/ros/humble/share/ament_lint_auto/cmake)
[2.275s] -- Added test 'cppcheck' to perform static code analysis on C / C++ code
[2.276s] -- Configured cppcheck include dirs: /home/tky/workspace/openarm_ws/src/dxl_wt_openarm_leader/include
[2.276s] -- Configured cppcheck exclude dirs and/or files: 
[2.277s] -- Added test 'lint_cmake' to check CMake code style
[2.278s] -- Added test 'uncrustify' to check C / C++ code style
[2.279s] -- Configured uncrustify additional arguments: 
[2.279s] -- Added test 'xmllint' to check XML markup files
[2.281s] -- Configuring done
[2.308s] -- Generating done
[2.317s] -- Build files have been written to: /home/tky/workspace/openarm_ws/build/dxl_wt_openarm_leader
[2.333s] Invoked command in '/home/tky/workspace/openarm_ws/build/dxl_wt_openarm_leader' returned '0': AMENT_PREFIX_PATH=/home/tky/workspace/openarm_ws/install/dynamixel_sdk_custom_interfaces:/home/tky/workspace/openarm_ws/install/dynamixel_sdk:${AMENT_PREFIX_PATH} CMAKE_PREFIX_PATH=/home/tky/workspace/openarm_ws/install/dynamixel_sdk_custom_interfaces:/home/tky/workspace/openarm_ws/install/dynamixel_sdk:/opt/ros/humble LD_LIBRARY_PATH=/home/tky/workspace/openarm_ws/install/dynamixel_sdk_custom_interfaces/lib:/home/tky/workspace/openarm_ws/install/dynamixel_sdk/lib:${LD_LIBRARY_PATH} PYTHONPATH=/home/tky/workspace/openarm_ws/install/dynamixel_sdk_custom_interfaces/local/lib/python3.10/dist-packages:${PYTHONPATH} /home/tky/.pyenv/shims/cmake /home/tky/workspace/openarm_ws/src/dxl_wt_openarm_leader -DCMAKE_INSTALL_PREFIX=/home/tky/workspace/openarm_ws/install/dxl_wt_openarm_leader
[2.339s] Invoking command in '/home/tky/workspace/openarm_ws/build/dxl_wt_openarm_leader': AMENT_PREFIX_PATH=/home/tky/workspace/openarm_ws/install/dynamixel_sdk_custom_interfaces:/home/tky/workspace/openarm_ws/install/dynamixel_sdk:${AMENT_PREFIX_PATH} CMAKE_PREFIX_PATH=/home/tky/workspace/openarm_ws/install/dynamixel_sdk_custom_interfaces:/home/tky/workspace/openarm_ws/install/dynamixel_sdk:/opt/ros/humble LD_LIBRARY_PATH=/home/tky/workspace/openarm_ws/install/dynamixel_sdk_custom_interfaces/lib:/home/tky/workspace/openarm_ws/install/dynamixel_sdk/lib:${LD_LIBRARY_PATH} PYTHONPATH=/home/tky/workspace/openarm_ws/install/dynamixel_sdk_custom_interfaces/local/lib/python3.10/dist-packages:${PYTHONPATH} /home/tky/.pyenv/shims/cmake --build /home/tky/workspace/openarm_ws/build/dxl_wt_openarm_leader -- -j12 -l12
[2.545s] [ 25%] [32mBuilding CXX object CMakeFiles/read_write_wt_position_node.dir/src/read_write_wt_position_node.cpp.o[0m
[2.559s] [ 50%] [32mBuilding CXX object CMakeFiles/pub_position_node.dir/src/pub_position_node.cpp.o[0m
[15.804s] [ 75%] [32m[1mLinking CXX executable pub_position_node[0m
[16.186s] [ 75%] Built target pub_position_node
[23.953s] [100%] [32m[1mLinking CXX executable read_write_wt_position_node[0m
[24.786s] [100%] Built target read_write_wt_position_node
[24.797s] Invoked command in '/home/tky/workspace/openarm_ws/build/dxl_wt_openarm_leader' returned '0': AMENT_PREFIX_PATH=/home/tky/workspace/openarm_ws/install/dynamixel_sdk_custom_interfaces:/home/tky/workspace/openarm_ws/install/dynamixel_sdk:${AMENT_PREFIX_PATH} CMAKE_PREFIX_PATH=/home/tky/workspace/openarm_ws/install/dynamixel_sdk_custom_interfaces:/home/tky/workspace/openarm_ws/install/dynamixel_sdk:/opt/ros/humble LD_LIBRARY_PATH=/home/tky/workspace/openarm_ws/install/dynamixel_sdk_custom_interfaces/lib:/home/tky/workspace/openarm_ws/install/dynamixel_sdk/lib:${LD_LIBRARY_PATH} PYTHONPATH=/home/tky/workspace/openarm_ws/install/dynamixel_sdk_custom_interfaces/local/lib/python3.10/dist-packages:${PYTHONPATH} /home/tky/.pyenv/shims/cmake --build /home/tky/workspace/openarm_ws/build/dxl_wt_openarm_leader -- -j12 -l12
[24.799s] Invoking command in '/home/tky/workspace/openarm_ws/build/dxl_wt_openarm_leader': AMENT_PREFIX_PATH=/home/tky/workspace/openarm_ws/install/dynamixel_sdk_custom_interfaces:/home/tky/workspace/openarm_ws/install/dynamixel_sdk:${AMENT_PREFIX_PATH} CMAKE_PREFIX_PATH=/home/tky/workspace/openarm_ws/install/dynamixel_sdk_custom_interfaces:/home/tky/workspace/openarm_ws/install/dynamixel_sdk:/opt/ros/humble LD_LIBRARY_PATH=/home/tky/workspace/openarm_ws/install/dynamixel_sdk_custom_interfaces/lib:/home/tky/workspace/openarm_ws/install/dynamixel_sdk/lib:${LD_LIBRARY_PATH} PYTHONPATH=/home/tky/workspace/openarm_ws/install/dynamixel_sdk_custom_interfaces/local/lib/python3.10/dist-packages:${PYTHONPATH} /home/tky/.pyenv/shims/cmake --install /home/tky/workspace/openarm_ws/build/dxl_wt_openarm_leader
[24.863s] -- Install configuration: ""
[24.863s] -- Installing: /home/tky/workspace/openarm_ws/install/dxl_wt_openarm_leader/lib/dxl_wt_openarm_leader/read_write_wt_position_node
[24.867s] -- Set runtime path of "/home/tky/workspace/openarm_ws/install/dxl_wt_openarm_leader/lib/dxl_wt_openarm_leader/read_write_wt_position_node" to ""
[24.867s] -- Installing: /home/tky/workspace/openarm_ws/install/dxl_wt_openarm_leader/lib/dxl_wt_openarm_leader/pub_position_node
[24.869s] -- Set runtime path of "/home/tky/workspace/openarm_ws/install/dxl_wt_openarm_leader/lib/dxl_wt_openarm_leader/pub_position_node" to ""
[24.869s] -- Installing: /home/tky/workspace/openarm_ws/install/dxl_wt_openarm_leader/include/
[24.869s] -- Installing: /home/tky/workspace/openarm_ws/install/dxl_wt_openarm_leader/include//pub_dynamixel_data_node.hpp
[24.869s] -- Installing: /home/tky/workspace/openarm_ws/install/dxl_wt_openarm_leader/include//read_write_wt_position_node.hpp
[24.869s] -- Installing: /home/tky/workspace/openarm_ws/install/dxl_wt_openarm_leader/share/ament_index/resource_index/package_run_dependencies/dxl_wt_openarm_leader
[24.869s] -- Installing: /home/tky/workspace/openarm_ws/install/dxl_wt_openarm_leader/share/ament_index/resource_index/parent_prefix_path/dxl_wt_openarm_leader
[24.869s] -- Installing: /home/tky/workspace/openarm_ws/install/dxl_wt_openarm_leader/share/dxl_wt_openarm_leader/environment/ament_prefix_path.sh
[24.870s] -- Installing: /home/tky/workspace/openarm_ws/install/dxl_wt_openarm_leader/share/dxl_wt_openarm_leader/environment/ament_prefix_path.dsv
[24.870s] -- Installing: /home/tky/workspace/openarm_ws/install/dxl_wt_openarm_leader/share/dxl_wt_openarm_leader/environment/path.sh
[24.870s] -- Installing: /home/tky/workspace/openarm_ws/install/dxl_wt_openarm_leader/share/dxl_wt_openarm_leader/environment/path.dsv
[24.870s] -- Installing: /home/tky/workspace/openarm_ws/install/dxl_wt_openarm_leader/share/dxl_wt_openarm_leader/local_setup.bash
[24.870s] -- Installing: /home/tky/workspace/openarm_ws/install/dxl_wt_openarm_leader/share/dxl_wt_openarm_leader/local_setup.sh
[24.870s] -- Installing: /home/tky/workspace/openarm_ws/install/dxl_wt_openarm_leader/share/dxl_wt_openarm_leader/local_setup.zsh
[24.871s] -- Installing: /home/tky/workspace/openarm_ws/install/dxl_wt_openarm_leader/share/dxl_wt_openarm_leader/local_setup.dsv
[24.871s] -- Installing: /home/tky/workspace/openarm_ws/install/dxl_wt_openarm_leader/share/dxl_wt_openarm_leader/package.dsv
[24.871s] -- Installing: /home/tky/workspace/openarm_ws/install/dxl_wt_openarm_leader/share/ament_index/resource_index/packages/dxl_wt_openarm_leader
[24.871s] -- Installing: /home/tky/workspace/openarm_ws/install/dxl_wt_openarm_leader/share/dxl_wt_openarm_leader/cmake/dxl_wt_openarm_leaderConfig.cmake
[24.871s] -- Installing: /home/tky/workspace/openarm_ws/install/dxl_wt_openarm_leader/share/dxl_wt_openarm_leader/cmake/dxl_wt_openarm_leaderConfig-version.cmake
[24.872s] -- Installing: /home/tky/workspace/openarm_ws/install/dxl_wt_openarm_leader/share/dxl_wt_openarm_leader/package.xml
[24.875s] Invoked command in '/home/tky/workspace/openarm_ws/build/dxl_wt_openarm_leader' returned '0': AMENT_PREFIX_PATH=/home/tky/workspace/openarm_ws/install/dynamixel_sdk_custom_interfaces:/home/tky/workspace/openarm_ws/install/dynamixel_sdk:${AMENT_PREFIX_PATH} CMAKE_PREFIX_PATH=/home/tky/workspace/openarm_ws/install/dynamixel_sdk_custom_interfaces:/home/tky/workspace/openarm_ws/install/dynamixel_sdk:/opt/ros/humble LD_LIBRARY_PATH=/home/tky/workspace/openarm_ws/install/dynamixel_sdk_custom_interfaces/lib:/home/tky/workspace/openarm_ws/install/dynamixel_sdk/lib:${LD_LIBRARY_PATH} PYTHONPATH=/home/tky/workspace/openarm_ws/install/dynamixel_sdk_custom_interfaces/local/lib/python3.10/dist-packages:${PYTHONPATH} /home/tky/.pyenv/shims/cmake --install /home/tky/workspace/openarm_ws/build/dxl_wt_openarm_leader
