[0.032s] Invoking command in '/home/tky/workspace/openarm_ws/build/dynamixel_sdk_examples': CMAKE_PREFIX_PATH=/home/tky/workspace/openarm_ws/install/dynamixel_sdk_custom_interfaces:/home/tky/workspace/openarm_ws/install/dynamixel_sdk:/home/tky/workspace/openarm_ws/install/openarm_bimanual_moveit_config:/home/tky/workspace/openarm_ws/install/openarm:/home/tky/workspace/openarm_ws/install/openarm_description:/home/tky/workspace/openarm_ws/install/openarm_bringup:/home/tky/workspace/openarm_ws/install/dynamixel_sdk_examples:/home/tky/workspace/openarm_ws/install/dxl_wt_openarm_leader:/home/tky/workspace/openarm_ws/install/dxl_openarm_leader:/opt/ros/humble /home/tky/.pyenv/shims/cmake --build /home/tky/workspace/openarm_ws/build/dynamixel_sdk_examples -- -j12 -l12
[0.198s] [ 10%] Built target pub_current_node
[0.198s] [ 20%] Built target read_write_current_node
[0.200s] [ 30%] Built target pub_velocity_node
[0.203s] [ 45%] Built target read_write_velocity_node
[0.203s] [ 60%] Built target pub_position_node
[0.203s] [ 60%] Built target read_write_position_node
[0.205s] [ 80%] Built target read_write_current_pos_v1_node
[0.206s] [ 80%] Built target pub_current_pos_v1_node
[0.215s] [ 90%] Built target read_write_current_pos_v2_node
[0.217s] [100%] Built target pub_current_pos_v2_node
[0.237s] Invoked command in '/home/tky/workspace/openarm_ws/build/dynamixel_sdk_examples' returned '0': CMAKE_PREFIX_PATH=/home/tky/workspace/openarm_ws/install/dynamixel_sdk_custom_interfaces:/home/tky/workspace/openarm_ws/install/dynamixel_sdk:/home/tky/workspace/openarm_ws/install/openarm_bimanual_moveit_config:/home/tky/workspace/openarm_ws/install/openarm:/home/tky/workspace/openarm_ws/install/openarm_description:/home/tky/workspace/openarm_ws/install/openarm_bringup:/home/tky/workspace/openarm_ws/install/dynamixel_sdk_examples:/home/tky/workspace/openarm_ws/install/dxl_wt_openarm_leader:/home/tky/workspace/openarm_ws/install/dxl_openarm_leader:/opt/ros/humble /home/tky/.pyenv/shims/cmake --build /home/tky/workspace/openarm_ws/build/dynamixel_sdk_examples -- -j12 -l12
[0.240s] Invoking command in '/home/tky/workspace/openarm_ws/build/dynamixel_sdk_examples': CMAKE_PREFIX_PATH=/home/tky/workspace/openarm_ws/install/dynamixel_sdk_custom_interfaces:/home/tky/workspace/openarm_ws/install/dynamixel_sdk:/home/tky/workspace/openarm_ws/install/openarm_bimanual_moveit_config:/home/tky/workspace/openarm_ws/install/openarm:/home/tky/workspace/openarm_ws/install/openarm_description:/home/tky/workspace/openarm_ws/install/openarm_bringup:/home/tky/workspace/openarm_ws/install/dynamixel_sdk_examples:/home/tky/workspace/openarm_ws/install/dxl_wt_openarm_leader:/home/tky/workspace/openarm_ws/install/dxl_openarm_leader:/opt/ros/humble /home/tky/.pyenv/shims/cmake --install /home/tky/workspace/openarm_ws/build/dynamixel_sdk_examples
[0.298s] -- Install configuration: ""
[0.298s] -- Up-to-date: /home/tky/workspace/openarm_ws/install/dynamixel_sdk_examples/lib/dynamixel_sdk_examples/read_write_current_node
[0.299s] -- Up-to-date: /home/tky/workspace/openarm_ws/install/dynamixel_sdk_examples/lib/dynamixel_sdk_examples/pub_current_node
[0.299s] -- Up-to-date: /home/tky/workspace/openarm_ws/install/dynamixel_sdk_examples/lib/dynamixel_sdk_examples/read_write_velocity_node
[0.300s] -- Up-to-date: /home/tky/workspace/openarm_ws/install/dynamixel_sdk_examples/lib/dynamixel_sdk_examples/pub_velocity_node
[0.300s] -- Up-to-date: /home/tky/workspace/openarm_ws/install/dynamixel_sdk_examples/lib/dynamixel_sdk_examples/read_write_position_node
[0.300s] -- Up-to-date: /home/tky/workspace/openarm_ws/install/dynamixel_sdk_examples/lib/dynamixel_sdk_examples/pub_position_node
[0.301s] -- Up-to-date: /home/tky/workspace/openarm_ws/install/dynamixel_sdk_examples/lib/dynamixel_sdk_examples/read_write_current_pos_v1_node
[0.301s] -- Up-to-date: /home/tky/workspace/openarm_ws/install/dynamixel_sdk_examples/lib/dynamixel_sdk_examples/pub_current_pos_v1_node
[0.302s] -- Up-to-date: /home/tky/workspace/openarm_ws/install/dynamixel_sdk_examples/lib/dynamixel_sdk_examples/read_write_current_pos_v2_node
[0.303s] -- Up-to-date: /home/tky/workspace/openarm_ws/install/dynamixel_sdk_examples/lib/dynamixel_sdk_examples/pub_current_pos_v2_node
[0.303s] -- Up-to-date: /home/tky/workspace/openarm_ws/install/dynamixel_sdk_examples/share/ament_index/resource_index/package_run_dependencies/dynamixel_sdk_examples
[0.304s] -- Up-to-date: /home/tky/workspace/openarm_ws/install/dynamixel_sdk_examples/share/ament_index/resource_index/parent_prefix_path/dynamixel_sdk_examples
[0.304s] -- Up-to-date: /home/tky/workspace/openarm_ws/install/dynamixel_sdk_examples/share/dynamixel_sdk_examples/environment/ament_prefix_path.sh
[0.304s] -- Up-to-date: /home/tky/workspace/openarm_ws/install/dynamixel_sdk_examples/share/dynamixel_sdk_examples/environment/ament_prefix_path.dsv
[0.304s] -- Up-to-date: /home/tky/workspace/openarm_ws/install/dynamixel_sdk_examples/share/dynamixel_sdk_examples/environment/path.sh
[0.304s] -- Up-to-date: /home/tky/workspace/openarm_ws/install/dynamixel_sdk_examples/share/dynamixel_sdk_examples/environment/path.dsv
[0.305s] -- Up-to-date: /home/tky/workspace/openarm_ws/install/dynamixel_sdk_examples/share/dynamixel_sdk_examples/local_setup.bash
[0.305s] -- Up-to-date: /home/tky/workspace/openarm_ws/install/dynamixel_sdk_examples/share/dynamixel_sdk_examples/local_setup.sh
[0.305s] -- Up-to-date: /home/tky/workspace/openarm_ws/install/dynamixel_sdk_examples/share/dynamixel_sdk_examples/local_setup.zsh
[0.305s] -- Up-to-date: /home/tky/workspace/openarm_ws/install/dynamixel_sdk_examples/share/dynamixel_sdk_examples/local_setup.dsv
[0.305s] -- Installing: /home/tky/workspace/openarm_ws/install/dynamixel_sdk_examples/share/dynamixel_sdk_examples/package.dsv
[0.305s] -- Up-to-date: /home/tky/workspace/openarm_ws/install/dynamixel_sdk_examples/share/ament_index/resource_index/packages/dynamixel_sdk_examples
[0.305s] -- Up-to-date: /home/tky/workspace/openarm_ws/install/dynamixel_sdk_examples/share/dynamixel_sdk_examples/cmake/dynamixel_sdk_examplesConfig.cmake
[0.305s] -- Up-to-date: /home/tky/workspace/openarm_ws/install/dynamixel_sdk_examples/share/dynamixel_sdk_examples/cmake/dynamixel_sdk_examplesConfig-version.cmake
[0.305s] -- Up-to-date: /home/tky/workspace/openarm_ws/install/dynamixel_sdk_examples/share/dynamixel_sdk_examples/package.xml
[0.309s] Invoked command in '/home/tky/workspace/openarm_ws/build/dynamixel_sdk_examples' returned '0': CMAKE_PREFIX_PATH=/home/tky/workspace/openarm_ws/install/dynamixel_sdk_custom_interfaces:/home/tky/workspace/openarm_ws/install/dynamixel_sdk:/home/tky/workspace/openarm_ws/install/openarm_bimanual_moveit_config:/home/tky/workspace/openarm_ws/install/openarm:/home/tky/workspace/openarm_ws/install/openarm_description:/home/tky/workspace/openarm_ws/install/openarm_bringup:/home/tky/workspace/openarm_ws/install/dynamixel_sdk_examples:/home/tky/workspace/openarm_ws/install/dxl_wt_openarm_leader:/home/tky/workspace/openarm_ws/install/dxl_openarm_leader:/opt/ros/humble /home/tky/.pyenv/shims/cmake --install /home/tky/workspace/openarm_ws/build/dynamixel_sdk_examples
